2023-11-06 22:27:22.905 [info] Log level: Info
2023-11-06 22:27:22.906 [info] Validating found git in: "git"
2023-11-06 22:27:22.906 [info] Using git "2.34.1" from "git"
2023-11-06 22:27:22.906 [info] > git rev-parse --show-toplevel [6ms]
2023-11-06 22:27:22.906 [info] > git rev-parse --git-dir --git-common-dir [10ms]
2023-11-06 22:27:22.906 [info] Open repository: /home/tphilly
2023-11-06 22:27:22.906 [info] > git rev-parse --show-toplevel [2ms]
2023-11-06 22:27:22.906 [info] > git config --get commit.template [11ms]
2023-11-06 22:27:22.906 [info] > git rev-parse --show-toplevel [13ms]
2023-11-06 22:27:22.906 [info] > git for-each-ref --format=%(refname)%00%(upstream:short)%00%(objectname)%00%(upstream:track)%00%(upstream:remotename)%00%(upstream:remoteref) refs/heads/master refs/remotes/master [10ms]
2023-11-06 22:27:22.906 [info] > git rev-parse --show-toplevel [11ms]
2023-11-06 22:27:23.510 [info] > git check-ignore -v -z --stdin [26ms]
2023-11-06 22:27:23.526 [info] > git status -z -uall [766ms]
2023-11-06 22:27:24.765 [info] > git config --get commit.template [282ms]
2023-11-06 22:27:24.786 [info] > git for-each-ref --format=%(refname)%00%(upstream:short)%00%(objectname)%00%(upstream:track)%00%(upstream:remotename)%00%(upstream:remoteref) refs/heads/master refs/remotes/master [5ms]
2023-11-06 22:27:25.003 [info] > git status -z -uall [199ms]
2023-11-06 22:27:26.320 [info] > git show --textconv :Coursework/vite-demo/src/App.jsx [549ms]
2023-11-06 22:27:26.349 [info] > git ls-files --stage -- /home/tphilly/Coursework/vite-demo/src/App.jsx [567ms]
2023-11-06 22:27:26.365 [info] > git cat-file -s 5dda349ff2659c0b23bf5e4c2c97ebea3c89f44f [2ms]
2023-11-06 22:27:28.047 [info] > git config --local branch.master.github-pr-owner-number [121ms]
2023-11-06 22:27:28.059 [info] > git config --get commit.template [1ms]
2023-11-06 22:27:28.068 [info] > git for-each-ref --format=%(refname)%00%(upstream:short)%00%(objectname)%00%(upstream:track)%00%(upstream:remotename)%00%(upstream:remoteref) refs/heads/master refs/remotes/master [1ms]
2023-11-06 22:27:28.192 [info] > git status -z -uall [116ms]
2023-11-06 22:28:40.530 [info] > git config --get commit.template [1ms]
2023-11-06 22:28:40.539 [info] > git for-each-ref --format=%(refname)%00%(upstream:short)%00%(objectname)%00%(upstream:track)%00%(upstream:remotename)%00%(upstream:remoteref) refs/heads/master refs/remotes/master [1ms]
2023-11-06 22:28:40.783 [info] > git status -z -uall [237ms]
2023-11-06 22:28:42.430 [info] > git show --textconv :Coursework/vite-demo/src/data.js [21ms]
2023-11-06 22:28:42.431 [info] > git ls-files --stage -- /home/tphilly/Coursework/vite-demo/src/data.js [7ms]
2023-11-06 22:28:42.447 [info] > git cat-file -s dbd9f31648fd245904874417f665baf5d426dff5 [4ms]
2023-11-06 22:28:43.335 [info] > git show --textconv :Coursework/vite-demo/src/App.jsx [9ms]
2023-11-06 22:28:43.340 [info] > git ls-files --stage -- /home/tphilly/Coursework/vite-demo/src/App.jsx [6ms]
2023-11-06 22:28:43.350 [info] > git cat-file -s 5dda349ff2659c0b23bf5e4c2c97ebea3c89f44f [0ms]
2023-11-06 22:28:45.581 [info] > git show --textconv :Coursework/vite-demo/index.html [19ms]
2023-11-06 22:28:45.587 [info] > git ls-files --stage -- /home/tphilly/Coursework/vite-demo/index.html [8ms]
2023-11-06 22:28:45.603 [info] > git cat-file -s 0c589eccd4d48e270e161a1ab91baee5e5f4b4bc [1ms]
2023-11-06 22:28:46.110 [info] > git config --get commit.template [13ms]
2023-11-06 22:28:46.112 [info] > git for-each-ref --format=%(refname)%00%(upstream:short)%00%(objectname)%00%(upstream:track)%00%(upstream:remotename)%00%(upstream:remoteref) refs/heads/master refs/remotes/master [5ms]
2023-11-06 22:28:46.239 [info] > git status -z -uall [116ms]
2023-11-06 22:28:55.417 [info] > git show --textconv :Coursework/vite-demo/src/App.jsx [12ms]
2023-11-06 22:28:55.421 [info] > git ls-files --stage -- /home/tphilly/Coursework/vite-demo/src/App.jsx [5ms]
2023-11-06 22:28:55.433 [info] > git cat-file -s 5dda349ff2659c0b23bf5e4c2c97ebea3c89f44f [1ms]
2023-11-06 22:28:59.741 [info] > git show --textconv :Coursework/vite-demo/src/main.jsx [14ms]
2023-11-06 22:28:59.746 [info] > git ls-files --stage -- /home/tphilly/Coursework/vite-demo/src/main.jsx [6ms]
2023-11-06 22:28:59.760 [info] > git cat-file -s 54b39dd1d900e866bb91ee441d372a8924b9d87a [1ms]
2023-11-06 22:31:43.357 [info] > git config --get commit.template [11ms]
2023-11-06 22:31:43.359 [info] > git for-each-ref --format=%(refname)%00%(upstream:short)%00%(objectname)%00%(upstream:track)%00%(upstream:remotename)%00%(upstream:remoteref) refs/heads/master refs/remotes/master [3ms]
2023-11-06 22:31:43.488 [info] > git status -z -uall [121ms]
2023-11-06 22:31:47.088 [info] > git show --textconv :Coursework/vite-demo/src/App.jsx [13ms]
2023-11-06 22:31:47.091 [info] > git ls-files --stage -- /home/tphilly/Coursework/vite-demo/src/App.jsx [4ms]
2023-11-06 22:31:47.102 [info] > git cat-file -s 5dda349ff2659c0b23bf5e4c2c97ebea3c89f44f [1ms]
2023-11-06 22:32:27.089 [info] > git config --local branch.master.github-pr-owner-number [1ms]
2023-11-06 22:32:27.098 [info] > git config --get commit.template [0ms]
2023-11-06 22:32:27.105 [info] > git for-each-ref --format=%(refname)%00%(upstream:short)%00%(objectname)%00%(upstream:track)%00%(upstream:remotename)%00%(upstream:remoteref) refs/heads/master refs/remotes/master [1ms]
2023-11-06 22:32:27.227 [info] > git status -z -uall [115ms]
2023-11-06 22:37:27.478 [info] > git config --local branch.master.github-pr-owner-number [2ms]
2023-11-06 22:37:27.495 [info] > git config --get commit.template [8ms]
2023-11-06 22:37:27.497 [info] > git for-each-ref --format=%(refname)%00%(upstream:short)%00%(objectname)%00%(upstream:track)%00%(upstream:remotename)%00%(upstream:remoteref) refs/heads/master refs/remotes/master [2ms]
2023-11-06 22:37:27.614 [info] > git status -z -uall [109ms]
2023-11-06 22:42:27.874 [info] > git config --local branch.master.github-pr-owner-number [1ms]
2023-11-06 22:42:27.884 [info] > git config --get commit.template [1ms]
2023-11-06 22:42:27.892 [info] > git for-each-ref --format=%(refname)%00%(upstream:short)%00%(objectname)%00%(upstream:track)%00%(upstream:remotename)%00%(upstream:remoteref) refs/heads/master refs/remotes/master [2ms]
2023-11-06 22:42:28.009 [info] > git status -z -uall [110ms]
2023-11-06 22:47:28.269 [info] > git config --local branch.master.github-pr-owner-number [1ms]
2023-11-06 22:47:28.278 [info] > git config --get commit.template [1ms]
2023-11-06 22:47:28.286 [info] > git for-each-ref --format=%(refname)%00%(upstream:short)%00%(objectname)%00%(upstream:track)%00%(upstream:remotename)%00%(upstream:remoteref) refs/heads/master refs/remotes/master [1ms]
2023-11-06 22:47:28.409 [info] > git status -z -uall [115ms]
2023-11-06 22:52:28.675 [info] > git config --local branch.master.github-pr-owner-number [1ms]
2023-11-06 22:52:28.685 [info] > git config --get commit.template [1ms]
2023-11-06 22:52:28.695 [info] > git for-each-ref --format=%(refname)%00%(upstream:short)%00%(objectname)%00%(upstream:track)%00%(upstream:remotename)%00%(upstream:remoteref) refs/heads/master refs/remotes/master [1ms]
2023-11-06 22:52:28.823 [info] > git status -z -uall [118ms]
2023-11-06 22:57:29.095 [info] > git config --local branch.master.github-pr-owner-number [1ms]
2023-11-06 22:57:29.105 [info] > git config --get commit.template [1ms]
2023-11-06 22:57:29.113 [info] > git for-each-ref --format=%(refname)%00%(upstream:short)%00%(objectname)%00%(upstream:track)%00%(upstream:remotename)%00%(upstream:remoteref) refs/heads/master refs/remotes/master [1ms]
2023-11-06 22:57:29.234 [info] > git status -z -uall [114ms]
2023-11-06 23:02:29.495 [info] > git config --local branch.master.github-pr-owner-number [0ms]
2023-11-06 23:02:29.511 [info] > git config --get commit.template [8ms]
2023-11-06 23:02:29.512 [info] > git for-each-ref --format=%(refname)%00%(upstream:short)%00%(objectname)%00%(upstream:track)%00%(upstream:remotename)%00%(upstream:remoteref) refs/heads/master refs/remotes/master [2ms]
2023-11-06 23:02:29.631 [info] > git status -z -uall [113ms]
2023-11-06 23:07:29.911 [info] > git config --local branch.master.github-pr-owner-number [1ms]
2023-11-06 23:07:29.921 [info] > git config --get commit.template [1ms]
2023-11-06 23:07:29.931 [info] > git for-each-ref --format=%(refname)%00%(upstream:short)%00%(objectname)%00%(upstream:track)%00%(upstream:remotename)%00%(upstream:remoteref) refs/heads/master refs/remotes/master [2ms]
2023-11-06 23:07:30.055 [info] > git status -z -uall [115ms]
2023-11-06 23:12:30.332 [info] > git config --local branch.master.github-pr-owner-number [1ms]
2023-11-06 23:12:30.351 [info] > git config --get commit.template [8ms]
2023-11-06 23:12:30.351 [info] > git for-each-ref --format=%(refname)%00%(upstream:short)%00%(objectname)%00%(upstream:track)%00%(upstream:remotename)%00%(upstream:remoteref) refs/heads/master refs/remotes/master [1ms]
2023-11-06 23:12:30.480 [info] > git status -z -uall [120ms]
2023-11-06 23:17:30.744 [info] > git config --local branch.master.github-pr-owner-number [1ms]
2023-11-06 23:17:30.754 [info] > git config --get commit.template [1ms]
2023-11-06 23:17:30.762 [info] > git for-each-ref --format=%(refname)%00%(upstream:short)%00%(objectname)%00%(upstream:track)%00%(upstream:remotename)%00%(upstream:remoteref) refs/heads/master refs/remotes/master [1ms]
2023-11-06 23:17:30.882 [info] > git status -z -uall [112ms]
2023-11-06 23:22:31.143 [info] > git config --local branch.master.github-pr-owner-number [1ms]
2023-11-06 23:22:31.152 [info] > git config --get commit.template [1ms]
2023-11-06 23:22:31.161 [info] > git for-each-ref --format=%(refname)%00%(upstream:short)%00%(objectname)%00%(upstream:track)%00%(upstream:remotename)%00%(upstream:remoteref) refs/heads/master refs/remotes/master [1ms]
2023-11-06 23:22:31.294 [info] > git status -z -uall [125ms]
2023-11-06 23:27:31.543 [info] > git config --local branch.master.github-pr-owner-number [1ms]
2023-11-06 23:27:31.562 [info] > git config --get commit.template [10ms]
2023-11-06 23:27:31.563 [info] > git for-each-ref --format=%(refname)%00%(upstream:short)%00%(objectname)%00%(upstream:track)%00%(upstream:remotename)%00%(upstream:remoteref) refs/heads/master refs/remotes/master [2ms]
2023-11-06 23:27:31.706 [info] > git status -z -uall [134ms]
2023-11-06 23:32:31.970 [info] > git config --local branch.master.github-pr-owner-number [1ms]
2023-11-06 23:32:31.988 [info] > git config --get commit.template [9ms]
2023-11-06 23:32:31.989 [info] > git for-each-ref --format=%(refname)%00%(upstream:short)%00%(objectname)%00%(upstream:track)%00%(upstream:remotename)%00%(upstream:remoteref) refs/heads/master refs/remotes/master [1ms]
2023-11-06 23:32:32.114 [info] > git status -z -uall [116ms]
2023-11-06 23:37:32.370 [info] > git config --local branch.master.github-pr-owner-number [1ms]
2023-11-06 23:37:32.380 [info] > git config --get commit.template [1ms]
2023-11-06 23:37:32.389 [info] > git for-each-ref --format=%(refname)%00%(upstream:short)%00%(objectname)%00%(upstream:track)%00%(upstream:remotename)%00%(upstream:remoteref) refs/heads/master refs/remotes/master [1ms]
2023-11-06 23:37:32.522 [info] > git status -z -uall [123ms]
2023-11-06 23:42:32.786 [info] > git config --local branch.master.github-pr-owner-number [1ms]
2023-11-06 23:42:32.806 [info] > git config --get commit.template [9ms]
2023-11-06 23:42:32.807 [info] > git for-each-ref --format=%(refname)%00%(upstream:short)%00%(objectname)%00%(upstream:track)%00%(upstream:remotename)%00%(upstream:remoteref) refs/heads/master refs/remotes/master [3ms]
2023-11-06 23:42:32.931 [info] > git status -z -uall [115ms]
2023-11-06 23:47:33.182 [info] > git config --local branch.master.github-pr-owner-number [1ms]
2023-11-06 23:47:33.198 [info] > git config --get commit.template [7ms]
2023-11-06 23:47:33.199 [info] > git for-each-ref --format=%(refname)%00%(upstream:short)%00%(objectname)%00%(upstream:track)%00%(upstream:remotename)%00%(upstream:remoteref) refs/heads/master refs/remotes/master [1ms]
2023-11-06 23:47:33.325 [info] > git status -z -uall [118ms]
2023-11-06 23:49:06.065 [info] > git config --get commit.template [1ms]
2023-11-06 23:49:06.076 [info] > git for-each-ref --format=%(refname)%00%(upstream:short)%00%(objectname)%00%(upstream:track)%00%(upstream:remotename)%00%(upstream:remoteref) refs/heads/master refs/remotes/master [1ms]
