2023-11-02 16:27:26.105 [info] Log level: Info
2023-11-02 16:27:26.108 [info] Validating found git in: "git"
2023-11-02 16:27:26.110 [info] Using git "2.34.1" from "git"
2023-11-02 16:27:26.111 [info] > git rev-parse --show-toplevel [2ms]
2023-11-02 16:27:26.111 [info] > git rev-parse --git-dir --git-common-dir [1ms]
2023-11-02 16:27:26.112 [info] Open repository: /home/tphilly
2023-11-02 16:27:26.112 [info] > git rev-parse --show-toplevel [2ms]
2023-11-02 16:27:26.112 [info] > git config --get commit.template [7ms]
2023-11-02 16:27:26.113 [info] No remotes found in the git config file.
2023-11-02 16:27:26.113 [info] > git rev-parse --show-toplevel [8ms]
2023-11-02 16:27:26.113 [info] > git for-each-ref --format=%(refname)%00%(upstream:short)%00%(objectname)%00%(upstream:track)%00%(upstream:remotename)%00%(upstream:remoteref) refs/heads/master refs/remotes/master [8ms]
2023-11-02 16:27:26.709 [info] > git check-ignore -v -z --stdin [39ms]
2023-11-02 16:27:26.743 [info] > git status -z -uall [658ms] (cancelled)
2023-11-02 16:27:27.836 [info] > git config --local branch.master.github-pr-owner-number [3ms]
2023-11-02 16:27:27.861 [info] > git config --get commit.template [16ms]
2023-11-02 16:27:27.867 [info] No remotes found in the git config file.
2023-11-02 16:27:27.913 [info] > git for-each-ref --format=%(refname)%00%(upstream:short)%00%(objectname)%00%(upstream:track)%00%(upstream:remotename)%00%(upstream:remoteref) refs/heads/master refs/remotes/master [45ms]
2023-11-02 16:27:28.047 [info] > git status -z -uall [129ms] (cancelled)
2023-11-02 16:27:29.490 [info] > git config --get commit.template [38ms]
2023-11-02 16:27:29.522 [info] No remotes found in the git config file.
2023-11-02 16:27:29.524 [info] > git for-each-ref --format=%(refname)%00%(upstream:short)%00%(objectname)%00%(upstream:track)%00%(upstream:remotename)%00%(upstream:remoteref) refs/heads/master refs/remotes/master [3ms]
2023-11-02 16:27:31.024 [info] > git status -z -uall [1489ms] (cancelled)
2023-11-02 16:27:32.421 [info] > git show --textconv :Coursework/vite-project/.eslintrc.cjs [23ms]
2023-11-02 16:27:32.422 [info] > git ls-files --stage -- /home/tphilly/Coursework/vite-project/.eslintrc.cjs [11ms]
2023-11-02 16:27:33.253 [info] > git show --textconv :Coursework/vite-project/.gitignore [31ms]
2023-11-02 16:27:33.260 [info] > git ls-files --stage -- /home/tphilly/Coursework/vite-project/.gitignore [11ms]
2023-11-02 16:27:34.647 [info] > git show --textconv :Coursework/vite-project/index.html [11ms]
2023-11-02 16:27:34.651 [info] > git ls-files --stage -- /home/tphilly/Coursework/vite-project/index.html [4ms]
2023-11-02 16:27:37.501 [info] > git show --textconv :Coursework/vite-project/package-lock.json [14ms]
2023-11-02 16:27:37.504 [info] > git ls-files --stage -- /home/tphilly/Coursework/vite-project/package-lock.json [4ms]
2023-11-02 16:27:44.076 [info] > git show --textconv :Coursework/vite-project/package.json [20ms]
2023-11-02 16:27:44.080 [info] > git ls-files --stage -- /home/tphilly/Coursework/vite-project/package.json [5ms]
2023-11-02 16:27:45.723 [info] > git show --textconv :Coursework/vite-project/vite.config.js [10ms]
2023-11-02 16:27:45.726 [info] > git ls-files --stage -- /home/tphilly/Coursework/vite-project/vite.config.js [3ms]
2023-11-02 16:28:06.860 [info] > git check-ignore -v -z --stdin [6ms]
2023-11-02 16:28:08.619 [info] > git show --textconv :Coursework/vite-project/src/main.jsx [10ms]
2023-11-02 16:28:08.622 [info] > git ls-files --stage -- /home/tphilly/Coursework/vite-project/src/main.jsx [4ms]
2023-11-02 16:28:41.013 [info] > git show --textconv :Coursework/vite-project/package.json [10ms]
2023-11-02 16:28:41.016 [info] > git ls-files --stage -- /home/tphilly/Coursework/vite-project/package.json [3ms]
2023-11-02 16:30:35.639 [info] > git show --textconv :Coursework/vite-project/src/App.jsx [12ms]
2023-11-02 16:30:35.642 [info] > git ls-files --stage -- /home/tphilly/Coursework/vite-project/src/App.jsx [4ms]
2023-11-02 16:31:04.556 [info] > git show --textconv :Coursework/vite-project/src/main.jsx [12ms]
2023-11-02 16:31:04.560 [info] > git ls-files --stage -- /home/tphilly/Coursework/vite-project/src/main.jsx [4ms]
2023-11-02 16:31:37.174 [info] > git show --textconv :Coursework/vite-project/src/App.jsx [13ms]
2023-11-02 16:31:37.178 [info] > git ls-files --stage -- /home/tphilly/Coursework/vite-project/src/App.jsx [5ms]
2023-11-02 16:33:17.671 [info] > git rev-parse --show-toplevel [2ms]
2023-11-02 16:33:17.696 [info] > git rev-parse --git-dir --git-common-dir [1ms]
2023-11-02 16:33:17.703 [info] Open repository: /home/tphilly/Coursework/vite-project
2023-11-02 16:33:17.715 [info] > git config --get commit.template [0ms]
2023-11-02 16:33:17.725 [info] No remotes found in the git config file.
2023-11-02 16:33:17.725 [info] > git for-each-ref --format=%(refname)%00%(upstream:short)%00%(objectname)%00%(upstream:track)%00%(upstream:remotename)%00%(upstream:remoteref) refs/heads/master refs/remotes/master [1ms]
2023-11-02 16:33:17.737 [info] > git status -z -uall [1ms]
2023-11-02 16:33:17.756 [info] > git config --get commit.template [1ms]
2023-11-02 16:33:17.767 [info] No remotes found in the git config file.
2023-11-02 16:33:17.767 [info] > git for-each-ref --format=%(refname)%00%(upstream:short)%00%(objectname)%00%(upstream:track)%00%(upstream:remotename)%00%(upstream:remoteref) refs/heads/master refs/remotes/master [1ms]
2023-11-02 16:33:17.777 [info] > git status -z -uall [1ms]
2023-11-02 16:33:18.252 [info] > git check-ignore -v -z --stdin [0ms]
2023-11-02 16:33:33.386 [info] > git config --get commit.template [1ms]
2023-11-02 16:33:33.395 [info] No remotes found in the git config file.
2023-11-02 16:33:33.395 [info] > git for-each-ref --format=%(refname)%00%(upstream:short)%00%(objectname)%00%(upstream:track)%00%(upstream:remotename)%00%(upstream:remoteref) refs/heads/master refs/remotes/master [1ms]
2023-11-02 16:33:33.404 [info] > git status -z -uall [1ms]
2023-11-02 16:33:33.490 [info] > git ls-files --stage -- /home/tphilly/Coursework/vite-project/src/App.jsx [1ms]
2023-11-02 16:33:33.498 [info] > git cat-file -s 7c89b545c5ac0a2a9db0571749025946344396e3 [1ms]
2023-11-02 16:33:33.513 [info] > git show --textconv :src/App.jsx [3ms]
2023-11-02 16:34:57.173 [info] No remotes found in the git config file.
2023-11-02 16:34:57.174 [info] > git config --get commit.template [2ms]
2023-11-02 16:34:57.182 [info] > git for-each-ref --format=%(refname)%00%(upstream:short)%00%(objectname)%00%(upstream:track)%00%(upstream:remotename)%00%(upstream:remoteref) refs/heads/master refs/remotes/master [1ms]
2023-11-02 16:34:57.191 [info] > git status -z -uall [1ms]
2023-11-02 16:34:57.272 [info] > git ls-files --stage -- /home/tphilly/Coursework/vite-project/src/App.jsx [1ms]
2023-11-02 16:34:57.281 [info] > git cat-file -s 7c89b545c5ac0a2a9db0571749025946344396e3 [1ms]
2023-11-02 16:34:57.294 [info] > git show --textconv :src/App.jsx [1ms]
2023-11-02 16:37:12.052 [info] > git check-ignore -v -z --stdin [8ms]
2023-11-02 16:37:24.105 [info] > git -c user.useConfigOnly=true commit --quiet --allow-empty-message --file - [72ms]
2023-11-02 16:37:24.118 [info] > git config --get commit.template [1ms]
2023-11-02 16:37:24.159 [info] No remotes found in the git config file.
2023-11-02 16:37:24.160 [info] > git config --get commit.template [22ms]
2023-11-02 16:37:24.161 [info] > git for-each-ref --format=%(refname)%00%(upstream:short)%00%(objectname)%00%(upstream:track)%00%(upstream:remotename)%00%(upstream:remoteref) refs/heads/master refs/remotes/master [3ms]
2023-11-02 16:37:25.872 [info] > git status -z -uall [1691ms] (cancelled)
2023-11-02 16:37:25.872 [info] > git config --local branch.master.github-pr-owner-number [1041ms]
2023-11-02 16:37:25.952 [info] > git config --get commit.template [33ms]
2023-11-02 16:37:25.953 [info] > git config --get commit.template [3ms]
2023-11-02 16:37:25.968 [info] No remotes found in the git config file.
2023-11-02 16:37:25.985 [info] No remotes found in the git config file.
2023-11-02 16:37:25.986 [info] > git for-each-ref --format=%(refname)%00%(upstream:short)%00%(objectname)%00%(upstream:track)%00%(upstream:remotename)%00%(upstream:remoteref) refs/heads/master refs/remotes/master [18ms]
2023-11-02 16:37:26.004 [info] > git config --local branch.master.remote [3ms]
2023-11-02 16:37:26.006 [info] > git for-each-ref --format=%(refname)%00%(upstream:short)%00%(objectname)%00%(upstream:track)%00%(upstream:remotename)%00%(upstream:remoteref) refs/heads/master refs/remotes/master [20ms]
2023-11-02 16:37:26.029 [info] > git config --get commit.template [1ms]
2023-11-02 16:37:26.046 [info] No remotes found in the git config file.
2023-11-02 16:37:26.047 [info] > git for-each-ref --format=%(refname)%00%(upstream:short)%00%(objectname)%00%(upstream:track)%00%(upstream:remotename)%00%(upstream:remoteref) refs/heads/master refs/remotes/master [1ms]
2023-11-02 16:37:27.527 [info] > git status -z -uall [1465ms] (cancelled)
2023-11-02 16:37:27.570 [info] > git check-ignore -v -z --stdin [49ms]
2023-11-02 16:37:27.907 [info] > git ls-files --stage -- /home/tphilly/Coursework/vite-project/src/App.jsx [3ms]
2023-11-02 16:37:27.925 [info] > git cat-file -s 7c89b545c5ac0a2a9db0571749025946344396e3 [2ms]
2023-11-02 16:37:27.983 [info] > git show --textconv :src/App.jsx [1ms]
2023-11-02 16:37:28.042 [info] > git check-ignore -v -z --stdin [7ms]
2023-11-02 16:37:35.972 [info] > git check-ignore -v -z --stdin [21ms]
2023-11-02 16:37:49.528 [info] > git remote add origin https://github.com/TheTroyPhillips/tphilly.git [7ms]
2023-11-02 16:37:49.547 [info] > git config --get commit.template [10ms]
2023-11-02 16:37:49.548 [info] > git for-each-ref --format=%(refname)%00%(upstream:short)%00%(objectname)%00%(upstream:track)%00%(upstream:remotename)%00%(upstream:remoteref) refs/heads/master refs/remotes/master [2ms]
2023-11-02 16:37:51.179 [info] > git status -z -uall [1623ms] (cancelled)
2023-11-02 16:37:51.623 [info] > git config --local branch.master.github-pr-owner-number [108ms]
2023-11-02 16:37:51.649 [info] > git config --get commit.template [13ms]
2023-11-02 16:37:51.650 [info] > git for-each-ref --format=%(refname)%00%(upstream:short)%00%(objectname)%00%(upstream:track)%00%(upstream:remotename)%00%(upstream:remoteref) refs/heads/master refs/remotes/master [2ms]
2023-11-02 16:37:53.118 [info] > git status -z -uall [1456ms] (cancelled)
2023-11-02 16:37:53.120 [info] > git config --local branch.master.remote [949ms]
2023-11-02 16:37:53.234 [info] > git config --get commit.template [33ms]
2023-11-02 16:37:53.249 [info] > git for-each-ref --format=%(refname)%00%(upstream:short)%00%(objectname)%00%(upstream:track)%00%(upstream:remotename)%00%(upstream:remoteref) refs/heads/master refs/remotes/master [0ms]
2023-11-02 16:37:54.724 [info] > git status -z -uall [1459ms] (cancelled)
2023-11-02 16:37:54.738 [info] > git ls-files --stage -- /home/tphilly/Coursework/vite-project/src/App.jsx [16ms]
2023-11-02 16:37:54.777 [info] > git cat-file -s 7c89b545c5ac0a2a9db0571749025946344396e3 [1ms]
2023-11-02 16:37:55.069 [info] > git show --textconv :src/App.jsx [3ms]
2023-11-02 16:40:12.905 [info] > git push -u origin master [142803ms]
2023-11-02 16:40:12.905 [info] remote: warning: See https://gh.io/lfs for more information.        
remote: warning: File .vscode-server/bin/f1b07bd25dfad64b0167beb15359ae573aecd2cc/node is 86.60 MB; this is larger than GitHub's recommended maximum file size of 50.00 MB        
remote: warning: GH001: Large files detected. You may want to try Git Large File Storage - https://git-lfs.github.com.        
To https://github.com/TheTroyPhillips/tphilly.git
 * [new branch]        master -> master
2023-11-02 16:40:12.927 [info] > git config --get commit.template [11ms]
2023-11-02 16:40:12.928 [info] > git for-each-ref --format=%(refname)%00%(upstream:short)%00%(objectname)%00%(upstream:track)%00%(upstream:remotename)%00%(upstream:remoteref) refs/heads/master refs/remotes/master [2ms]
2023-11-02 16:40:14.613 [info] > git status -z -uall [1676ms] (cancelled)
2023-11-02 16:40:14.627 [info] > git config --local branch.master.github-pr-owner-number [110ms]
2023-11-02 16:40:14.651 [info] > git config --get commit.template [2ms]
2023-11-02 16:40:14.665 [info] > git for-each-ref --format=%(refname)%00%(upstream:short)%00%(objectname)%00%(upstream:track)%00%(upstream:remotename)%00%(upstream:remoteref) refs/heads/master refs/remotes/master [1ms]
2023-11-02 16:40:16.165 [info] > git status -z -uall [1486ms] (cancelled)
2023-11-02 16:40:16.206 [info] > git ls-files --stage -- /home/tphilly/Coursework/vite-project/src/App.jsx [43ms]
2023-11-02 16:40:16.259 [info] > git cat-file -s 7c89b545c5ac0a2a9db0571749025946344396e3 [32ms]
2023-11-02 16:40:16.457 [info] > git show --textconv :src/App.jsx [1ms]
2023-11-02 16:42:27.837 [info] > git config --local branch.master.github-pr-owner-number [0ms]
2023-11-02 16:42:27.849 [info] > git config --get commit.template [1ms]
2023-11-02 16:42:27.858 [info] > git for-each-ref --format=%(refname)%00%(upstream:short)%00%(objectname)%00%(upstream:track)%00%(upstream:remotename)%00%(upstream:remoteref) refs/heads/master refs/remotes/master [1ms]
2023-11-02 16:42:29.369 [info] > git status -z -uall [1503ms] (cancelled)
2023-11-02 16:47:28.414 [info] > git config --local branch.master.github-pr-owner-number [1ms]
2023-11-02 16:47:28.424 [info] > git config --get commit.template [1ms]
2023-11-02 16:47:28.433 [info] > git for-each-ref --format=%(refname)%00%(upstream:short)%00%(objectname)%00%(upstream:track)%00%(upstream:remotename)%00%(upstream:remoteref) refs/heads/master refs/remotes/master [1ms]
2023-11-02 16:47:29.893 [info] > git status -z -uall [1452ms] (cancelled)
2023-11-02 16:52:28.965 [info] > git config --local branch.master.github-pr-owner-number [1ms]
2023-11-02 16:52:28.982 [info] > git config --get commit.template [8ms]
2023-11-02 16:52:28.983 [info] > git for-each-ref --format=%(refname)%00%(upstream:short)%00%(objectname)%00%(upstream:track)%00%(upstream:remotename)%00%(upstream:remoteref) refs/heads/master refs/remotes/master [1ms]
2023-11-02 16:52:30.458 [info] > git status -z -uall [1467ms] (cancelled)
2023-11-02 16:57:29.531 [info] > git config --local branch.master.github-pr-owner-number [1ms]
2023-11-02 16:57:29.542 [info] > git config --get commit.template [1ms]
2023-11-02 16:57:29.551 [info] > git for-each-ref --format=%(refname)%00%(upstream:short)%00%(objectname)%00%(upstream:track)%00%(upstream:remotename)%00%(upstream:remoteref) refs/heads/master refs/remotes/master [1ms]
2023-11-02 16:57:31.035 [info] > git status -z -uall [1476ms] (cancelled)
2023-11-02 17:02:30.104 [info] > git config --local branch.master.github-pr-owner-number [1ms]
2023-11-02 17:02:30.121 [info] > git config --get commit.template [8ms]
2023-11-02 17:02:30.122 [info] > git for-each-ref --format=%(refname)%00%(upstream:short)%00%(objectname)%00%(upstream:track)%00%(upstream:remotename)%00%(upstream:remoteref) refs/heads/master refs/remotes/master [1ms]
2023-11-02 17:02:31.586 [info] > git status -z -uall [1458ms] (cancelled)
2023-11-02 17:07:30.647 [info] > git config --local branch.master.github-pr-owner-number [1ms]
2023-11-02 17:07:30.667 [info] > git config --get commit.template [11ms]
2023-11-02 17:07:30.668 [info] > git for-each-ref --format=%(refname)%00%(upstream:short)%00%(objectname)%00%(upstream:track)%00%(upstream:remotename)%00%(upstream:remoteref) refs/heads/master refs/remotes/master [2ms]
2023-11-02 17:07:32.157 [info] > git status -z -uall [1470ms] (cancelled)
2023-11-02 17:12:31.222 [info] > git config --local branch.master.github-pr-owner-number [0ms]
2023-11-02 17:12:31.233 [info] > git config --get commit.template [1ms]
2023-11-02 17:12:31.243 [info] > git for-each-ref --format=%(refname)%00%(upstream:short)%00%(objectname)%00%(upstream:track)%00%(upstream:remotename)%00%(upstream:remoteref) refs/heads/master refs/remotes/master [2ms]
2023-11-02 17:12:32.763 [info] > git status -z -uall [1511ms] (cancelled)
2023-11-02 17:17:31.811 [info] > git config --local branch.master.github-pr-owner-number [1ms]
2023-11-02 17:17:31.829 [info] > git config --get commit.template [9ms]
2023-11-02 17:17:31.829 [info] > git for-each-ref --format=%(refname)%00%(upstream:short)%00%(objectname)%00%(upstream:track)%00%(upstream:remotename)%00%(upstream:remoteref) refs/heads/master refs/remotes/master [3ms]
2023-11-02 17:17:33.280 [info] > git status -z -uall [1440ms] (cancelled)
2023-11-02 17:22:32.350 [info] > git config --local branch.master.github-pr-owner-number [1ms]
2023-11-02 17:22:32.368 [info] > git config --get commit.template [9ms]
2023-11-02 17:22:32.369 [info] > git for-each-ref --format=%(refname)%00%(upstream:short)%00%(objectname)%00%(upstream:track)%00%(upstream:remotename)%00%(upstream:remoteref) refs/heads/master refs/remotes/master [2ms]
2023-11-02 17:22:33.837 [info] > git status -z -uall [1460ms] (cancelled)
2023-11-02 17:27:32.898 [info] > git config --local branch.master.github-pr-owner-number [1ms]
2023-11-02 17:27:32.908 [info] > git config --get commit.template [1ms]
2023-11-02 17:27:32.916 [info] > git for-each-ref --format=%(refname)%00%(upstream:short)%00%(objectname)%00%(upstream:track)%00%(upstream:remotename)%00%(upstream:remoteref) refs/heads/master refs/remotes/master [1ms]
2023-11-02 17:27:34.412 [info] > git status -z -uall [1474ms] (cancelled)
2023-11-02 17:32:33.482 [info] > git config --local branch.master.github-pr-owner-number [1ms]
2023-11-02 17:32:33.501 [info] > git config --get commit.template [10ms]
2023-11-02 17:32:33.502 [info] > git for-each-ref --format=%(refname)%00%(upstream:short)%00%(objectname)%00%(upstream:track)%00%(upstream:remotename)%00%(upstream:remoteref) refs/heads/master refs/remotes/master [2ms]
2023-11-02 17:32:34.997 [info] > git status -z -uall [1483ms] (cancelled)
2023-11-02 17:37:34.036 [info] > git config --local branch.master.github-pr-owner-number [1ms]
2023-11-02 17:37:34.046 [info] > git config --get commit.template [1ms]
2023-11-02 17:37:34.056 [info] > git for-each-ref --format=%(refname)%00%(upstream:short)%00%(objectname)%00%(upstream:track)%00%(upstream:remotename)%00%(upstream:remoteref) refs/heads/master refs/remotes/master [1ms]
2023-11-02 17:37:35.541 [info] > git status -z -uall [1476ms] (cancelled)
