2023-10-24 20:40:42.314 [info] Extension host with pid 36590 started
2023-10-24 20:40:42.330 [info] Lock '/home/tphilly/.vscode-server/data/User/workspaceStorage/46286100f7459d178a41ee5b23e5e292/vscode.lock': Lock acquired.
2023-10-24 20:40:42.383 [info] ExtensionService#_doActivateExtension vscode.typescript-language-features, startup: false, activationEvent: 'onLanguage:javascript'
2023-10-24 20:40:42.384 [info] ExtensionService#_doActivateExtension vscode.emmet, startup: false, activationEvent: 'onLanguage'
2023-10-24 20:40:42.384 [info] ExtensionService#_doActivateExtension vscode.html-language-features, startup: false, activationEvent: 'onLanguage:html'
2023-10-24 20:40:43.383 [info] ExtensionService#_doActivateExtension vscode.git-base, startup: true, activationEvent: '*', root cause: vscode.git
2023-10-24 20:40:43.411 [info] ExtensionService#_doActivateExtension vscode.git, startup: true, activationEvent: '*'
2023-10-24 20:40:43.411 [info] ExtensionService#_doActivateExtension vscode.github, startup: true, activationEvent: '*'
2023-10-24 20:40:43.788 [info] Eager extensions activated
2023-10-24 20:40:43.788 [info] ExtensionService#_doActivateExtension vscode.debug-auto-launch, startup: false, activationEvent: 'onStartupFinished'
2023-10-24 20:40:43.789 [info] ExtensionService#_doActivateExtension vscode.merge-conflict, startup: false, activationEvent: 'onStartupFinished'
2023-10-24 20:40:43.789 [info] ExtensionService#_doActivateExtension dbaeumer.vscode-eslint, startup: false, activationEvent: 'onStartupFinished'
2023-10-24 20:40:43.789 [info] ExtensionService#_doActivateExtension eamodio.gitlens, startup: false, activationEvent: 'onStartupFinished'
2023-10-24 20:40:43.789 [info] ExtensionService#_doActivateExtension esbenp.prettier-vscode, startup: false, activationEvent: 'onStartupFinished'
2023-10-24 20:40:44.235 [info] ExtensionService#_doActivateExtension ms-vsliveshare.vsliveshare, startup: false, activationEvent: 'api', root cause: eamodio.gitlens
2023-10-24 20:40:44.702 [info] ExtensionService#_doActivateExtension GitHub.vscode-pull-request-github, startup: false, activationEvent: 'onStartupFinished'
2023-10-24 20:40:44.812 [info] ExtensionService#_doActivateExtension vscode.tunnel-forwarding, startup: false, activationEvent: 'onTunnel'
2023-10-24 20:41:46.863 [warning] TextEditor is closed/disposed
2023-10-24 20:42:24.270 [info] ExtensionService#_doActivateExtension ms-vscode.live-server, startup: false, activationEvent: 'onCommand:livePreview.start.preview.atFile'
2023-10-24 21:42:57.644 [info] Extension host terminating: received terminate message from renderer
2023-10-24 21:42:57.646 [info] Lock '/home/tphilly/.vscode-server/data/User/workspaceStorage/46286100f7459d178a41ee5b23e5e292/vscode.lock': Marking the lockfile as scheduled to be released in 6000 ms.
2023-10-24 21:42:57.855 [error] Canceled: Canceled
	at new m (/home/tphilly/.vscode-server/bin/f1b07bd25dfad64b0167beb15359ae573aecd2cc/out/vs/workbench/api/node/extensionHostProcess.js:126:57216)
	at i.U (/home/tphilly/.vscode-server/bin/f1b07bd25dfad64b0167beb15359ae573aecd2cc/out/vs/workbench/api/node/extensionHostProcess.js:135:10864)
	at M.<computed>.j.charCodeAt.M.<computed> (/home/tphilly/.vscode-server/bin/f1b07bd25dfad64b0167beb15359ae573aecd2cc/out/vs/workbench/api/node/extensionHostProcess.js:135:8315)
	at n.g (/home/tphilly/.vscode-server/bin/f1b07bd25dfad64b0167beb15359ae573aecd2cc/out/vs/workbench/api/node/extensionHostProcess.js:126:83747)
	at n.executeCommand (/home/tphilly/.vscode-server/bin/f1b07bd25dfad64b0167beb15359ae573aecd2cc/out/vs/workbench/api/node/extensionHostProcess.js:126:83185)
	at b.registerCommand.description (/home/tphilly/.vscode-server/bin/f1b07bd25dfad64b0167beb15359ae573aecd2cc/out/vs/workbench/api/node/extensionHostProcess.js:126:82506)
	at n.h (/home/tphilly/.vscode-server/bin/f1b07bd25dfad64b0167beb15359ae573aecd2cc/out/vs/workbench/api/node/extensionHostProcess.js:126:84283)
	at n.g (/home/tphilly/.vscode-server/bin/f1b07bd25dfad64b0167beb15359ae573aecd2cc/out/vs/workbench/api/node/extensionHostProcess.js:126:83278)
	at n.executeCommand (/home/tphilly/.vscode-server/bin/f1b07bd25dfad64b0167beb15359ae573aecd2cc/out/vs/workbench/api/node/extensionHostProcess.js:126:83185)
	at Object.executeCommand (/home/tphilly/.vscode-server/bin/f1b07bd25dfad64b0167beb15359ae573aecd2cc/out/vs/workbench/api/node/extensionHostProcess.js:141:21282)
	at s.D [as value] (/home/tphilly/.vscode-server/bin/f1b07bd25dfad64b0167beb15359ae573aecd2cc/extensions/git/dist/main.js:2:1312800)
	at c.z (/home/tphilly/.vscode-server/bin/f1b07bd25dfad64b0167beb15359ae573aecd2cc/out/vs/workbench/api/node/extensionHostProcess.js:80:1902)
	at c.A (/home/tphilly/.vscode-server/bin/f1b07bd25dfad64b0167beb15359ae573aecd2cc/out/vs/workbench/api/node/extensionHostProcess.js:80:1972)
	at c.fire (/home/tphilly/.vscode-server/bin/f1b07bd25dfad64b0167beb15359ae573aecd2cc/out/vs/workbench/api/node/extensionHostProcess.js:80:2188)
	at Object.m [as dispose] (/home/tphilly/.vscode-server/bin/f1b07bd25dfad64b0167beb15359ae573aecd2cc/extensions/git/dist/main.js:2:1328588)
	at /home/tphilly/.vscode-server/bin/f1b07bd25dfad64b0167beb15359ae573aecd2cc/extensions/git/dist/main.js:2:1333429
	at Array.forEach (<anonymous>)
	at g.dispose (/home/tphilly/.vscode-server/bin/f1b07bd25dfad64b0167beb15359ae573aecd2cc/extensions/git/dist/main.js:2:1333415)
	at w.<anonymous> (/home/tphilly/.vscode-server/bin/f1b07bd25dfad64b0167beb15359ae573aecd2cc/out/vs/workbench/api/node/extensionHostProcess.js:122:3521)
	at w.dispose (/home/tphilly/.vscode-server/bin/f1b07bd25dfad64b0167beb15359ae573aecd2cc/out/vs/workbench/api/node/extensionHostProcess.js:122:3618)
	at w.<anonymous> (/home/tphilly/.vscode-server/bin/f1b07bd25dfad64b0167beb15359ae573aecd2cc/extensions/git/dist/main.js:2:1314812)
	at w.dispose (/home/tphilly/.vscode-server/bin/f1b07bd25dfad64b0167beb15359ae573aecd2cc/out/vs/workbench/api/node/extensionHostProcess.js:122:3618)
	at o (/home/tphilly/.vscode-server/bin/f1b07bd25dfad64b0167beb15359ae573aecd2cc/out/vs/workbench/api/node/extensionHostProcess.js:30:754)
	at s.cb (/home/tphilly/.vscode-server/bin/f1b07bd25dfad64b0167beb15359ae573aecd2cc/out/vs/workbench/api/node/extensionHostProcess.js:137:9846)
	at /home/tphilly/.vscode-server/bin/f1b07bd25dfad64b0167beb15359ae573aecd2cc/out/vs/workbench/api/node/extensionHostProcess.js:137:7796
	at Array.map (<anonymous>)
	at s.Y (/home/tphilly/.vscode-server/bin/f1b07bd25dfad64b0167beb15359ae573aecd2cc/out/vs/workbench/api/node/extensionHostProcess.js:137:7784)
	at s.terminate (/home/tphilly/.vscode-server/bin/f1b07bd25dfad64b0167beb15359ae573aecd2cc/out/vs/workbench/api/node/extensionHostProcess.js:137:8054)
	at o.terminate (/home/tphilly/.vscode-server/bin/f1b07bd25dfad64b0167beb15359ae573aecd2cc/out/vs/workbench/api/node/extensionHostProcess.js:141:1513)
	at l (/home/tphilly/.vscode-server/bin/f1b07bd25dfad64b0167beb15359ae573aecd2cc/out/vs/workbench/api/node/extensionHostProcess.js:154:9801)
	at s.value (/home/tphilly/.vscode-server/bin/f1b07bd25dfad64b0167beb15359ae573aecd2cc/out/vs/workbench/api/node/extensionHostProcess.js:154:7848)
	at c.z (/home/tphilly/.vscode-server/bin/f1b07bd25dfad64b0167beb15359ae573aecd2cc/out/vs/workbench/api/node/extensionHostProcess.js:80:1902)
	at c.fire (/home/tphilly/.vscode-server/bin/f1b07bd25dfad64b0167beb15359ae573aecd2cc/out/vs/workbench/api/node/extensionHostProcess.js:80:2119)
	at g.fire (/home/tphilly/.vscode-server/bin/f1b07bd25dfad64b0167beb15359ae573aecd2cc/out/vs/workbench/api/node/extensionHostProcess.js:96:14010)
	at r.z (/home/tphilly/.vscode-server/bin/f1b07bd25dfad64b0167beb15359ae573aecd2cc/out/vs/workbench/api/node/extensionHostProcess.js:96:17075)
	at s.value (/home/tphilly/.vscode-server/bin/f1b07bd25dfad64b0167beb15359ae573aecd2cc/out/vs/workbench/api/node/extensionHostProcess.js:96:15527)
	at c.z (/home/tphilly/.vscode-server/bin/f1b07bd25dfad64b0167beb15359ae573aecd2cc/out/vs/workbench/api/node/extensionHostProcess.js:80:1902)
	at c.fire (/home/tphilly/.vscode-server/bin/f1b07bd25dfad64b0167beb15359ae573aecd2cc/out/vs/workbench/api/node/extensionHostProcess.js:80:2119)
	at s.acceptChunk (/home/tphilly/.vscode-server/bin/f1b07bd25dfad64b0167beb15359ae573aecd2cc/out/vs/workbench/api/node/extensionHostProcess.js:96:11784)
	at s.value (/home/tphilly/.vscode-server/bin/f1b07bd25dfad64b0167beb15359ae573aecd2cc/out/vs/workbench/api/node/extensionHostProcess.js:96:11071)
	at c.z (/home/tphilly/.vscode-server/bin/f1b07bd25dfad64b0167beb15359ae573aecd2cc/out/vs/workbench/api/node/extensionHostProcess.js:80:1902)
	at c.fire (/home/tphilly/.vscode-server/bin/f1b07bd25dfad64b0167beb15359ae573aecd2cc/out/vs/workbench/api/node/extensionHostProcess.js:80:2119)
	at c.z (/home/tphilly/.vscode-server/bin/f1b07bd25dfad64b0167beb15359ae573aecd2cc/out/vs/workbench/api/node/extensionHostProcess.js:151:19173)
	at c.acceptFrame (/home/tphilly/.vscode-server/bin/f1b07bd25dfad64b0167beb15359ae573aecd2cc/out/vs/workbench/api/node/extensionHostProcess.js:151:18979)
	at a.n (/home/tphilly/.vscode-server/bin/f1b07bd25dfad64b0167beb15359ae573aecd2cc/out/vs/workbench/api/node/extensionHostProcess.js:151:17612)
	at /home/tphilly/.vscode-server/bin/f1b07bd25dfad64b0167beb15359ae573aecd2cc/out/vs/workbench/api/node/extensionHostProcess.js:151:14959
	at Socket.f (/home/tphilly/.vscode-server/bin/f1b07bd25dfad64b0167beb15359ae573aecd2cc/out/vs/workbench/api/node/extensionHostProcess.js:151:12873)
	at Socket.emit (node:events:513:28)
	at addChunk (node:internal/streams/readable:324:12)
	at readableAddChunk (node:internal/streams/readable:297:9)
	at Readable.push (node:internal/streams/readable:234:10)
	at TCP.onStreamRead (node:internal/stream_base_commons:190:23) setContext undefined
2023-10-24 21:42:57.864 [error] Canceled: Canceled
	at new m (/home/tphilly/.vscode-server/bin/f1b07bd25dfad64b0167beb15359ae573aecd2cc/out/vs/workbench/api/node/extensionHostProcess.js:126:57216)
	at i.U (/home/tphilly/.vscode-server/bin/f1b07bd25dfad64b0167beb15359ae573aecd2cc/out/vs/workbench/api/node/extensionHostProcess.js:135:10864)
	at M.<computed>.j.charCodeAt.M.<computed> (/home/tphilly/.vscode-server/bin/f1b07bd25dfad64b0167beb15359ae573aecd2cc/out/vs/workbench/api/node/extensionHostProcess.js:135:8315)
	at n.g (/home/tphilly/.vscode-server/bin/f1b07bd25dfad64b0167beb15359ae573aecd2cc/out/vs/workbench/api/node/extensionHostProcess.js:126:83747)
	at n.executeCommand (/home/tphilly/.vscode-server/bin/f1b07bd25dfad64b0167beb15359ae573aecd2cc/out/vs/workbench/api/node/extensionHostProcess.js:126:83185)
	at b.registerCommand.description (/home/tphilly/.vscode-server/bin/f1b07bd25dfad64b0167beb15359ae573aecd2cc/out/vs/workbench/api/node/extensionHostProcess.js:126:82506)
	at n.h (/home/tphilly/.vscode-server/bin/f1b07bd25dfad64b0167beb15359ae573aecd2cc/out/vs/workbench/api/node/extensionHostProcess.js:126:84283)
	at n.g (/home/tphilly/.vscode-server/bin/f1b07bd25dfad64b0167beb15359ae573aecd2cc/out/vs/workbench/api/node/extensionHostProcess.js:126:83278)
	at n.executeCommand (/home/tphilly/.vscode-server/bin/f1b07bd25dfad64b0167beb15359ae573aecd2cc/out/vs/workbench/api/node/extensionHostProcess.js:126:83185)
	at Object.executeCommand (/home/tphilly/.vscode-server/bin/f1b07bd25dfad64b0167beb15359ae573aecd2cc/out/vs/workbench/api/node/extensionHostProcess.js:141:21282)
	at set b [as b] (/home/tphilly/.vscode-server/bin/f1b07bd25dfad64b0167beb15359ae573aecd2cc/extensions/github/dist/extension.js:2:714415)
	at /home/tphilly/.vscode-server/bin/f1b07bd25dfad64b0167beb15359ae573aecd2cc/extensions/github/dist/extension.js:2:715056
	at s.value (/home/tphilly/.vscode-server/bin/f1b07bd25dfad64b0167beb15359ae573aecd2cc/extensions/git/dist/main.js:2:1402040)
	at c.z (/home/tphilly/.vscode-server/bin/f1b07bd25dfad64b0167beb15359ae573aecd2cc/out/vs/workbench/api/node/extensionHostProcess.js:80:1902)
	at c.A (/home/tphilly/.vscode-server/bin/f1b07bd25dfad64b0167beb15359ae573aecd2cc/out/vs/workbench/api/node/extensionHostProcess.js:80:1972)
	at c.fire (/home/tphilly/.vscode-server/bin/f1b07bd25dfad64b0167beb15359ae573aecd2cc/out/vs/workbench/api/node/extensionHostProcess.js:80:2188)
	at Object.m [as dispose] (/home/tphilly/.vscode-server/bin/f1b07bd25dfad64b0167beb15359ae573aecd2cc/extensions/git/dist/main.js:2:1328588)
	at /home/tphilly/.vscode-server/bin/f1b07bd25dfad64b0167beb15359ae573aecd2cc/extensions/git/dist/main.js:2:1333429
	at Array.forEach (<anonymous>)
	at g.dispose (/home/tphilly/.vscode-server/bin/f1b07bd25dfad64b0167beb15359ae573aecd2cc/extensions/git/dist/main.js:2:1333415)
	at w.<anonymous> (/home/tphilly/.vscode-server/bin/f1b07bd25dfad64b0167beb15359ae573aecd2cc/out/vs/workbench/api/node/extensionHostProcess.js:122:3521)
	at w.dispose (/home/tphilly/.vscode-server/bin/f1b07bd25dfad64b0167beb15359ae573aecd2cc/out/vs/workbench/api/node/extensionHostProcess.js:122:3618)
	at w.<anonymous> (/home/tphilly/.vscode-server/bin/f1b07bd25dfad64b0167beb15359ae573aecd2cc/extensions/git/dist/main.js:2:1314812)
	at w.dispose (/home/tphilly/.vscode-server/bin/f1b07bd25dfad64b0167beb15359ae573aecd2cc/out/vs/workbench/api/node/extensionHostProcess.js:122:3618)
	at o (/home/tphilly/.vscode-server/bin/f1b07bd25dfad64b0167beb15359ae573aecd2cc/out/vs/workbench/api/node/extensionHostProcess.js:30:754)
	at s.cb (/home/tphilly/.vscode-server/bin/f1b07bd25dfad64b0167beb15359ae573aecd2cc/out/vs/workbench/api/node/extensionHostProcess.js:137:9846)
	at /home/tphilly/.vscode-server/bin/f1b07bd25dfad64b0167beb15359ae573aecd2cc/out/vs/workbench/api/node/extensionHostProcess.js:137:7796
	at Array.map (<anonymous>)
	at s.Y (/home/tphilly/.vscode-server/bin/f1b07bd25dfad64b0167beb15359ae573aecd2cc/out/vs/workbench/api/node/extensionHostProcess.js:137:7784)
	at s.terminate (/home/tphilly/.vscode-server/bin/f1b07bd25dfad64b0167beb15359ae573aecd2cc/out/vs/workbench/api/node/extensionHostProcess.js:137:8054)
	at o.terminate (/home/tphilly/.vscode-server/bin/f1b07bd25dfad64b0167beb15359ae573aecd2cc/out/vs/workbench/api/node/extensionHostProcess.js:141:1513)
	at l (/home/tphilly/.vscode-server/bin/f1b07bd25dfad64b0167beb15359ae573aecd2cc/out/vs/workbench/api/node/extensionHostProcess.js:154:9801)
	at s.value (/home/tphilly/.vscode-server/bin/f1b07bd25dfad64b0167beb15359ae573aecd2cc/out/vs/workbench/api/node/extensionHostProcess.js:154:7848)
	at c.z (/home/tphilly/.vscode-server/bin/f1b07bd25dfad64b0167beb15359ae573aecd2cc/out/vs/workbench/api/node/extensionHostProcess.js:80:1902)
	at c.fire (/home/tphilly/.vscode-server/bin/f1b07bd25dfad64b0167beb15359ae573aecd2cc/out/vs/workbench/api/node/extensionHostProcess.js:80:2119)
	at g.fire (/home/tphilly/.vscode-server/bin/f1b07bd25dfad64b0167beb15359ae573aecd2cc/out/vs/workbench/api/node/extensionHostProcess.js:96:14010)
	at r.z (/home/tphilly/.vscode-server/bin/f1b07bd25dfad64b0167beb15359ae573aecd2cc/out/vs/workbench/api/node/extensionHostProcess.js:96:17075)
	at s.value (/home/tphilly/.vscode-server/bin/f1b07bd25dfad64b0167beb15359ae573aecd2cc/out/vs/workbench/api/node/extensionHostProcess.js:96:15527)
	at c.z (/home/tphilly/.vscode-server/bin/f1b07bd25dfad64b0167beb15359ae573aecd2cc/out/vs/workbench/api/node/extensionHostProcess.js:80:1902)
	at c.fire (/home/tphilly/.vscode-server/bin/f1b07bd25dfad64b0167beb15359ae573aecd2cc/out/vs/workbench/api/node/extensionHostProcess.js:80:2119)
	at s.acceptChunk (/home/tphilly/.vscode-server/bin/f1b07bd25dfad64b0167beb15359ae573aecd2cc/out/vs/workbench/api/node/extensionHostProcess.js:96:11784)
	at s.value (/home/tphilly/.vscode-server/bin/f1b07bd25dfad64b0167beb15359ae573aecd2cc/out/vs/workbench/api/node/extensionHostProcess.js:96:11071)
	at c.z (/home/tphilly/.vscode-server/bin/f1b07bd25dfad64b0167beb15359ae573aecd2cc/out/vs/workbench/api/node/extensionHostProcess.js:80:1902)
	at c.fire (/home/tphilly/.vscode-server/bin/f1b07bd25dfad64b0167beb15359ae573aecd2cc/out/vs/workbench/api/node/extensionHostProcess.js:80:2119)
	at c.z (/home/tphilly/.vscode-server/bin/f1b07bd25dfad64b0167beb15359ae573aecd2cc/out/vs/workbench/api/node/extensionHostProcess.js:151:19173)
	at c.acceptFrame (/home/tphilly/.vscode-server/bin/f1b07bd25dfad64b0167beb15359ae573aecd2cc/out/vs/workbench/api/node/extensionHostProcess.js:151:18979)
	at a.n (/home/tphilly/.vscode-server/bin/f1b07bd25dfad64b0167beb15359ae573aecd2cc/out/vs/workbench/api/node/extensionHostProcess.js:151:17612)
	at /home/tphilly/.vscode-server/bin/f1b07bd25dfad64b0167beb15359ae573aecd2cc/out/vs/workbench/api/node/extensionHostProcess.js:151:14959
	at Socket.f (/home/tphilly/.vscode-server/bin/f1b07bd25dfad64b0167beb15359ae573aecd2cc/out/vs/workbench/api/node/extensionHostProcess.js:151:12873)
	at Socket.emit (node:events:513:28)
	at addChunk (node:internal/streams/readable:324:12)
	at readableAddChunk (node:internal/streams/readable:297:9)
	at Readable.push (node:internal/streams/readable:234:10)
	at TCP.onStreamRead (node:internal/stream_base_commons:190:23) setContext undefined
2023-10-24 21:42:57.865 [error] Canceled: Canceled
	at new m (/home/tphilly/.vscode-server/bin/f1b07bd25dfad64b0167beb15359ae573aecd2cc/out/vs/workbench/api/node/extensionHostProcess.js:126:57216)
	at i.U (/home/tphilly/.vscode-server/bin/f1b07bd25dfad64b0167beb15359ae573aecd2cc/out/vs/workbench/api/node/extensionHostProcess.js:135:10864)
	at M.<computed>.j.charCodeAt.M.<computed> (/home/tphilly/.vscode-server/bin/f1b07bd25dfad64b0167beb15359ae573aecd2cc/out/vs/workbench/api/node/extensionHostProcess.js:135:8315)
	at n.g (/home/tphilly/.vscode-server/bin/f1b07bd25dfad64b0167beb15359ae573aecd2cc/out/vs/workbench/api/node/extensionHostProcess.js:126:83747)
	at n.executeCommand (/home/tphilly/.vscode-server/bin/f1b07bd25dfad64b0167beb15359ae573aecd2cc/out/vs/workbench/api/node/extensionHostProcess.js:126:83185)
	at b.registerCommand.description (/home/tphilly/.vscode-server/bin/f1b07bd25dfad64b0167beb15359ae573aecd2cc/out/vs/workbench/api/node/extensionHostProcess.js:126:82506)
	at n.h (/home/tphilly/.vscode-server/bin/f1b07bd25dfad64b0167beb15359ae573aecd2cc/out/vs/workbench/api/node/extensionHostProcess.js:126:84283)
	at n.g (/home/tphilly/.vscode-server/bin/f1b07bd25dfad64b0167beb15359ae573aecd2cc/out/vs/workbench/api/node/extensionHostProcess.js:126:83278)
	at n.executeCommand (/home/tphilly/.vscode-server/bin/f1b07bd25dfad64b0167beb15359ae573aecd2cc/out/vs/workbench/api/node/extensionHostProcess.js:126:83185)
	at Object.executeCommand (/home/tphilly/.vscode-server/bin/f1b07bd25dfad64b0167beb15359ae573aecd2cc/out/vs/workbench/api/node/extensionHostProcess.js:141:21282)
	at e (/home/tphilly/.vscode-server/extensions/github.vscode-pull-request-github-0.74.1/dist/extension.js:1655:1445)
	at Object.n [as setContext] (/home/tphilly/.vscode-server/extensions/github.vscode-pull-request-github-0.74.1/dist/extension.js:1655:1560)
	at qc.updateActiveReviewCount (/home/tphilly/.vscode-server/extensions/github.vscode-pull-request-github-0.74.1/dist/extension.js:1708:22584)
	at qc.removeRepo (/home/tphilly/.vscode-server/extensions/github.vscode-pull-request-github-0.74.1/dist/extension.js:1708:23711)
	at s.value (/home/tphilly/.vscode-server/extensions/github.vscode-pull-request-github-0.74.1/dist/extension.js:1818:4126)
	at c.z (/home/tphilly/.vscode-server/bin/f1b07bd25dfad64b0167beb15359ae573aecd2cc/out/vs/workbench/api/node/extensionHostProcess.js:80:1902)
	at c.A (/home/tphilly/.vscode-server/bin/f1b07bd25dfad64b0167beb15359ae573aecd2cc/out/vs/workbench/api/node/extensionHostProcess.js:80:1972)
	at c.fire (/home/tphilly/.vscode-server/bin/f1b07bd25dfad64b0167beb15359ae573aecd2cc/out/vs/workbench/api/node/extensionHostProcess.js:80:2188)
	at s.value (/home/tphilly/.vscode-server/extensions/github.vscode-pull-request-github-0.74.1/dist/extension.js:1624:461993)
	at c.z (/home/tphilly/.vscode-server/bin/f1b07bd25dfad64b0167beb15359ae573aecd2cc/out/vs/workbench/api/node/extensionHostProcess.js:80:1902)
	at c.fire (/home/tphilly/.vscode-server/bin/f1b07bd25dfad64b0167beb15359ae573aecd2cc/out/vs/workbench/api/node/extensionHostProcess.js:80:2119)
	at /home/tphilly/.vscode-server/extensions/github.vscode-pull-request-github-0.74.1/dist/extension.js:1708:27425
	at s.value (/home/tphilly/.vscode-server/bin/f1b07bd25dfad64b0167beb15359ae573aecd2cc/extensions/git/dist/main.js:2:1402040)
	at c.z (/home/tphilly/.vscode-server/bin/f1b07bd25dfad64b0167beb15359ae573aecd2cc/out/vs/workbench/api/node/extensionHostProcess.js:80:1902)
	at c.A (/home/tphilly/.vscode-server/bin/f1b07bd25dfad64b0167beb15359ae573aecd2cc/out/vs/workbench/api/node/extensionHostProcess.js:80:1972)
	at c.fire (/home/tphilly/.vscode-server/bin/f1b07bd25dfad64b0167beb15359ae573aecd2cc/out/vs/workbench/api/node/extensionHostProcess.js:80:2188)
	at Object.m [as dispose] (/home/tphilly/.vscode-server/bin/f1b07bd25dfad64b0167beb15359ae573aecd2cc/extensions/git/dist/main.js:2:1328588)
	at /home/tphilly/.vscode-server/bin/f1b07bd25dfad64b0167beb15359ae573aecd2cc/extensions/git/dist/main.js:2:1333429
	at Array.forEach (<anonymous>)
	at g.dispose (/home/tphilly/.vscode-server/bin/f1b07bd25dfad64b0167beb15359ae573aecd2cc/extensions/git/dist/main.js:2:1333415)
	at w.<anonymous> (/home/tphilly/.vscode-server/bin/f1b07bd25dfad64b0167beb15359ae573aecd2cc/out/vs/workbench/api/node/extensionHostProcess.js:122:3521)
	at w.dispose (/home/tphilly/.vscode-server/bin/f1b07bd25dfad64b0167beb15359ae573aecd2cc/out/vs/workbench/api/node/extensionHostProcess.js:122:3618)
	at w.<anonymous> (/home/tphilly/.vscode-server/bin/f1b07bd25dfad64b0167beb15359ae573aecd2cc/extensions/git/dist/main.js:2:1314812)
	at w.dispose (/home/tphilly/.vscode-server/bin/f1b07bd25dfad64b0167beb15359ae573aecd2cc/out/vs/workbench/api/node/extensionHostProcess.js:122:3618)
	at o (/home/tphilly/.vscode-server/bin/f1b07bd25dfad64b0167beb15359ae573aecd2cc/out/vs/workbench/api/node/extensionHostProcess.js:30:754)
	at s.cb (/home/tphilly/.vscode-server/bin/f1b07bd25dfad64b0167beb15359ae573aecd2cc/out/vs/workbench/api/node/extensionHostProcess.js:137:9846)
	at /home/tphilly/.vscode-server/bin/f1b07bd25dfad64b0167beb15359ae573aecd2cc/out/vs/workbench/api/node/extensionHostProcess.js:137:7796
	at Array.map (<anonymous>)
	at s.Y (/home/tphilly/.vscode-server/bin/f1b07bd25dfad64b0167beb15359ae573aecd2cc/out/vs/workbench/api/node/extensionHostProcess.js:137:7784)
	at s.terminate (/home/tphilly/.vscode-server/bin/f1b07bd25dfad64b0167beb15359ae573aecd2cc/out/vs/workbench/api/node/extensionHostProcess.js:137:8054)
	at o.terminate (/home/tphilly/.vscode-server/bin/f1b07bd25dfad64b0167beb15359ae573aecd2cc/out/vs/workbench/api/node/extensionHostProcess.js:141:1513)
	at l (/home/tphilly/.vscode-server/bin/f1b07bd25dfad64b0167beb15359ae573aecd2cc/out/vs/workbench/api/node/extensionHostProcess.js:154:9801)
	at s.value (/home/tphilly/.vscode-server/bin/f1b07bd25dfad64b0167beb15359ae573aecd2cc/out/vs/workbench/api/node/extensionHostProcess.js:154:7848)
	at c.z (/home/tphilly/.vscode-server/bin/f1b07bd25dfad64b0167beb15359ae573aecd2cc/out/vs/workbench/api/node/extensionHostProcess.js:80:1902)
	at c.fire (/home/tphilly/.vscode-server/bin/f1b07bd25dfad64b0167beb15359ae573aecd2cc/out/vs/workbench/api/node/extensionHostProcess.js:80:2119)
	at g.fire (/home/tphilly/.vscode-server/bin/f1b07bd25dfad64b0167beb15359ae573aecd2cc/out/vs/workbench/api/node/extensionHostProcess.js:96:14010)
	at r.z (/home/tphilly/.vscode-server/bin/f1b07bd25dfad64b0167beb15359ae573aecd2cc/out/vs/workbench/api/node/extensionHostProcess.js:96:17075)
	at s.value (/home/tphilly/.vscode-server/bin/f1b07bd25dfad64b0167beb15359ae573aecd2cc/out/vs/workbench/api/node/extensionHostProcess.js:96:15527)
	at c.z (/home/tphilly/.vscode-server/bin/f1b07bd25dfad64b0167beb15359ae573aecd2cc/out/vs/workbench/api/node/extensionHostProcess.js:80:1902)
	at c.fire (/home/tphilly/.vscode-server/bin/f1b07bd25dfad64b0167beb15359ae573aecd2cc/out/vs/workbench/api/node/extensionHostProcess.js:80:2119)
	at s.acceptChunk (/home/tphilly/.vscode-server/bin/f1b07bd25dfad64b0167beb15359ae573aecd2cc/out/vs/workbench/api/node/extensionHostProcess.js:96:11784)
	at s.value (/home/tphilly/.vscode-server/bin/f1b07bd25dfad64b0167beb15359ae573aecd2cc/out/vs/workbench/api/node/extensionHostProcess.js:96:11071)
	at c.z (/home/tphilly/.vscode-server/bin/f1b07bd25dfad64b0167beb15359ae573aecd2cc/out/vs/workbench/api/node/extensionHostProcess.js:80:1902)
	at c.fire (/home/tphilly/.vscode-server/bin/f1b07bd25dfad64b0167beb15359ae573aecd2cc/out/vs/workbench/api/node/extensionHostProcess.js:80:2119)
	at c.z (/home/tphilly/.vscode-server/bin/f1b07bd25dfad64b0167beb15359ae573aecd2cc/out/vs/workbench/api/node/extensionHostProcess.js:151:19173)
	at c.acceptFrame (/home/tphilly/.vscode-server/bin/f1b07bd25dfad64b0167beb15359ae573aecd2cc/out/vs/workbench/api/node/extensionHostProcess.js:151:18979)
	at a.n (/home/tphilly/.vscode-server/bin/f1b07bd25dfad64b0167beb15359ae573aecd2cc/out/vs/workbench/api/node/extensionHostProcess.js:151:17612)
	at /home/tphilly/.vscode-server/bin/f1b07bd25dfad64b0167beb15359ae573aecd2cc/out/vs/workbench/api/node/extensionHostProcess.js:151:14959
	at Socket.f (/home/tphilly/.vscode-server/bin/f1b07bd25dfad64b0167beb15359ae573aecd2cc/out/vs/workbench/api/node/extensionHostProcess.js:151:12873)
	at Socket.emit (node:events:513:28)
	at addChunk (node:internal/streams/readable:324:12)
	at readableAddChunk (node:internal/streams/readable:297:9)
	at Readable.push (node:internal/streams/readable:234:10)
	at TCP.onStreamRead (node:internal/stream_base_commons:190:23) setContext undefined
2023-10-24 21:42:57.865 [error] Canceled: Canceled
	at new m (/home/tphilly/.vscode-server/bin/f1b07bd25dfad64b0167beb15359ae573aecd2cc/out/vs/workbench/api/node/extensionHostProcess.js:126:57216)
	at i.U (/home/tphilly/.vscode-server/bin/f1b07bd25dfad64b0167beb15359ae573aecd2cc/out/vs/workbench/api/node/extensionHostProcess.js:135:10864)
	at M.<computed>.j.charCodeAt.M.<computed> (/home/tphilly/.vscode-server/bin/f1b07bd25dfad64b0167beb15359ae573aecd2cc/out/vs/workbench/api/node/extensionHostProcess.js:135:8315)
	at n.g (/home/tphilly/.vscode-server/bin/f1b07bd25dfad64b0167beb15359ae573aecd2cc/out/vs/workbench/api/node/extensionHostProcess.js:126:83747)
	at n.executeCommand (/home/tphilly/.vscode-server/bin/f1b07bd25dfad64b0167beb15359ae573aecd2cc/out/vs/workbench/api/node/extensionHostProcess.js:126:83185)
	at b.registerCommand.description (/home/tphilly/.vscode-server/bin/f1b07bd25dfad64b0167beb15359ae573aecd2cc/out/vs/workbench/api/node/extensionHostProcess.js:126:82506)
	at n.h (/home/tphilly/.vscode-server/bin/f1b07bd25dfad64b0167beb15359ae573aecd2cc/out/vs/workbench/api/node/extensionHostProcess.js:126:84283)
	at n.g (/home/tphilly/.vscode-server/bin/f1b07bd25dfad64b0167beb15359ae573aecd2cc/out/vs/workbench/api/node/extensionHostProcess.js:126:83278)
	at n.executeCommand (/home/tphilly/.vscode-server/bin/f1b07bd25dfad64b0167beb15359ae573aecd2cc/out/vs/workbench/api/node/extensionHostProcess.js:126:83185)
	at Object.executeCommand (/home/tphilly/.vscode-server/bin/f1b07bd25dfad64b0167beb15359ae573aecd2cc/out/vs/workbench/api/node/extensionHostProcess.js:141:21282)
	at w (/home/tphilly/.vscode-server/extensions/eamodio.gitlens-14.4.0/dist/gitlens.js:1:1065272)
	at l (/home/tphilly/.vscode-server/extensions/eamodio.gitlens-14.4.0/dist/gitlens.js:1:1069900)
	at ActionRunners._updateContextKeys (/home/tphilly/.vscode-server/extensions/eamodio.gitlens-14.4.0/dist/gitlens.js:1:38822)
	at s (/home/tphilly/.vscode-server/extensions/eamodio.gitlens-14.4.0/dist/gitlens.js:1:37241)
	at RegisteredActionRunner.unregister (/home/tphilly/.vscode-server/extensions/eamodio.gitlens-14.4.0/dist/gitlens.js:1:37385)
	at RegisteredActionRunner.dispose (/home/tphilly/.vscode-server/extensions/eamodio.gitlens-14.4.0/dist/gitlens.js:1:36048)
	at ActionRunners.dispose (/home/tphilly/.vscode-server/extensions/eamodio.gitlens-14.4.0/dist/gitlens.js:1:36827)
	at /home/tphilly/.vscode-server/extensions/eamodio.gitlens-14.4.0/dist/gitlens.js:1:763787
	at Array.forEach (<anonymous>)
	at Object.dispose (/home/tphilly/.vscode-server/extensions/eamodio.gitlens-14.4.0/dist/gitlens.js:1:763772)
	at o (/home/tphilly/.vscode-server/bin/f1b07bd25dfad64b0167beb15359ae573aecd2cc/out/vs/workbench/api/node/extensionHostProcess.js:30:754)
	at s.cb (/home/tphilly/.vscode-server/bin/f1b07bd25dfad64b0167beb15359ae573aecd2cc/out/vs/workbench/api/node/extensionHostProcess.js:137:9846)
	at /home/tphilly/.vscode-server/bin/f1b07bd25dfad64b0167beb15359ae573aecd2cc/out/vs/workbench/api/node/extensionHostProcess.js:137:7796
	at Array.map (<anonymous>)
	at s.Y (/home/tphilly/.vscode-server/bin/f1b07bd25dfad64b0167beb15359ae573aecd2cc/out/vs/workbench/api/node/extensionHostProcess.js:137:7784)
	at s.terminate (/home/tphilly/.vscode-server/bin/f1b07bd25dfad64b0167beb15359ae573aecd2cc/out/vs/workbench/api/node/extensionHostProcess.js:137:8054)
	at o.terminate (/home/tphilly/.vscode-server/bin/f1b07bd25dfad64b0167beb15359ae573aecd2cc/out/vs/workbench/api/node/extensionHostProcess.js:141:1513)
	at l (/home/tphilly/.vscode-server/bin/f1b07bd25dfad64b0167beb15359ae573aecd2cc/out/vs/workbench/api/node/extensionHostProcess.js:154:9801)
	at s.value (/home/tphilly/.vscode-server/bin/f1b07bd25dfad64b0167beb15359ae573aecd2cc/out/vs/workbench/api/node/extensionHostProcess.js:154:7848)
	at c.z (/home/tphilly/.vscode-server/bin/f1b07bd25dfad64b0167beb15359ae573aecd2cc/out/vs/workbench/api/node/extensionHostProcess.js:80:1902)
	at c.fire (/home/tphilly/.vscode-server/bin/f1b07bd25dfad64b0167beb15359ae573aecd2cc/out/vs/workbench/api/node/extensionHostProcess.js:80:2119)
	at g.fire (/home/tphilly/.vscode-server/bin/f1b07bd25dfad64b0167beb15359ae573aecd2cc/out/vs/workbench/api/node/extensionHostProcess.js:96:14010)
	at r.z (/home/tphilly/.vscode-server/bin/f1b07bd25dfad64b0167beb15359ae573aecd2cc/out/vs/workbench/api/node/extensionHostProcess.js:96:17075)
	at s.value (/home/tphilly/.vscode-server/bin/f1b07bd25dfad64b0167beb15359ae573aecd2cc/out/vs/workbench/api/node/extensionHostProcess.js:96:15527)
	at c.z (/home/tphilly/.vscode-server/bin/f1b07bd25dfad64b0167beb15359ae573aecd2cc/out/vs/workbench/api/node/extensionHostProcess.js:80:1902)
	at c.fire (/home/tphilly/.vscode-server/bin/f1b07bd25dfad64b0167beb15359ae573aecd2cc/out/vs/workbench/api/node/extensionHostProcess.js:80:2119)
	at s.acceptChunk (/home/tphilly/.vscode-server/bin/f1b07bd25dfad64b0167beb15359ae573aecd2cc/out/vs/workbench/api/node/extensionHostProcess.js:96:11784)
	at s.value (/home/tphilly/.vscode-server/bin/f1b07bd25dfad64b0167beb15359ae573aecd2cc/out/vs/workbench/api/node/extensionHostProcess.js:96:11071)
	at c.z (/home/tphilly/.vscode-server/bin/f1b07bd25dfad64b0167beb15359ae573aecd2cc/out/vs/workbench/api/node/extensionHostProcess.js:80:1902)
	at c.fire (/home/tphilly/.vscode-server/bin/f1b07bd25dfad64b0167beb15359ae573aecd2cc/out/vs/workbench/api/node/extensionHostProcess.js:80:2119)
	at c.z (/home/tphilly/.vscode-server/bin/f1b07bd25dfad64b0167beb15359ae573aecd2cc/out/vs/workbench/api/node/extensionHostProcess.js:151:19173)
	at c.acceptFrame (/home/tphilly/.vscode-server/bin/f1b07bd25dfad64b0167beb15359ae573aecd2cc/out/vs/workbench/api/node/extensionHostProcess.js:151:18979)
	at a.n (/home/tphilly/.vscode-server/bin/f1b07bd25dfad64b0167beb15359ae573aecd2cc/out/vs/workbench/api/node/extensionHostProcess.js:151:17612)
	at /home/tphilly/.vscode-server/bin/f1b07bd25dfad64b0167beb15359ae573aecd2cc/out/vs/workbench/api/node/extensionHostProcess.js:151:14959
	at Socket.f (/home/tphilly/.vscode-server/bin/f1b07bd25dfad64b0167beb15359ae573aecd2cc/out/vs/workbench/api/node/extensionHostProcess.js:151:12873)
	at Socket.emit (node:events:513:28)
	at addChunk (node:internal/streams/readable:324:12)
	at readableAddChunk (node:internal/streams/readable:297:9)
	at Readable.push (node:internal/streams/readable:234:10)
	at TCP.onStreamRead (node:internal/stream_base_commons:190:23) setContext undefined
2023-10-24 21:42:57.865 [error] Canceled: Canceled
	at new m (/home/tphilly/.vscode-server/bin/f1b07bd25dfad64b0167beb15359ae573aecd2cc/out/vs/workbench/api/node/extensionHostProcess.js:126:57216)
	at i.U (/home/tphilly/.vscode-server/bin/f1b07bd25dfad64b0167beb15359ae573aecd2cc/out/vs/workbench/api/node/extensionHostProcess.js:135:10864)
	at M.<computed>.j.charCodeAt.M.<computed> (/home/tphilly/.vscode-server/bin/f1b07bd25dfad64b0167beb15359ae573aecd2cc/out/vs/workbench/api/node/extensionHostProcess.js:135:8315)
	at n.g (/home/tphilly/.vscode-server/bin/f1b07bd25dfad64b0167beb15359ae573aecd2cc/out/vs/workbench/api/node/extensionHostProcess.js:126:83747)
	at n.executeCommand (/home/tphilly/.vscode-server/bin/f1b07bd25dfad64b0167beb15359ae573aecd2cc/out/vs/workbench/api/node/extensionHostProcess.js:126:83185)
	at b.registerCommand.description (/home/tphilly/.vscode-server/bin/f1b07bd25dfad64b0167beb15359ae573aecd2cc/out/vs/workbench/api/node/extensionHostProcess.js:126:82506)
	at n.h (/home/tphilly/.vscode-server/bin/f1b07bd25dfad64b0167beb15359ae573aecd2cc/out/vs/workbench/api/node/extensionHostProcess.js:126:84283)
	at n.g (/home/tphilly/.vscode-server/bin/f1b07bd25dfad64b0167beb15359ae573aecd2cc/out/vs/workbench/api/node/extensionHostProcess.js:126:83278)
	at n.executeCommand (/home/tphilly/.vscode-server/bin/f1b07bd25dfad64b0167beb15359ae573aecd2cc/out/vs/workbench/api/node/extensionHostProcess.js:126:83185)
	at Object.executeCommand (/home/tphilly/.vscode-server/bin/f1b07bd25dfad64b0167beb15359ae573aecd2cc/out/vs/workbench/api/node/extensionHostProcess.js:141:21282)
	at w (/home/tphilly/.vscode-server/extensions/eamodio.gitlens-14.4.0/dist/gitlens.js:1:1065272)
	at l (/home/tphilly/.vscode-server/extensions/eamodio.gitlens-14.4.0/dist/gitlens.js:1:1069900)
	at ActionRunners._updateContextKeys (/home/tphilly/.vscode-server/extensions/eamodio.gitlens-14.4.0/dist/gitlens.js:1:38822)
	at s (/home/tphilly/.vscode-server/extensions/eamodio.gitlens-14.4.0/dist/gitlens.js:1:37241)
	at RegisteredActionRunner.unregister (/home/tphilly/.vscode-server/extensions/eamodio.gitlens-14.4.0/dist/gitlens.js:1:37385)
	at RegisteredActionRunner.dispose (/home/tphilly/.vscode-server/extensions/eamodio.gitlens-14.4.0/dist/gitlens.js:1:36048)
	at ActionRunners.dispose (/home/tphilly/.vscode-server/extensions/eamodio.gitlens-14.4.0/dist/gitlens.js:1:36827)
	at /home/tphilly/.vscode-server/extensions/eamodio.gitlens-14.4.0/dist/gitlens.js:1:763787
	at Array.forEach (<anonymous>)
	at Object.dispose (/home/tphilly/.vscode-server/extensions/eamodio.gitlens-14.4.0/dist/gitlens.js:1:763772)
	at o (/home/tphilly/.vscode-server/bin/f1b07bd25dfad64b0167beb15359ae573aecd2cc/out/vs/workbench/api/node/extensionHostProcess.js:30:754)
	at s.cb (/home/tphilly/.vscode-server/bin/f1b07bd25dfad64b0167beb15359ae573aecd2cc/out/vs/workbench/api/node/extensionHostProcess.js:137:9846)
	at /home/tphilly/.vscode-server/bin/f1b07bd25dfad64b0167beb15359ae573aecd2cc/out/vs/workbench/api/node/extensionHostProcess.js:137:7796
	at Array.map (<anonymous>)
	at s.Y (/home/tphilly/.vscode-server/bin/f1b07bd25dfad64b0167beb15359ae573aecd2cc/out/vs/workbench/api/node/extensionHostProcess.js:137:7784)
	at s.terminate (/home/tphilly/.vscode-server/bin/f1b07bd25dfad64b0167beb15359ae573aecd2cc/out/vs/workbench/api/node/extensionHostProcess.js:137:8054)
	at o.terminate (/home/tphilly/.vscode-server/bin/f1b07bd25dfad64b0167beb15359ae573aecd2cc/out/vs/workbench/api/node/extensionHostProcess.js:141:1513)
	at l (/home/tphilly/.vscode-server/bin/f1b07bd25dfad64b0167beb15359ae573aecd2cc/out/vs/workbench/api/node/extensionHostProcess.js:154:9801)
	at s.value (/home/tphilly/.vscode-server/bin/f1b07bd25dfad64b0167beb15359ae573aecd2cc/out/vs/workbench/api/node/extensionHostProcess.js:154:7848)
	at c.z (/home/tphilly/.vscode-server/bin/f1b07bd25dfad64b0167beb15359ae573aecd2cc/out/vs/workbench/api/node/extensionHostProcess.js:80:1902)
	at c.fire (/home/tphilly/.vscode-server/bin/f1b07bd25dfad64b0167beb15359ae573aecd2cc/out/vs/workbench/api/node/extensionHostProcess.js:80:2119)
	at g.fire (/home/tphilly/.vscode-server/bin/f1b07bd25dfad64b0167beb15359ae573aecd2cc/out/vs/workbench/api/node/extensionHostProcess.js:96:14010)
	at r.z (/home/tphilly/.vscode-server/bin/f1b07bd25dfad64b0167beb15359ae573aecd2cc/out/vs/workbench/api/node/extensionHostProcess.js:96:17075)
	at s.value (/home/tphilly/.vscode-server/bin/f1b07bd25dfad64b0167beb15359ae573aecd2cc/out/vs/workbench/api/node/extensionHostProcess.js:96:15527)
	at c.z (/home/tphilly/.vscode-server/bin/f1b07bd25dfad64b0167beb15359ae573aecd2cc/out/vs/workbench/api/node/extensionHostProcess.js:80:1902)
	at c.fire (/home/tphilly/.vscode-server/bin/f1b07bd25dfad64b0167beb15359ae573aecd2cc/out/vs/workbench/api/node/extensionHostProcess.js:80:2119)
	at s.acceptChunk (/home/tphilly/.vscode-server/bin/f1b07bd25dfad64b0167beb15359ae573aecd2cc/out/vs/workbench/api/node/extensionHostProcess.js:96:11784)
	at s.value (/home/tphilly/.vscode-server/bin/f1b07bd25dfad64b0167beb15359ae573aecd2cc/out/vs/workbench/api/node/extensionHostProcess.js:96:11071)
	at c.z (/home/tphilly/.vscode-server/bin/f1b07bd25dfad64b0167beb15359ae573aecd2cc/out/vs/workbench/api/node/extensionHostProcess.js:80:1902)
	at c.fire (/home/tphilly/.vscode-server/bin/f1b07bd25dfad64b0167beb15359ae573aecd2cc/out/vs/workbench/api/node/extensionHostProcess.js:80:2119)
	at c.z (/home/tphilly/.vscode-server/bin/f1b07bd25dfad64b0167beb15359ae573aecd2cc/out/vs/workbench/api/node/extensionHostProcess.js:151:19173)
	at c.acceptFrame (/home/tphilly/.vscode-server/bin/f1b07bd25dfad64b0167beb15359ae573aecd2cc/out/vs/workbench/api/node/extensionHostProcess.js:151:18979)
	at a.n (/home/tphilly/.vscode-server/bin/f1b07bd25dfad64b0167beb15359ae573aecd2cc/out/vs/workbench/api/node/extensionHostProcess.js:151:17612)
	at /home/tphilly/.vscode-server/bin/f1b07bd25dfad64b0167beb15359ae573aecd2cc/out/vs/workbench/api/node/extensionHostProcess.js:151:14959
	at Socket.f (/home/tphilly/.vscode-server/bin/f1b07bd25dfad64b0167beb15359ae573aecd2cc/out/vs/workbench/api/node/extensionHostProcess.js:151:12873)
	at Socket.emit (node:events:513:28)
	at addChunk (node:internal/streams/readable:324:12)
	at readableAddChunk (node:internal/streams/readable:297:9)
	at Readable.push (node:internal/streams/readable:234:10)
	at TCP.onStreamRead (node:internal/stream_base_commons:190:23) setContext undefined
2023-10-24 21:42:57.866 [error] Canceled: Canceled
	at new m (/home/tphilly/.vscode-server/bin/f1b07bd25dfad64b0167beb15359ae573aecd2cc/out/vs/workbench/api/node/extensionHostProcess.js:126:57216)
	at i.U (/home/tphilly/.vscode-server/bin/f1b07bd25dfad64b0167beb15359ae573aecd2cc/out/vs/workbench/api/node/extensionHostProcess.js:135:10864)
	at M.<computed>.j.charCodeAt.M.<computed> (/home/tphilly/.vscode-server/bin/f1b07bd25dfad64b0167beb15359ae573aecd2cc/out/vs/workbench/api/node/extensionHostProcess.js:135:8315)
	at n.g (/home/tphilly/.vscode-server/bin/f1b07bd25dfad64b0167beb15359ae573aecd2cc/out/vs/workbench/api/node/extensionHostProcess.js:126:83747)
	at n.executeCommand (/home/tphilly/.vscode-server/bin/f1b07bd25dfad64b0167beb15359ae573aecd2cc/out/vs/workbench/api/node/extensionHostProcess.js:126:83185)
	at b.registerCommand.description (/home/tphilly/.vscode-server/bin/f1b07bd25dfad64b0167beb15359ae573aecd2cc/out/vs/workbench/api/node/extensionHostProcess.js:126:82506)
	at n.h (/home/tphilly/.vscode-server/bin/f1b07bd25dfad64b0167beb15359ae573aecd2cc/out/vs/workbench/api/node/extensionHostProcess.js:126:84283)
	at n.g (/home/tphilly/.vscode-server/bin/f1b07bd25dfad64b0167beb15359ae573aecd2cc/out/vs/workbench/api/node/extensionHostProcess.js:126:83278)
	at n.executeCommand (/home/tphilly/.vscode-server/bin/f1b07bd25dfad64b0167beb15359ae573aecd2cc/out/vs/workbench/api/node/extensionHostProcess.js:126:83185)
	at Object.executeCommand (/home/tphilly/.vscode-server/bin/f1b07bd25dfad64b0167beb15359ae573aecd2cc/out/vs/workbench/api/node/extensionHostProcess.js:141:21282)
	at w (/home/tphilly/.vscode-server/extensions/eamodio.gitlens-14.4.0/dist/gitlens.js:1:1065272)
	at l (/home/tphilly/.vscode-server/extensions/eamodio.gitlens-14.4.0/dist/gitlens.js:1:1069900)
	at ActionRunners._updateContextKeys (/home/tphilly/.vscode-server/extensions/eamodio.gitlens-14.4.0/dist/gitlens.js:1:38822)
	at s (/home/tphilly/.vscode-server/extensions/eamodio.gitlens-14.4.0/dist/gitlens.js:1:37241)
	at RegisteredActionRunner.unregister (/home/tphilly/.vscode-server/extensions/eamodio.gitlens-14.4.0/dist/gitlens.js:1:37385)
	at RegisteredActionRunner.dispose (/home/tphilly/.vscode-server/extensions/eamodio.gitlens-14.4.0/dist/gitlens.js:1:36048)
	at Object.dispose (/home/tphilly/.vscode-server/extensions/eamodio.gitlens-14.4.0/dist/gitlens.js:1:37482)
	at o (/home/tphilly/.vscode-server/bin/f1b07bd25dfad64b0167beb15359ae573aecd2cc/out/vs/workbench/api/node/extensionHostProcess.js:30:754)
	at s.cb (/home/tphilly/.vscode-server/bin/f1b07bd25dfad64b0167beb15359ae573aecd2cc/out/vs/workbench/api/node/extensionHostProcess.js:137:9846)
	at /home/tphilly/.vscode-server/bin/f1b07bd25dfad64b0167beb15359ae573aecd2cc/out/vs/workbench/api/node/extensionHostProcess.js:137:7796
	at Array.map (<anonymous>)
	at s.Y (/home/tphilly/.vscode-server/bin/f1b07bd25dfad64b0167beb15359ae573aecd2cc/out/vs/workbench/api/node/extensionHostProcess.js:137:7784)
	at s.terminate (/home/tphilly/.vscode-server/bin/f1b07bd25dfad64b0167beb15359ae573aecd2cc/out/vs/workbench/api/node/extensionHostProcess.js:137:8054)
	at o.terminate (/home/tphilly/.vscode-server/bin/f1b07bd25dfad64b0167beb15359ae573aecd2cc/out/vs/workbench/api/node/extensionHostProcess.js:141:1513)
	at l (/home/tphilly/.vscode-server/bin/f1b07bd25dfad64b0167beb15359ae573aecd2cc/out/vs/workbench/api/node/extensionHostProcess.js:154:9801)
	at s.value (/home/tphilly/.vscode-server/bin/f1b07bd25dfad64b0167beb15359ae573aecd2cc/out/vs/workbench/api/node/extensionHostProcess.js:154:7848)
	at c.z (/home/tphilly/.vscode-server/bin/f1b07bd25dfad64b0167beb15359ae573aecd2cc/out/vs/workbench/api/node/extensionHostProcess.js:80:1902)
	at c.fire (/home/tphilly/.vscode-server/bin/f1b07bd25dfad64b0167beb15359ae573aecd2cc/out/vs/workbench/api/node/extensionHostProcess.js:80:2119)
	at g.fire (/home/tphilly/.vscode-server/bin/f1b07bd25dfad64b0167beb15359ae573aecd2cc/out/vs/workbench/api/node/extensionHostProcess.js:96:14010)
	at r.z (/home/tphilly/.vscode-server/bin/f1b07bd25dfad64b0167beb15359ae573aecd2cc/out/vs/workbench/api/node/extensionHostProcess.js:96:17075)
	at s.value (/home/tphilly/.vscode-server/bin/f1b07bd25dfad64b0167beb15359ae573aecd2cc/out/vs/workbench/api/node/extensionHostProcess.js:96:15527)
	at c.z (/home/tphilly/.vscode-server/bin/f1b07bd25dfad64b0167beb15359ae573aecd2cc/out/vs/workbench/api/node/extensionHostProcess.js:80:1902)
	at c.fire (/home/tphilly/.vscode-server/bin/f1b07bd25dfad64b0167beb15359ae573aecd2cc/out/vs/workbench/api/node/extensionHostProcess.js:80:2119)
	at s.acceptChunk (/home/tphilly/.vscode-server/bin/f1b07bd25dfad64b0167beb15359ae573aecd2cc/out/vs/workbench/api/node/extensionHostProcess.js:96:11784)
	at s.value (/home/tphilly/.vscode-server/bin/f1b07bd25dfad64b0167beb15359ae573aecd2cc/out/vs/workbench/api/node/extensionHostProcess.js:96:11071)
	at c.z (/home/tphilly/.vscode-server/bin/f1b07bd25dfad64b0167beb15359ae573aecd2cc/out/vs/workbench/api/node/extensionHostProcess.js:80:1902)
	at c.fire (/home/tphilly/.vscode-server/bin/f1b07bd25dfad64b0167beb15359ae573aecd2cc/out/vs/workbench/api/node/extensionHostProcess.js:80:2119)
	at c.z (/home/tphilly/.vscode-server/bin/f1b07bd25dfad64b0167beb15359ae573aecd2cc/out/vs/workbench/api/node/extensionHostProcess.js:151:19173)
	at c.acceptFrame (/home/tphilly/.vscode-server/bin/f1b07bd25dfad64b0167beb15359ae573aecd2cc/out/vs/workbench/api/node/extensionHostProcess.js:151:18979)
	at a.n (/home/tphilly/.vscode-server/bin/f1b07bd25dfad64b0167beb15359ae573aecd2cc/out/vs/workbench/api/node/extensionHostProcess.js:151:17612)
	at /home/tphilly/.vscode-server/bin/f1b07bd25dfad64b0167beb15359ae573aecd2cc/out/vs/workbench/api/node/extensionHostProcess.js:151:14959
	at Socket.f (/home/tphilly/.vscode-server/bin/f1b07bd25dfad64b0167beb15359ae573aecd2cc/out/vs/workbench/api/node/extensionHostProcess.js:151:12873)
	at Socket.emit (node:events:513:28)
	at addChunk (node:internal/streams/readable:324:12)
	at readableAddChunk (node:internal/streams/readable:297:9)
	at Readable.push (node:internal/streams/readable:234:10)
	at TCP.onStreamRead (node:internal/stream_base_commons:190:23) setContext undefined
2023-10-24 21:42:57.867 [error] Canceled: Canceled
	at new m (/home/tphilly/.vscode-server/bin/f1b07bd25dfad64b0167beb15359ae573aecd2cc/out/vs/workbench/api/node/extensionHostProcess.js:126:57216)
	at i.U (/home/tphilly/.vscode-server/bin/f1b07bd25dfad64b0167beb15359ae573aecd2cc/out/vs/workbench/api/node/extensionHostProcess.js:135:10864)
	at M.<computed>.j.charCodeAt.M.<computed> (/home/tphilly/.vscode-server/bin/f1b07bd25dfad64b0167beb15359ae573aecd2cc/out/vs/workbench/api/node/extensionHostProcess.js:135:8315)
	at n.g (/home/tphilly/.vscode-server/bin/f1b07bd25dfad64b0167beb15359ae573aecd2cc/out/vs/workbench/api/node/extensionHostProcess.js:126:83747)
	at n.executeCommand (/home/tphilly/.vscode-server/bin/f1b07bd25dfad64b0167beb15359ae573aecd2cc/out/vs/workbench/api/node/extensionHostProcess.js:126:83185)
	at b.registerCommand.description (/home/tphilly/.vscode-server/bin/f1b07bd25dfad64b0167beb15359ae573aecd2cc/out/vs/workbench/api/node/extensionHostProcess.js:126:82506)
	at n.h (/home/tphilly/.vscode-server/bin/f1b07bd25dfad64b0167beb15359ae573aecd2cc/out/vs/workbench/api/node/extensionHostProcess.js:126:84283)
	at n.g (/home/tphilly/.vscode-server/bin/f1b07bd25dfad64b0167beb15359ae573aecd2cc/out/vs/workbench/api/node/extensionHostProcess.js:126:83278)
	at n.executeCommand (/home/tphilly/.vscode-server/bin/f1b07bd25dfad64b0167beb15359ae573aecd2cc/out/vs/workbench/api/node/extensionHostProcess.js:126:83185)
	at Object.executeCommand (/home/tphilly/.vscode-server/bin/f1b07bd25dfad64b0167beb15359ae573aecd2cc/out/vs/workbench/api/node/extensionHostProcess.js:141:21282)
	at w (/home/tphilly/.vscode-server/extensions/eamodio.gitlens-14.4.0/dist/gitlens.js:1:1065272)
	at l (/home/tphilly/.vscode-server/extensions/eamodio.gitlens-14.4.0/dist/gitlens.js:1:1069900)
	at ActionRunners._updateContextKeys (/home/tphilly/.vscode-server/extensions/eamodio.gitlens-14.4.0/dist/gitlens.js:1:38822)
	at s (/home/tphilly/.vscode-server/extensions/eamodio.gitlens-14.4.0/dist/gitlens.js:1:37241)
	at RegisteredActionRunner.unregister (/home/tphilly/.vscode-server/extensions/eamodio.gitlens-14.4.0/dist/gitlens.js:1:37385)
	at RegisteredActionRunner.dispose (/home/tphilly/.vscode-server/extensions/eamodio.gitlens-14.4.0/dist/gitlens.js:1:36048)
	at Object.dispose (/home/tphilly/.vscode-server/extensions/eamodio.gitlens-14.4.0/dist/gitlens.js:1:37482)
	at o (/home/tphilly/.vscode-server/bin/f1b07bd25dfad64b0167beb15359ae573aecd2cc/out/vs/workbench/api/node/extensionHostProcess.js:30:754)
	at s.cb (/home/tphilly/.vscode-server/bin/f1b07bd25dfad64b0167beb15359ae573aecd2cc/out/vs/workbench/api/node/extensionHostProcess.js:137:9846)
	at /home/tphilly/.vscode-server/bin/f1b07bd25dfad64b0167beb15359ae573aecd2cc/out/vs/workbench/api/node/extensionHostProcess.js:137:7796
	at Array.map (<anonymous>)
	at s.Y (/home/tphilly/.vscode-server/bin/f1b07bd25dfad64b0167beb15359ae573aecd2cc/out/vs/workbench/api/node/extensionHostProcess.js:137:7784)
	at s.terminate (/home/tphilly/.vscode-server/bin/f1b07bd25dfad64b0167beb15359ae573aecd2cc/out/vs/workbench/api/node/extensionHostProcess.js:137:8054)
	at o.terminate (/home/tphilly/.vscode-server/bin/f1b07bd25dfad64b0167beb15359ae573aecd2cc/out/vs/workbench/api/node/extensionHostProcess.js:141:1513)
	at l (/home/tphilly/.vscode-server/bin/f1b07bd25dfad64b0167beb15359ae573aecd2cc/out/vs/workbench/api/node/extensionHostProcess.js:154:9801)
	at s.value (/home/tphilly/.vscode-server/bin/f1b07bd25dfad64b0167beb15359ae573aecd2cc/out/vs/workbench/api/node/extensionHostProcess.js:154:7848)
	at c.z (/home/tphilly/.vscode-server/bin/f1b07bd25dfad64b0167beb15359ae573aecd2cc/out/vs/workbench/api/node/extensionHostProcess.js:80:1902)
	at c.fire (/home/tphilly/.vscode-server/bin/f1b07bd25dfad64b0167beb15359ae573aecd2cc/out/vs/workbench/api/node/extensionHostProcess.js:80:2119)
	at g.fire (/home/tphilly/.vscode-server/bin/f1b07bd25dfad64b0167beb15359ae573aecd2cc/out/vs/workbench/api/node/extensionHostProcess.js:96:14010)
	at r.z (/home/tphilly/.vscode-server/bin/f1b07bd25dfad64b0167beb15359ae573aecd2cc/out/vs/workbench/api/node/extensionHostProcess.js:96:17075)
	at s.value (/home/tphilly/.vscode-server/bin/f1b07bd25dfad64b0167beb15359ae573aecd2cc/out/vs/workbench/api/node/extensionHostProcess.js:96:15527)
	at c.z (/home/tphilly/.vscode-server/bin/f1b07bd25dfad64b0167beb15359ae573aecd2cc/out/vs/workbench/api/node/extensionHostProcess.js:80:1902)
	at c.fire (/home/tphilly/.vscode-server/bin/f1b07bd25dfad64b0167beb15359ae573aecd2cc/out/vs/workbench/api/node/extensionHostProcess.js:80:2119)
	at s.acceptChunk (/home/tphilly/.vscode-server/bin/f1b07bd25dfad64b0167beb15359ae573aecd2cc/out/vs/workbench/api/node/extensionHostProcess.js:96:11784)
	at s.value (/home/tphilly/.vscode-server/bin/f1b07bd25dfad64b0167beb15359ae573aecd2cc/out/vs/workbench/api/node/extensionHostProcess.js:96:11071)
	at c.z (/home/tphilly/.vscode-server/bin/f1b07bd25dfad64b0167beb15359ae573aecd2cc/out/vs/workbench/api/node/extensionHostProcess.js:80:1902)
	at c.fire (/home/tphilly/.vscode-server/bin/f1b07bd25dfad64b0167beb15359ae573aecd2cc/out/vs/workbench/api/node/extensionHostProcess.js:80:2119)
	at c.z (/home/tphilly/.vscode-server/bin/f1b07bd25dfad64b0167beb15359ae573aecd2cc/out/vs/workbench/api/node/extensionHostProcess.js:151:19173)
	at c.acceptFrame (/home/tphilly/.vscode-server/bin/f1b07bd25dfad64b0167beb15359ae573aecd2cc/out/vs/workbench/api/node/extensionHostProcess.js:151:18979)
	at a.n (/home/tphilly/.vscode-server/bin/f1b07bd25dfad64b0167beb15359ae573aecd2cc/out/vs/workbench/api/node/extensionHostProcess.js:151:17612)
	at /home/tphilly/.vscode-server/bin/f1b07bd25dfad64b0167beb15359ae573aecd2cc/out/vs/workbench/api/node/extensionHostProcess.js:151:14959
	at Socket.f (/home/tphilly/.vscode-server/bin/f1b07bd25dfad64b0167beb15359ae573aecd2cc/out/vs/workbench/api/node/extensionHostProcess.js:151:12873)
	at Socket.emit (node:events:513:28)
	at addChunk (node:internal/streams/readable:324:12)
	at readableAddChunk (node:internal/streams/readable:297:9)
	at Readable.push (node:internal/streams/readable:234:10)
	at TCP.onStreamRead (node:internal/stream_base_commons:190:23) setContext undefined
2023-10-24 21:42:57.867 [error] Canceled: Canceled
	at new m (/home/tphilly/.vscode-server/bin/f1b07bd25dfad64b0167beb15359ae573aecd2cc/out/vs/workbench/api/node/extensionHostProcess.js:126:57216)
	at i.U (/home/tphilly/.vscode-server/bin/f1b07bd25dfad64b0167beb15359ae573aecd2cc/out/vs/workbench/api/node/extensionHostProcess.js:135:10864)
	at M.<computed>.j.charCodeAt.M.<computed> (/home/tphilly/.vscode-server/bin/f1b07bd25dfad64b0167beb15359ae573aecd2cc/out/vs/workbench/api/node/extensionHostProcess.js:135:8315)
	at n.g (/home/tphilly/.vscode-server/bin/f1b07bd25dfad64b0167beb15359ae573aecd2cc/out/vs/workbench/api/node/extensionHostProcess.js:126:83747)
	at n.executeCommand (/home/tphilly/.vscode-server/bin/f1b07bd25dfad64b0167beb15359ae573aecd2cc/out/vs/workbench/api/node/extensionHostProcess.js:126:83185)
	at b.registerCommand.description (/home/tphilly/.vscode-server/bin/f1b07bd25dfad64b0167beb15359ae573aecd2cc/out/vs/workbench/api/node/extensionHostProcess.js:126:82506)
	at n.h (/home/tphilly/.vscode-server/bin/f1b07bd25dfad64b0167beb15359ae573aecd2cc/out/vs/workbench/api/node/extensionHostProcess.js:126:84283)
	at n.g (/home/tphilly/.vscode-server/bin/f1b07bd25dfad64b0167beb15359ae573aecd2cc/out/vs/workbench/api/node/extensionHostProcess.js:126:83278)
	at n.executeCommand (/home/tphilly/.vscode-server/bin/f1b07bd25dfad64b0167beb15359ae573aecd2cc/out/vs/workbench/api/node/extensionHostProcess.js:126:83185)
	at Object.executeCommand (/home/tphilly/.vscode-server/bin/f1b07bd25dfad64b0167beb15359ae573aecd2cc/out/vs/workbench/api/node/extensionHostProcess.js:141:21282)
	at w (/home/tphilly/.vscode-server/extensions/eamodio.gitlens-14.4.0/dist/gitlens.js:1:1065272)
	at l (/home/tphilly/.vscode-server/extensions/eamodio.gitlens-14.4.0/dist/gitlens.js:1:1069900)
	at ActionRunners._updateContextKeys (/home/tphilly/.vscode-server/extensions/eamodio.gitlens-14.4.0/dist/gitlens.js:1:38822)
	at s (/home/tphilly/.vscode-server/extensions/eamodio.gitlens-14.4.0/dist/gitlens.js:1:37241)
	at RegisteredActionRunner.unregister (/home/tphilly/.vscode-server/extensions/eamodio.gitlens-14.4.0/dist/gitlens.js:1:37385)
	at RegisteredActionRunner.dispose (/home/tphilly/.vscode-server/extensions/eamodio.gitlens-14.4.0/dist/gitlens.js:1:36048)
	at Object.dispose (/home/tphilly/.vscode-server/extensions/eamodio.gitlens-14.4.0/dist/gitlens.js:1:37482)
	at o (/home/tphilly/.vscode-server/bin/f1b07bd25dfad64b0167beb15359ae573aecd2cc/out/vs/workbench/api/node/extensionHostProcess.js:30:754)
	at s.cb (/home/tphilly/.vscode-server/bin/f1b07bd25dfad64b0167beb15359ae573aecd2cc/out/vs/workbench/api/node/extensionHostProcess.js:137:9846)
	at /home/tphilly/.vscode-server/bin/f1b07bd25dfad64b0167beb15359ae573aecd2cc/out/vs/workbench/api/node/extensionHostProcess.js:137:7796
	at Array.map (<anonymous>)
	at s.Y (/home/tphilly/.vscode-server/bin/f1b07bd25dfad64b0167beb15359ae573aecd2cc/out/vs/workbench/api/node/extensionHostProcess.js:137:7784)
	at s.terminate (/home/tphilly/.vscode-server/bin/f1b07bd25dfad64b0167beb15359ae573aecd2cc/out/vs/workbench/api/node/extensionHostProcess.js:137:8054)
	at o.terminate (/home/tphilly/.vscode-server/bin/f1b07bd25dfad64b0167beb15359ae573aecd2cc/out/vs/workbench/api/node/extensionHostProcess.js:141:1513)
	at l (/home/tphilly/.vscode-server/bin/f1b07bd25dfad64b0167beb15359ae573aecd2cc/out/vs/workbench/api/node/extensionHostProcess.js:154:9801)
	at s.value (/home/tphilly/.vscode-server/bin/f1b07bd25dfad64b0167beb15359ae573aecd2cc/out/vs/workbench/api/node/extensionHostProcess.js:154:7848)
	at c.z (/home/tphilly/.vscode-server/bin/f1b07bd25dfad64b0167beb15359ae573aecd2cc/out/vs/workbench/api/node/extensionHostProcess.js:80:1902)
	at c.fire (/home/tphilly/.vscode-server/bin/f1b07bd25dfad64b0167beb15359ae573aecd2cc/out/vs/workbench/api/node/extensionHostProcess.js:80:2119)
	at g.fire (/home/tphilly/.vscode-server/bin/f1b07bd25dfad64b0167beb15359ae573aecd2cc/out/vs/workbench/api/node/extensionHostProcess.js:96:14010)
	at r.z (/home/tphilly/.vscode-server/bin/f1b07bd25dfad64b0167beb15359ae573aecd2cc/out/vs/workbench/api/node/extensionHostProcess.js:96:17075)
	at s.value (/home/tphilly/.vscode-server/bin/f1b07bd25dfad64b0167beb15359ae573aecd2cc/out/vs/workbench/api/node/extensionHostProcess.js:96:15527)
	at c.z (/home/tphilly/.vscode-server/bin/f1b07bd25dfad64b0167beb15359ae573aecd2cc/out/vs/workbench/api/node/extensionHostProcess.js:80:1902)
	at c.fire (/home/tphilly/.vscode-server/bin/f1b07bd25dfad64b0167beb15359ae573aecd2cc/out/vs/workbench/api/node/extensionHostProcess.js:80:2119)
	at s.acceptChunk (/home/tphilly/.vscode-server/bin/f1b07bd25dfad64b0167beb15359ae573aecd2cc/out/vs/workbench/api/node/extensionHostProcess.js:96:11784)
	at s.value (/home/tphilly/.vscode-server/bin/f1b07bd25dfad64b0167beb15359ae573aecd2cc/out/vs/workbench/api/node/extensionHostProcess.js:96:11071)
	at c.z (/home/tphilly/.vscode-server/bin/f1b07bd25dfad64b0167beb15359ae573aecd2cc/out/vs/workbench/api/node/extensionHostProcess.js:80:1902)
	at c.fire (/home/tphilly/.vscode-server/bin/f1b07bd25dfad64b0167beb15359ae573aecd2cc/out/vs/workbench/api/node/extensionHostProcess.js:80:2119)
	at c.z (/home/tphilly/.vscode-server/bin/f1b07bd25dfad64b0167beb15359ae573aecd2cc/out/vs/workbench/api/node/extensionHostProcess.js:151:19173)
	at c.acceptFrame (/home/tphilly/.vscode-server/bin/f1b07bd25dfad64b0167beb15359ae573aecd2cc/out/vs/workbench/api/node/extensionHostProcess.js:151:18979)
	at a.n (/home/tphilly/.vscode-server/bin/f1b07bd25dfad64b0167beb15359ae573aecd2cc/out/vs/workbench/api/node/extensionHostProcess.js:151:17612)
	at /home/tphilly/.vscode-server/bin/f1b07bd25dfad64b0167beb15359ae573aecd2cc/out/vs/workbench/api/node/extensionHostProcess.js:151:14959
	at Socket.f (/home/tphilly/.vscode-server/bin/f1b07bd25dfad64b0167beb15359ae573aecd2cc/out/vs/workbench/api/node/extensionHostProcess.js:151:12873)
	at Socket.emit (node:events:513:28)
	at addChunk (node:internal/streams/readable:324:12)
	at readableAddChunk (node:internal/streams/readable:297:9)
	at Readable.push (node:internal/streams/readable:234:10)
	at TCP.onStreamRead (node:internal/stream_base_commons:190:23) setContext undefined
2023-10-24 21:42:57.868 [error] Canceled: Canceled
	at new m (/home/tphilly/.vscode-server/bin/f1b07bd25dfad64b0167beb15359ae573aecd2cc/out/vs/workbench/api/node/extensionHostProcess.js:126:57216)
	at i.U (/home/tphilly/.vscode-server/bin/f1b07bd25dfad64b0167beb15359ae573aecd2cc/out/vs/workbench/api/node/extensionHostProcess.js:135:10864)
	at M.<computed>.j.charCodeAt.M.<computed> (/home/tphilly/.vscode-server/bin/f1b07bd25dfad64b0167beb15359ae573aecd2cc/out/vs/workbench/api/node/extensionHostProcess.js:135:8315)
	at n.g (/home/tphilly/.vscode-server/bin/f1b07bd25dfad64b0167beb15359ae573aecd2cc/out/vs/workbench/api/node/extensionHostProcess.js:126:83747)
	at n.executeCommand (/home/tphilly/.vscode-server/bin/f1b07bd25dfad64b0167beb15359ae573aecd2cc/out/vs/workbench/api/node/extensionHostProcess.js:126:83185)
	at b.registerCommand.description (/home/tphilly/.vscode-server/bin/f1b07bd25dfad64b0167beb15359ae573aecd2cc/out/vs/workbench/api/node/extensionHostProcess.js:126:82506)
	at n.h (/home/tphilly/.vscode-server/bin/f1b07bd25dfad64b0167beb15359ae573aecd2cc/out/vs/workbench/api/node/extensionHostProcess.js:126:84283)
	at n.g (/home/tphilly/.vscode-server/bin/f1b07bd25dfad64b0167beb15359ae573aecd2cc/out/vs/workbench/api/node/extensionHostProcess.js:126:83278)
	at n.executeCommand (/home/tphilly/.vscode-server/bin/f1b07bd25dfad64b0167beb15359ae573aecd2cc/out/vs/workbench/api/node/extensionHostProcess.js:126:83185)
	at Object.executeCommand (/home/tphilly/.vscode-server/bin/f1b07bd25dfad64b0167beb15359ae573aecd2cc/out/vs/workbench/api/node/extensionHostProcess.js:141:21282)
	at c0.reset (/home/tphilly/.vscode-server/extensions/github.vscode-pull-request-github-0.74.1/dist/extension.js:1805:3944)
	at c0.dispose (/home/tphilly/.vscode-server/extensions/github.vscode-pull-request-github-0.74.1/dist/extension.js:1805:4183)
	at o (/home/tphilly/.vscode-server/bin/f1b07bd25dfad64b0167beb15359ae573aecd2cc/out/vs/workbench/api/node/extensionHostProcess.js:30:754)
	at s.cb (/home/tphilly/.vscode-server/bin/f1b07bd25dfad64b0167beb15359ae573aecd2cc/out/vs/workbench/api/node/extensionHostProcess.js:137:9846)
	at /home/tphilly/.vscode-server/bin/f1b07bd25dfad64b0167beb15359ae573aecd2cc/out/vs/workbench/api/node/extensionHostProcess.js:137:7796
	at Array.map (<anonymous>)
	at s.Y (/home/tphilly/.vscode-server/bin/f1b07bd25dfad64b0167beb15359ae573aecd2cc/out/vs/workbench/api/node/extensionHostProcess.js:137:7784)
	at s.terminate (/home/tphilly/.vscode-server/bin/f1b07bd25dfad64b0167beb15359ae573aecd2cc/out/vs/workbench/api/node/extensionHostProcess.js:137:8054)
	at o.terminate (/home/tphilly/.vscode-server/bin/f1b07bd25dfad64b0167beb15359ae573aecd2cc/out/vs/workbench/api/node/extensionHostProcess.js:141:1513)
	at l (/home/tphilly/.vscode-server/bin/f1b07bd25dfad64b0167beb15359ae573aecd2cc/out/vs/workbench/api/node/extensionHostProcess.js:154:9801)
	at s.value (/home/tphilly/.vscode-server/bin/f1b07bd25dfad64b0167beb15359ae573aecd2cc/out/vs/workbench/api/node/extensionHostProcess.js:154:7848)
	at c.z (/home/tphilly/.vscode-server/bin/f1b07bd25dfad64b0167beb15359ae573aecd2cc/out/vs/workbench/api/node/extensionHostProcess.js:80:1902)
	at c.fire (/home/tphilly/.vscode-server/bin/f1b07bd25dfad64b0167beb15359ae573aecd2cc/out/vs/workbench/api/node/extensionHostProcess.js:80:2119)
	at g.fire (/home/tphilly/.vscode-server/bin/f1b07bd25dfad64b0167beb15359ae573aecd2cc/out/vs/workbench/api/node/extensionHostProcess.js:96:14010)
	at r.z (/home/tphilly/.vscode-server/bin/f1b07bd25dfad64b0167beb15359ae573aecd2cc/out/vs/workbench/api/node/extensionHostProcess.js:96:17075)
	at s.value (/home/tphilly/.vscode-server/bin/f1b07bd25dfad64b0167beb15359ae573aecd2cc/out/vs/workbench/api/node/extensionHostProcess.js:96:15527)
	at c.z (/home/tphilly/.vscode-server/bin/f1b07bd25dfad64b0167beb15359ae573aecd2cc/out/vs/workbench/api/node/extensionHostProcess.js:80:1902)
	at c.fire (/home/tphilly/.vscode-server/bin/f1b07bd25dfad64b0167beb15359ae573aecd2cc/out/vs/workbench/api/node/extensionHostProcess.js:80:2119)
	at s.acceptChunk (/home/tphilly/.vscode-server/bin/f1b07bd25dfad64b0167beb15359ae573aecd2cc/out/vs/workbench/api/node/extensionHostProcess.js:96:11784)
	at s.value (/home/tphilly/.vscode-server/bin/f1b07bd25dfad64b0167beb15359ae573aecd2cc/out/vs/workbench/api/node/extensionHostProcess.js:96:11071)
	at c.z (/home/tphilly/.vscode-server/bin/f1b07bd25dfad64b0167beb15359ae573aecd2cc/out/vs/workbench/api/node/extensionHostProcess.js:80:1902)
	at c.fire (/home/tphilly/.vscode-server/bin/f1b07bd25dfad64b0167beb15359ae573aecd2cc/out/vs/workbench/api/node/extensionHostProcess.js:80:2119)
	at c.z (/home/tphilly/.vscode-server/bin/f1b07bd25dfad64b0167beb15359ae573aecd2cc/out/vs/workbench/api/node/extensionHostProcess.js:151:19173)
	at c.acceptFrame (/home/tphilly/.vscode-server/bin/f1b07bd25dfad64b0167beb15359ae573aecd2cc/out/vs/workbench/api/node/extensionHostProcess.js:151:18979)
	at a.n (/home/tphilly/.vscode-server/bin/f1b07bd25dfad64b0167beb15359ae573aecd2cc/out/vs/workbench/api/node/extensionHostProcess.js:151:17612)
	at /home/tphilly/.vscode-server/bin/f1b07bd25dfad64b0167beb15359ae573aecd2cc/out/vs/workbench/api/node/extensionHostProcess.js:151:14959
	at Socket.f (/home/tphilly/.vscode-server/bin/f1b07bd25dfad64b0167beb15359ae573aecd2cc/out/vs/workbench/api/node/extensionHostProcess.js:151:12873)
	at Socket.emit (node:events:513:28)
	at addChunk (node:internal/streams/readable:324:12)
	at readableAddChunk (node:internal/streams/readable:297:9)
	at Readable.push (node:internal/streams/readable:234:10)
	at TCP.onStreamRead (node:internal/stream_base_commons:190:23) setContext undefined
2023-10-24 21:42:57.868 [error] Canceled: Canceled
	at new m (/home/tphilly/.vscode-server/bin/f1b07bd25dfad64b0167beb15359ae573aecd2cc/out/vs/workbench/api/node/extensionHostProcess.js:126:57216)
	at i.U (/home/tphilly/.vscode-server/bin/f1b07bd25dfad64b0167beb15359ae573aecd2cc/out/vs/workbench/api/node/extensionHostProcess.js:135:10864)
	at M.<computed>.j.charCodeAt.M.<computed> (/home/tphilly/.vscode-server/bin/f1b07bd25dfad64b0167beb15359ae573aecd2cc/out/vs/workbench/api/node/extensionHostProcess.js:135:8315)
	at n.g (/home/tphilly/.vscode-server/bin/f1b07bd25dfad64b0167beb15359ae573aecd2cc/out/vs/workbench/api/node/extensionHostProcess.js:126:83747)
	at n.executeCommand (/home/tphilly/.vscode-server/bin/f1b07bd25dfad64b0167beb15359ae573aecd2cc/out/vs/workbench/api/node/extensionHostProcess.js:126:83185)
	at b.registerCommand.description (/home/tphilly/.vscode-server/bin/f1b07bd25dfad64b0167beb15359ae573aecd2cc/out/vs/workbench/api/node/extensionHostProcess.js:126:82506)
	at n.h (/home/tphilly/.vscode-server/bin/f1b07bd25dfad64b0167beb15359ae573aecd2cc/out/vs/workbench/api/node/extensionHostProcess.js:126:84283)
	at n.g (/home/tphilly/.vscode-server/bin/f1b07bd25dfad64b0167beb15359ae573aecd2cc/out/vs/workbench/api/node/extensionHostProcess.js:126:83278)
	at n.executeCommand (/home/tphilly/.vscode-server/bin/f1b07bd25dfad64b0167beb15359ae573aecd2cc/out/vs/workbench/api/node/extensionHostProcess.js:126:83185)
	at Object.executeCommand (/home/tphilly/.vscode-server/bin/f1b07bd25dfad64b0167beb15359ae573aecd2cc/out/vs/workbench/api/node/extensionHostProcess.js:141:21282)
	at w (/home/tphilly/.vscode-server/extensions/eamodio.gitlens-14.4.0/dist/gitlens.js:1:1065272)
	at l (/home/tphilly/.vscode-server/extensions/eamodio.gitlens-14.4.0/dist/gitlens.js:1:1069900)
	at ActionRunners._updateContextKeys (/home/tphilly/.vscode-server/extensions/eamodio.gitlens-14.4.0/dist/gitlens.js:1:38822)
	at s (/home/tphilly/.vscode-server/extensions/eamodio.gitlens-14.4.0/dist/gitlens.js:1:37241)
	at RegisteredActionRunner.unregister (/home/tphilly/.vscode-server/extensions/eamodio.gitlens-14.4.0/dist/gitlens.js:1:37385)
	at RegisteredActionRunner.dispose (/home/tphilly/.vscode-server/extensions/eamodio.gitlens-14.4.0/dist/gitlens.js:1:36048)
	at Object.dispose (/home/tphilly/.vscode-server/extensions/eamodio.gitlens-14.4.0/dist/gitlens.js:1:37482)
	at w.<anonymous> (/home/tphilly/.vscode-server/bin/f1b07bd25dfad64b0167beb15359ae573aecd2cc/out/vs/workbench/api/node/extensionHostProcess.js:122:3521)
	at w.dispose (/home/tphilly/.vscode-server/bin/f1b07bd25dfad64b0167beb15359ae573aecd2cc/out/vs/workbench/api/node/extensionHostProcess.js:122:3618)
	at Wv.dispose (/home/tphilly/.vscode-server/extensions/github.vscode-pull-request-github-0.74.1/dist/extension.js:1708:36023)
	at o (/home/tphilly/.vscode-server/bin/f1b07bd25dfad64b0167beb15359ae573aecd2cc/out/vs/workbench/api/node/extensionHostProcess.js:30:754)
	at s.cb (/home/tphilly/.vscode-server/bin/f1b07bd25dfad64b0167beb15359ae573aecd2cc/out/vs/workbench/api/node/extensionHostProcess.js:137:9846)
	at /home/tphilly/.vscode-server/bin/f1b07bd25dfad64b0167beb15359ae573aecd2cc/out/vs/workbench/api/node/extensionHostProcess.js:137:7796
	at Array.map (<anonymous>)
	at s.Y (/home/tphilly/.vscode-server/bin/f1b07bd25dfad64b0167beb15359ae573aecd2cc/out/vs/workbench/api/node/extensionHostProcess.js:137:7784)
	at s.terminate (/home/tphilly/.vscode-server/bin/f1b07bd25dfad64b0167beb15359ae573aecd2cc/out/vs/workbench/api/node/extensionHostProcess.js:137:8054)
	at o.terminate (/home/tphilly/.vscode-server/bin/f1b07bd25dfad64b0167beb15359ae573aecd2cc/out/vs/workbench/api/node/extensionHostProcess.js:141:1513)
	at l (/home/tphilly/.vscode-server/bin/f1b07bd25dfad64b0167beb15359ae573aecd2cc/out/vs/workbench/api/node/extensionHostProcess.js:154:9801)
	at s.value (/home/tphilly/.vscode-server/bin/f1b07bd25dfad64b0167beb15359ae573aecd2cc/out/vs/workbench/api/node/extensionHostProcess.js:154:7848)
	at c.z (/home/tphilly/.vscode-server/bin/f1b07bd25dfad64b0167beb15359ae573aecd2cc/out/vs/workbench/api/node/extensionHostProcess.js:80:1902)
	at c.fire (/home/tphilly/.vscode-server/bin/f1b07bd25dfad64b0167beb15359ae573aecd2cc/out/vs/workbench/api/node/extensionHostProcess.js:80:2119)
	at g.fire (/home/tphilly/.vscode-server/bin/f1b07bd25dfad64b0167beb15359ae573aecd2cc/out/vs/workbench/api/node/extensionHostProcess.js:96:14010)
	at r.z (/home/tphilly/.vscode-server/bin/f1b07bd25dfad64b0167beb15359ae573aecd2cc/out/vs/workbench/api/node/extensionHostProcess.js:96:17075)
	at s.value (/home/tphilly/.vscode-server/bin/f1b07bd25dfad64b0167beb15359ae573aecd2cc/out/vs/workbench/api/node/extensionHostProcess.js:96:15527)
	at c.z (/home/tphilly/.vscode-server/bin/f1b07bd25dfad64b0167beb15359ae573aecd2cc/out/vs/workbench/api/node/extensionHostProcess.js:80:1902)
	at c.fire (/home/tphilly/.vscode-server/bin/f1b07bd25dfad64b0167beb15359ae573aecd2cc/out/vs/workbench/api/node/extensionHostProcess.js:80:2119)
	at s.acceptChunk (/home/tphilly/.vscode-server/bin/f1b07bd25dfad64b0167beb15359ae573aecd2cc/out/vs/workbench/api/node/extensionHostProcess.js:96:11784)
	at s.value (/home/tphilly/.vscode-server/bin/f1b07bd25dfad64b0167beb15359ae573aecd2cc/out/vs/workbench/api/node/extensionHostProcess.js:96:11071)
	at c.z (/home/tphilly/.vscode-server/bin/f1b07bd25dfad64b0167beb15359ae573aecd2cc/out/vs/workbench/api/node/extensionHostProcess.js:80:1902)
	at c.fire (/home/tphilly/.vscode-server/bin/f1b07bd25dfad64b0167beb15359ae573aecd2cc/out/vs/workbench/api/node/extensionHostProcess.js:80:2119)
	at c.z (/home/tphilly/.vscode-server/bin/f1b07bd25dfad64b0167beb15359ae573aecd2cc/out/vs/workbench/api/node/extensionHostProcess.js:151:19173)
	at c.acceptFrame (/home/tphilly/.vscode-server/bin/f1b07bd25dfad64b0167beb15359ae573aecd2cc/out/vs/workbench/api/node/extensionHostProcess.js:151:18979)
	at a.n (/home/tphilly/.vscode-server/bin/f1b07bd25dfad64b0167beb15359ae573aecd2cc/out/vs/workbench/api/node/extensionHostProcess.js:151:17612)
	at /home/tphilly/.vscode-server/bin/f1b07bd25dfad64b0167beb15359ae573aecd2cc/out/vs/workbench/api/node/extensionHostProcess.js:151:14959
	at Socket.f (/home/tphilly/.vscode-server/bin/f1b07bd25dfad64b0167beb15359ae573aecd2cc/out/vs/workbench/api/node/extensionHostProcess.js:151:12873)
	at Socket.emit (node:events:513:28)
	at addChunk (node:internal/streams/readable:324:12)
	at readableAddChunk (node:internal/streams/readable:297:9)
	at Readable.push (node:internal/streams/readable:234:10)
	at TCP.onStreamRead (node:internal/stream_base_commons:190:23) setContext undefined
2023-10-24 21:42:57.869 [error] Canceled: Canceled
	at new m (/home/tphilly/.vscode-server/bin/f1b07bd25dfad64b0167beb15359ae573aecd2cc/out/vs/workbench/api/node/extensionHostProcess.js:126:57216)
	at i.U (/home/tphilly/.vscode-server/bin/f1b07bd25dfad64b0167beb15359ae573aecd2cc/out/vs/workbench/api/node/extensionHostProcess.js:135:10864)
	at M.<computed>.j.charCodeAt.M.<computed> (/home/tphilly/.vscode-server/bin/f1b07bd25dfad64b0167beb15359ae573aecd2cc/out/vs/workbench/api/node/extensionHostProcess.js:135:8315)
	at n.g (/home/tphilly/.vscode-server/bin/f1b07bd25dfad64b0167beb15359ae573aecd2cc/out/vs/workbench/api/node/extensionHostProcess.js:126:83747)
	at n.executeCommand (/home/tphilly/.vscode-server/bin/f1b07bd25dfad64b0167beb15359ae573aecd2cc/out/vs/workbench/api/node/extensionHostProcess.js:126:83185)
	at b.registerCommand.description (/home/tphilly/.vscode-server/bin/f1b07bd25dfad64b0167beb15359ae573aecd2cc/out/vs/workbench/api/node/extensionHostProcess.js:126:82506)
	at n.h (/home/tphilly/.vscode-server/bin/f1b07bd25dfad64b0167beb15359ae573aecd2cc/out/vs/workbench/api/node/extensionHostProcess.js:126:84283)
	at n.g (/home/tphilly/.vscode-server/bin/f1b07bd25dfad64b0167beb15359ae573aecd2cc/out/vs/workbench/api/node/extensionHostProcess.js:126:83278)
	at n.executeCommand (/home/tphilly/.vscode-server/bin/f1b07bd25dfad64b0167beb15359ae573aecd2cc/out/vs/workbench/api/node/extensionHostProcess.js:126:83185)
	at Object.executeCommand (/home/tphilly/.vscode-server/bin/f1b07bd25dfad64b0167beb15359ae573aecd2cc/out/vs/workbench/api/node/extensionHostProcess.js:141:21282)
	at s.value (/home/tphilly/.vscode-server/extensions/ms-vscode.live-server-0.4.11/out/extension.js:1:76820)
	at c.z (/home/tphilly/.vscode-server/bin/f1b07bd25dfad64b0167beb15359ae573aecd2cc/out/vs/workbench/api/node/extensionHostProcess.js:80:1902)
	at c.fire (/home/tphilly/.vscode-server/bin/f1b07bd25dfad64b0167beb15359ae573aecd2cc/out/vs/workbench/api/node/extensionHostProcess.js:80:2119)
	at f.closeServer (/home/tphilly/.vscode-server/extensions/ms-vscode.live-server-0.4.11/out/extension.js:1:86662)
	at f.dispose (/home/tphilly/.vscode-server/extensions/ms-vscode.live-server-0.4.11/out/extension.js:1:88952)
	at /home/tphilly/.vscode-server/extensions/ms-vscode.live-server-0.4.11/out/extension.js:1:71717
	at Map.forEach (<anonymous>)
	at b.closeAllServers (/home/tphilly/.vscode-server/extensions/ms-vscode.live-server-0.4.11/out/extension.js:1:71702)
	at b.dispose (/home/tphilly/.vscode-server/extensions/ms-vscode.live-server-0.4.11/out/extension.js:1:71745)
	at t.deactivate (/home/tphilly/.vscode-server/extensions/ms-vscode.live-server-0.4.11/out/extension.js:1:64717)
	at s.cb (/home/tphilly/.vscode-server/bin/f1b07bd25dfad64b0167beb15359ae573aecd2cc/out/vs/workbench/api/node/extensionHostProcess.js:137:9651)
	at /home/tphilly/.vscode-server/bin/f1b07bd25dfad64b0167beb15359ae573aecd2cc/out/vs/workbench/api/node/extensionHostProcess.js:137:7796
	at Array.map (<anonymous>)
	at s.Y (/home/tphilly/.vscode-server/bin/f1b07bd25dfad64b0167beb15359ae573aecd2cc/out/vs/workbench/api/node/extensionHostProcess.js:137:7784)
	at s.terminate (/home/tphilly/.vscode-server/bin/f1b07bd25dfad64b0167beb15359ae573aecd2cc/out/vs/workbench/api/node/extensionHostProcess.js:137:8054)
	at o.terminate (/home/tphilly/.vscode-server/bin/f1b07bd25dfad64b0167beb15359ae573aecd2cc/out/vs/workbench/api/node/extensionHostProcess.js:141:1513)
	at l (/home/tphilly/.vscode-server/bin/f1b07bd25dfad64b0167beb15359ae573aecd2cc/out/vs/workbench/api/node/extensionHostProcess.js:154:9801)
	at s.value (/home/tphilly/.vscode-server/bin/f1b07bd25dfad64b0167beb15359ae573aecd2cc/out/vs/workbench/api/node/extensionHostProcess.js:154:7848)
	at c.z (/home/tphilly/.vscode-server/bin/f1b07bd25dfad64b0167beb15359ae573aecd2cc/out/vs/workbench/api/node/extensionHostProcess.js:80:1902)
	at c.fire (/home/tphilly/.vscode-server/bin/f1b07bd25dfad64b0167beb15359ae573aecd2cc/out/vs/workbench/api/node/extensionHostProcess.js:80:2119)
	at g.fire (/home/tphilly/.vscode-server/bin/f1b07bd25dfad64b0167beb15359ae573aecd2cc/out/vs/workbench/api/node/extensionHostProcess.js:96:14010)
	at r.z (/home/tphilly/.vscode-server/bin/f1b07bd25dfad64b0167beb15359ae573aecd2cc/out/vs/workbench/api/node/extensionHostProcess.js:96:17075)
	at s.value (/home/tphilly/.vscode-server/bin/f1b07bd25dfad64b0167beb15359ae573aecd2cc/out/vs/workbench/api/node/extensionHostProcess.js:96:15527)
	at c.z (/home/tphilly/.vscode-server/bin/f1b07bd25dfad64b0167beb15359ae573aecd2cc/out/vs/workbench/api/node/extensionHostProcess.js:80:1902)
	at c.fire (/home/tphilly/.vscode-server/bin/f1b07bd25dfad64b0167beb15359ae573aecd2cc/out/vs/workbench/api/node/extensionHostProcess.js:80:2119)
	at s.acceptChunk (/home/tphilly/.vscode-server/bin/f1b07bd25dfad64b0167beb15359ae573aecd2cc/out/vs/workbench/api/node/extensionHostProcess.js:96:11784)
	at s.value (/home/tphilly/.vscode-server/bin/f1b07bd25dfad64b0167beb15359ae573aecd2cc/out/vs/workbench/api/node/extensionHostProcess.js:96:11071)
	at c.z (/home/tphilly/.vscode-server/bin/f1b07bd25dfad64b0167beb15359ae573aecd2cc/out/vs/workbench/api/node/extensionHostProcess.js:80:1902)
	at c.fire (/home/tphilly/.vscode-server/bin/f1b07bd25dfad64b0167beb15359ae573aecd2cc/out/vs/workbench/api/node/extensionHostProcess.js:80:2119)
	at c.z (/home/tphilly/.vscode-server/bin/f1b07bd25dfad64b0167beb15359ae573aecd2cc/out/vs/workbench/api/node/extensionHostProcess.js:151:19173)
	at c.acceptFrame (/home/tphilly/.vscode-server/bin/f1b07bd25dfad64b0167beb15359ae573aecd2cc/out/vs/workbench/api/node/extensionHostProcess.js:151:18979)
	at a.n (/home/tphilly/.vscode-server/bin/f1b07bd25dfad64b0167beb15359ae573aecd2cc/out/vs/workbench/api/node/extensionHostProcess.js:151:17612)
	at /home/tphilly/.vscode-server/bin/f1b07bd25dfad64b0167beb15359ae573aecd2cc/out/vs/workbench/api/node/extensionHostProcess.js:151:14959
	at Socket.f (/home/tphilly/.vscode-server/bin/f1b07bd25dfad64b0167beb15359ae573aecd2cc/out/vs/workbench/api/node/extensionHostProcess.js:151:12873)
	at Socket.emit (node:events:513:28)
	at addChunk (node:internal/streams/readable:324:12)
	at readableAddChunk (node:internal/streams/readable:297:9)
	at Readable.push (node:internal/streams/readable:234:10)
	at TCP.onStreamRead (node:internal/stream_base_commons:190:23) setContext undefined
2023-10-24 21:42:57.964 [info] Extension host with pid 36590 exiting with code 0
