2023-11-09 18:32:40.395 [info] Log level: Info
2023-11-09 18:32:40.395 [info] Validating found git in: "git"
2023-11-09 18:32:40.395 [info] Using git "2.34.1" from "git"
2023-11-09 18:32:40.395 [info] > git rev-parse --show-toplevel [10ms]
2023-11-09 18:32:40.395 [info] > git rev-parse --git-dir --git-common-dir [2ms]
2023-11-09 18:32:40.395 [info] Open repository: /home/tphilly/Coursework/block26-contact-list
2023-11-09 18:32:40.395 [info] > git rev-parse --show-toplevel [16ms]
2023-11-09 18:32:40.395 [info] > git config --get commit.template [26ms]
2023-11-09 18:32:40.395 [info] > git for-each-ref --format=%(refname)%00%(upstream:short)%00%(objectname)%00%(upstream:track)%00%(upstream:remotename)%00%(upstream:remoteref) refs/heads/main refs/remotes/main [7ms]
2023-11-09 18:32:40.395 [info] > git rev-parse --show-toplevel [23ms]
2023-11-09 18:32:40.395 [info] > git status -z -uall [18ms]
2023-11-09 18:32:40.395 [info] > git config --get commit.template [10ms]
2023-11-09 18:32:40.395 [info] > git for-each-ref --format=%(refname)%00%(upstream:short)%00%(objectname)%00%(upstream:track)%00%(upstream:remotename)%00%(upstream:remoteref) refs/heads/main refs/remotes/main [2ms]
2023-11-09 18:32:40.395 [info] > git status -z -uall [2ms]
2023-11-09 18:32:41.966 [info] > git check-ignore -v -z --stdin [166ms]
2023-11-09 18:32:43.214 [info] > git config --local branch.main.github-pr-owner-number [130ms]
2023-11-09 18:32:43.301 [info] > git config --get commit.template [7ms]
2023-11-09 18:32:43.336 [info] > git for-each-ref --format=%(refname)%00%(upstream:short)%00%(objectname)%00%(upstream:track)%00%(upstream:remotename)%00%(upstream:remoteref) refs/heads/main refs/remotes/main [2ms]
2023-11-09 18:32:43.342 [info] > git status -z -uall [1ms]
2023-11-09 18:37:27.708 [info] > git check-ignore -v -z --stdin [1ms]
2023-11-09 18:37:31.859 [info] > git config --get commit.template [8ms]
2023-11-09 18:37:31.860 [info] > git for-each-ref --format=%(refname)%00%(upstream:short)%00%(objectname)%00%(upstream:track)%00%(upstream:remotename)%00%(upstream:remoteref) refs/heads/main refs/remotes/main [2ms]
2023-11-09 18:37:31.867 [info] > git status -z -uall [1ms]
2023-11-09 18:37:42.527 [info] > git config --local branch.main.github-pr-owner-number [1ms]
2023-11-09 18:37:42.535 [info] > git config --get commit.template [1ms]
2023-11-09 18:37:42.544 [info] > git for-each-ref --format=%(refname)%00%(upstream:short)%00%(objectname)%00%(upstream:track)%00%(upstream:remotename)%00%(upstream:remoteref) refs/heads/main refs/remotes/main [1ms]
2023-11-09 18:37:42.551 [info] > git status -z -uall [1ms]
2023-11-09 18:37:53.863 [info] > git config --get commit.template [6ms]
2023-11-09 18:37:53.863 [info] > git for-each-ref --format=%(refname)%00%(upstream:short)%00%(objectname)%00%(upstream:track)%00%(upstream:remotename)%00%(upstream:remoteref) refs/heads/main refs/remotes/main [2ms]
2023-11-09 18:37:53.870 [info] > git status -z -uall [1ms]
2023-11-09 18:37:55.242 [info] > git show --textconv :src/assets/react.svg [10ms]
2023-11-09 18:37:55.243 [info] > git ls-files --stage -- /home/tphilly/Coursework/block26-contact-list/src/assets/react.svg [2ms]
2023-11-09 18:37:55.250 [info] > git cat-file -s 6c87de9bb3358469122cc991d5cf578927246184 [1ms]
2023-11-09 18:41:53.420 [info] > git show --textconv :src/components/ContactList.jsx [23ms]
2023-11-09 18:41:53.422 [info] > git ls-files --stage -- /home/tphilly/Coursework/block26-contact-list/src/components/ContactList.jsx [8ms]
2023-11-09 18:41:53.434 [info] > git cat-file -s 13bd750a4399a463d40d91e649e17773f83b5105 [1ms]
2023-11-09 18:42:42.569 [info] > git config --local branch.main.github-pr-owner-number [0ms]
2023-11-09 18:42:42.577 [info] > git config --get commit.template [1ms]
2023-11-09 18:42:42.582 [info] > git for-each-ref --format=%(refname)%00%(upstream:short)%00%(objectname)%00%(upstream:track)%00%(upstream:remotename)%00%(upstream:remoteref) refs/heads/main refs/remotes/main [1ms]
2023-11-09 18:42:42.588 [info] > git status -z -uall [1ms]
2023-11-09 18:47:42.608 [info] > git config --local branch.main.github-pr-owner-number [2ms]
2023-11-09 18:47:42.624 [info] > git config --get commit.template [3ms]
2023-11-09 18:47:42.640 [info] > git for-each-ref --format=%(refname)%00%(upstream:short)%00%(objectname)%00%(upstream:track)%00%(upstream:remotename)%00%(upstream:remoteref) refs/heads/main refs/remotes/main [1ms]
2023-11-09 18:47:42.654 [info] > git status -z -uall [1ms]
2023-11-09 18:52:42.664 [info] > git config --local branch.main.github-pr-owner-number [1ms]
2023-11-09 18:52:42.672 [info] > git config --get commit.template [1ms]
2023-11-09 18:52:42.678 [info] > git for-each-ref --format=%(refname)%00%(upstream:short)%00%(objectname)%00%(upstream:track)%00%(upstream:remotename)%00%(upstream:remoteref) refs/heads/main refs/remotes/main [1ms]
2023-11-09 18:52:42.690 [info] > git status -z -uall [1ms]
2023-11-09 18:57:42.704 [info] > git config --local branch.main.github-pr-owner-number [1ms]
2023-11-09 18:57:42.712 [info] > git config --get commit.template [1ms]
2023-11-09 18:57:42.718 [info] > git for-each-ref --format=%(refname)%00%(upstream:short)%00%(objectname)%00%(upstream:track)%00%(upstream:remotename)%00%(upstream:remoteref) refs/heads/main refs/remotes/main [1ms]
2023-11-09 18:57:42.733 [info] > git status -z -uall [1ms]
2023-11-09 19:00:55.329 [info] > git show --textconv :src/components/ContactList.jsx [9ms]
2023-11-09 19:00:55.330 [info] > git ls-files --stage -- /home/tphilly/Coursework/block26-contact-list/src/components/ContactList.jsx [1ms]
2023-11-09 19:00:55.337 [info] > git cat-file -s 13bd750a4399a463d40d91e649e17773f83b5105 [1ms]
2023-11-09 19:01:04.693 [info] > git show --textconv :src/components/ContactRow.jsx [10ms]
2023-11-09 19:01:04.694 [info] > git ls-files --stage -- /home/tphilly/Coursework/block26-contact-list/src/components/ContactRow.jsx [1ms]
2023-11-09 19:01:04.700 [info] > git cat-file -s 024bcf87a040209e52b48883ca45fb6403c8e0e1 [1ms]
2023-11-09 19:01:22.087 [info] > git config --get commit.template [1ms]
2023-11-09 19:01:22.093 [info] > git for-each-ref --format=%(refname)%00%(upstream:short)%00%(objectname)%00%(upstream:track)%00%(upstream:remotename)%00%(upstream:remoteref) refs/heads/main refs/remotes/main [1ms]
2023-11-09 19:01:22.101 [info] > git status -z -uall [2ms]
2023-11-09 19:01:27.117 [info] > git config --get commit.template [7ms]
2023-11-09 19:01:27.118 [info] > git for-each-ref --format=%(refname)%00%(upstream:short)%00%(objectname)%00%(upstream:track)%00%(upstream:remotename)%00%(upstream:remoteref) refs/heads/main refs/remotes/main [2ms]
2023-11-09 19:01:27.125 [info] > git status -z -uall [1ms]
2023-11-09 19:01:33.909 [info] > git config --get commit.template [1ms]
2023-11-09 19:01:33.919 [info] > git for-each-ref --format=%(refname)%00%(upstream:short)%00%(objectname)%00%(upstream:track)%00%(upstream:remotename)%00%(upstream:remoteref) refs/heads/main refs/remotes/main [1ms]
2023-11-09 19:01:33.928 [info] > git status -z -uall [2ms]
2023-11-09 19:01:38.940 [info] > git config --get commit.template [1ms]
2023-11-09 19:01:38.951 [info] > git for-each-ref --format=%(refname)%00%(upstream:short)%00%(objectname)%00%(upstream:track)%00%(upstream:remotename)%00%(upstream:remoteref) refs/heads/main refs/remotes/main [2ms]
2023-11-09 19:01:38.959 [info] > git status -z -uall [1ms]
2023-11-09 19:02:42.743 [info] > git config --local branch.main.github-pr-owner-number [1ms]
2023-11-09 19:02:42.755 [info] > git config --get commit.template [6ms]
2023-11-09 19:02:42.755 [info] > git for-each-ref --format=%(refname)%00%(upstream:short)%00%(objectname)%00%(upstream:track)%00%(upstream:remotename)%00%(upstream:remoteref) refs/heads/main refs/remotes/main [1ms]
2023-11-09 19:02:42.763 [info] > git status -z -uall [1ms]
2023-11-09 19:07:32.318 [info] > git show --textconv :src/components/ContactList.jsx [9ms]
2023-11-09 19:07:32.319 [info] > git ls-files --stage -- /home/tphilly/Coursework/block26-contact-list/src/components/ContactList.jsx [1ms]
2023-11-09 19:07:32.326 [info] > git cat-file -s 13bd750a4399a463d40d91e649e17773f83b5105 [1ms]
2023-11-09 19:07:42.774 [info] > git config --local branch.main.github-pr-owner-number [1ms]
2023-11-09 19:07:42.796 [info] > git config --get commit.template [15ms]
2023-11-09 19:07:42.796 [info] > git for-each-ref --format=%(refname)%00%(upstream:short)%00%(objectname)%00%(upstream:track)%00%(upstream:remotename)%00%(upstream:remoteref) refs/heads/main refs/remotes/main [2ms]
2023-11-09 19:07:42.819 [info] > git status -z -uall [1ms]
2023-11-09 19:12:42.831 [info] > git config --local branch.main.github-pr-owner-number [1ms]
2023-11-09 19:12:42.840 [info] > git config --get commit.template [1ms]
2023-11-09 19:12:42.848 [info] > git for-each-ref --format=%(refname)%00%(upstream:short)%00%(objectname)%00%(upstream:track)%00%(upstream:remotename)%00%(upstream:remoteref) refs/heads/main refs/remotes/main [1ms]
2023-11-09 19:12:42.858 [info] > git status -z -uall [1ms]
2023-11-09 19:17:42.873 [info] > git config --local branch.main.github-pr-owner-number [2ms]
2023-11-09 19:17:42.882 [info] > git config --get commit.template [1ms]
2023-11-09 19:17:42.890 [info] > git for-each-ref --format=%(refname)%00%(upstream:short)%00%(objectname)%00%(upstream:track)%00%(upstream:remotename)%00%(upstream:remoteref) refs/heads/main refs/remotes/main [1ms]
2023-11-09 19:17:42.907 [info] > git status -z -uall [1ms]
2023-11-09 19:22:42.919 [info] > git config --local branch.main.github-pr-owner-number [1ms]
2023-11-09 19:22:42.939 [info] > git config --get commit.template [11ms]
2023-11-09 19:22:42.940 [info] > git for-each-ref --format=%(refname)%00%(upstream:short)%00%(objectname)%00%(upstream:track)%00%(upstream:remotename)%00%(upstream:remoteref) refs/heads/main refs/remotes/main [2ms]
2023-11-09 19:22:42.957 [info] > git status -z -uall [1ms]
2023-11-09 19:27:42.968 [info] > git config --local branch.main.github-pr-owner-number [1ms]
2023-11-09 19:27:42.981 [info] > git config --get commit.template [5ms]
2023-11-09 19:27:42.981 [info] > git for-each-ref --format=%(refname)%00%(upstream:short)%00%(objectname)%00%(upstream:track)%00%(upstream:remotename)%00%(upstream:remoteref) refs/heads/main refs/remotes/main [2ms]
2023-11-09 19:27:42.987 [info] > git status -z -uall [1ms]
2023-11-09 19:29:01.714 [info] > git show --textconv :src/App.jsx [11ms]
2023-11-09 19:29:01.715 [info] > git ls-files --stage -- /home/tphilly/Coursework/block26-contact-list/src/App.jsx [2ms]
2023-11-09 19:29:01.723 [info] > git cat-file -s 074f6e6f7c1f3b38991f5ee37608d3ac837fd66b [1ms]
2023-11-09 19:32:42.998 [info] > git config --local branch.main.github-pr-owner-number [0ms]
2023-11-09 19:32:43.010 [info] > git config --get commit.template [5ms]
2023-11-09 19:32:43.010 [info] > git for-each-ref --format=%(refname)%00%(upstream:short)%00%(objectname)%00%(upstream:track)%00%(upstream:remotename)%00%(upstream:remoteref) refs/heads/main refs/remotes/main [1ms]
2023-11-09 19:32:43.027 [info] > git status -z -uall [1ms]
2023-11-09 19:37:43.040 [info] > git config --local branch.main.github-pr-owner-number [1ms]
2023-11-09 19:37:43.049 [info] > git config --get commit.template [0ms]
2023-11-09 19:37:43.071 [info] > git for-each-ref --format=%(refname)%00%(upstream:short)%00%(objectname)%00%(upstream:track)%00%(upstream:remotename)%00%(upstream:remoteref) refs/heads/main refs/remotes/main [1ms]
2023-11-09 19:37:43.089 [info] > git status -z -uall [1ms]
2023-11-09 19:42:43.103 [info] > git config --local branch.main.github-pr-owner-number [1ms]
2023-11-09 19:42:43.111 [info] > git config --get commit.template [1ms]
2023-11-09 19:42:43.118 [info] > git for-each-ref --format=%(refname)%00%(upstream:short)%00%(objectname)%00%(upstream:track)%00%(upstream:remotename)%00%(upstream:remoteref) refs/heads/main refs/remotes/main [1ms]
2023-11-09 19:42:43.127 [info] > git status -z -uall [1ms]
2023-11-09 19:47:43.138 [info] > git config --local branch.main.github-pr-owner-number [1ms]
2023-11-09 19:47:43.144 [info] > git config --get commit.template [1ms]
2023-11-09 19:47:43.150 [info] > git for-each-ref --format=%(refname)%00%(upstream:short)%00%(objectname)%00%(upstream:track)%00%(upstream:remotename)%00%(upstream:remoteref) refs/heads/main refs/remotes/main [1ms]
2023-11-09 19:47:43.157 [info] > git status -z -uall [2ms]
2023-11-09 19:52:43.172 [info] > git config --local branch.main.github-pr-owner-number [2ms]
2023-11-09 19:52:43.200 [info] > git config --get commit.template [9ms]
2023-11-09 19:52:43.201 [info] > git for-each-ref --format=%(refname)%00%(upstream:short)%00%(objectname)%00%(upstream:track)%00%(upstream:remotename)%00%(upstream:remoteref) refs/heads/main refs/remotes/main [1ms]
2023-11-09 19:52:43.207 [info] > git status -z -uall [1ms]
2023-11-09 19:57:43.219 [info] > git config --local branch.main.github-pr-owner-number [3ms]
2023-11-09 19:57:43.236 [info] > git config --get commit.template [7ms]
2023-11-09 19:57:43.236 [info] > git for-each-ref --format=%(refname)%00%(upstream:short)%00%(objectname)%00%(upstream:track)%00%(upstream:remotename)%00%(upstream:remoteref) refs/heads/main refs/remotes/main [2ms]
2023-11-09 19:57:43.243 [info] > git status -z -uall [2ms]
2023-11-09 20:02:43.253 [info] > git config --local branch.main.github-pr-owner-number [0ms]
2023-11-09 20:02:43.265 [info] > git config --get commit.template [6ms]
2023-11-09 20:02:43.266 [info] > git for-each-ref --format=%(refname)%00%(upstream:short)%00%(objectname)%00%(upstream:track)%00%(upstream:remotename)%00%(upstream:remoteref) refs/heads/main refs/remotes/main [1ms]
2023-11-09 20:02:43.274 [info] > git status -z -uall [2ms]
2023-11-09 20:07:43.284 [info] > git config --local branch.main.github-pr-owner-number [1ms]
2023-11-09 20:07:43.292 [info] > git config --get commit.template [1ms]
2023-11-09 20:07:43.299 [info] > git for-each-ref --format=%(refname)%00%(upstream:short)%00%(objectname)%00%(upstream:track)%00%(upstream:remotename)%00%(upstream:remoteref) refs/heads/main refs/remotes/main [1ms]
2023-11-09 20:07:43.306 [info] > git status -z -uall [2ms]
2023-11-09 20:12:43.318 [info] > git config --local branch.main.github-pr-owner-number [0ms]
2023-11-09 20:12:43.326 [info] > git config --get commit.template [1ms]
2023-11-09 20:12:43.342 [info] > git for-each-ref --format=%(refname)%00%(upstream:short)%00%(objectname)%00%(upstream:track)%00%(upstream:remotename)%00%(upstream:remoteref) refs/heads/main refs/remotes/main [2ms]
2023-11-09 20:12:43.367 [info] > git status -z -uall [2ms]
2023-11-09 20:17:43.384 [info] > git config --local branch.main.github-pr-owner-number [2ms]
2023-11-09 20:17:43.392 [info] > git config --get commit.template [1ms]
2023-11-09 20:17:43.401 [info] > git for-each-ref --format=%(refname)%00%(upstream:short)%00%(objectname)%00%(upstream:track)%00%(upstream:remotename)%00%(upstream:remoteref) refs/heads/main refs/remotes/main [1ms]
2023-11-09 20:17:43.416 [info] > git status -z -uall [1ms]
2023-11-09 20:22:43.427 [info] > git config --local branch.main.github-pr-owner-number [1ms]
2023-11-09 20:22:43.434 [info] > git config --get commit.template [1ms]
2023-11-09 20:22:43.440 [info] > git for-each-ref --format=%(refname)%00%(upstream:short)%00%(objectname)%00%(upstream:track)%00%(upstream:remotename)%00%(upstream:remoteref) refs/heads/main refs/remotes/main [1ms]
2023-11-09 20:22:43.445 [info] > git status -z -uall [1ms]
2023-11-09 20:27:43.456 [info] > git config --local branch.main.github-pr-owner-number [1ms]
2023-11-09 20:27:43.464 [info] > git config --get commit.template [0ms]
2023-11-09 20:27:43.474 [info] > git for-each-ref --format=%(refname)%00%(upstream:short)%00%(objectname)%00%(upstream:track)%00%(upstream:remotename)%00%(upstream:remoteref) refs/heads/main refs/remotes/main [2ms]
2023-11-09 20:27:43.497 [info] > git status -z -uall [1ms]
2023-11-09 20:32:43.507 [info] > git config --local branch.main.github-pr-owner-number [0ms]
2023-11-09 20:32:43.519 [info] > git config --get commit.template [6ms]
2023-11-09 20:32:43.520 [info] > git for-each-ref --format=%(refname)%00%(upstream:short)%00%(objectname)%00%(upstream:track)%00%(upstream:remotename)%00%(upstream:remoteref) refs/heads/main refs/remotes/main [2ms]
2023-11-09 20:32:43.527 [info] > git status -z -uall [1ms]
2023-11-09 20:37:43.537 [info] > git config --local branch.main.github-pr-owner-number [1ms]
2023-11-09 20:37:43.545 [info] > git config --get commit.template [0ms]
2023-11-09 20:37:43.553 [info] > git for-each-ref --format=%(refname)%00%(upstream:short)%00%(objectname)%00%(upstream:track)%00%(upstream:remotename)%00%(upstream:remoteref) refs/heads/main refs/remotes/main [1ms]
2023-11-09 20:37:43.561 [info] > git status -z -uall [2ms]
2023-11-09 20:42:43.571 [info] > git config --local branch.main.github-pr-owner-number [1ms]
2023-11-09 20:42:43.584 [info] > git config --get commit.template [6ms]
2023-11-09 20:42:43.586 [info] > git for-each-ref --format=%(refname)%00%(upstream:short)%00%(objectname)%00%(upstream:track)%00%(upstream:remotename)%00%(upstream:remoteref) refs/heads/main refs/remotes/main [3ms]
2023-11-09 20:42:43.594 [info] > git status -z -uall [2ms]
2023-11-09 20:47:43.608 [info] > git config --local branch.main.github-pr-owner-number [1ms]
2023-11-09 20:47:43.633 [info] > git config --get commit.template [19ms]
2023-11-09 20:47:43.634 [info] > git for-each-ref --format=%(refname)%00%(upstream:short)%00%(objectname)%00%(upstream:track)%00%(upstream:remotename)%00%(upstream:remoteref) refs/heads/main refs/remotes/main [1ms]
2023-11-09 20:47:43.658 [info] > git status -z -uall [1ms]
