2023-11-14 15:44:13.696 [info] Activation> Extension version: 0.76.1
2023-11-14 15:44:13.999 [info] Looking for git repository
2023-11-14 15:44:13.999 [info] Found 0 repositories during activation
2023-11-14 15:44:13.999 [info] Git repository found, initializing review manager and pr tree view.
2023-11-14 15:44:14.002 [info] Registering git provider
2023-11-14 15:44:14.002 [info] Review> Validate state in progress
2023-11-14 15:44:14.002 [info] Review> Validating state...
2023-11-14 15:44:14.017 [info] Found GitHub remote for folder /home/tphilly
2023-11-14 15:44:14.331 [info] Trying to use globalState for assignableUsers.
2023-11-14 15:44:14.466 [info] Using globalState assignableUsers for 1.
2023-11-14 15:44:15.107 [info] Repo state for file:///home/tphilly changed.
2023-11-14 15:44:15.107 [info] Repo file:///home/tphilly has already been setup.
2023-11-14 15:44:31.588 [info] Review> No matching pull request metadata found locally for current branch master
2023-11-14 15:44:32.966 [info] Review> No matching pull request metadata found on GitHub for current branch master
2023-11-14 15:55:10.943 [info] Review> Validate state in progress
2023-11-14 15:55:10.944 [info] Review> Validating state...
2023-11-14 15:55:11.893 [info] Found GitHub remote for folder /home/tphilly
2023-11-14 15:55:11.895 [info] Using in-memory cached assignable users.
2023-11-14 15:55:12.286 [info] Review> No matching pull request metadata found locally for current branch master
2023-11-14 15:55:12.704 [info] Review> No matching pull request metadata found on GitHub for current branch master
2023-11-14 16:24:48.766 [info] Review> Validate state in progress
2023-11-14 16:24:48.766 [info] Review> Validating state...
2023-11-14 16:24:48.944 [info] Found GitHub remote for folder /home/tphilly
2023-11-14 16:24:48.945 [info] Using in-memory cached assignable users.
2023-11-14 16:24:49.106 [info] Review> No matching pull request metadata found locally for current branch master
2023-11-14 16:24:49.445 [info] Review> No matching pull request metadata found on GitHub for current branch master
2023-11-14 16:39:32.667 [info] Review> Validate state in progress
2023-11-14 16:39:32.667 [info] Review> Validating state...
2023-11-14 16:39:32.834 [info] Found GitHub remote for folder /home/tphilly
2023-11-14 16:39:32.835 [info] Using in-memory cached assignable users.
2023-11-14 16:39:33.024 [info] Review> No matching pull request metadata found locally for current branch master
2023-11-14 16:39:33.380 [info] Review> No matching pull request metadata found on GitHub for current branch master
2023-11-14 16:42:12.324 [info] Review> Validate state in progress
2023-11-14 16:42:12.324 [info] Review> Validating state...
2023-11-14 16:42:12.385 [info] Found GitHub remote for folder /home/tphilly
2023-11-14 16:42:12.386 [info] Using in-memory cached assignable users.
2023-11-14 16:42:12.639 [info] Review> No matching pull request metadata found locally for current branch master
2023-11-14 16:42:12.988 [info] Review> No matching pull request metadata found on GitHub for current branch master
2023-11-14 16:45:10.120 [info] Review> Validate state in progress
2023-11-14 16:45:10.121 [info] Review> Validating state...
2023-11-14 16:45:10.290 [info] Found GitHub remote for folder /home/tphilly
2023-11-14 16:45:10.291 [info] Using in-memory cached assignable users.
2023-11-14 16:45:10.494 [info] Review> No matching pull request metadata found locally for current branch master
2023-11-14 16:45:10.814 [info] Review> No matching pull request metadata found on GitHub for current branch master
2023-11-14 16:45:43.447 [info] Review> Validate state in progress
2023-11-14 16:45:43.447 [info] Review> Validating state...
2023-11-14 16:45:43.612 [info] Found GitHub remote for folder /home/tphilly
2023-11-14 16:45:43.613 [info] Using in-memory cached assignable users.
2023-11-14 16:45:43.708 [info] Review> No matching pull request metadata found locally for current branch master
2023-11-14 16:45:44.069 [info] Review> No matching pull request metadata found on GitHub for current branch master
2023-11-14 16:46:38.707 [info] Review> Validate state in progress
2023-11-14 16:46:38.707 [info] Review> Validating state...
2023-11-14 16:46:38.889 [info] Found GitHub remote for folder /home/tphilly
2023-11-14 16:46:38.890 [info] Using in-memory cached assignable users.
2023-11-14 16:46:39.082 [info] Review> No matching pull request metadata found locally for current branch master
2023-11-14 16:46:39.407 [info] Review> No matching pull request metadata found on GitHub for current branch master
2023-11-14 16:46:39.804 [info] Review> Validate state in progress
2023-11-14 16:46:39.804 [info] Review> Validating state...
2023-11-14 16:46:39.912 [info] Found GitHub remote for folder /home/tphilly
2023-11-14 16:46:39.965 [info] Using in-memory cached assignable users.
2023-11-14 16:46:40.153 [info] Review> No matching pull request metadata found locally for current branch master
2023-11-14 16:46:40.924 [info] CreatePullRequestViewProvider> Initializing "create" view: {"defaultBaseRemote":{"owner":"TheTroyPhillips","repositoryName":"tphilly"},"defaultBaseBranch":"master","defaultCompareRemote":{"owner":"TheTroyPhillips","repositoryName":"tphilly"},"defaultCompareBranch":"master","defaultTitle":"Master","defaultDescription":"","defaultMergeMethod":"merge","remoteCount":1,"allowAutoMerge":false,"mergeMethodsAvailability":{"merge":true,"squash":true,"rebase":true},"autoMergeDefault":false,"createError":"","labels":[],"isDraftDefault":false,"isDarkTheme":true,"creating":false}
2023-11-14 16:46:41.402 [info] Review> No matching pull request metadata found on GitHub for current branch master
2023-11-14 16:47:38.032 [info] Review> Validate state in progress
2023-11-14 16:47:38.032 [info] Review> Validating state...
2023-11-14 16:47:38.210 [info] Found GitHub remote for folder /home/tphilly
2023-11-14 16:47:38.211 [info] Using in-memory cached assignable users.
2023-11-14 16:47:38.622 [info] Review> No matching pull request metadata found locally for current branch master
2023-11-14 16:47:38.951 [info] Review> No matching pull request metadata found on GitHub for current branch master
