2023-10-31 18:38:06.155 [info] Extension host with pid 286090 started
2023-10-31 18:38:06.178 [info] Lock '/home/tphilly/.vscode-server/data/User/workspaceStorage/e33833f5fdb7e43c4e5ff8de776b307f/vscode.lock': Lock acquired.
2023-10-31 18:38:06.234 [info] ExtensionService#_doActivateExtension vscode.git-base, startup: true, activationEvent: '*', root cause: vscode.git
2023-10-31 18:38:06.272 [info] ExtensionService#_doActivateExtension vscode.git, startup: true, activationEvent: '*'
2023-10-31 18:38:06.273 [info] ExtensionService#_doActivateExtension vscode.github, startup: true, activationEvent: '*'
2023-10-31 18:38:06.576 [info] Eager extensions activated
2023-10-31 18:38:06.576 [info] ExtensionService#_doActivateExtension vscode.debug-auto-launch, startup: false, activationEvent: 'onStartupFinished'
2023-10-31 18:38:06.577 [info] ExtensionService#_doActivateExtension vscode.merge-conflict, startup: false, activationEvent: 'onStartupFinished'
2023-10-31 18:38:06.577 [info] ExtensionService#_doActivateExtension dbaeumer.vscode-eslint, startup: false, activationEvent: 'onStartupFinished'
2023-10-31 18:38:06.577 [info] ExtensionService#_doActivateExtension eamodio.gitlens, startup: false, activationEvent: 'onStartupFinished'
2023-10-31 18:38:06.578 [info] ExtensionService#_doActivateExtension esbenp.prettier-vscode, startup: false, activationEvent: 'onStartupFinished'
2023-10-31 18:38:07.117 [info] ExtensionService#_doActivateExtension ms-vsliveshare.vsliveshare, startup: false, activationEvent: 'api', root cause: eamodio.gitlens
2023-10-31 18:38:07.816 [info] ExtensionService#_doActivateExtension GitHub.vscode-pull-request-github, startup: false, activationEvent: 'onStartupFinished'
2023-10-31 18:38:08.408 [warning] [Decorations] CAPPING events from decorations provider vscode.git 14792
2023-10-31 18:38:10.058 [warning] [Decorations] CAPPING events from decorations provider vscode.git 14795
2023-10-31 18:38:11.081 [info] ExtensionService#_doActivateExtension vscode.html-language-features, startup: false, activationEvent: 'onLanguage:html'
2023-10-31 18:38:11.081 [info] ExtensionService#_doActivateExtension vscode.emmet, startup: false, activationEvent: 'onLanguage'
2023-10-31 18:38:12.454 [warning] [Decorations] CAPPING events from decorations provider vscode.git 14798
2023-10-31 18:38:29.093 [info] ExtensionService#_doActivateExtension ms-vscode.live-server, startup: false, activationEvent: 'onCommand:livePreview.start.preview.atFile'
2023-10-31 18:38:30.313 [info] ExtensionService#_doActivateExtension vscode.tunnel-forwarding, startup: false, activationEvent: 'onTunnel'
2023-10-31 18:43:12.284 [warning] [Decorations] CAPPING events from decorations provider vscode.git 14801
2023-10-31 18:48:12.784 [warning] [Decorations] CAPPING events from decorations provider vscode.git 14801
2023-10-31 18:53:13.281 [warning] [Decorations] CAPPING events from decorations provider vscode.git 14801
2023-10-31 18:58:13.776 [warning] [Decorations] CAPPING events from decorations provider vscode.git 14801
2023-10-31 19:03:14.297 [warning] [Decorations] CAPPING events from decorations provider vscode.git 14801
2023-10-31 19:08:14.847 [warning] [Decorations] CAPPING events from decorations provider vscode.git 14801
2023-10-31 19:13:15.363 [warning] [Decorations] CAPPING events from decorations provider vscode.git 14801
2023-10-31 19:18:15.872 [warning] [Decorations] CAPPING events from decorations provider vscode.git 14801
2023-10-31 19:23:16.399 [warning] [Decorations] CAPPING events from decorations provider vscode.git 14801
2023-10-31 19:28:16.901 [warning] [Decorations] CAPPING events from decorations provider vscode.git 14801
2023-10-31 19:33:17.382 [warning] [Decorations] CAPPING events from decorations provider vscode.git 14801
2023-10-31 19:38:17.886 [warning] [Decorations] CAPPING events from decorations provider vscode.git 14801
2023-10-31 19:43:18.384 [warning] [Decorations] CAPPING events from decorations provider vscode.git 14801
2023-10-31 19:48:18.873 [warning] [Decorations] CAPPING events from decorations provider vscode.git 14801
2023-10-31 19:53:19.390 [warning] [Decorations] CAPPING events from decorations provider vscode.git 14801
2023-10-31 19:58:19.930 [warning] [Decorations] CAPPING events from decorations provider vscode.git 14801
2023-10-31 20:03:20.447 [warning] [Decorations] CAPPING events from decorations provider vscode.git 14801
2023-10-31 20:08:20.953 [warning] [Decorations] CAPPING events from decorations provider vscode.git 14801
2023-10-31 20:13:21.448 [warning] [Decorations] CAPPING events from decorations provider vscode.git 14801
2023-10-31 20:18:21.942 [warning] [Decorations] CAPPING events from decorations provider vscode.git 14801
2023-10-31 20:23:22.461 [warning] [Decorations] CAPPING events from decorations provider vscode.git 14801
2023-10-31 20:28:22.960 [warning] [Decorations] CAPPING events from decorations provider vscode.git 14801
2023-10-31 20:33:23.447 [warning] [Decorations] CAPPING events from decorations provider vscode.git 14801
2023-10-31 20:38:23.962 [warning] [Decorations] CAPPING events from decorations provider vscode.git 14801
2023-10-31 20:43:24.470 [warning] [Decorations] CAPPING events from decorations provider vscode.git 14801
2023-10-31 20:48:24.981 [warning] [Decorations] CAPPING events from decorations provider vscode.git 14801
2023-10-31 20:53:25.501 [warning] [Decorations] CAPPING events from decorations provider vscode.git 14801
2023-10-31 20:58:26.000 [warning] [Decorations] CAPPING events from decorations provider vscode.git 14801
2023-10-31 21:03:26.496 [warning] [Decorations] CAPPING events from decorations provider vscode.git 14801
2023-10-31 21:08:27.039 [warning] [Decorations] CAPPING events from decorations provider vscode.git 14801
2023-10-31 21:13:27.527 [warning] [Decorations] CAPPING events from decorations provider vscode.git 14801
2023-10-31 21:18:28.023 [warning] [Decorations] CAPPING events from decorations provider vscode.git 14801
2023-10-31 21:23:28.554 [warning] [Decorations] CAPPING events from decorations provider vscode.git 14801
2023-10-31 21:28:29.077 [warning] [Decorations] CAPPING events from decorations provider vscode.git 14801
2023-10-31 21:33:29.565 [warning] [Decorations] CAPPING events from decorations provider vscode.git 14801
2023-10-31 21:38:30.069 [warning] [Decorations] CAPPING events from decorations provider vscode.git 14801
2023-10-31 21:43:30.562 [warning] [Decorations] CAPPING events from decorations provider vscode.git 14801
2023-10-31 21:48:31.051 [warning] [Decorations] CAPPING events from decorations provider vscode.git 14801
2023-10-31 21:53:31.566 [warning] [Decorations] CAPPING events from decorations provider vscode.git 14801
2023-10-31 21:58:32.046 [warning] [Decorations] CAPPING events from decorations provider vscode.git 14801
2023-10-31 22:03:32.537 [warning] [Decorations] CAPPING events from decorations provider vscode.git 14801
2023-10-31 22:08:33.085 [warning] [Decorations] CAPPING events from decorations provider vscode.git 14801
2023-10-31 22:13:33.592 [warning] [Decorations] CAPPING events from decorations provider vscode.git 14801
2023-10-31 22:18:34.095 [warning] [Decorations] CAPPING events from decorations provider vscode.git 14801
2023-10-31 22:23:34.622 [warning] [Decorations] CAPPING events from decorations provider vscode.git 14801
2023-10-31 22:28:35.127 [warning] [Decorations] CAPPING events from decorations provider vscode.git 14801
2023-10-31 22:33:35.611 [warning] [Decorations] CAPPING events from decorations provider vscode.git 14801
2023-10-31 22:38:36.146 [warning] [Decorations] CAPPING events from decorations provider vscode.git 14801
2023-10-31 22:43:36.666 [warning] [Decorations] CAPPING events from decorations provider vscode.git 14801
2023-10-31 22:48:37.159 [warning] [Decorations] CAPPING events from decorations provider vscode.git 14801
2023-10-31 22:53:37.677 [warning] [Decorations] CAPPING events from decorations provider vscode.git 14801
2023-10-31 22:58:38.180 [warning] [Decorations] CAPPING events from decorations provider vscode.git 14801
2023-10-31 23:03:38.684 [warning] [Decorations] CAPPING events from decorations provider vscode.git 14801
2023-10-31 23:08:39.196 [warning] [Decorations] CAPPING events from decorations provider vscode.git 14801
2023-10-31 23:13:39.688 [warning] [Decorations] CAPPING events from decorations provider vscode.git 14801
2023-10-31 23:18:40.159 [warning] [Decorations] CAPPING events from decorations provider vscode.git 14801
2023-10-31 23:23:40.686 [warning] [Decorations] CAPPING events from decorations provider vscode.git 14801
2023-10-31 23:28:41.198 [warning] [Decorations] CAPPING events from decorations provider vscode.git 14801
2023-10-31 23:33:41.699 [warning] [Decorations] CAPPING events from decorations provider vscode.git 14801
2023-10-31 23:38:42.213 [warning] [Decorations] CAPPING events from decorations provider vscode.git 14801
2023-10-31 23:43:42.715 [warning] [Decorations] CAPPING events from decorations provider vscode.git 14801
2023-10-31 23:48:43.210 [warning] [Decorations] CAPPING events from decorations provider vscode.git 14801
2023-10-31 23:53:43.729 [warning] [Decorations] CAPPING events from decorations provider vscode.git 14801
2023-10-31 23:58:44.220 [warning] [Decorations] CAPPING events from decorations provider vscode.git 14801
2023-11-01 00:03:44.706 [warning] [Decorations] CAPPING events from decorations provider vscode.git 14801
2023-11-01 00:08:45.292 [warning] [Decorations] CAPPING events from decorations provider vscode.git 14801
2023-11-01 00:13:45.770 [warning] [Decorations] CAPPING events from decorations provider vscode.git 14801
2023-11-01 00:18:46.257 [warning] [Decorations] CAPPING events from decorations provider vscode.git 14801
2023-11-01 00:23:46.804 [warning] [Decorations] CAPPING events from decorations provider vscode.git 14801
2023-11-01 00:28:47.295 [warning] [Decorations] CAPPING events from decorations provider vscode.git 14801
2023-11-01 00:33:47.774 [warning] [Decorations] CAPPING events from decorations provider vscode.git 14801
2023-11-01 00:38:48.277 [warning] [Decorations] CAPPING events from decorations provider vscode.git 14801
2023-11-01 00:43:48.767 [warning] [Decorations] CAPPING events from decorations provider vscode.git 14801
2023-11-01 00:48:49.250 [warning] [Decorations] CAPPING events from decorations provider vscode.git 14801
2023-11-01 00:53:49.780 [warning] [Decorations] CAPPING events from decorations provider vscode.git 14801
2023-11-01 00:58:50.282 [warning] [Decorations] CAPPING events from decorations provider vscode.git 14801
2023-11-01 01:03:50.771 [warning] [Decorations] CAPPING events from decorations provider vscode.git 14801
2023-11-01 01:08:51.314 [warning] [Decorations] CAPPING events from decorations provider vscode.git 14801
2023-11-01 01:13:51.823 [warning] [Decorations] CAPPING events from decorations provider vscode.git 14801
2023-11-01 01:18:52.301 [warning] [Decorations] CAPPING events from decorations provider vscode.git 14801
2023-11-01 01:23:52.789 [warning] [Decorations] CAPPING events from decorations provider vscode.git 14801
2023-11-01 01:28:53.270 [warning] [Decorations] CAPPING events from decorations provider vscode.git 14801
2023-11-01 01:33:53.761 [warning] [Decorations] CAPPING events from decorations provider vscode.git 14801
2023-11-01 01:38:54.289 [warning] [Decorations] CAPPING events from decorations provider vscode.git 14801
2023-11-01 01:43:54.779 [warning] [Decorations] CAPPING events from decorations provider vscode.git 14801
2023-11-01 01:48:55.252 [warning] [Decorations] CAPPING events from decorations provider vscode.git 14801
2023-11-01 01:53:55.767 [warning] [Decorations] CAPPING events from decorations provider vscode.git 14801
2023-11-01 01:58:56.254 [warning] [Decorations] CAPPING events from decorations provider vscode.git 14801
2023-11-01 02:03:56.750 [warning] [Decorations] CAPPING events from decorations provider vscode.git 14801
2023-11-01 02:08:57.248 [warning] [Decorations] CAPPING events from decorations provider vscode.git 14801
2023-11-01 02:13:57.757 [warning] [Decorations] CAPPING events from decorations provider vscode.git 14801
2023-11-01 02:18:58.233 [warning] [Decorations] CAPPING events from decorations provider vscode.git 14801
2023-11-01 02:23:58.734 [warning] [Decorations] CAPPING events from decorations provider vscode.git 14801
2023-11-01 02:28:59.253 [warning] [Decorations] CAPPING events from decorations provider vscode.git 14801
2023-11-01 02:33:59.759 [warning] [Decorations] CAPPING events from decorations provider vscode.git 14801
2023-11-01 02:39:00.296 [warning] [Decorations] CAPPING events from decorations provider vscode.git 14801
2023-11-01 02:44:00.796 [warning] [Decorations] CAPPING events from decorations provider vscode.git 14801
2023-11-01 02:49:01.285 [warning] [Decorations] CAPPING events from decorations provider vscode.git 14801
2023-11-01 02:54:01.827 [warning] [Decorations] CAPPING events from decorations provider vscode.git 14801
2023-11-01 02:59:02.321 [warning] [Decorations] CAPPING events from decorations provider vscode.git 14801
2023-11-01 03:04:02.802 [warning] [Decorations] CAPPING events from decorations provider vscode.git 14801
2023-11-01 03:09:03.335 [warning] [Decorations] CAPPING events from decorations provider vscode.git 14801
2023-11-01 03:14:03.862 [warning] [Decorations] CAPPING events from decorations provider vscode.git 14801
2023-11-01 03:19:04.387 [warning] [Decorations] CAPPING events from decorations provider vscode.git 14801
2023-11-01 03:24:04.915 [warning] [Decorations] CAPPING events from decorations provider vscode.git 14801
2023-11-01 03:29:05.411 [warning] [Decorations] CAPPING events from decorations provider vscode.git 14801
2023-11-01 03:34:05.911 [warning] [Decorations] CAPPING events from decorations provider vscode.git 14801
2023-11-01 03:39:06.423 [warning] [Decorations] CAPPING events from decorations provider vscode.git 14801
2023-11-01 03:44:06.927 [warning] [Decorations] CAPPING events from decorations provider vscode.git 14801
2023-11-01 03:49:07.412 [warning] [Decorations] CAPPING events from decorations provider vscode.git 14801
2023-11-01 03:54:07.919 [warning] [Decorations] CAPPING events from decorations provider vscode.git 14801
2023-11-01 03:59:08.414 [warning] [Decorations] CAPPING events from decorations provider vscode.git 14801
2023-11-01 04:04:08.895 [warning] [Decorations] CAPPING events from decorations provider vscode.git 14801
2023-11-01 04:09:09.419 [warning] [Decorations] CAPPING events from decorations provider vscode.git 14801
2023-11-01 04:14:09.916 [warning] [Decorations] CAPPING events from decorations provider vscode.git 14801
2023-11-01 04:19:10.409 [warning] [Decorations] CAPPING events from decorations provider vscode.git 14801
2023-11-01 04:24:10.940 [warning] [Decorations] CAPPING events from decorations provider vscode.git 14801
2023-11-01 04:29:11.458 [warning] [Decorations] CAPPING events from decorations provider vscode.git 14801
2023-11-01 04:34:11.943 [warning] [Decorations] CAPPING events from decorations provider vscode.git 14801
2023-11-01 04:39:12.467 [warning] [Decorations] CAPPING events from decorations provider vscode.git 14801
2023-11-01 04:44:12.995 [warning] [Decorations] CAPPING events from decorations provider vscode.git 14801
2023-11-01 04:49:13.486 [warning] [Decorations] CAPPING events from decorations provider vscode.git 14801
2023-11-01 04:54:13.988 [warning] [Decorations] CAPPING events from decorations provider vscode.git 14801
2023-11-01 04:59:14.484 [warning] [Decorations] CAPPING events from decorations provider vscode.git 14801
2023-11-01 05:04:14.988 [warning] [Decorations] CAPPING events from decorations provider vscode.git 14801
2023-11-01 05:09:15.504 [warning] [Decorations] CAPPING events from decorations provider vscode.git 14801
2023-11-01 05:14:16.001 [warning] [Decorations] CAPPING events from decorations provider vscode.git 14801
2023-11-01 05:19:16.491 [warning] [Decorations] CAPPING events from decorations provider vscode.git 14801
2023-11-01 05:24:16.997 [warning] [Decorations] CAPPING events from decorations provider vscode.git 14801
2023-11-01 05:29:17.495 [warning] [Decorations] CAPPING events from decorations provider vscode.git 14801
2023-11-01 05:34:17.981 [warning] [Decorations] CAPPING events from decorations provider vscode.git 14801
2023-11-01 05:39:18.483 [warning] [Decorations] CAPPING events from decorations provider vscode.git 14801
2023-11-01 05:44:18.993 [warning] [Decorations] CAPPING events from decorations provider vscode.git 14801
2023-11-01 05:49:19.489 [warning] [Decorations] CAPPING events from decorations provider vscode.git 14801
2023-11-01 05:54:20.022 [warning] [Decorations] CAPPING events from decorations provider vscode.git 14801
2023-11-01 05:59:20.508 [warning] [Decorations] CAPPING events from decorations provider vscode.git 14801
2023-11-01 06:04:21.016 [warning] [Decorations] CAPPING events from decorations provider vscode.git 14801
2023-11-01 06:09:21.589 [warning] [Decorations] CAPPING events from decorations provider vscode.git 14801
2023-11-01 06:14:22.086 [warning] [Decorations] CAPPING events from decorations provider vscode.git 14801
2023-11-01 06:19:22.589 [warning] [Decorations] CAPPING events from decorations provider vscode.git 14801
2023-11-01 06:24:23.105 [warning] [Decorations] CAPPING events from decorations provider vscode.git 14801
2023-11-01 06:29:23.595 [warning] [Decorations] CAPPING events from decorations provider vscode.git 14801
2023-11-01 06:34:24.121 [warning] [Decorations] CAPPING events from decorations provider vscode.git 14801
2023-11-01 06:39:24.636 [warning] [Decorations] CAPPING events from decorations provider vscode.git 14801
2023-11-01 06:44:25.135 [warning] [Decorations] CAPPING events from decorations provider vscode.git 14801
2023-11-01 06:49:25.619 [warning] [Decorations] CAPPING events from decorations provider vscode.git 14801
2023-11-01 06:54:26.151 [warning] [Decorations] CAPPING events from decorations provider vscode.git 14801
2023-11-01 06:59:26.643 [warning] [Decorations] CAPPING events from decorations provider vscode.git 14801
2023-11-01 07:04:27.142 [warning] [Decorations] CAPPING events from decorations provider vscode.git 14801
2023-11-01 07:09:27.686 [warning] [Decorations] CAPPING events from decorations provider vscode.git 14801
2023-11-01 07:14:28.224 [warning] [Decorations] CAPPING events from decorations provider vscode.git 14801
2023-11-01 07:19:28.749 [warning] [Decorations] CAPPING events from decorations provider vscode.git 14801
2023-11-01 07:24:29.256 [warning] [Decorations] CAPPING events from decorations provider vscode.git 14801
2023-11-01 07:29:29.746 [warning] [Decorations] CAPPING events from decorations provider vscode.git 14801
2023-11-01 07:34:30.239 [warning] [Decorations] CAPPING events from decorations provider vscode.git 14801
2023-11-01 07:39:30.778 [warning] [Decorations] CAPPING events from decorations provider vscode.git 14801
2023-11-01 07:44:31.266 [warning] [Decorations] CAPPING events from decorations provider vscode.git 14801
2023-11-01 07:49:31.763 [warning] [Decorations] CAPPING events from decorations provider vscode.git 14801
2023-11-01 07:54:32.292 [warning] [Decorations] CAPPING events from decorations provider vscode.git 14801
2023-11-01 07:59:32.808 [warning] [Decorations] CAPPING events from decorations provider vscode.git 14801
2023-11-01 08:04:33.314 [warning] [Decorations] CAPPING events from decorations provider vscode.git 14801
2023-11-01 08:09:33.888 [warning] [Decorations] CAPPING events from decorations provider vscode.git 14801
2023-11-01 08:14:34.403 [warning] [Decorations] CAPPING events from decorations provider vscode.git 14801
2023-11-01 08:19:34.892 [warning] [Decorations] CAPPING events from decorations provider vscode.git 14801
2023-11-01 08:24:35.442 [warning] [Decorations] CAPPING events from decorations provider vscode.git 14801
2023-11-01 08:29:35.926 [warning] [Decorations] CAPPING events from decorations provider vscode.git 14801
2023-11-01 08:34:36.423 [warning] [Decorations] CAPPING events from decorations provider vscode.git 14801
2023-11-01 08:39:36.954 [warning] [Decorations] CAPPING events from decorations provider vscode.git 14801
2023-11-01 08:44:37.458 [warning] [Decorations] CAPPING events from decorations provider vscode.git 14801
2023-11-01 08:49:37.958 [warning] [Decorations] CAPPING events from decorations provider vscode.git 14801
2023-11-01 08:54:38.483 [warning] [Decorations] CAPPING events from decorations provider vscode.git 14801
2023-11-01 08:59:38.975 [warning] [Decorations] CAPPING events from decorations provider vscode.git 14801
2023-11-01 09:04:39.503 [warning] [Decorations] CAPPING events from decorations provider vscode.git 14801
2023-11-01 09:09:40.081 [warning] [Decorations] CAPPING events from decorations provider vscode.git 14801
2023-11-01 09:14:40.582 [warning] [Decorations] CAPPING events from decorations provider vscode.git 14801
2023-11-01 09:19:41.074 [warning] [Decorations] CAPPING events from decorations provider vscode.git 14801
2023-11-01 09:24:41.621 [warning] [Decorations] CAPPING events from decorations provider vscode.git 14801
2023-11-01 09:29:42.112 [warning] [Decorations] CAPPING events from decorations provider vscode.git 14801
2023-11-01 09:34:42.605 [warning] [Decorations] CAPPING events from decorations provider vscode.git 14801
2023-11-01 09:39:43.151 [warning] [Decorations] CAPPING events from decorations provider vscode.git 14801
2023-11-01 09:44:43.690 [warning] [Decorations] CAPPING events from decorations provider vscode.git 14801
2023-11-01 09:49:44.207 [warning] [Decorations] CAPPING events from decorations provider vscode.git 14801
2023-11-01 09:54:44.794 [warning] [Decorations] CAPPING events from decorations provider vscode.git 14801
2023-11-01 09:59:45.269 [warning] [Decorations] CAPPING events from decorations provider vscode.git 14801
2023-11-01 10:04:45.756 [warning] [Decorations] CAPPING events from decorations provider vscode.git 14801
2023-11-01 10:09:46.271 [warning] [Decorations] CAPPING events from decorations provider vscode.git 14801
2023-11-01 10:14:46.781 [warning] [Decorations] CAPPING events from decorations provider vscode.git 14801
2023-11-01 10:19:47.285 [warning] [Decorations] CAPPING events from decorations provider vscode.git 14801
2023-11-01 10:24:47.820 [warning] [Decorations] CAPPING events from decorations provider vscode.git 14801
2023-11-01 10:29:48.314 [warning] [Decorations] CAPPING events from decorations provider vscode.git 14801
2023-11-01 10:34:48.798 [warning] [Decorations] CAPPING events from decorations provider vscode.git 14801
2023-11-01 10:39:49.309 [warning] [Decorations] CAPPING events from decorations provider vscode.git 14801
2023-11-01 10:44:49.800 [warning] [Decorations] CAPPING events from decorations provider vscode.git 14801
2023-11-01 10:49:50.313 [warning] [Decorations] CAPPING events from decorations provider vscode.git 14801
2023-11-01 10:54:50.833 [warning] [Decorations] CAPPING events from decorations provider vscode.git 14801
2023-11-01 10:59:51.347 [warning] [Decorations] CAPPING events from decorations provider vscode.git 14801
2023-11-01 11:04:51.862 [warning] [Decorations] CAPPING events from decorations provider vscode.git 14801
2023-11-01 11:09:52.375 [warning] [Decorations] CAPPING events from decorations provider vscode.git 14801
2023-11-01 11:14:52.869 [warning] [Decorations] CAPPING events from decorations provider vscode.git 14801
2023-11-01 11:19:53.365 [warning] [Decorations] CAPPING events from decorations provider vscode.git 14801
2023-11-01 11:24:53.855 [warning] [Decorations] CAPPING events from decorations provider vscode.git 14801
2023-11-01 11:29:54.359 [warning] [Decorations] CAPPING events from decorations provider vscode.git 14801
2023-11-01 11:34:54.845 [warning] [Decorations] CAPPING events from decorations provider vscode.git 14801
2023-11-01 11:39:55.332 [warning] [Decorations] CAPPING events from decorations provider vscode.git 14801
2023-11-01 11:44:55.830 [warning] [Decorations] CAPPING events from decorations provider vscode.git 14801
2023-11-01 11:49:56.323 [warning] [Decorations] CAPPING events from decorations provider vscode.git 14801
2023-11-01 11:54:56.812 [warning] [Decorations] CAPPING events from decorations provider vscode.git 14801
2023-11-01 11:59:57.335 [warning] [Decorations] CAPPING events from decorations provider vscode.git 14801
2023-11-01 12:04:57.851 [warning] [Decorations] CAPPING events from decorations provider vscode.git 14801
2023-11-01 12:09:58.358 [warning] [Decorations] CAPPING events from decorations provider vscode.git 14801
2023-11-01 12:14:58.862 [warning] [Decorations] CAPPING events from decorations provider vscode.git 14801
2023-11-01 12:19:59.355 [warning] [Decorations] CAPPING events from decorations provider vscode.git 14801
2023-11-01 12:24:59.872 [warning] [Decorations] CAPPING events from decorations provider vscode.git 14801
2023-11-01 12:30:00.375 [warning] [Decorations] CAPPING events from decorations provider vscode.git 14801
2023-11-01 12:35:00.876 [warning] [Decorations] CAPPING events from decorations provider vscode.git 14801
2023-11-01 12:40:01.381 [warning] [Decorations] CAPPING events from decorations provider vscode.git 14801
2023-11-01 12:45:01.880 [warning] [Decorations] CAPPING events from decorations provider vscode.git 14801
2023-11-01 12:50:02.390 [warning] [Decorations] CAPPING events from decorations provider vscode.git 14801
2023-11-01 12:55:02.908 [warning] [Decorations] CAPPING events from decorations provider vscode.git 14801
2023-11-01 13:00:03.419 [warning] [Decorations] CAPPING events from decorations provider vscode.git 14801
2023-11-01 13:05:03.937 [warning] [Decorations] CAPPING events from decorations provider vscode.git 14801
2023-11-01 13:10:04.440 [warning] [Decorations] CAPPING events from decorations provider vscode.git 14801
2023-11-01 13:15:04.934 [warning] [Decorations] CAPPING events from decorations provider vscode.git 14801
2023-11-01 13:20:05.437 [warning] [Decorations] CAPPING events from decorations provider vscode.git 14801
2023-11-01 13:25:05.940 [warning] [Decorations] CAPPING events from decorations provider vscode.git 14801
2023-11-01 13:30:06.436 [warning] [Decorations] CAPPING events from decorations provider vscode.git 14801
2023-11-01 13:35:06.937 [warning] [Decorations] CAPPING events from decorations provider vscode.git 14801
2023-11-01 13:40:07.427 [warning] [Decorations] CAPPING events from decorations provider vscode.git 14801
2023-11-01 13:45:07.930 [warning] [Decorations] CAPPING events from decorations provider vscode.git 14801
2023-11-01 13:50:08.452 [warning] [Decorations] CAPPING events from decorations provider vscode.git 14801
2023-11-01 13:55:08.955 [warning] [Decorations] CAPPING events from decorations provider vscode.git 14801
2023-11-01 14:00:09.455 [warning] [Decorations] CAPPING events from decorations provider vscode.git 14801
2023-11-01 14:05:09.962 [warning] [Decorations] CAPPING events from decorations provider vscode.git 14801
2023-11-01 14:10:10.462 [warning] [Decorations] CAPPING events from decorations provider vscode.git 14801
2023-11-01 14:15:10.978 [warning] [Decorations] CAPPING events from decorations provider vscode.git 14801
2023-11-01 14:20:11.467 [warning] [Decorations] CAPPING events from decorations provider vscode.git 14801
2023-11-01 14:25:11.960 [warning] [Decorations] CAPPING events from decorations provider vscode.git 14801
2023-11-01 14:30:12.446 [warning] [Decorations] CAPPING events from decorations provider vscode.git 14801
2023-11-01 14:35:12.950 [warning] [Decorations] CAPPING events from decorations provider vscode.git 14801
2023-11-01 14:40:13.452 [warning] [Decorations] CAPPING events from decorations provider vscode.git 14801
2023-11-01 14:45:13.951 [warning] [Decorations] CAPPING events from decorations provider vscode.git 14801
2023-11-01 14:50:14.451 [warning] [Decorations] CAPPING events from decorations provider vscode.git 14801
2023-11-01 14:55:14.989 [warning] [Decorations] CAPPING events from decorations provider vscode.git 14801
2023-11-01 15:00:15.500 [warning] [Decorations] CAPPING events from decorations provider vscode.git 14801
2023-11-01 15:05:16.018 [warning] [Decorations] CAPPING events from decorations provider vscode.git 14801
2023-11-01 15:10:16.519 [warning] [Decorations] CAPPING events from decorations provider vscode.git 14801
2023-11-01 15:15:17.014 [warning] [Decorations] CAPPING events from decorations provider vscode.git 14801
2023-11-01 15:20:17.514 [warning] [Decorations] CAPPING events from decorations provider vscode.git 14801
2023-11-01 15:25:18.005 [warning] [Decorations] CAPPING events from decorations provider vscode.git 14801
2023-11-01 15:30:18.493 [warning] [Decorations] CAPPING events from decorations provider vscode.git 14801
2023-11-01 15:35:18.991 [warning] [Decorations] CAPPING events from decorations provider vscode.git 14801
2023-11-01 15:40:19.499 [warning] [Decorations] CAPPING events from decorations provider vscode.git 14801
2023-11-01 15:45:19.989 [warning] [Decorations] CAPPING events from decorations provider vscode.git 14801
2023-11-01 15:50:20.502 [warning] [Decorations] CAPPING events from decorations provider vscode.git 14801
2023-11-01 15:55:21.006 [warning] [Decorations] CAPPING events from decorations provider vscode.git 14801
2023-11-01 16:00:21.520 [warning] [Decorations] CAPPING events from decorations provider vscode.git 14801
2023-11-01 16:05:22.023 [warning] [Decorations] CAPPING events from decorations provider vscode.git 14801
2023-11-01 16:10:22.532 [warning] [Decorations] CAPPING events from decorations provider vscode.git 14801
2023-11-01 16:15:23.032 [warning] [Decorations] CAPPING events from decorations provider vscode.git 14801
2023-11-01 16:20:23.540 [warning] [Decorations] CAPPING events from decorations provider vscode.git 14801
2023-11-01 16:25:24.039 [warning] [Decorations] CAPPING events from decorations provider vscode.git 14801
2023-11-01 16:30:24.525 [warning] [Decorations] CAPPING events from decorations provider vscode.git 14801
2023-11-01 16:35:25.019 [warning] [Decorations] CAPPING events from decorations provider vscode.git 14801
2023-11-01 16:40:25.518 [warning] [Decorations] CAPPING events from decorations provider vscode.git 14801
2023-11-01 16:45:26.019 [warning] [Decorations] CAPPING events from decorations provider vscode.git 14801
2023-11-01 16:50:26.518 [warning] [Decorations] CAPPING events from decorations provider vscode.git 14801
2023-11-01 16:55:27.021 [warning] [Decorations] CAPPING events from decorations provider vscode.git 14801
2023-11-01 17:00:27.511 [warning] [Decorations] CAPPING events from decorations provider vscode.git 14801
2023-11-01 17:05:28.011 [warning] [Decorations] CAPPING events from decorations provider vscode.git 14801
2023-11-02 21:57:50.268 [error] Error: getaddrinfo EAI_AGAIN default.exp-tas.com
	at GetAddrInfoReqWrap.onlookup [as oncomplete] (node:dns:107:26)
2023-11-02 22:27:40.216 [error] Error: getaddrinfo EAI_AGAIN default.exp-tas.com
	at GetAddrInfoReqWrap.onlookup [as oncomplete] (node:dns:107:26)
2023-11-02 22:57:40.216 [error] Error: getaddrinfo EAI_AGAIN default.exp-tas.com
	at GetAddrInfoReqWrap.onlookup [as oncomplete] (node:dns:107:26)
2023-11-02 23:27:40.217 [error] Error: getaddrinfo EAI_AGAIN default.exp-tas.com
	at GetAddrInfoReqWrap.onlookup [as oncomplete] (node:dns:107:26)
2023-11-02 23:57:40.219 [error] Error: getaddrinfo EAI_AGAIN default.exp-tas.com
	at GetAddrInfoReqWrap.onlookup [as oncomplete] (node:dns:107:26)
2023-11-03 00:27:40.218 [error] Error: getaddrinfo EAI_AGAIN default.exp-tas.com
	at GetAddrInfoReqWrap.onlookup [as oncomplete] (node:dns:107:26)
