2023-10-10 18:43:28.307 [info] Log level: Info
2023-10-10 18:43:28.307 [info] Validating found git in: "git"
2023-10-10 18:43:28.307 [info] Using git "2.34.1" from "git"
2023-10-10 18:43:28.307 [info] > git rev-parse --show-toplevel [8ms]
2023-10-10 18:43:28.307 [info] > git rev-parse --git-dir --git-common-dir [11ms]
2023-10-10 18:43:28.307 [info] Open repository: /home/tphilly
2023-10-10 18:43:28.356 [info] > git rev-parse --show-toplevel [553ms]
2023-10-10 18:43:28.360 [info] > git config --get commit.template [566ms]
2023-10-10 18:43:28.493 [info] > git check-ignore -v -z --stdin [123ms]
2023-10-10 18:43:28.494 [info] > git show --textconv :Coursework/js-demo-loops/index.js [95ms]
2023-10-10 18:43:28.503 [info] No remotes found in the git config file.
2023-10-10 18:43:28.509 [info] > git ls-files --stage -- /home/tphilly/Coursework/js-demo-loops/index.js [99ms]
2023-10-10 18:43:28.512 [info] > git for-each-ref --format=%(refname)%00%(upstream:short)%00%(objectname)%00%(upstream:track)%00%(upstream:remotename)%00%(upstream:remoteref) refs/heads/master refs/remotes/master [10ms]
2023-10-10 18:43:28.752 [info] > git status -z -uall [233ms] (cancelled)
2023-10-10 18:43:28.955 [info] > git config --local branch.master.github-pr-owner-number [6ms]
2023-10-10 18:43:28.970 [info] > git config --get commit.template [7ms]
2023-10-10 18:43:28.976 [info] No remotes found in the git config file.
2023-10-10 18:43:28.980 [info] > git for-each-ref --format=%(refname)%00%(upstream:short)%00%(objectname)%00%(upstream:track)%00%(upstream:remotename)%00%(upstream:remoteref) refs/heads/master refs/remotes/master [4ms]
2023-10-10 18:43:29.107 [info] > git status -z -uall [118ms] (cancelled)
2023-10-10 18:43:30.081 [info] > git config --get commit.template [25ms]
2023-10-10 18:43:30.097 [info] No remotes found in the git config file.
2023-10-10 18:43:30.098 [info] > git for-each-ref --format=%(refname)%00%(upstream:short)%00%(objectname)%00%(upstream:track)%00%(upstream:remotename)%00%(upstream:remoteref) refs/heads/master refs/remotes/master [2ms]
2023-10-10 18:43:30.316 [info] > git status -z -uall [208ms] (cancelled)
2023-10-10 18:48:28.952 [info] > git config --local branch.master.github-pr-owner-number [1ms]
2023-10-10 18:48:28.961 [info] > git config --get commit.template [1ms]
2023-10-10 18:48:28.969 [info] No remotes found in the git config file.
2023-10-10 18:48:28.969 [info] > git for-each-ref --format=%(refname)%00%(upstream:short)%00%(objectname)%00%(upstream:track)%00%(upstream:remotename)%00%(upstream:remoteref) refs/heads/master refs/remotes/master [3ms]
2023-10-10 18:48:29.161 [info] > git status -z -uall [185ms] (cancelled)
2023-10-10 18:53:29.171 [info] > git config --local branch.master.github-pr-owner-number [2ms]
2023-10-10 18:53:29.191 [info] > git config --get commit.template [11ms]
2023-10-10 18:53:29.192 [info] No remotes found in the git config file.
2023-10-10 18:53:29.192 [info] > git for-each-ref --format=%(refname)%00%(upstream:short)%00%(objectname)%00%(upstream:track)%00%(upstream:remotename)%00%(upstream:remoteref) refs/heads/master refs/remotes/master [2ms]
2023-10-10 18:53:29.398 [info] > git status -z -uall [197ms] (cancelled)
2023-10-10 18:58:29.406 [info] > git config --local branch.master.github-pr-owner-number [1ms]
2023-10-10 18:58:29.423 [info] > git config --get commit.template [8ms]
2023-10-10 18:58:29.423 [info] No remotes found in the git config file.
2023-10-10 18:58:29.424 [info] > git for-each-ref --format=%(refname)%00%(upstream:short)%00%(objectname)%00%(upstream:track)%00%(upstream:remotename)%00%(upstream:remoteref) refs/heads/master refs/remotes/master [2ms]
2023-10-10 18:58:29.605 [info] > git status -z -uall [175ms] (cancelled)
2023-10-10 19:03:29.631 [info] > git config --local branch.master.github-pr-owner-number [1ms]
2023-10-10 19:03:29.650 [info] > git config --get commit.template [1ms]
2023-10-10 19:03:29.659 [info] No remotes found in the git config file.
2023-10-10 19:03:29.660 [info] > git for-each-ref --format=%(refname)%00%(upstream:short)%00%(objectname)%00%(upstream:track)%00%(upstream:remotename)%00%(upstream:remoteref) refs/heads/master refs/remotes/master [1ms]
2023-10-10 19:03:29.868 [info] > git status -z -uall [200ms] (cancelled)
2023-10-10 19:08:29.877 [info] > git config --local branch.master.github-pr-owner-number [1ms]
2023-10-10 19:08:29.895 [info] > git config --get commit.template [8ms]
2023-10-10 19:08:29.896 [info] No remotes found in the git config file.
2023-10-10 19:08:29.896 [info] > git for-each-ref --format=%(refname)%00%(upstream:short)%00%(objectname)%00%(upstream:track)%00%(upstream:remotename)%00%(upstream:remoteref) refs/heads/master refs/remotes/master [2ms]
2023-10-10 19:08:30.074 [info] > git status -z -uall [172ms] (cancelled)
2023-10-10 19:13:30.083 [info] > git config --local branch.master.github-pr-owner-number [1ms]
2023-10-10 19:13:30.097 [info] > git config --get commit.template [6ms]
2023-10-10 19:13:30.097 [info] No remotes found in the git config file.
2023-10-10 19:13:30.098 [info] > git for-each-ref --format=%(refname)%00%(upstream:short)%00%(objectname)%00%(upstream:track)%00%(upstream:remotename)%00%(upstream:remoteref) refs/heads/master refs/remotes/master [2ms]
2023-10-10 19:13:30.280 [info] > git status -z -uall [176ms] (cancelled)
2023-10-10 19:18:30.294 [info] > git config --local branch.master.github-pr-owner-number [1ms]
2023-10-10 19:18:30.309 [info] > git config --get commit.template [7ms]
2023-10-10 19:18:30.310 [info] No remotes found in the git config file.
2023-10-10 19:18:30.310 [info] > git for-each-ref --format=%(refname)%00%(upstream:short)%00%(objectname)%00%(upstream:track)%00%(upstream:remotename)%00%(upstream:remoteref) refs/heads/master refs/remotes/master [2ms]
2023-10-10 19:18:30.504 [info] > git status -z -uall [188ms] (cancelled)
