2023-10-24 20:40:44.859 [info] Log level: Info
2023-10-24 20:40:44.860 [info] Validating found git in: "git"
2023-10-24 20:40:44.860 [info] Using git "2.34.1" from "git"
2023-10-24 20:40:44.860 [info] > git rev-parse --show-toplevel [486ms]
2023-10-24 20:40:44.860 [info] > git rev-parse --git-dir --git-common-dir [129ms]
2023-10-24 20:40:44.860 [info] Open repository: /home/tphilly/Coursework/Unit2.PartyLogs.Starter
2023-10-24 20:40:44.863 [info] > git config --get commit.template [7ms]
2023-10-24 20:40:45.022 [info] > git for-each-ref --format=%(refname)%00%(upstream:short)%00%(objectname)%00%(upstream:track)%00%(upstream:remotename)%00%(upstream:remoteref) refs/heads/main refs/remotes/main [94ms]
2023-10-24 20:40:45.049 [info] > git status -z -uall [21ms]
2023-10-24 20:40:45.153 [info] > git config --get commit.template [75ms]
2023-10-24 20:40:45.386 [info] > git for-each-ref --format=%(refname)%00%(upstream:short)%00%(objectname)%00%(upstream:track)%00%(upstream:remotename)%00%(upstream:remoteref) refs/heads/main refs/remotes/main [154ms]
2023-10-24 20:40:45.404 [info] > git status -z -uall [9ms]
2023-10-24 20:40:45.469 [info] > git check-ignore -v -z --stdin [14ms]
2023-10-24 20:40:45.525 [info] > git show --textconv :index.html [41ms]
2023-10-24 20:40:45.526 [info] > git show --textconv :script.js [35ms]
2023-10-24 20:40:45.526 [info] > git config --local branch.main.github-pr-owner-number [9ms]
2023-10-24 20:40:45.527 [info] > git ls-files --stage -- /home/tphilly/Coursework/Unit2.PartyLogs.Starter/script.js [24ms]
2023-10-24 20:40:45.534 [info] > git ls-files --stage -- /home/tphilly/Coursework/Unit2.PartyLogs.Starter/index.html [37ms]
2023-10-24 20:40:45.558 [info] > git cat-file -s b96df21759e2a4acb48e1c01e784bb283a1d1766 [13ms]
2023-10-24 20:40:45.560 [info] > git cat-file -s fdb3b03329a92a888934bc1fc841520f7c7ee890 [26ms]
2023-10-24 20:40:45.561 [info] > git config --get commit.template [8ms]
2023-10-24 20:40:45.570 [info] > git for-each-ref --format=%(refname)%00%(upstream:short)%00%(objectname)%00%(upstream:track)%00%(upstream:remotename)%00%(upstream:remoteref) refs/heads/main refs/remotes/main [1ms]
2023-10-24 20:40:45.581 [info] > git status -z -uall [3ms]
2023-10-24 20:42:01.001 [info] > git config --get commit.template [6ms]
2023-10-24 20:42:01.001 [info] > git for-each-ref --format=%(refname)%00%(upstream:short)%00%(objectname)%00%(upstream:track)%00%(upstream:remotename)%00%(upstream:remoteref) refs/heads/main refs/remotes/main [2ms]
2023-10-24 20:42:01.008 [info] > git status -z -uall [1ms]
2023-10-24 20:42:06.020 [info] > git config --get commit.template [1ms]
2023-10-24 20:42:06.027 [info] > git for-each-ref --format=%(refname)%00%(upstream:short)%00%(objectname)%00%(upstream:track)%00%(upstream:remotename)%00%(upstream:remoteref) refs/heads/main refs/remotes/main [1ms]
2023-10-24 20:42:06.035 [info] > git status -z -uall [1ms]
2023-10-24 20:42:11.050 [info] > git config --get commit.template [5ms]
2023-10-24 20:42:11.050 [info] > git for-each-ref --format=%(refname)%00%(upstream:short)%00%(objectname)%00%(upstream:track)%00%(upstream:remotename)%00%(upstream:remoteref) refs/heads/main refs/remotes/main [0ms]
2023-10-24 20:42:11.056 [info] > git status -z -uall [1ms]
2023-10-24 20:42:16.076 [info] > git config --get commit.template [1ms]
2023-10-24 20:42:16.082 [info] > git for-each-ref --format=%(refname)%00%(upstream:short)%00%(objectname)%00%(upstream:track)%00%(upstream:remotename)%00%(upstream:remoteref) refs/heads/main refs/remotes/main [1ms]
2023-10-24 20:42:16.088 [info] > git status -z -uall [1ms]
2023-10-24 20:42:21.104 [info] > git config --get commit.template [7ms]
2023-10-24 20:42:21.105 [info] > git for-each-ref --format=%(refname)%00%(upstream:short)%00%(objectname)%00%(upstream:track)%00%(upstream:remotename)%00%(upstream:remoteref) refs/heads/main refs/remotes/main [2ms]
2023-10-24 20:42:21.111 [info] > git status -z -uall [1ms]
2023-10-24 20:42:43.295 [info] > git show --textconv :script.js [9ms]
2023-10-24 20:42:43.296 [info] > git ls-files --stage -- /home/tphilly/Coursework/Unit2.PartyLogs.Starter/script.js [2ms]
2023-10-24 20:42:43.302 [info] > git cat-file -s fdb3b03329a92a888934bc1fc841520f7c7ee890 [1ms]
2023-10-24 20:42:48.206 [info] > git show --textconv :index.html [7ms]
2023-10-24 20:42:48.206 [info] > git ls-files --stage -- /home/tphilly/Coursework/Unit2.PartyLogs.Starter/index.html [1ms]
2023-10-24 20:42:48.213 [info] > git cat-file -s b96df21759e2a4acb48e1c01e784bb283a1d1766 [1ms]
2023-10-24 20:45:45.475 [info] > git config --local branch.main.github-pr-owner-number [1ms]
2023-10-24 20:45:45.483 [info] > git config --get commit.template [1ms]
2023-10-24 20:45:45.489 [info] > git for-each-ref --format=%(refname)%00%(upstream:short)%00%(objectname)%00%(upstream:track)%00%(upstream:remotename)%00%(upstream:remoteref) refs/heads/main refs/remotes/main [1ms]
2023-10-24 20:45:45.496 [info] > git status -z -uall [2ms]
2023-10-24 20:45:51.692 [info] > git config --get commit.template [7ms]
2023-10-24 20:45:51.693 [info] > git for-each-ref --format=%(refname)%00%(upstream:short)%00%(objectname)%00%(upstream:track)%00%(upstream:remotename)%00%(upstream:remoteref) refs/heads/main refs/remotes/main [1ms]
2023-10-24 20:45:51.701 [info] > git status -z -uall [1ms]
2023-10-24 20:45:56.718 [info] > git config --get commit.template [6ms]
2023-10-24 20:45:56.718 [info] > git for-each-ref --format=%(refname)%00%(upstream:short)%00%(objectname)%00%(upstream:track)%00%(upstream:remotename)%00%(upstream:remoteref) refs/heads/main refs/remotes/main [1ms]
2023-10-24 20:45:56.724 [info] > git status -z -uall [1ms]
2023-10-24 20:46:11.254 [info] > git config --get commit.template [7ms]
2023-10-24 20:46:11.255 [info] > git for-each-ref --format=%(refname)%00%(upstream:short)%00%(objectname)%00%(upstream:track)%00%(upstream:remotename)%00%(upstream:remoteref) refs/heads/main refs/remotes/main [2ms]
2023-10-24 20:46:11.261 [info] > git status -z -uall [1ms]
2023-10-24 20:46:16.282 [info] > git config --get commit.template [6ms]
2023-10-24 20:46:16.282 [info] > git for-each-ref --format=%(refname)%00%(upstream:short)%00%(objectname)%00%(upstream:track)%00%(upstream:remotename)%00%(upstream:remoteref) refs/heads/main refs/remotes/main [2ms]
2023-10-24 20:46:16.288 [info] > git status -z -uall [1ms]
2023-10-24 20:47:08.485 [info] > git config --get commit.template [7ms]
2023-10-24 20:47:08.485 [info] > git for-each-ref --format=%(refname)%00%(upstream:short)%00%(objectname)%00%(upstream:track)%00%(upstream:remotename)%00%(upstream:remoteref) refs/heads/main refs/remotes/main [1ms]
2023-10-24 20:47:08.492 [info] > git status -z -uall [1ms]
2023-10-24 20:47:16.781 [info] > git config --get commit.template [6ms]
2023-10-24 20:47:16.782 [info] > git for-each-ref --format=%(refname)%00%(upstream:short)%00%(objectname)%00%(upstream:track)%00%(upstream:remotename)%00%(upstream:remoteref) refs/heads/main refs/remotes/main [2ms]
2023-10-24 20:47:16.788 [info] > git status -z -uall [1ms]
2023-10-24 20:47:53.127 [info] > git config --get commit.template [7ms]
2023-10-24 20:47:53.128 [info] > git for-each-ref --format=%(refname)%00%(upstream:short)%00%(objectname)%00%(upstream:track)%00%(upstream:remotename)%00%(upstream:remoteref) refs/heads/main refs/remotes/main [2ms]
2023-10-24 20:47:53.134 [info] > git status -z -uall [1ms]
2023-10-24 20:47:58.208 [info] > git config --get commit.template [1ms]
2023-10-24 20:47:58.216 [info] > git for-each-ref --format=%(refname)%00%(upstream:short)%00%(objectname)%00%(upstream:track)%00%(upstream:remotename)%00%(upstream:remoteref) refs/heads/main refs/remotes/main [1ms]
2023-10-24 20:47:58.223 [info] > git status -z -uall [1ms]
2023-10-24 20:48:03.240 [info] > git config --get commit.template [7ms]
2023-10-24 20:48:03.240 [info] > git for-each-ref --format=%(refname)%00%(upstream:short)%00%(objectname)%00%(upstream:track)%00%(upstream:remotename)%00%(upstream:remoteref) refs/heads/main refs/remotes/main [1ms]
2023-10-24 20:48:03.250 [info] > git status -z -uall [1ms]
2023-10-24 20:48:13.798 [info] > git config --get commit.template [2ms]
2023-10-24 20:48:13.807 [info] > git for-each-ref --format=%(refname)%00%(upstream:short)%00%(objectname)%00%(upstream:track)%00%(upstream:remotename)%00%(upstream:remoteref) refs/heads/main refs/remotes/main [3ms]
2023-10-24 20:48:13.814 [info] > git status -z -uall [1ms]
2023-10-24 20:48:18.825 [info] > git config --get commit.template [0ms]
2023-10-24 20:48:18.833 [info] > git for-each-ref --format=%(refname)%00%(upstream:short)%00%(objectname)%00%(upstream:track)%00%(upstream:remotename)%00%(upstream:remoteref) refs/heads/main refs/remotes/main [2ms]
2023-10-24 20:48:18.840 [info] > git status -z -uall [1ms]
2023-10-24 20:49:07.217 [info] > git config --get commit.template [1ms]
2023-10-24 20:49:07.225 [info] > git for-each-ref --format=%(refname)%00%(upstream:short)%00%(objectname)%00%(upstream:track)%00%(upstream:remotename)%00%(upstream:remoteref) refs/heads/main refs/remotes/main [1ms]
2023-10-24 20:49:07.232 [info] > git status -z -uall [1ms]
2023-10-24 20:49:12.248 [info] > git config --get commit.template [6ms]
2023-10-24 20:49:12.249 [info] > git for-each-ref --format=%(refname)%00%(upstream:short)%00%(objectname)%00%(upstream:track)%00%(upstream:remotename)%00%(upstream:remoteref) refs/heads/main refs/remotes/main [1ms]
2023-10-24 20:49:12.256 [info] > git status -z -uall [1ms]
2023-10-24 20:49:31.893 [info] > git config --get commit.template [6ms]
2023-10-24 20:49:31.895 [info] > git for-each-ref --format=%(refname)%00%(upstream:short)%00%(objectname)%00%(upstream:track)%00%(upstream:remotename)%00%(upstream:remoteref) refs/heads/main refs/remotes/main [3ms]
2023-10-24 20:49:31.904 [info] > git status -z -uall [1ms]
2023-10-24 20:50:45.510 [info] > git config --local branch.main.github-pr-owner-number [1ms]
2023-10-24 20:50:45.522 [info] > git config --get commit.template [6ms]
2023-10-24 20:50:45.523 [info] > git for-each-ref --format=%(refname)%00%(upstream:short)%00%(objectname)%00%(upstream:track)%00%(upstream:remotename)%00%(upstream:remoteref) refs/heads/main refs/remotes/main [1ms]
2023-10-24 20:50:45.529 [info] > git status -z -uall [1ms]
2023-10-24 20:51:17.428 [info] > git config --get commit.template [2ms]
2023-10-24 20:51:17.435 [info] > git for-each-ref --format=%(refname)%00%(upstream:short)%00%(objectname)%00%(upstream:track)%00%(upstream:remotename)%00%(upstream:remoteref) refs/heads/main refs/remotes/main [2ms]
2023-10-24 20:51:17.442 [info] > git status -z -uall [1ms]
2023-10-24 20:51:22.458 [info] > git config --get commit.template [7ms]
2023-10-24 20:51:22.458 [info] > git for-each-ref --format=%(refname)%00%(upstream:short)%00%(objectname)%00%(upstream:track)%00%(upstream:remotename)%00%(upstream:remoteref) refs/heads/main refs/remotes/main [1ms]
2023-10-24 20:51:22.466 [info] > git status -z -uall [1ms]
2023-10-24 20:51:33.087 [info] > git config --get commit.template [2ms]
2023-10-24 20:51:33.098 [info] > git for-each-ref --format=%(refname)%00%(upstream:short)%00%(objectname)%00%(upstream:track)%00%(upstream:remotename)%00%(upstream:remoteref) refs/heads/main refs/remotes/main [1ms]
2023-10-24 20:51:33.106 [info] > git status -z -uall [1ms]
2023-10-24 20:51:38.122 [info] > git config --get commit.template [6ms]
2023-10-24 20:51:38.122 [info] > git for-each-ref --format=%(refname)%00%(upstream:short)%00%(objectname)%00%(upstream:track)%00%(upstream:remotename)%00%(upstream:remoteref) refs/heads/main refs/remotes/main [1ms]
2023-10-24 20:51:38.128 [info] > git status -z -uall [1ms]
2023-10-24 20:52:19.405 [info] > git config --get commit.template [6ms]
2023-10-24 20:52:19.406 [info] > git for-each-ref --format=%(refname)%00%(upstream:short)%00%(objectname)%00%(upstream:track)%00%(upstream:remotename)%00%(upstream:remoteref) refs/heads/main refs/remotes/main [1ms]
2023-10-24 20:52:19.412 [info] > git status -z -uall [1ms]
2023-10-24 20:52:24.425 [info] > git config --get commit.template [2ms]
2023-10-24 20:52:24.435 [info] > git for-each-ref --format=%(refname)%00%(upstream:short)%00%(objectname)%00%(upstream:track)%00%(upstream:remotename)%00%(upstream:remoteref) refs/heads/main refs/remotes/main [3ms]
2023-10-24 20:52:24.441 [info] > git status -z -uall [1ms]
2023-10-24 20:52:29.457 [info] > git config --get commit.template [6ms]
2023-10-24 20:52:29.457 [info] > git for-each-ref --format=%(refname)%00%(upstream:short)%00%(objectname)%00%(upstream:track)%00%(upstream:remotename)%00%(upstream:remoteref) refs/heads/main refs/remotes/main [1ms]
2023-10-24 20:52:29.463 [info] > git status -z -uall [1ms]
2023-10-24 20:52:34.480 [info] > git config --get commit.template [7ms]
2023-10-24 20:52:34.481 [info] > git for-each-ref --format=%(refname)%00%(upstream:short)%00%(objectname)%00%(upstream:track)%00%(upstream:remotename)%00%(upstream:remoteref) refs/heads/main refs/remotes/main [1ms]
2023-10-24 20:52:34.487 [info] > git status -z -uall [1ms]
2023-10-24 20:52:39.508 [info] > git config --get commit.template [7ms]
2023-10-24 20:52:39.509 [info] > git for-each-ref --format=%(refname)%00%(upstream:short)%00%(objectname)%00%(upstream:track)%00%(upstream:remotename)%00%(upstream:remoteref) refs/heads/main refs/remotes/main [1ms]
2023-10-24 20:52:39.518 [info] > git status -z -uall [1ms]
2023-10-24 20:55:10.237 [info] > git config --get commit.template [1ms]
2023-10-24 20:55:10.247 [info] > git for-each-ref --format=%(refname)%00%(upstream:short)%00%(objectname)%00%(upstream:track)%00%(upstream:remotename)%00%(upstream:remoteref) refs/heads/main refs/remotes/main [2ms]
2023-10-24 20:55:10.255 [info] > git status -z -uall [1ms]
2023-10-24 20:55:15.274 [info] > git config --get commit.template [7ms]
2023-10-24 20:55:15.274 [info] > git for-each-ref --format=%(refname)%00%(upstream:short)%00%(objectname)%00%(upstream:track)%00%(upstream:remotename)%00%(upstream:remoteref) refs/heads/main refs/remotes/main [1ms]
2023-10-24 20:55:15.282 [info] > git status -z -uall [2ms]
2023-10-24 20:55:42.033 [info] > git config --get commit.template [6ms]
2023-10-24 20:55:42.033 [info] > git for-each-ref --format=%(refname)%00%(upstream:short)%00%(objectname)%00%(upstream:track)%00%(upstream:remotename)%00%(upstream:remoteref) refs/heads/main refs/remotes/main [1ms]
2023-10-24 20:55:42.040 [info] > git status -z -uall [0ms]
2023-10-24 20:55:45.541 [info] > git config --local branch.main.github-pr-owner-number [1ms]
2023-10-24 20:55:45.556 [info] > git config --get commit.template [8ms]
2023-10-24 20:55:45.556 [info] > git for-each-ref --format=%(refname)%00%(upstream:short)%00%(objectname)%00%(upstream:track)%00%(upstream:remotename)%00%(upstream:remoteref) refs/heads/main refs/remotes/main [1ms]
2023-10-24 20:55:45.563 [info] > git status -z -uall [1ms]
2023-10-24 20:56:26.308 [info] > git config --get commit.template [2ms]
2023-10-24 20:56:26.317 [info] > git for-each-ref --format=%(refname)%00%(upstream:short)%00%(objectname)%00%(upstream:track)%00%(upstream:remotename)%00%(upstream:remoteref) refs/heads/main refs/remotes/main [1ms]
2023-10-24 20:56:26.327 [info] > git status -z -uall [1ms]
2023-10-24 20:56:31.346 [info] > git config --get commit.template [7ms]
2023-10-24 20:56:31.346 [info] > git for-each-ref --format=%(refname)%00%(upstream:short)%00%(objectname)%00%(upstream:track)%00%(upstream:remotename)%00%(upstream:remoteref) refs/heads/main refs/remotes/main [1ms]
2023-10-24 20:56:31.352 [info] > git status -z -uall [1ms]
2023-10-24 20:56:36.364 [info] > git config --get commit.template [1ms]
2023-10-24 20:56:36.372 [info] > git for-each-ref --format=%(refname)%00%(upstream:short)%00%(objectname)%00%(upstream:track)%00%(upstream:remotename)%00%(upstream:remoteref) refs/heads/main refs/remotes/main [1ms]
2023-10-24 20:56:36.380 [info] > git status -z -uall [1ms]
2023-10-24 20:56:41.408 [info] > git config --get commit.template [8ms]
2023-10-24 20:56:41.408 [info] > git for-each-ref --format=%(refname)%00%(upstream:short)%00%(objectname)%00%(upstream:track)%00%(upstream:remotename)%00%(upstream:remoteref) refs/heads/main refs/remotes/main [1ms]
2023-10-24 20:56:41.415 [info] > git status -z -uall [1ms]
2023-10-24 20:56:46.432 [info] > git config --get commit.template [6ms]
2023-10-24 20:56:46.432 [info] > git for-each-ref --format=%(refname)%00%(upstream:short)%00%(objectname)%00%(upstream:track)%00%(upstream:remotename)%00%(upstream:remoteref) refs/heads/main refs/remotes/main [1ms]
2023-10-24 20:56:46.439 [info] > git status -z -uall [1ms]
2023-10-24 21:00:45.574 [info] > git config --local branch.main.github-pr-owner-number [1ms]
2023-10-24 21:00:45.582 [info] > git config --get commit.template [1ms]
2023-10-24 21:00:45.588 [info] > git for-each-ref --format=%(refname)%00%(upstream:short)%00%(objectname)%00%(upstream:track)%00%(upstream:remotename)%00%(upstream:remoteref) refs/heads/main refs/remotes/main [1ms]
2023-10-24 21:00:45.595 [info] > git status -z -uall [1ms]
2023-10-24 21:05:45.604 [info] > git config --local branch.main.github-pr-owner-number [1ms]
2023-10-24 21:05:45.618 [info] > git config --get commit.template [7ms]
2023-10-24 21:05:45.618 [info] > git for-each-ref --format=%(refname)%00%(upstream:short)%00%(objectname)%00%(upstream:track)%00%(upstream:remotename)%00%(upstream:remoteref) refs/heads/main refs/remotes/main [1ms]
2023-10-24 21:05:45.624 [info] > git status -z -uall [1ms]
2023-10-24 21:10:45.635 [info] > git config --local branch.main.github-pr-owner-number [1ms]
2023-10-24 21:10:45.648 [info] > git config --get commit.template [5ms]
2023-10-24 21:10:45.648 [info] > git for-each-ref --format=%(refname)%00%(upstream:short)%00%(objectname)%00%(upstream:track)%00%(upstream:remotename)%00%(upstream:remoteref) refs/heads/main refs/remotes/main [1ms]
2023-10-24 21:10:45.656 [info] > git status -z -uall [1ms]
2023-10-24 21:12:07.491 [info] > git config --get commit.template [7ms]
2023-10-24 21:12:07.491 [info] > git for-each-ref --format=%(refname)%00%(upstream:short)%00%(objectname)%00%(upstream:track)%00%(upstream:remotename)%00%(upstream:remoteref) refs/heads/main refs/remotes/main [1ms]
2023-10-24 21:12:07.498 [info] > git status -z -uall [1ms]
2023-10-24 21:12:12.515 [info] > git config --get commit.template [7ms]
2023-10-24 21:12:12.515 [info] > git for-each-ref --format=%(refname)%00%(upstream:short)%00%(objectname)%00%(upstream:track)%00%(upstream:remotename)%00%(upstream:remoteref) refs/heads/main refs/remotes/main [1ms]
2023-10-24 21:12:12.521 [info] > git status -z -uall [1ms]
2023-10-24 21:12:17.537 [info] > git config --get commit.template [7ms]
2023-10-24 21:12:17.537 [info] > git for-each-ref --format=%(refname)%00%(upstream:short)%00%(objectname)%00%(upstream:track)%00%(upstream:remotename)%00%(upstream:remoteref) refs/heads/main refs/remotes/main [1ms]
2023-10-24 21:12:17.545 [info] > git status -z -uall [2ms]
2023-10-24 21:12:23.538 [info] > git config --get commit.template [0ms]
2023-10-24 21:12:23.545 [info] > git for-each-ref --format=%(refname)%00%(upstream:short)%00%(objectname)%00%(upstream:track)%00%(upstream:remotename)%00%(upstream:remoteref) refs/heads/main refs/remotes/main [1ms]
2023-10-24 21:12:23.552 [info] > git status -z -uall [1ms]
2023-10-24 21:12:41.001 [info] > git config --get commit.template [7ms]
2023-10-24 21:12:41.001 [info] > git for-each-ref --format=%(refname)%00%(upstream:short)%00%(objectname)%00%(upstream:track)%00%(upstream:remotename)%00%(upstream:remoteref) refs/heads/main refs/remotes/main [1ms]
2023-10-24 21:12:41.008 [info] > git status -z -uall [1ms]
2023-10-24 21:12:46.023 [info] > git config --get commit.template [5ms]
2023-10-24 21:12:46.024 [info] > git for-each-ref --format=%(refname)%00%(upstream:short)%00%(objectname)%00%(upstream:track)%00%(upstream:remotename)%00%(upstream:remoteref) refs/heads/main refs/remotes/main [1ms]
2023-10-24 21:12:46.030 [info] > git status -z -uall [1ms]
2023-10-24 21:13:00.916 [info] > git config --get commit.template [2ms]
2023-10-24 21:13:00.924 [info] > git for-each-ref --format=%(refname)%00%(upstream:short)%00%(objectname)%00%(upstream:track)%00%(upstream:remotename)%00%(upstream:remoteref) refs/heads/main refs/remotes/main [1ms]
2023-10-24 21:13:00.932 [info] > git status -z -uall [1ms]
2023-10-24 21:13:07.563 [info] > git config --get commit.template [2ms]
2023-10-24 21:13:07.576 [info] > git for-each-ref --format=%(refname)%00%(upstream:short)%00%(objectname)%00%(upstream:track)%00%(upstream:remotename)%00%(upstream:remoteref) refs/heads/main refs/remotes/main [2ms]
2023-10-24 21:13:07.588 [info] > git status -z -uall [2ms]
2023-10-24 21:13:12.605 [info] > git config --get commit.template [5ms]
2023-10-24 21:13:12.606 [info] > git for-each-ref --format=%(refname)%00%(upstream:short)%00%(objectname)%00%(upstream:track)%00%(upstream:remotename)%00%(upstream:remoteref) refs/heads/main refs/remotes/main [1ms]
2023-10-24 21:13:12.613 [info] > git status -z -uall [1ms]
2023-10-24 21:13:56.186 [info] > git config --get commit.template [7ms]
2023-10-24 21:13:56.186 [info] > git for-each-ref --format=%(refname)%00%(upstream:short)%00%(objectname)%00%(upstream:track)%00%(upstream:remotename)%00%(upstream:remoteref) refs/heads/main refs/remotes/main [1ms]
2023-10-24 21:13:56.194 [info] > git status -z -uall [1ms]
2023-10-24 21:14:01.214 [info] > git config --get commit.template [6ms]
2023-10-24 21:14:01.215 [info] > git for-each-ref --format=%(refname)%00%(upstream:short)%00%(objectname)%00%(upstream:track)%00%(upstream:remotename)%00%(upstream:remoteref) refs/heads/main refs/remotes/main [1ms]
2023-10-24 21:14:01.221 [info] > git status -z -uall [1ms]
2023-10-24 21:14:06.237 [info] > git config --get commit.template [6ms]
2023-10-24 21:14:06.237 [info] > git for-each-ref --format=%(refname)%00%(upstream:short)%00%(objectname)%00%(upstream:track)%00%(upstream:remotename)%00%(upstream:remoteref) refs/heads/main refs/remotes/main [1ms]
2023-10-24 21:14:06.244 [info] > git status -z -uall [1ms]
2023-10-24 21:14:11.260 [info] > git config --get commit.template [7ms]
2023-10-24 21:14:11.261 [info] > git for-each-ref --format=%(refname)%00%(upstream:short)%00%(objectname)%00%(upstream:track)%00%(upstream:remotename)%00%(upstream:remoteref) refs/heads/main refs/remotes/main [1ms]
2023-10-24 21:14:11.267 [info] > git status -z -uall [1ms]
2023-10-24 21:15:09.519 [info] > git config --get commit.template [9ms]
2023-10-24 21:15:09.520 [info] > git for-each-ref --format=%(refname)%00%(upstream:short)%00%(objectname)%00%(upstream:track)%00%(upstream:remotename)%00%(upstream:remoteref) refs/heads/main refs/remotes/main [1ms]
2023-10-24 21:15:09.526 [info] > git status -z -uall [1ms]
2023-10-24 21:15:45.665 [info] > git config --local branch.main.github-pr-owner-number [1ms]
2023-10-24 21:15:45.677 [info] > git config --get commit.template [5ms]
2023-10-24 21:15:45.677 [info] > git for-each-ref --format=%(refname)%00%(upstream:short)%00%(objectname)%00%(upstream:track)%00%(upstream:remotename)%00%(upstream:remoteref) refs/heads/main refs/remotes/main [1ms]
2023-10-24 21:15:45.683 [info] > git status -z -uall [1ms]
2023-10-24 21:15:55.995 [info] > git config --get commit.template [6ms]
2023-10-24 21:15:55.995 [info] > git for-each-ref --format=%(refname)%00%(upstream:short)%00%(objectname)%00%(upstream:track)%00%(upstream:remotename)%00%(upstream:remoteref) refs/heads/main refs/remotes/main [1ms]
2023-10-24 21:15:56.001 [info] > git status -z -uall [1ms]
2023-10-24 21:16:01.013 [info] > git config --get commit.template [1ms]
2023-10-24 21:16:01.019 [info] > git for-each-ref --format=%(refname)%00%(upstream:short)%00%(objectname)%00%(upstream:track)%00%(upstream:remotename)%00%(upstream:remoteref) refs/heads/main refs/remotes/main [1ms]
2023-10-24 21:16:01.026 [info] > git status -z -uall [1ms]
2023-10-24 21:20:45.694 [info] > git config --local branch.main.github-pr-owner-number [1ms]
2023-10-24 21:20:45.707 [info] > git config --get commit.template [5ms]
2023-10-24 21:20:45.707 [info] > git for-each-ref --format=%(refname)%00%(upstream:short)%00%(objectname)%00%(upstream:track)%00%(upstream:remotename)%00%(upstream:remoteref) refs/heads/main refs/remotes/main [1ms]
2023-10-24 21:20:45.715 [info] > git status -z -uall [1ms]
2023-10-24 21:25:45.725 [info] > git config --local branch.main.github-pr-owner-number [1ms]
2023-10-24 21:25:45.738 [info] > git config --get commit.template [6ms]
2023-10-24 21:25:45.738 [info] > git for-each-ref --format=%(refname)%00%(upstream:short)%00%(objectname)%00%(upstream:track)%00%(upstream:remotename)%00%(upstream:remoteref) refs/heads/main refs/remotes/main [1ms]
2023-10-24 21:25:45.744 [info] > git status -z -uall [1ms]
2023-10-24 21:30:45.754 [info] > git config --local branch.main.github-pr-owner-number [1ms]
2023-10-24 21:30:45.767 [info] > git config --get commit.template [7ms]
2023-10-24 21:30:45.767 [info] > git for-each-ref --format=%(refname)%00%(upstream:short)%00%(objectname)%00%(upstream:track)%00%(upstream:remotename)%00%(upstream:remoteref) refs/heads/main refs/remotes/main [1ms]
2023-10-24 21:30:45.773 [info] > git status -z -uall [1ms]
2023-10-24 21:35:45.783 [info] > git config --local branch.main.github-pr-owner-number [1ms]
2023-10-24 21:35:45.793 [info] > git config --get commit.template [3ms]
2023-10-24 21:35:45.803 [info] > git for-each-ref --format=%(refname)%00%(upstream:short)%00%(objectname)%00%(upstream:track)%00%(upstream:remotename)%00%(upstream:remoteref) refs/heads/main refs/remotes/main [1ms]
2023-10-24 21:35:45.814 [info] > git status -z -uall [1ms]
2023-10-24 21:40:45.824 [info] > git config --local branch.main.github-pr-owner-number [1ms]
2023-10-24 21:40:45.839 [info] > git config --get commit.template [7ms]
2023-10-24 21:40:45.839 [info] > git for-each-ref --format=%(refname)%00%(upstream:short)%00%(objectname)%00%(upstream:track)%00%(upstream:remotename)%00%(upstream:remoteref) refs/heads/main refs/remotes/main [1ms]
2023-10-24 21:40:45.846 [info] > git status -z -uall [1ms]
