2023-11-07 17:05:33.906 [info] Log level: Info
2023-11-07 17:05:33.906 [info] Validating found git in: "git"
2023-11-07 17:05:33.906 [info] Using git "2.34.1" from "git"
2023-11-07 17:05:33.906 [info] > git rev-parse --show-toplevel [4ms]
2023-11-07 17:05:33.906 [info] > git rev-parse --git-dir --git-common-dir [2ms]
2023-11-07 17:05:33.906 [info] Open repository: /home/tphilly/Coursework/Color-picker/Unit3.ColorPicker.Starter
2023-11-07 17:05:33.906 [info] > git config --get commit.template [3ms]
2023-11-07 17:05:33.906 [info] > git rev-parse --show-toplevel [3ms]
2023-11-07 17:05:33.906 [info] > git rev-parse --show-toplevel [1ms]
2023-11-07 17:05:33.906 [info] > git for-each-ref --format=%(refname)%00%(upstream:short)%00%(objectname)%00%(upstream:track)%00%(upstream:remotename)%00%(upstream:remoteref) refs/heads/main refs/remotes/main [8ms]
2023-11-07 17:05:33.906 [info] > git status -z -uall [3ms]
2023-11-07 17:05:33.906 [info] > git config --get commit.template [5ms]
2023-11-07 17:05:33.912 [info] > git for-each-ref --format=%(refname)%00%(upstream:short)%00%(objectname)%00%(upstream:track)%00%(upstream:remotename)%00%(upstream:remoteref) refs/heads/main refs/remotes/main [2ms]
2023-11-07 17:05:33.917 [info] > git status -z -uall [2ms]
2023-11-07 17:05:34.814 [info] > git check-ignore -v -z --stdin [25ms]
2023-11-07 17:05:35.854 [info] > git config --local branch.main.github-pr-owner-number [113ms]
2023-11-07 17:05:35.865 [info] > git config --get commit.template [4ms]
2023-11-07 17:05:35.898 [info] > git for-each-ref --format=%(refname)%00%(upstream:short)%00%(objectname)%00%(upstream:track)%00%(upstream:remotename)%00%(upstream:remoteref) refs/heads/main refs/remotes/main [27ms]
2023-11-07 17:05:35.940 [info] > git status -z -uall [37ms]
2023-11-07 17:10:35.330 [info] > git config --local branch.main.github-pr-owner-number [2ms]
2023-11-07 17:10:35.337 [info] > git config --get commit.template [1ms]
2023-11-07 17:10:35.343 [info] > git for-each-ref --format=%(refname)%00%(upstream:short)%00%(objectname)%00%(upstream:track)%00%(upstream:remotename)%00%(upstream:remoteref) refs/heads/main refs/remotes/main [1ms]
2023-11-07 17:10:35.350 [info] > git status -z -uall [2ms]
2023-11-07 17:11:02.994 [info] > git config --get commit.template [1ms]
2023-11-07 17:11:03.001 [info] > git for-each-ref --format=%(refname)%00%(upstream:short)%00%(objectname)%00%(upstream:track)%00%(upstream:remotename)%00%(upstream:remoteref) refs/heads/main refs/remotes/main [0ms]
2023-11-07 17:11:03.008 [info] > git status -z -uall [1ms]
2023-11-07 17:11:03.421 [info] > git config --local branch.main.github-pr-owner-number [101ms]
2023-11-07 17:11:03.429 [info] > git config --get commit.template [2ms]
2023-11-07 17:11:03.437 [info] > git for-each-ref --format=%(refname)%00%(upstream:short)%00%(objectname)%00%(upstream:track)%00%(upstream:remotename)%00%(upstream:remoteref) refs/heads/main refs/remotes/main [1ms]
2023-11-07 17:11:03.468 [info] > git status -z -uall [26ms]
2023-11-07 17:11:59.549 [info] > git config --get commit.template [7ms]
2023-11-07 17:11:59.549 [info] > git for-each-ref --format=%(refname)%00%(upstream:short)%00%(objectname)%00%(upstream:track)%00%(upstream:remotename)%00%(upstream:remoteref) refs/heads/main refs/remotes/main [1ms]
2023-11-07 17:11:59.555 [info] > git status -z -uall [1ms]
2023-11-07 17:11:59.674 [info] > git config --local branch.main.github-pr-owner-number [97ms]
2023-11-07 17:11:59.681 [info] > git config --get commit.template [0ms]
2023-11-07 17:11:59.686 [info] > git for-each-ref --format=%(refname)%00%(upstream:short)%00%(objectname)%00%(upstream:track)%00%(upstream:remotename)%00%(upstream:remoteref) refs/heads/main refs/remotes/main [1ms]
2023-11-07 17:11:59.693 [info] > git status -z -uall [2ms]
2023-11-07 17:12:29.662 [info] > git config --get commit.template [7ms]
2023-11-07 17:12:29.662 [info] > git for-each-ref --format=%(refname)%00%(upstream:short)%00%(objectname)%00%(upstream:track)%00%(upstream:remotename)%00%(upstream:remoteref) refs/heads/main refs/remotes/main [2ms]
2023-11-07 17:12:29.669 [info] > git status -z -uall [2ms]
2023-11-07 17:12:58.902 [info] > git config --get commit.template [1ms]
2023-11-07 17:12:58.909 [info] > git for-each-ref --format=%(refname)%00%(upstream:short)%00%(objectname)%00%(upstream:track)%00%(upstream:remotename)%00%(upstream:remoteref) refs/heads/main refs/remotes/main [1ms]
2023-11-07 17:12:58.916 [info] > git status -z -uall [2ms]
2023-11-07 17:13:40.379 [info] > git config --get commit.template [6ms]
2023-11-07 17:13:40.380 [info] > git for-each-ref --format=%(refname)%00%(upstream:short)%00%(objectname)%00%(upstream:track)%00%(upstream:remotename)%00%(upstream:remoteref) refs/heads/main refs/remotes/main [1ms]
2023-11-07 17:13:40.386 [info] > git status -z -uall [2ms]
2023-11-07 17:14:44.008 [info] > git config --get commit.template [2ms]
2023-11-07 17:14:44.016 [info] > git for-each-ref --format=%(refname)%00%(upstream:short)%00%(objectname)%00%(upstream:track)%00%(upstream:remotename)%00%(upstream:remoteref) refs/heads/main refs/remotes/main [1ms]
2023-11-07 17:14:44.024 [info] > git status -z -uall [1ms]
2023-11-07 17:14:50.315 [info] > git config --get commit.template [1ms]
2023-11-07 17:14:50.320 [info] > git for-each-ref --format=%(refname)%00%(upstream:short)%00%(objectname)%00%(upstream:track)%00%(upstream:remotename)%00%(upstream:remoteref) refs/heads/main refs/remotes/main [1ms]
2023-11-07 17:14:50.327 [info] > git status -z -uall [1ms]
2023-11-07 17:15:35.363 [info] > git config --local branch.main.github-pr-owner-number [1ms]
2023-11-07 17:15:35.373 [info] > git config --get commit.template [2ms]
2023-11-07 17:15:35.381 [info] > git for-each-ref --format=%(refname)%00%(upstream:short)%00%(objectname)%00%(upstream:track)%00%(upstream:remotename)%00%(upstream:remoteref) refs/heads/main refs/remotes/main [1ms]
2023-11-07 17:15:35.389 [info] > git status -z -uall [2ms]
2023-11-07 17:15:35.615 [info] > git config --get commit.template [8ms]
2023-11-07 17:15:35.616 [info] > git for-each-ref --format=%(refname)%00%(upstream:short)%00%(objectname)%00%(upstream:track)%00%(upstream:remotename)%00%(upstream:remoteref) refs/heads/main refs/remotes/main [2ms]
2023-11-07 17:15:35.623 [info] > git status -z -uall [1ms]
2023-11-07 17:16:34.132 [info] > git config --get commit.template [1ms]
2023-11-07 17:16:34.138 [info] > git for-each-ref --format=%(refname)%00%(upstream:short)%00%(objectname)%00%(upstream:track)%00%(upstream:remotename)%00%(upstream:remoteref) refs/heads/main refs/remotes/main [0ms]
2023-11-07 17:16:34.144 [info] > git status -z -uall [1ms]
2023-11-07 17:17:36.313 [info] > git config --get commit.template [0ms]
2023-11-07 17:17:36.319 [info] > git for-each-ref --format=%(refname)%00%(upstream:short)%00%(objectname)%00%(upstream:track)%00%(upstream:remotename)%00%(upstream:remoteref) refs/heads/main refs/remotes/main [1ms]
2023-11-07 17:17:36.325 [info] > git status -z -uall [1ms]
2023-11-07 17:18:42.794 [info] > git config --get commit.template [0ms]
2023-11-07 17:18:42.803 [info] > git for-each-ref --format=%(refname)%00%(upstream:short)%00%(objectname)%00%(upstream:track)%00%(upstream:remotename)%00%(upstream:remoteref) refs/heads/main refs/remotes/main [2ms]
2023-11-07 17:18:42.812 [info] > git status -z -uall [2ms]
2023-11-07 17:19:46.237 [info] > git config --get commit.template [7ms]
2023-11-07 17:19:46.237 [info] > git for-each-ref --format=%(refname)%00%(upstream:short)%00%(objectname)%00%(upstream:track)%00%(upstream:remotename)%00%(upstream:remoteref) refs/heads/main refs/remotes/main [1ms]
2023-11-07 17:19:46.246 [info] > git status -z -uall [1ms]
2023-11-07 17:20:35.401 [info] > git config --local branch.main.github-pr-owner-number [0ms]
2023-11-07 17:20:35.414 [info] > git config --get commit.template [6ms]
2023-11-07 17:20:35.414 [info] > git for-each-ref --format=%(refname)%00%(upstream:short)%00%(objectname)%00%(upstream:track)%00%(upstream:remotename)%00%(upstream:remoteref) refs/heads/main refs/remotes/main [1ms]
2023-11-07 17:20:35.421 [info] > git status -z -uall [1ms]
2023-11-07 17:21:40.768 [info] > git config --get commit.template [7ms]
2023-11-07 17:21:40.769 [info] > git for-each-ref --format=%(refname)%00%(upstream:short)%00%(objectname)%00%(upstream:track)%00%(upstream:remotename)%00%(upstream:remoteref) refs/heads/main refs/remotes/main [1ms]
2023-11-07 17:21:40.775 [info] > git status -z -uall [2ms]
2023-11-07 17:22:09.113 [info] > git check-ignore -v -z --stdin [1ms]
2023-11-07 17:22:09.177 [info] > git config --get commit.template [0ms]
2023-11-07 17:22:09.185 [info] > git for-each-ref --format=%(refname)%00%(upstream:short)%00%(objectname)%00%(upstream:track)%00%(upstream:remotename)%00%(upstream:remoteref) refs/heads/main refs/remotes/main [1ms]
2023-11-07 17:22:09.195 [info] > git status -z -uall [2ms]
2023-11-07 17:22:14.209 [info] > git config --get commit.template [5ms]
2023-11-07 17:22:14.210 [info] > git for-each-ref --format=%(refname)%00%(upstream:short)%00%(objectname)%00%(upstream:track)%00%(upstream:remotename)%00%(upstream:remoteref) refs/heads/main refs/remotes/main [0ms]
2023-11-07 17:22:14.216 [info] > git status -z -uall [2ms]
2023-11-07 17:22:20.699 [info] > git check-ignore -v -z --stdin [2ms]
2023-11-07 17:22:21.722 [info] > git show --textconv :src/App.jsx [45ms]
2023-11-07 17:22:21.722 [info] > git ls-files --stage -- /home/tphilly/Coursework/Color-picker/Unit3.ColorPicker.Starter/src/App.jsx [35ms]
2023-11-07 17:22:21.735 [info] > git cat-file -s aa9b8e4e5889e3825328e2994a5a9f8a7cdef6bc [5ms]
2023-11-07 17:22:43.551 [info] > git config --get commit.template [9ms]
2023-11-07 17:22:43.552 [info] > git for-each-ref --format=%(refname)%00%(upstream:short)%00%(objectname)%00%(upstream:track)%00%(upstream:remotename)%00%(upstream:remoteref) refs/heads/main refs/remotes/main [1ms]
2023-11-07 17:22:43.561 [info] > git status -z -uall [3ms]
2023-11-07 17:23:21.600 [info] > git config --get commit.template [9ms]
2023-11-07 17:23:21.601 [info] > git for-each-ref --format=%(refname)%00%(upstream:short)%00%(objectname)%00%(upstream:track)%00%(upstream:remotename)%00%(upstream:remoteref) refs/heads/main refs/remotes/main [2ms]
2023-11-07 17:23:21.609 [info] > git status -z -uall [2ms]
2023-11-07 17:24:18.249 [info] > git config --get commit.template [7ms]
2023-11-07 17:24:18.249 [info] > git for-each-ref --format=%(refname)%00%(upstream:short)%00%(objectname)%00%(upstream:track)%00%(upstream:remotename)%00%(upstream:remoteref) refs/heads/main refs/remotes/main [1ms]
2023-11-07 17:24:18.256 [info] > git status -z -uall [1ms]
2023-11-07 17:24:23.272 [info] > git config --get commit.template [7ms]
2023-11-07 17:24:23.273 [info] > git for-each-ref --format=%(refname)%00%(upstream:short)%00%(objectname)%00%(upstream:track)%00%(upstream:remotename)%00%(upstream:remoteref) refs/heads/main refs/remotes/main [2ms]
2023-11-07 17:24:23.281 [info] > git status -z -uall [2ms]
2023-11-07 17:24:28.292 [info] > git config --get commit.template [1ms]
2023-11-07 17:24:28.300 [info] > git for-each-ref --format=%(refname)%00%(upstream:short)%00%(objectname)%00%(upstream:track)%00%(upstream:remotename)%00%(upstream:remoteref) refs/heads/main refs/remotes/main [1ms]
2023-11-07 17:24:28.306 [info] > git status -z -uall [1ms]
2023-11-07 17:24:33.322 [info] > git config --get commit.template [5ms]
2023-11-07 17:24:33.323 [info] > git for-each-ref --format=%(refname)%00%(upstream:short)%00%(objectname)%00%(upstream:track)%00%(upstream:remotename)%00%(upstream:remoteref) refs/heads/main refs/remotes/main [1ms]
2023-11-07 17:24:33.330 [info] > git status -z -uall [1ms]
2023-11-07 17:24:38.342 [info] > git config --get commit.template [1ms]
2023-11-07 17:24:38.350 [info] > git for-each-ref --format=%(refname)%00%(upstream:short)%00%(objectname)%00%(upstream:track)%00%(upstream:remotename)%00%(upstream:remoteref) refs/heads/main refs/remotes/main [0ms]
2023-11-07 17:24:38.356 [info] > git status -z -uall [2ms]
2023-11-07 17:24:43.615 [info] > git config --get commit.template [8ms]
2023-11-07 17:24:43.615 [info] > git for-each-ref --format=%(refname)%00%(upstream:short)%00%(objectname)%00%(upstream:track)%00%(upstream:remotename)%00%(upstream:remoteref) refs/heads/main refs/remotes/main [2ms]
2023-11-07 17:24:43.623 [info] > git status -z -uall [1ms]
2023-11-07 17:24:49.004 [info] > git config --get commit.template [6ms]
2023-11-07 17:24:49.005 [info] > git for-each-ref --format=%(refname)%00%(upstream:short)%00%(objectname)%00%(upstream:track)%00%(upstream:remotename)%00%(upstream:remoteref) refs/heads/main refs/remotes/main [1ms]
2023-11-07 17:24:49.012 [info] > git status -z -uall [1ms]
2023-11-07 17:24:58.671 [info] > git config --get commit.template [1ms]
2023-11-07 17:24:58.681 [info] > git for-each-ref --format=%(refname)%00%(upstream:short)%00%(objectname)%00%(upstream:track)%00%(upstream:remotename)%00%(upstream:remoteref) refs/heads/main refs/remotes/main [2ms]
2023-11-07 17:24:58.688 [info] > git status -z -uall [1ms]
2023-11-07 17:25:06.535 [info] > git config --get commit.template [7ms]
2023-11-07 17:25:06.536 [info] > git for-each-ref --format=%(refname)%00%(upstream:short)%00%(objectname)%00%(upstream:track)%00%(upstream:remotename)%00%(upstream:remoteref) refs/heads/main refs/remotes/main [1ms]
2023-11-07 17:25:06.545 [info] > git status -z -uall [3ms]
2023-11-07 17:25:35.432 [info] > git config --local branch.main.github-pr-owner-number [0ms]
2023-11-07 17:25:35.445 [info] > git config --get commit.template [7ms]
2023-11-07 17:25:35.445 [info] > git for-each-ref --format=%(refname)%00%(upstream:short)%00%(objectname)%00%(upstream:track)%00%(upstream:remotename)%00%(upstream:remoteref) refs/heads/main refs/remotes/main [1ms]
2023-11-07 17:25:35.453 [info] > git status -z -uall [1ms]
2023-11-07 17:25:44.968 [info] > git config --get commit.template [1ms]
2023-11-07 17:25:44.977 [info] > git for-each-ref --format=%(refname)%00%(upstream:short)%00%(objectname)%00%(upstream:track)%00%(upstream:remotename)%00%(upstream:remoteref) refs/heads/main refs/remotes/main [1ms]
2023-11-07 17:25:44.984 [info] > git status -z -uall [1ms]
2023-11-07 17:25:59.518 [info] > git config --get commit.template [0ms]
2023-11-07 17:25:59.525 [info] > git for-each-ref --format=%(refname)%00%(upstream:short)%00%(objectname)%00%(upstream:track)%00%(upstream:remotename)%00%(upstream:remoteref) refs/heads/main refs/remotes/main [2ms]
2023-11-07 17:25:59.533 [info] > git status -z -uall [2ms]
2023-11-07 17:26:44.479 [info] > git config --get commit.template [6ms]
2023-11-07 17:26:44.480 [info] > git for-each-ref --format=%(refname)%00%(upstream:short)%00%(objectname)%00%(upstream:track)%00%(upstream:remotename)%00%(upstream:remoteref) refs/heads/main refs/remotes/main [1ms]
2023-11-07 17:26:44.486 [info] > git status -z -uall [2ms]
2023-11-07 17:26:49.510 [info] > git config --get commit.template [10ms]
2023-11-07 17:26:49.510 [info] > git for-each-ref --format=%(refname)%00%(upstream:short)%00%(objectname)%00%(upstream:track)%00%(upstream:remotename)%00%(upstream:remoteref) refs/heads/main refs/remotes/main [2ms]
2023-11-07 17:26:49.521 [info] > git status -z -uall [2ms]
2023-11-07 17:26:54.539 [info] > git config --get commit.template [7ms]
2023-11-07 17:26:54.540 [info] > git for-each-ref --format=%(refname)%00%(upstream:short)%00%(objectname)%00%(upstream:track)%00%(upstream:remotename)%00%(upstream:remoteref) refs/heads/main refs/remotes/main [2ms]
2023-11-07 17:26:54.547 [info] > git status -z -uall [1ms]
2023-11-07 17:26:59.562 [info] > git config --get commit.template [2ms]
2023-11-07 17:26:59.575 [info] > git for-each-ref --format=%(refname)%00%(upstream:short)%00%(objectname)%00%(upstream:track)%00%(upstream:remotename)%00%(upstream:remoteref) refs/heads/main refs/remotes/main [3ms]
2023-11-07 17:26:59.588 [info] > git status -z -uall [3ms]
2023-11-07 17:27:04.606 [info] > git config --get commit.template [7ms]
2023-11-07 17:27:04.606 [info] > git for-each-ref --format=%(refname)%00%(upstream:short)%00%(objectname)%00%(upstream:track)%00%(upstream:remotename)%00%(upstream:remoteref) refs/heads/main refs/remotes/main [0ms]
2023-11-07 17:27:04.614 [info] > git status -z -uall [2ms]
2023-11-07 17:27:29.411 [info] > git show --textconv :src/index.css [9ms]
2023-11-07 17:27:29.411 [info] > git ls-files --stage -- /home/tphilly/Coursework/Color-picker/Unit3.ColorPicker.Starter/src/index.css [1ms]
2023-11-07 17:27:29.418 [info] > git cat-file -s 0443fbd4886ebb8a67a688e6c3cf5295b6709a50 [1ms]
2023-11-07 17:27:31.080 [info] > git show --textconv :src/main.jsx [11ms]
2023-11-07 17:27:31.081 [info] > git ls-files --stage -- /home/tphilly/Coursework/Color-picker/Unit3.ColorPicker.Starter/src/main.jsx [2ms]
2023-11-07 17:27:31.088 [info] > git cat-file -s b91620d35e1de03d2c5ca843229df7f3b51445b3 [0ms]
2023-11-07 17:27:32.429 [info] > git show --textconv :src/App.jsx [10ms]
2023-11-07 17:27:32.430 [info] > git ls-files --stage -- /home/tphilly/Coursework/Color-picker/Unit3.ColorPicker.Starter/src/App.jsx [4ms]
2023-11-07 17:27:32.437 [info] > git cat-file -s aa9b8e4e5889e3825328e2994a5a9f8a7cdef6bc [1ms]
2023-11-07 17:27:33.719 [info] > git show --textconv :index.html [11ms]
2023-11-07 17:27:33.720 [info] > git ls-files --stage -- /home/tphilly/Coursework/Color-picker/Unit3.ColorPicker.Starter/index.html [3ms]
2023-11-07 17:27:33.731 [info] > git cat-file -s 79c470191164e9d0a66bd61f715be685ce43b057 [1ms]
2023-11-07 17:27:39.497 [info] > git show --textconv :src/index.css [10ms]
2023-11-07 17:27:39.498 [info] > git ls-files --stage -- /home/tphilly/Coursework/Color-picker/Unit3.ColorPicker.Starter/src/index.css [2ms]
2023-11-07 17:27:39.505 [info] > git cat-file -s 0443fbd4886ebb8a67a688e6c3cf5295b6709a50 [1ms]
2023-11-07 17:27:40.035 [info] > git show --textconv :src/App.jsx [7ms]
2023-11-07 17:27:40.036 [info] > git ls-files --stage -- /home/tphilly/Coursework/Color-picker/Unit3.ColorPicker.Starter/src/App.jsx [1ms]
2023-11-07 17:27:40.049 [info] > git cat-file -s aa9b8e4e5889e3825328e2994a5a9f8a7cdef6bc [4ms]
2023-11-07 17:27:49.946 [info] > git show --textconv :src/index.css [9ms]
2023-11-07 17:27:49.947 [info] > git ls-files --stage -- /home/tphilly/Coursework/Color-picker/Unit3.ColorPicker.Starter/src/index.css [2ms]
2023-11-07 17:27:49.954 [info] > git cat-file -s 0443fbd4886ebb8a67a688e6c3cf5295b6709a50 [1ms]
2023-11-07 17:28:19.327 [info] > git show --textconv :src/App.jsx [11ms]
2023-11-07 17:28:19.327 [info] > git ls-files --stage -- /home/tphilly/Coursework/Color-picker/Unit3.ColorPicker.Starter/src/App.jsx [1ms]
2023-11-07 17:28:19.334 [info] > git cat-file -s aa9b8e4e5889e3825328e2994a5a9f8a7cdef6bc [1ms]
2023-11-07 17:28:25.960 [info] > git config --get commit.template [7ms]
2023-11-07 17:28:25.960 [info] > git for-each-ref --format=%(refname)%00%(upstream:short)%00%(objectname)%00%(upstream:track)%00%(upstream:remotename)%00%(upstream:remoteref) refs/heads/main refs/remotes/main [1ms]
2023-11-07 17:28:25.967 [info] > git status -z -uall [2ms]
2023-11-07 17:28:30.980 [info] > git config --get commit.template [0ms]
2023-11-07 17:28:30.986 [info] > git for-each-ref --format=%(refname)%00%(upstream:short)%00%(objectname)%00%(upstream:track)%00%(upstream:remotename)%00%(upstream:remoteref) refs/heads/main refs/remotes/main [1ms]
2023-11-07 17:28:30.995 [info] > git status -z -uall [1ms]
2023-11-07 17:28:36.257 [info] > git config --get commit.template [8ms]
2023-11-07 17:28:36.258 [info] > git for-each-ref --format=%(refname)%00%(upstream:short)%00%(objectname)%00%(upstream:track)%00%(upstream:remotename)%00%(upstream:remoteref) refs/heads/main refs/remotes/main [2ms]
2023-11-07 17:28:36.266 [info] > git status -z -uall [1ms]
2023-11-07 17:28:41.284 [info] > git config --get commit.template [6ms]
2023-11-07 17:28:41.284 [info] > git for-each-ref --format=%(refname)%00%(upstream:short)%00%(objectname)%00%(upstream:track)%00%(upstream:remotename)%00%(upstream:remoteref) refs/heads/main refs/remotes/main [1ms]
2023-11-07 17:28:41.293 [info] > git status -z -uall [2ms]
2023-11-07 17:28:47.703 [info] > git config --get commit.template [8ms]
2023-11-07 17:28:47.703 [info] > git for-each-ref --format=%(refname)%00%(upstream:short)%00%(objectname)%00%(upstream:track)%00%(upstream:remotename)%00%(upstream:remoteref) refs/heads/main refs/remotes/main [1ms]
2023-11-07 17:28:47.714 [info] > git status -z -uall [1ms]
2023-11-07 17:28:57.009 [info] > git config --get commit.template [1ms]
2023-11-07 17:28:57.017 [info] > git for-each-ref --format=%(refname)%00%(upstream:short)%00%(objectname)%00%(upstream:track)%00%(upstream:remotename)%00%(upstream:remoteref) refs/heads/main refs/remotes/main [1ms]
2023-11-07 17:28:57.027 [info] > git status -z -uall [1ms]
2023-11-07 17:29:02.039 [info] > git config --get commit.template [2ms]
2023-11-07 17:29:02.048 [info] > git for-each-ref --format=%(refname)%00%(upstream:short)%00%(objectname)%00%(upstream:track)%00%(upstream:remotename)%00%(upstream:remoteref) refs/heads/main refs/remotes/main [1ms]
2023-11-07 17:29:02.058 [info] > git status -z -uall [2ms]
2023-11-07 17:29:38.713 [info] > git config --get commit.template [6ms]
2023-11-07 17:29:38.714 [info] > git for-each-ref --format=%(refname)%00%(upstream:short)%00%(objectname)%00%(upstream:track)%00%(upstream:remotename)%00%(upstream:remoteref) refs/heads/main refs/remotes/main [0ms]
2023-11-07 17:29:38.722 [info] > git status -z -uall [1ms]
2023-11-07 17:29:43.744 [info] > git config --get commit.template [8ms]
2023-11-07 17:29:43.745 [info] > git for-each-ref --format=%(refname)%00%(upstream:short)%00%(objectname)%00%(upstream:track)%00%(upstream:remotename)%00%(upstream:remoteref) refs/heads/main refs/remotes/main [1ms]
2023-11-07 17:29:43.754 [info] > git status -z -uall [1ms]
2023-11-07 17:29:53.425 [info] > git config --get commit.template [1ms]
2023-11-07 17:29:53.433 [info] > git for-each-ref --format=%(refname)%00%(upstream:short)%00%(objectname)%00%(upstream:track)%00%(upstream:remotename)%00%(upstream:remoteref) refs/heads/main refs/remotes/main [1ms]
2023-11-07 17:29:53.445 [info] > git status -z -uall [5ms]
2023-11-07 17:30:35.464 [info] > git config --local branch.main.github-pr-owner-number [0ms]
2023-11-07 17:30:35.480 [info] > git config --get commit.template [8ms]
2023-11-07 17:30:35.480 [info] > git for-each-ref --format=%(refname)%00%(upstream:short)%00%(objectname)%00%(upstream:track)%00%(upstream:remotename)%00%(upstream:remoteref) refs/heads/main refs/remotes/main [1ms]
2023-11-07 17:30:35.489 [info] > git status -z -uall [2ms]
2023-11-07 17:30:53.410 [info] > git config --get commit.template [1ms]
2023-11-07 17:30:53.418 [info] > git for-each-ref --format=%(refname)%00%(upstream:short)%00%(objectname)%00%(upstream:track)%00%(upstream:remotename)%00%(upstream:remoteref) refs/heads/main refs/remotes/main [1ms]
2023-11-07 17:30:53.426 [info] > git status -z -uall [2ms]
2023-11-07 17:30:58.443 [info] > git config --get commit.template [7ms]
2023-11-07 17:30:58.443 [info] > git for-each-ref --format=%(refname)%00%(upstream:short)%00%(objectname)%00%(upstream:track)%00%(upstream:remotename)%00%(upstream:remoteref) refs/heads/main refs/remotes/main [1ms]
2023-11-07 17:30:58.452 [info] > git status -z -uall [1ms]
2023-11-07 17:31:03.471 [info] > git config --get commit.template [8ms]
2023-11-07 17:31:03.471 [info] > git for-each-ref --format=%(refname)%00%(upstream:short)%00%(objectname)%00%(upstream:track)%00%(upstream:remotename)%00%(upstream:remoteref) refs/heads/main refs/remotes/main [1ms]
2023-11-07 17:31:03.479 [info] > git status -z -uall [2ms]
2023-11-07 17:32:03.317 [info] > git config --get commit.template [7ms]
2023-11-07 17:32:03.317 [info] > git for-each-ref --format=%(refname)%00%(upstream:short)%00%(objectname)%00%(upstream:track)%00%(upstream:remotename)%00%(upstream:remoteref) refs/heads/main refs/remotes/main [1ms]
2023-11-07 17:32:03.325 [info] > git status -z -uall [2ms]
2023-11-07 17:32:08.346 [info] > git config --get commit.template [9ms]
2023-11-07 17:32:08.347 [info] > git for-each-ref --format=%(refname)%00%(upstream:short)%00%(objectname)%00%(upstream:track)%00%(upstream:remotename)%00%(upstream:remoteref) refs/heads/main refs/remotes/main [2ms]
2023-11-07 17:32:08.358 [info] > git status -z -uall [2ms]
2023-11-07 17:32:13.377 [info] > git config --get commit.template [8ms]
2023-11-07 17:32:13.377 [info] > git for-each-ref --format=%(refname)%00%(upstream:short)%00%(objectname)%00%(upstream:track)%00%(upstream:remotename)%00%(upstream:remoteref) refs/heads/main refs/remotes/main [1ms]
2023-11-07 17:32:13.386 [info] > git status -z -uall [1ms]
2023-11-07 17:32:18.405 [info] > git config --get commit.template [8ms]
2023-11-07 17:32:18.406 [info] > git for-each-ref --format=%(refname)%00%(upstream:short)%00%(objectname)%00%(upstream:track)%00%(upstream:remotename)%00%(upstream:remoteref) refs/heads/main refs/remotes/main [2ms]
2023-11-07 17:32:18.414 [info] > git status -z -uall [2ms]
2023-11-07 17:32:24.191 [info] > git config --get commit.template [9ms]
2023-11-07 17:32:24.192 [info] > git for-each-ref --format=%(refname)%00%(upstream:short)%00%(objectname)%00%(upstream:track)%00%(upstream:remotename)%00%(upstream:remoteref) refs/heads/main refs/remotes/main [2ms]
2023-11-07 17:32:24.211 [info] > git status -z -uall [2ms]
2023-11-07 17:32:29.228 [info] > git config --get commit.template [6ms]
2023-11-07 17:32:29.229 [info] > git for-each-ref --format=%(refname)%00%(upstream:short)%00%(objectname)%00%(upstream:track)%00%(upstream:remotename)%00%(upstream:remoteref) refs/heads/main refs/remotes/main [0ms]
2023-11-07 17:32:29.236 [info] > git status -z -uall [2ms]
2023-11-07 17:32:34.254 [info] > git config --get commit.template [9ms]
2023-11-07 17:32:34.254 [info] > git for-each-ref --format=%(refname)%00%(upstream:short)%00%(objectname)%00%(upstream:track)%00%(upstream:remotename)%00%(upstream:remoteref) refs/heads/main refs/remotes/main [1ms]
2023-11-07 17:32:34.264 [info] > git status -z -uall [2ms]
2023-11-07 17:32:39.276 [info] > git config --get commit.template [1ms]
2023-11-07 17:32:39.287 [info] > git for-each-ref --format=%(refname)%00%(upstream:short)%00%(objectname)%00%(upstream:track)%00%(upstream:remotename)%00%(upstream:remoteref) refs/heads/main refs/remotes/main [1ms]
2023-11-07 17:32:39.298 [info] > git status -z -uall [1ms]
2023-11-07 17:33:01.926 [info] > git config --get commit.template [10ms]
2023-11-07 17:33:01.927 [info] > git for-each-ref --format=%(refname)%00%(upstream:short)%00%(objectname)%00%(upstream:track)%00%(upstream:remotename)%00%(upstream:remoteref) refs/heads/main refs/remotes/main [1ms]
2023-11-07 17:33:01.935 [info] > git status -z -uall [2ms]
2023-11-07 17:33:07.817 [info] > git config --get commit.template [7ms]
2023-11-07 17:33:07.817 [info] > git for-each-ref --format=%(refname)%00%(upstream:short)%00%(objectname)%00%(upstream:track)%00%(upstream:remotename)%00%(upstream:remoteref) refs/heads/main refs/remotes/main [1ms]
2023-11-07 17:33:07.825 [info] > git status -z -uall [2ms]
2023-11-07 17:33:12.844 [info] > git config --get commit.template [7ms]
2023-11-07 17:33:12.845 [info] > git for-each-ref --format=%(refname)%00%(upstream:short)%00%(objectname)%00%(upstream:track)%00%(upstream:remotename)%00%(upstream:remoteref) refs/heads/main refs/remotes/main [1ms]
2023-11-07 17:33:12.853 [info] > git status -z -uall [2ms]
2023-11-07 17:33:17.872 [info] > git config --get commit.template [9ms]
2023-11-07 17:33:17.872 [info] > git for-each-ref --format=%(refname)%00%(upstream:short)%00%(objectname)%00%(upstream:track)%00%(upstream:remotename)%00%(upstream:remoteref) refs/heads/main refs/remotes/main [1ms]
2023-11-07 17:33:17.880 [info] > git status -z -uall [2ms]
2023-11-07 17:33:28.418 [info] > git config --get commit.template [6ms]
2023-11-07 17:33:28.418 [info] > git for-each-ref --format=%(refname)%00%(upstream:short)%00%(objectname)%00%(upstream:track)%00%(upstream:remotename)%00%(upstream:remoteref) refs/heads/main refs/remotes/main [1ms]
2023-11-07 17:33:28.427 [info] > git status -z -uall [2ms]
2023-11-07 17:33:33.467 [info] > git config --get commit.template [11ms]
2023-11-07 17:33:33.469 [info] > git for-each-ref --format=%(refname)%00%(upstream:short)%00%(objectname)%00%(upstream:track)%00%(upstream:remotename)%00%(upstream:remoteref) refs/heads/main refs/remotes/main [2ms]
2023-11-07 17:33:33.479 [info] > git status -z -uall [1ms]
2023-11-07 17:33:38.496 [info] > git config --get commit.template [7ms]
2023-11-07 17:33:38.496 [info] > git for-each-ref --format=%(refname)%00%(upstream:short)%00%(objectname)%00%(upstream:track)%00%(upstream:remotename)%00%(upstream:remoteref) refs/heads/main refs/remotes/main [1ms]
2023-11-07 17:33:38.505 [info] > git status -z -uall [2ms]
2023-11-07 17:33:43.523 [info] > git config --get commit.template [7ms]
2023-11-07 17:33:43.524 [info] > git for-each-ref --format=%(refname)%00%(upstream:short)%00%(objectname)%00%(upstream:track)%00%(upstream:remotename)%00%(upstream:remoteref) refs/heads/main refs/remotes/main [1ms]
2023-11-07 17:33:43.531 [info] > git status -z -uall [2ms]
2023-11-07 17:33:51.556 [info] > git config --get commit.template [0ms]
2023-11-07 17:33:51.563 [info] > git for-each-ref --format=%(refname)%00%(upstream:short)%00%(objectname)%00%(upstream:track)%00%(upstream:remotename)%00%(upstream:remoteref) refs/heads/main refs/remotes/main [1ms]
2023-11-07 17:33:51.572 [info] > git status -z -uall [2ms]
2023-11-07 17:34:48.312 [info] > git config --get commit.template [0ms]
2023-11-07 17:34:48.323 [info] > git for-each-ref --format=%(refname)%00%(upstream:short)%00%(objectname)%00%(upstream:track)%00%(upstream:remotename)%00%(upstream:remoteref) refs/heads/main refs/remotes/main [1ms]
2023-11-07 17:34:48.332 [info] > git status -z -uall [2ms]
2023-11-07 17:34:59.445 [info] > git config --get commit.template [1ms]
2023-11-07 17:34:59.453 [info] > git for-each-ref --format=%(refname)%00%(upstream:short)%00%(objectname)%00%(upstream:track)%00%(upstream:remotename)%00%(upstream:remoteref) refs/heads/main refs/remotes/main [2ms]
2023-11-07 17:34:59.460 [info] > git status -z -uall [1ms]
2023-11-07 17:35:04.478 [info] > git config --get commit.template [6ms]
2023-11-07 17:35:04.478 [info] > git for-each-ref --format=%(refname)%00%(upstream:short)%00%(objectname)%00%(upstream:track)%00%(upstream:remotename)%00%(upstream:remoteref) refs/heads/main refs/remotes/main [1ms]
2023-11-07 17:35:04.497 [info] > git status -z -uall [2ms]
2023-11-07 17:35:09.508 [info] > git config --get commit.template [1ms]
2023-11-07 17:35:09.516 [info] > git for-each-ref --format=%(refname)%00%(upstream:short)%00%(objectname)%00%(upstream:track)%00%(upstream:remotename)%00%(upstream:remoteref) refs/heads/main refs/remotes/main [1ms]
2023-11-07 17:35:09.524 [info] > git status -z -uall [2ms]
2023-11-07 17:35:14.539 [info] > git config --get commit.template [4ms]
2023-11-07 17:35:14.547 [info] > git for-each-ref --format=%(refname)%00%(upstream:short)%00%(objectname)%00%(upstream:track)%00%(upstream:remotename)%00%(upstream:remoteref) refs/heads/main refs/remotes/main [1ms]
2023-11-07 17:35:14.557 [info] > git status -z -uall [2ms]
2023-11-07 17:35:19.568 [info] > git config --get commit.template [1ms]
2023-11-07 17:35:19.576 [info] > git for-each-ref --format=%(refname)%00%(upstream:short)%00%(objectname)%00%(upstream:track)%00%(upstream:remotename)%00%(upstream:remoteref) refs/heads/main refs/remotes/main [1ms]
2023-11-07 17:35:19.584 [info] > git status -z -uall [2ms]
2023-11-07 17:35:24.594 [info] > git config --get commit.template [1ms]
2023-11-07 17:35:24.602 [info] > git for-each-ref --format=%(refname)%00%(upstream:short)%00%(objectname)%00%(upstream:track)%00%(upstream:remotename)%00%(upstream:remoteref) refs/heads/main refs/remotes/main [1ms]
2023-11-07 17:35:24.610 [info] > git status -z -uall [2ms]
2023-11-07 17:35:29.623 [info] > git config --get commit.template [1ms]
2023-11-07 17:35:29.632 [info] > git for-each-ref --format=%(refname)%00%(upstream:short)%00%(objectname)%00%(upstream:track)%00%(upstream:remotename)%00%(upstream:remoteref) refs/heads/main refs/remotes/main [1ms]
2023-11-07 17:35:29.641 [info] > git status -z -uall [2ms]
2023-11-07 17:35:34.657 [info] > git config --get commit.template [1ms]
2023-11-07 17:35:34.667 [info] > git for-each-ref --format=%(refname)%00%(upstream:short)%00%(objectname)%00%(upstream:track)%00%(upstream:remotename)%00%(upstream:remoteref) refs/heads/main refs/remotes/main [2ms]
2023-11-07 17:35:34.683 [info] > git status -z -uall [3ms]
2023-11-07 17:35:35.500 [info] > git config --local branch.main.github-pr-owner-number [1ms]
2023-11-07 17:35:35.515 [info] > git config --get commit.template [8ms]
2023-11-07 17:35:35.515 [info] > git for-each-ref --format=%(refname)%00%(upstream:short)%00%(objectname)%00%(upstream:track)%00%(upstream:remotename)%00%(upstream:remoteref) refs/heads/main refs/remotes/main [1ms]
2023-11-07 17:35:35.537 [info] > git status -z -uall [2ms]
2023-11-07 17:35:39.694 [info] > git config --get commit.template [1ms]
2023-11-07 17:35:39.702 [info] > git for-each-ref --format=%(refname)%00%(upstream:short)%00%(objectname)%00%(upstream:track)%00%(upstream:remotename)%00%(upstream:remoteref) refs/heads/main refs/remotes/main [1ms]
2023-11-07 17:35:39.710 [info] > git status -z -uall [2ms]
2023-11-07 17:35:44.723 [info] > git config --get commit.template [1ms]
2023-11-07 17:35:44.732 [info] > git for-each-ref --format=%(refname)%00%(upstream:short)%00%(objectname)%00%(upstream:track)%00%(upstream:remotename)%00%(upstream:remoteref) refs/heads/main refs/remotes/main [1ms]
2023-11-07 17:35:44.740 [info] > git status -z -uall [2ms]
2023-11-07 17:35:49.752 [info] > git config --get commit.template [1ms]
2023-11-07 17:35:49.760 [info] > git for-each-ref --format=%(refname)%00%(upstream:short)%00%(objectname)%00%(upstream:track)%00%(upstream:remotename)%00%(upstream:remoteref) refs/heads/main refs/remotes/main [1ms]
2023-11-07 17:35:49.770 [info] > git status -z -uall [2ms]
2023-11-07 17:35:54.789 [info] > git config --get commit.template [8ms]
2023-11-07 17:35:54.789 [info] > git for-each-ref --format=%(refname)%00%(upstream:short)%00%(objectname)%00%(upstream:track)%00%(upstream:remotename)%00%(upstream:remoteref) refs/heads/main refs/remotes/main [1ms]
2023-11-07 17:35:54.797 [info] > git status -z -uall [1ms]
2023-11-07 17:35:59.811 [info] > git config --get commit.template [2ms]
2023-11-07 17:35:59.820 [info] > git for-each-ref --format=%(refname)%00%(upstream:short)%00%(objectname)%00%(upstream:track)%00%(upstream:remotename)%00%(upstream:remoteref) refs/heads/main refs/remotes/main [1ms]
2023-11-07 17:35:59.829 [info] > git status -z -uall [2ms]
2023-11-07 17:36:04.849 [info] > git config --get commit.template [8ms]
2023-11-07 17:36:04.850 [info] > git for-each-ref --format=%(refname)%00%(upstream:short)%00%(objectname)%00%(upstream:track)%00%(upstream:remotename)%00%(upstream:remoteref) refs/heads/main refs/remotes/main [1ms]
2023-11-07 17:36:04.858 [info] > git status -z -uall [2ms]
2023-11-07 17:36:09.876 [info] > git config --get commit.template [8ms]
2023-11-07 17:36:09.876 [info] > git for-each-ref --format=%(refname)%00%(upstream:short)%00%(objectname)%00%(upstream:track)%00%(upstream:remotename)%00%(upstream:remoteref) refs/heads/main refs/remotes/main [1ms]
2023-11-07 17:36:09.885 [info] > git status -z -uall [2ms]
2023-11-07 17:36:14.898 [info] > git config --get commit.template [1ms]
2023-11-07 17:36:14.905 [info] > git for-each-ref --format=%(refname)%00%(upstream:short)%00%(objectname)%00%(upstream:track)%00%(upstream:remotename)%00%(upstream:remoteref) refs/heads/main refs/remotes/main [1ms]
2023-11-07 17:36:14.913 [info] > git status -z -uall [1ms]
2023-11-07 17:36:19.924 [info] > git config --get commit.template [1ms]
2023-11-07 17:36:19.933 [info] > git for-each-ref --format=%(refname)%00%(upstream:short)%00%(objectname)%00%(upstream:track)%00%(upstream:remotename)%00%(upstream:remoteref) refs/heads/main refs/remotes/main [2ms]
2023-11-07 17:36:19.941 [info] > git status -z -uall [2ms]
2023-11-07 17:36:24.955 [info] > git config --get commit.template [1ms]
2023-11-07 17:36:24.964 [info] > git for-each-ref --format=%(refname)%00%(upstream:short)%00%(objectname)%00%(upstream:track)%00%(upstream:remotename)%00%(upstream:remoteref) refs/heads/main refs/remotes/main [1ms]
2023-11-07 17:36:24.973 [info] > git status -z -uall [1ms]
2023-11-07 17:36:29.991 [info] > git config --get commit.template [7ms]
2023-11-07 17:36:29.991 [info] > git for-each-ref --format=%(refname)%00%(upstream:short)%00%(objectname)%00%(upstream:track)%00%(upstream:remotename)%00%(upstream:remoteref) refs/heads/main refs/remotes/main [1ms]
2023-11-07 17:36:29.999 [info] > git status -z -uall [2ms]
2023-11-07 17:36:35.254 [info] > git config --get commit.template [8ms]
2023-11-07 17:36:35.255 [info] > git for-each-ref --format=%(refname)%00%(upstream:short)%00%(objectname)%00%(upstream:track)%00%(upstream:remotename)%00%(upstream:remoteref) refs/heads/main refs/remotes/main [1ms]
2023-11-07 17:36:35.262 [info] > git status -z -uall [2ms]
2023-11-07 17:36:40.285 [info] > git config --get commit.template [10ms]
2023-11-07 17:36:40.285 [info] > git for-each-ref --format=%(refname)%00%(upstream:short)%00%(objectname)%00%(upstream:track)%00%(upstream:remotename)%00%(upstream:remoteref) refs/heads/main refs/remotes/main [1ms]
2023-11-07 17:36:40.293 [info] > git status -z -uall [1ms]
2023-11-07 17:36:45.312 [info] > git config --get commit.template [8ms]
2023-11-07 17:36:45.313 [info] > git for-each-ref --format=%(refname)%00%(upstream:short)%00%(objectname)%00%(upstream:track)%00%(upstream:remotename)%00%(upstream:remoteref) refs/heads/main refs/remotes/main [1ms]
2023-11-07 17:36:45.322 [info] > git status -z -uall [1ms]
2023-11-07 17:36:50.341 [info] > git config --get commit.template [7ms]
2023-11-07 17:36:50.341 [info] > git for-each-ref --format=%(refname)%00%(upstream:short)%00%(objectname)%00%(upstream:track)%00%(upstream:remotename)%00%(upstream:remoteref) refs/heads/main refs/remotes/main [1ms]
2023-11-07 17:36:50.350 [info] > git status -z -uall [2ms]
2023-11-07 17:36:56.345 [info] > git config --get commit.template [1ms]
2023-11-07 17:36:56.354 [info] > git for-each-ref --format=%(refname)%00%(upstream:short)%00%(objectname)%00%(upstream:track)%00%(upstream:remotename)%00%(upstream:remoteref) refs/heads/main refs/remotes/main [1ms]
2023-11-07 17:36:56.362 [info] > git status -z -uall [2ms]
2023-11-07 17:37:02.286 [info] > git config --get commit.template [8ms]
2023-11-07 17:37:02.287 [info] > git for-each-ref --format=%(refname)%00%(upstream:short)%00%(objectname)%00%(upstream:track)%00%(upstream:remotename)%00%(upstream:remoteref) refs/heads/main refs/remotes/main [0ms]
2023-11-07 17:37:02.295 [info] > git status -z -uall [1ms]
2023-11-07 17:37:07.308 [info] > git config --get commit.template [1ms]
2023-11-07 17:37:07.318 [info] > git for-each-ref --format=%(refname)%00%(upstream:short)%00%(objectname)%00%(upstream:track)%00%(upstream:remotename)%00%(upstream:remoteref) refs/heads/main refs/remotes/main [0ms]
2023-11-07 17:37:07.326 [info] > git status -z -uall [2ms]
2023-11-07 17:37:12.348 [info] > git config --get commit.template [10ms]
2023-11-07 17:37:12.348 [info] > git for-each-ref --format=%(refname)%00%(upstream:short)%00%(objectname)%00%(upstream:track)%00%(upstream:remotename)%00%(upstream:remoteref) refs/heads/main refs/remotes/main [1ms]
2023-11-07 17:37:12.356 [info] > git status -z -uall [1ms]
2023-11-07 17:37:17.370 [info] > git config --get commit.template [1ms]
2023-11-07 17:37:17.380 [info] > git for-each-ref --format=%(refname)%00%(upstream:short)%00%(objectname)%00%(upstream:track)%00%(upstream:remotename)%00%(upstream:remoteref) refs/heads/main refs/remotes/main [1ms]
2023-11-07 17:37:17.390 [info] > git status -z -uall [1ms]
2023-11-07 17:38:34.983 [info] > git config --get commit.template [9ms]
2023-11-07 17:38:34.984 [info] > git for-each-ref --format=%(refname)%00%(upstream:short)%00%(objectname)%00%(upstream:track)%00%(upstream:remotename)%00%(upstream:remoteref) refs/heads/main refs/remotes/main [1ms]
2023-11-07 17:38:34.992 [info] > git status -z -uall [1ms]
2023-11-07 17:38:43.354 [info] > git config --get commit.template [7ms]
2023-11-07 17:38:43.354 [info] > git for-each-ref --format=%(refname)%00%(upstream:short)%00%(objectname)%00%(upstream:track)%00%(upstream:remotename)%00%(upstream:remoteref) refs/heads/main refs/remotes/main [1ms]
2023-11-07 17:38:43.363 [info] > git status -z -uall [2ms]
2023-11-07 17:39:04.574 [info] > git config --get commit.template [1ms]
2023-11-07 17:39:04.584 [info] > git for-each-ref --format=%(refname)%00%(upstream:short)%00%(objectname)%00%(upstream:track)%00%(upstream:remotename)%00%(upstream:remoteref) refs/heads/main refs/remotes/main [2ms]
2023-11-07 17:39:04.594 [info] > git status -z -uall [3ms]
2023-11-07 17:39:10.133 [info] > git config --get commit.template [4ms]
2023-11-07 17:39:10.141 [info] > git for-each-ref --format=%(refname)%00%(upstream:short)%00%(objectname)%00%(upstream:track)%00%(upstream:remotename)%00%(upstream:remoteref) refs/heads/main refs/remotes/main [1ms]
2023-11-07 17:39:10.150 [info] > git status -z -uall [1ms]
2023-11-07 17:39:27.531 [info] > git config --get commit.template [10ms]
2023-11-07 17:39:27.532 [info] > git for-each-ref --format=%(refname)%00%(upstream:short)%00%(objectname)%00%(upstream:track)%00%(upstream:remotename)%00%(upstream:remoteref) refs/heads/main refs/remotes/main [2ms]
2023-11-07 17:39:27.541 [info] > git status -z -uall [2ms]
2023-11-07 17:40:35.548 [info] > git config --local branch.main.github-pr-owner-number [2ms]
2023-11-07 17:40:35.557 [info] > git config --get commit.template [1ms]
2023-11-07 17:40:35.564 [info] > git for-each-ref --format=%(refname)%00%(upstream:short)%00%(objectname)%00%(upstream:track)%00%(upstream:remotename)%00%(upstream:remoteref) refs/heads/main refs/remotes/main [1ms]
2023-11-07 17:40:35.572 [info] > git status -z -uall [2ms]
2023-11-07 17:43:44.621 [info] > git config --get commit.template [9ms]
2023-11-07 17:43:44.622 [info] > git for-each-ref --format=%(refname)%00%(upstream:short)%00%(objectname)%00%(upstream:track)%00%(upstream:remotename)%00%(upstream:remoteref) refs/heads/main refs/remotes/main [1ms]
2023-11-07 17:43:44.631 [info] > git status -z -uall [2ms]
2023-11-07 17:44:25.155 [info] > git config --get commit.template [1ms]
2023-11-07 17:44:25.163 [info] > git for-each-ref --format=%(refname)%00%(upstream:short)%00%(objectname)%00%(upstream:track)%00%(upstream:remotename)%00%(upstream:remoteref) refs/heads/main refs/remotes/main [1ms]
2023-11-07 17:44:25.171 [info] > git status -z -uall [1ms]
2023-11-07 17:44:30.183 [info] > git config --get commit.template [0ms]
2023-11-07 17:44:30.190 [info] > git for-each-ref --format=%(refname)%00%(upstream:short)%00%(objectname)%00%(upstream:track)%00%(upstream:remotename)%00%(upstream:remoteref) refs/heads/main refs/remotes/main [1ms]
2023-11-07 17:44:30.198 [info] > git status -z -uall [1ms]
2023-11-07 17:44:35.213 [info] > git config --get commit.template [6ms]
2023-11-07 17:44:35.214 [info] > git for-each-ref --format=%(refname)%00%(upstream:short)%00%(objectname)%00%(upstream:track)%00%(upstream:remotename)%00%(upstream:remoteref) refs/heads/main refs/remotes/main [1ms]
2023-11-07 17:44:35.222 [info] > git status -z -uall [1ms]
2023-11-07 17:44:40.237 [info] > git config --get commit.template [1ms]
2023-11-07 17:44:40.247 [info] > git for-each-ref --format=%(refname)%00%(upstream:short)%00%(objectname)%00%(upstream:track)%00%(upstream:remotename)%00%(upstream:remoteref) refs/heads/main refs/remotes/main [2ms]
2023-11-07 17:44:40.256 [info] > git status -z -uall [2ms]
2023-11-07 17:44:45.278 [info] > git config --get commit.template [8ms]
2023-11-07 17:44:45.278 [info] > git for-each-ref --format=%(refname)%00%(upstream:short)%00%(objectname)%00%(upstream:track)%00%(upstream:remotename)%00%(upstream:remoteref) refs/heads/main refs/remotes/main [1ms]
2023-11-07 17:44:45.289 [info] > git status -z -uall [1ms]
2023-11-07 17:44:50.307 [info] > git config --get commit.template [8ms]
2023-11-07 17:44:50.308 [info] > git for-each-ref --format=%(refname)%00%(upstream:short)%00%(objectname)%00%(upstream:track)%00%(upstream:remotename)%00%(upstream:remoteref) refs/heads/main refs/remotes/main [1ms]
2023-11-07 17:44:50.315 [info] > git status -z -uall [1ms]
2023-11-07 17:45:27.369 [info] > git config --get commit.template [9ms]
2023-11-07 17:45:27.369 [info] > git for-each-ref --format=%(refname)%00%(upstream:short)%00%(objectname)%00%(upstream:track)%00%(upstream:remotename)%00%(upstream:remoteref) refs/heads/main refs/remotes/main [1ms]
2023-11-07 17:45:27.377 [info] > git status -z -uall [2ms]
2023-11-07 17:45:35.587 [info] > git config --local branch.main.github-pr-owner-number [4ms]
2023-11-07 17:45:35.598 [info] > git config --get commit.template [1ms]
2023-11-07 17:45:35.606 [info] > git for-each-ref --format=%(refname)%00%(upstream:short)%00%(objectname)%00%(upstream:track)%00%(upstream:remotename)%00%(upstream:remoteref) refs/heads/main refs/remotes/main [1ms]
2023-11-07 17:45:35.617 [info] > git status -z -uall [1ms]
2023-11-07 17:45:44.251 [info] > git config --get commit.template [9ms]
2023-11-07 17:45:44.252 [info] > git for-each-ref --format=%(refname)%00%(upstream:short)%00%(objectname)%00%(upstream:track)%00%(upstream:remotename)%00%(upstream:remoteref) refs/heads/main refs/remotes/main [1ms]
2023-11-07 17:45:44.260 [info] > git status -z -uall [2ms]
2023-11-07 17:46:29.534 [info] > git config --get commit.template [2ms]
2023-11-07 17:46:29.552 [info] > git for-each-ref --format=%(refname)%00%(upstream:short)%00%(objectname)%00%(upstream:track)%00%(upstream:remotename)%00%(upstream:remoteref) refs/heads/main refs/remotes/main [1ms]
2023-11-07 17:46:29.579 [info] > git status -z -uall [15ms]
2023-11-07 17:46:34.600 [info] > git config --get commit.template [8ms]
2023-11-07 17:46:34.601 [info] > git for-each-ref --format=%(refname)%00%(upstream:short)%00%(objectname)%00%(upstream:track)%00%(upstream:remotename)%00%(upstream:remoteref) refs/heads/main refs/remotes/main [1ms]
2023-11-07 17:46:34.608 [info] > git status -z -uall [2ms]
2023-11-07 17:46:45.383 [info] > git config --get commit.template [7ms]
2023-11-07 17:46:45.383 [info] > git for-each-ref --format=%(refname)%00%(upstream:short)%00%(objectname)%00%(upstream:track)%00%(upstream:remotename)%00%(upstream:remoteref) refs/heads/main refs/remotes/main [1ms]
2023-11-07 17:46:45.392 [info] > git status -z -uall [1ms]
2023-11-07 17:46:50.405 [info] > git config --get commit.template [1ms]
2023-11-07 17:46:50.413 [info] > git for-each-ref --format=%(refname)%00%(upstream:short)%00%(objectname)%00%(upstream:track)%00%(upstream:remotename)%00%(upstream:remoteref) refs/heads/main refs/remotes/main [1ms]
2023-11-07 17:46:50.421 [info] > git status -z -uall [2ms]
2023-11-07 17:47:43.413 [info] > git config --get commit.template [1ms]
2023-11-07 17:47:43.422 [info] > git for-each-ref --format=%(refname)%00%(upstream:short)%00%(objectname)%00%(upstream:track)%00%(upstream:remotename)%00%(upstream:remoteref) refs/heads/main refs/remotes/main [1ms]
2023-11-07 17:47:43.432 [info] > git status -z -uall [2ms]
2023-11-07 17:47:43.817 [info] > git show --textconv :src/index.css [10ms]
2023-11-07 17:47:43.818 [info] > git ls-files --stage -- /home/tphilly/Coursework/Color-picker/Unit3.ColorPicker.Starter/src/index.css [1ms]
2023-11-07 17:47:43.827 [info] > git cat-file -s 0443fbd4886ebb8a67a688e6c3cf5295b6709a50 [1ms]
2023-11-07 17:47:58.284 [info] > git show --textconv :src/App.jsx [10ms]
2023-11-07 17:47:58.285 [info] > git ls-files --stage -- /home/tphilly/Coursework/Color-picker/Unit3.ColorPicker.Starter/src/App.jsx [1ms]
2023-11-07 17:47:58.294 [info] > git cat-file -s aa9b8e4e5889e3825328e2994a5a9f8a7cdef6bc [1ms]
2023-11-07 17:49:45.552 [info] > git add -A -- . [4ms]
2023-11-07 17:49:45.570 [info] > git -c user.useConfigOnly=true commit --quiet --allow-empty-message --file - [10ms]
2023-11-07 17:49:45.581 [info] > git config --get commit.template [1ms]
2023-11-07 17:49:45.592 [info] > git config --get commit.template [1ms]
2023-11-07 17:49:45.600 [info] > git for-each-ref --format=%(refname)%00%(upstream:short)%00%(objectname)%00%(upstream:track)%00%(upstream:remotename)%00%(upstream:remoteref) refs/heads/main refs/remotes/main [1ms]
2023-11-07 17:49:45.615 [info] > git status -z -uall [1ms]
2023-11-07 17:49:45.781 [info] > git config --local branch.main.github-pr-owner-number [10ms]
2023-11-07 17:49:45.815 [info] > git config --get commit.template [19ms]
2023-11-07 17:49:45.815 [info] > git config --get commit.template [2ms]
2023-11-07 17:49:45.842 [info] > git for-each-ref --format=%(refname)%00%(upstream:short)%00%(objectname)%00%(upstream:track)%00%(upstream:remotename)%00%(upstream:remoteref) refs/heads/main refs/remotes/main [17ms]
2023-11-07 17:49:45.843 [info] > git for-each-ref --format=%(refname)%00%(upstream:short)%00%(objectname)%00%(upstream:track)%00%(upstream:remotename)%00%(upstream:remoteref) refs/heads/main refs/remotes/main [9ms]
2023-11-07 17:49:45.852 [info] > git status -z -uall [1ms]
2023-11-07 17:49:54.267 [info] > git log --oneline --cherry main...main@{upstream} -- [2ms]
2023-11-07 17:49:54.975 [info] > git pull --tags origin main [698ms]
2023-11-07 17:49:54.975 [info] From github.com:TheTroyPhillips/ColorPicker
 * branch            main       -> FETCH_HEAD
fatal: Not possible to fast-forward, aborting.
2023-11-07 17:49:54.991 [info] > git config --get commit.template [7ms]
2023-11-07 17:49:54.991 [info] > git for-each-ref --format=%(refname)%00%(upstream:short)%00%(objectname)%00%(upstream:track)%00%(upstream:remotename)%00%(upstream:remoteref) refs/heads/main refs/remotes/main [2ms]
2023-11-07 17:49:55.000 [info] > git status -z -uall [2ms]
2023-11-07 17:50:03.774 [info] > git config --get commit.template [2ms]
2023-11-07 17:50:03.785 [info] > git for-each-ref --format=%(refname)%00%(upstream:short)%00%(objectname)%00%(upstream:track)%00%(upstream:remotename)%00%(upstream:remoteref) refs/heads/main refs/remotes/main [1ms]
2023-11-07 17:50:03.794 [info] > git status -z -uall [1ms]
2023-11-07 17:50:17.820 [info] > git log --oneline --cherry main...main@{upstream} -- [2ms]
2023-11-07 17:50:18.546 [info] > git pull --tags origin main [715ms]
2023-11-07 17:50:18.546 [info] From github.com:TheTroyPhillips/ColorPicker
 * branch            main       -> FETCH_HEAD
fatal: Not possible to fast-forward, aborting.
2023-11-07 17:50:18.562 [info] > git config --get commit.template [8ms]
2023-11-07 17:50:18.562 [info] > git for-each-ref --format=%(refname)%00%(upstream:short)%00%(objectname)%00%(upstream:track)%00%(upstream:remotename)%00%(upstream:remoteref) refs/heads/main refs/remotes/main [1ms]
2023-11-07 17:50:18.571 [info] > git status -z -uall [1ms]
2023-11-07 17:50:19.745 [info] > git config --get commit.template [1ms]
2023-11-07 17:50:19.754 [info] > git for-each-ref --format=%(refname)%00%(upstream:short)%00%(objectname)%00%(upstream:track)%00%(upstream:remotename)%00%(upstream:remoteref) refs/heads/main refs/remotes/main [1ms]
2023-11-07 17:50:19.766 [info] > git status -z -uall [1ms]
2023-11-07 17:50:33.197 [info] > git show --textconv :src/App.jsx [11ms]
2023-11-07 17:50:33.198 [info] > git ls-files --stage -- /home/tphilly/Coursework/Color-picker/Unit3.ColorPicker.Starter/src/App.jsx [1ms]
2023-11-07 17:50:33.208 [info] > git cat-file -s 2018f5ce612699853847575cf5509fdf5837c3fa [1ms]
2023-11-07 17:50:35.629 [info] > git config --local branch.main.github-pr-owner-number [0ms]
2023-11-07 17:50:35.644 [info] > git config --get commit.template [1ms]
2023-11-07 17:50:35.659 [info] > git for-each-ref --format=%(refname)%00%(upstream:short)%00%(objectname)%00%(upstream:track)%00%(upstream:remotename)%00%(upstream:remoteref) refs/heads/main refs/remotes/main [2ms]
2023-11-07 17:50:35.681 [info] > git status -z -uall [8ms]
2023-11-07 17:52:38.855 [info] > git config --get commit.template [1ms]
2023-11-07 17:52:38.863 [info] > git for-each-ref --format=%(refname)%00%(upstream:short)%00%(objectname)%00%(upstream:track)%00%(upstream:remotename)%00%(upstream:remoteref) refs/heads/main refs/remotes/main [1ms]
2023-11-07 17:52:38.871 [info] > git status -z -uall [2ms]
2023-11-07 17:53:00.095 [info] > git log --oneline --cherry main...main@{upstream} -- [1ms]
2023-11-07 17:53:00.850 [info] > git pull --tags origin main [746ms]
2023-11-07 17:53:00.850 [info] From github.com:TheTroyPhillips/ColorPicker
 * branch            main       -> FETCH_HEAD
fatal: Not possible to fast-forward, aborting.
2023-11-07 17:53:00.865 [info] > git config --get commit.template [7ms]
2023-11-07 17:53:00.865 [info] > git for-each-ref --format=%(refname)%00%(upstream:short)%00%(objectname)%00%(upstream:track)%00%(upstream:remotename)%00%(upstream:remoteref) refs/heads/main refs/remotes/main [1ms]
2023-11-07 17:53:00.874 [info] > git status -z -uall [1ms]
2023-11-07 17:53:03.062 [info] > git config --get commit.template [12ms]
2023-11-07 17:53:03.070 [info] > git ls-files --stage -- /home/tphilly/Coursework/Color-picker/Unit3.ColorPicker.Starter/src/App.jsx [10ms]
2023-11-07 17:53:03.080 [info] > git for-each-ref --format=%(refname)%00%(upstream:short)%00%(objectname)%00%(upstream:track)%00%(upstream:remotename)%00%(upstream:remoteref) refs/heads/main refs/remotes/main [11ms]
2023-11-07 17:53:03.089 [info] > git cat-file -s 2018f5ce612699853847575cf5509fdf5837c3fa [11ms]
2023-11-07 17:53:03.090 [info] > git status -z -uall [1ms]
2023-11-07 17:53:03.118 [info] > git show --textconv :src/App.jsx [4ms]
2023-11-07 17:55:35.692 [info] > git config --local branch.main.github-pr-owner-number [1ms]
2023-11-07 17:55:35.702 [info] > git config --get commit.template [1ms]
2023-11-07 17:55:35.710 [info] > git for-each-ref --format=%(refname)%00%(upstream:short)%00%(objectname)%00%(upstream:track)%00%(upstream:remotename)%00%(upstream:remoteref) refs/heads/main refs/remotes/main [1ms]
2023-11-07 17:55:35.727 [info] > git status -z -uall [10ms]
2023-11-07 17:56:21.269 [info] > git clone https://github.com/FullstackAcademy/Unit3.ColorPicker.Starter.git /home/tphilly/Coursework/Color-picker/Unit3.ColorPicker.Starter-1 --progress [960ms]
2023-11-07 17:56:21.269 [info] Cloning into '/home/tphilly/Coursework/Color-picker/Unit3.ColorPicker.Starter-1'...
remote: Enumerating objects: 22, done.        
remote: Counting objects:   6% (1/16)        remote: Counting objects:  12% (2/16)        remote: Counting objects:  18% (3/16)        remote: Counting objects:  25% (4/16)        remote: Counting objects:  31% (5/16)        remote: Counting objects:  37% (6/16)        remote: Counting objects:  43% (7/16)        remote: Counting objects:  50% (8/16)        remote: Counting objects:  56% (9/16)        remote: Counting objects:  62% (10/16)        remote: Counting objects:  68% (11/16)        remote: Counting objects:  75% (12/16)        remote: Counting objects:  81% (13/16)        remote: Counting objects:  87% (14/16)        remote: Counting objects:  93% (15/16)        remote: Counting objects: 100% (16/16)        remote: Counting objects: 100% (16/16), done.        
remote: Compressing objects:   6% (1/16)        remote: Compressing objects:  12% (2/16)        remote: Compressing objects:  18% (3/16)        remote: Compressing objects:  25% (4/16)        remote: Compressing objects:  31% (5/16)        remote: Compressing objects:  37% (6/16)        remote: Compressing objects:  43% (7/16)        remote: Compressing objects:  50% (8/16)        remote: Compressing objects:  56% (9/16)        remote: Compressing objects:  62% (10/16)        remote: Compressing objects:  68% (11/16)        remote: Compressing objects:  75% (12/16)        remote: Compressing objects:  81% (13/16)        remote: Compressing objects:  87% (14/16)        remote: Compressing objects:  93% (15/16)        remote: Compressing objects: 100% (16/16)        remote: Compressing objects: 100% (16/16), done.        
Receiving objects:   4% (1/22)Receiving objects:   9% (2/22)Receiving objects:  13% (3/22)Receiving objects:  18% (4/22)Receiving objects:  22% (5/22)Receiving objects:  27% (6/22)Receiving objects:  31% (7/22)Receiving objects:  36% (8/22)Receiving objects:  40% (9/22)Receiving objects:  45% (10/22)Receiving objects:  50% (11/22)Receiving objects:  54% (12/22)Receiving objects:  59% (13/22)Receiving objects:  63% (14/22)Receiving objects:  68% (15/22)remote: Total 22 (delta 2), reused 5 (delta 0), pack-reused 6        
Receiving objects:  72% (16/22)Receiving objects:  77% (17/22)Receiving objects:  81% (18/22)Receiving objects:  86% (19/22)Receiving objects:  90% (20/22)Receiving objects:  95% (21/22)Receiving objects: 100% (22/22)Receiving objects: 100% (22/22), 61.91 KiB | 1.21 MiB/s, done.
Resolving deltas:   0% (0/2)Resolving deltas:  50% (1/2)Resolving deltas: 100% (2/2)Resolving deltas: 100% (2/2), done.
2023-11-07 18:00:35.744 [info] > git config --local branch.main.github-pr-owner-number [1ms]
2023-11-07 18:00:35.752 [info] > git config --get commit.template [1ms]
2023-11-07 18:00:35.760 [info] > git for-each-ref --format=%(refname)%00%(upstream:short)%00%(objectname)%00%(upstream:track)%00%(upstream:remotename)%00%(upstream:remoteref) refs/heads/main refs/remotes/main [1ms]
2023-11-07 18:00:35.768 [info] > git status -z -uall [2ms]
2023-11-07 18:05:35.782 [info] > git config --local branch.main.github-pr-owner-number [0ms]
2023-11-07 18:05:35.798 [info] > git config --get commit.template [9ms]
2023-11-07 18:05:35.799 [info] > git for-each-ref --format=%(refname)%00%(upstream:short)%00%(objectname)%00%(upstream:track)%00%(upstream:remotename)%00%(upstream:remoteref) refs/heads/main refs/remotes/main [2ms]
2023-11-07 18:05:35.808 [info] > git status -z -uall [2ms]
2023-11-07 18:10:35.822 [info] > git config --local branch.main.github-pr-owner-number [1ms]
2023-11-07 18:10:35.833 [info] > git config --get commit.template [2ms]
2023-11-07 18:10:35.841 [info] > git for-each-ref --format=%(refname)%00%(upstream:short)%00%(objectname)%00%(upstream:track)%00%(upstream:remotename)%00%(upstream:remoteref) refs/heads/main refs/remotes/main [1ms]
2023-11-07 18:10:35.849 [info] > git status -z -uall [1ms]
2023-11-07 18:15:35.866 [info] > git config --local branch.main.github-pr-owner-number [0ms]
2023-11-07 18:15:35.878 [info] > git config --get commit.template [1ms]
2023-11-07 18:15:35.891 [info] > git for-each-ref --format=%(refname)%00%(upstream:short)%00%(objectname)%00%(upstream:track)%00%(upstream:remotename)%00%(upstream:remoteref) refs/heads/main refs/remotes/main [1ms]
2023-11-07 18:15:35.905 [info] > git status -z -uall [1ms]
2023-11-07 18:20:35.920 [info] > git config --local branch.main.github-pr-owner-number [2ms]
2023-11-07 18:20:35.941 [info] > git config --get commit.template [9ms]
2023-11-07 18:20:35.941 [info] > git for-each-ref --format=%(refname)%00%(upstream:short)%00%(objectname)%00%(upstream:track)%00%(upstream:remotename)%00%(upstream:remoteref) refs/heads/main refs/remotes/main [1ms]
2023-11-07 18:20:35.951 [info] > git status -z -uall [1ms]
2023-11-07 18:25:35.963 [info] > git config --local branch.main.github-pr-owner-number [1ms]
2023-11-07 18:25:35.973 [info] > git config --get commit.template [1ms]
2023-11-07 18:25:35.982 [info] > git for-each-ref --format=%(refname)%00%(upstream:short)%00%(objectname)%00%(upstream:track)%00%(upstream:remotename)%00%(upstream:remoteref) refs/heads/main refs/remotes/main [2ms]
2023-11-07 18:25:35.991 [info] > git status -z -uall [1ms]
2023-11-07 18:30:36.005 [info] > git config --local branch.main.github-pr-owner-number [1ms]
2023-11-07 18:30:36.014 [info] > git config --get commit.template [0ms]
2023-11-07 18:30:36.023 [info] > git for-each-ref --format=%(refname)%00%(upstream:short)%00%(objectname)%00%(upstream:track)%00%(upstream:remotename)%00%(upstream:remoteref) refs/heads/main refs/remotes/main [1ms]
2023-11-07 18:30:36.034 [info] > git status -z -uall [1ms]
2023-11-07 18:35:36.046 [info] > git config --local branch.main.github-pr-owner-number [0ms]
2023-11-07 18:35:36.062 [info] > git config --get commit.template [9ms]
2023-11-07 18:35:36.062 [info] > git for-each-ref --format=%(refname)%00%(upstream:short)%00%(objectname)%00%(upstream:track)%00%(upstream:remotename)%00%(upstream:remoteref) refs/heads/main refs/remotes/main [1ms]
2023-11-07 18:35:36.069 [info] > git status -z -uall [1ms]
2023-11-07 18:40:36.082 [info] > git config --local branch.main.github-pr-owner-number [1ms]
2023-11-07 18:40:36.102 [info] > git config --get commit.template [10ms]
2023-11-07 18:40:36.102 [info] > git for-each-ref --format=%(refname)%00%(upstream:short)%00%(objectname)%00%(upstream:track)%00%(upstream:remotename)%00%(upstream:remoteref) refs/heads/main refs/remotes/main [1ms]
2023-11-07 18:40:36.110 [info] > git status -z -uall [1ms]
2023-11-07 18:45:36.121 [info] > git config --local branch.main.github-pr-owner-number [1ms]
2023-11-07 18:45:36.137 [info] > git config --get commit.template [7ms]
2023-11-07 18:45:36.137 [info] > git for-each-ref --format=%(refname)%00%(upstream:short)%00%(objectname)%00%(upstream:track)%00%(upstream:remotename)%00%(upstream:remoteref) refs/heads/main refs/remotes/main [1ms]
2023-11-07 18:45:36.145 [info] > git status -z -uall [1ms]
2023-11-07 18:50:36.160 [info] > git config --local branch.main.github-pr-owner-number [0ms]
2023-11-07 18:50:36.169 [info] > git config --get commit.template [2ms]
2023-11-07 18:50:36.177 [info] > git for-each-ref --format=%(refname)%00%(upstream:short)%00%(objectname)%00%(upstream:track)%00%(upstream:remotename)%00%(upstream:remoteref) refs/heads/main refs/remotes/main [1ms]
2023-11-07 18:50:36.186 [info] > git status -z -uall [1ms]
2023-11-07 18:55:36.200 [info] > git config --local branch.main.github-pr-owner-number [1ms]
2023-11-07 18:55:36.213 [info] > git config --get commit.template [2ms]
2023-11-07 18:55:36.222 [info] > git for-each-ref --format=%(refname)%00%(upstream:short)%00%(objectname)%00%(upstream:track)%00%(upstream:remotename)%00%(upstream:remoteref) refs/heads/main refs/remotes/main [1ms]
2023-11-07 18:55:36.249 [info] > git status -z -uall [15ms]
2023-11-07 19:00:36.260 [info] > git config --local branch.main.github-pr-owner-number [1ms]
2023-11-07 19:00:36.276 [info] > git config --get commit.template [8ms]
2023-11-07 19:00:36.276 [info] > git for-each-ref --format=%(refname)%00%(upstream:short)%00%(objectname)%00%(upstream:track)%00%(upstream:remotename)%00%(upstream:remoteref) refs/heads/main refs/remotes/main [1ms]
2023-11-07 19:00:36.284 [info] > git status -z -uall [1ms]
2023-11-07 19:05:36.295 [info] > git config --local branch.main.github-pr-owner-number [1ms]
2023-11-07 19:05:36.304 [info] > git config --get commit.template [0ms]
2023-11-07 19:05:36.315 [info] > git for-each-ref --format=%(refname)%00%(upstream:short)%00%(objectname)%00%(upstream:track)%00%(upstream:remotename)%00%(upstream:remoteref) refs/heads/main refs/remotes/main [1ms]
2023-11-07 19:05:36.325 [info] > git status -z -uall [1ms]
2023-11-07 19:10:36.338 [info] > git config --local branch.main.github-pr-owner-number [1ms]
2023-11-07 19:10:36.355 [info] > git config --get commit.template [8ms]
2023-11-07 19:10:36.355 [info] > git for-each-ref --format=%(refname)%00%(upstream:short)%00%(objectname)%00%(upstream:track)%00%(upstream:remotename)%00%(upstream:remoteref) refs/heads/main refs/remotes/main [1ms]
2023-11-07 19:10:36.363 [info] > git status -z -uall [1ms]
2023-11-07 19:15:36.375 [info] > git config --local branch.main.github-pr-owner-number [1ms]
2023-11-07 19:15:36.385 [info] > git config --get commit.template [1ms]
2023-11-07 19:15:36.392 [info] > git for-each-ref --format=%(refname)%00%(upstream:short)%00%(objectname)%00%(upstream:track)%00%(upstream:remotename)%00%(upstream:remoteref) refs/heads/main refs/remotes/main [1ms]
2023-11-07 19:15:36.402 [info] > git status -z -uall [1ms]
2023-11-07 19:20:36.414 [info] > git config --local branch.main.github-pr-owner-number [1ms]
2023-11-07 19:20:36.424 [info] > git config --get commit.template [1ms]
2023-11-07 19:20:36.434 [info] > git for-each-ref --format=%(refname)%00%(upstream:short)%00%(objectname)%00%(upstream:track)%00%(upstream:remotename)%00%(upstream:remoteref) refs/heads/main refs/remotes/main [1ms]
2023-11-07 19:20:36.443 [info] > git status -z -uall [1ms]
2023-11-07 19:25:36.457 [info] > git config --local branch.main.github-pr-owner-number [2ms]
2023-11-07 19:25:36.474 [info] > git config --get commit.template [8ms]
2023-11-07 19:25:36.474 [info] > git for-each-ref --format=%(refname)%00%(upstream:short)%00%(objectname)%00%(upstream:track)%00%(upstream:remotename)%00%(upstream:remoteref) refs/heads/main refs/remotes/main [1ms]
2023-11-07 19:25:36.483 [info] > git status -z -uall [2ms]
2023-11-07 19:30:36.495 [info] > git config --local branch.main.github-pr-owner-number [1ms]
2023-11-07 19:30:36.511 [info] > git config --get commit.template [8ms]
2023-11-07 19:30:36.512 [info] > git for-each-ref --format=%(refname)%00%(upstream:short)%00%(objectname)%00%(upstream:track)%00%(upstream:remotename)%00%(upstream:remoteref) refs/heads/main refs/remotes/main [2ms]
2023-11-07 19:30:36.520 [info] > git status -z -uall [1ms]
2023-11-07 19:35:36.533 [info] > git config --local branch.main.github-pr-owner-number [1ms]
2023-11-07 19:35:36.548 [info] > git config --get commit.template [7ms]
2023-11-07 19:35:36.548 [info] > git for-each-ref --format=%(refname)%00%(upstream:short)%00%(objectname)%00%(upstream:track)%00%(upstream:remotename)%00%(upstream:remoteref) refs/heads/main refs/remotes/main [1ms]
2023-11-07 19:35:36.567 [info] > git status -z -uall [1ms]
2023-11-07 19:40:36.580 [info] > git config --local branch.main.github-pr-owner-number [2ms]
2023-11-07 19:40:36.600 [info] > git config --get commit.template [8ms]
2023-11-07 19:40:36.600 [info] > git for-each-ref --format=%(refname)%00%(upstream:short)%00%(objectname)%00%(upstream:track)%00%(upstream:remotename)%00%(upstream:remoteref) refs/heads/main refs/remotes/main [1ms]
2023-11-07 19:40:36.607 [info] > git status -z -uall [1ms]
2023-11-07 19:45:36.619 [info] > git config --local branch.main.github-pr-owner-number [1ms]
2023-11-07 19:45:36.628 [info] > git config --get commit.template [1ms]
2023-11-07 19:45:36.638 [info] > git for-each-ref --format=%(refname)%00%(upstream:short)%00%(objectname)%00%(upstream:track)%00%(upstream:remotename)%00%(upstream:remoteref) refs/heads/main refs/remotes/main [1ms]
2023-11-07 19:45:36.646 [info] > git status -z -uall [1ms]
2023-11-07 19:50:36.657 [info] > git config --local branch.main.github-pr-owner-number [1ms]
2023-11-07 19:50:36.677 [info] > git config --get commit.template [7ms]
2023-11-07 19:50:36.677 [info] > git for-each-ref --format=%(refname)%00%(upstream:short)%00%(objectname)%00%(upstream:track)%00%(upstream:remotename)%00%(upstream:remoteref) refs/heads/main refs/remotes/main [2ms]
2023-11-07 19:50:36.685 [info] > git status -z -uall [1ms]
2023-11-07 19:55:36.699 [info] > git config --local branch.main.github-pr-owner-number [1ms]
2023-11-07 19:55:36.708 [info] > git config --get commit.template [1ms]
2023-11-07 19:55:36.716 [info] > git for-each-ref --format=%(refname)%00%(upstream:short)%00%(objectname)%00%(upstream:track)%00%(upstream:remotename)%00%(upstream:remoteref) refs/heads/main refs/remotes/main [1ms]
2023-11-07 19:55:36.725 [info] > git status -z -uall [1ms]
2023-11-07 20:00:36.739 [info] > git config --local branch.main.github-pr-owner-number [2ms]
2023-11-07 20:00:36.750 [info] > git config --get commit.template [1ms]
2023-11-07 20:00:36.758 [info] > git for-each-ref --format=%(refname)%00%(upstream:short)%00%(objectname)%00%(upstream:track)%00%(upstream:remotename)%00%(upstream:remoteref) refs/heads/main refs/remotes/main [1ms]
2023-11-07 20:00:36.766 [info] > git status -z -uall [1ms]
2023-11-07 20:05:36.778 [info] > git config --local branch.main.github-pr-owner-number [0ms]
2023-11-07 20:05:36.786 [info] > git config --get commit.template [1ms]
2023-11-07 20:05:36.795 [info] > git for-each-ref --format=%(refname)%00%(upstream:short)%00%(objectname)%00%(upstream:track)%00%(upstream:remotename)%00%(upstream:remoteref) refs/heads/main refs/remotes/main [1ms]
2023-11-07 20:05:36.804 [info] > git status -z -uall [1ms]
2023-11-07 20:10:36.816 [info] > git config --local branch.main.github-pr-owner-number [1ms]
2023-11-07 20:10:36.834 [info] > git config --get commit.template [9ms]
2023-11-07 20:10:36.835 [info] > git for-each-ref --format=%(refname)%00%(upstream:short)%00%(objectname)%00%(upstream:track)%00%(upstream:remotename)%00%(upstream:remoteref) refs/heads/main refs/remotes/main [2ms]
2023-11-07 20:10:36.842 [info] > git status -z -uall [1ms]
2023-11-07 20:15:36.854 [info] > git config --local branch.main.github-pr-owner-number [0ms]
2023-11-07 20:15:36.869 [info] > git config --get commit.template [7ms]
2023-11-07 20:15:36.870 [info] > git for-each-ref --format=%(refname)%00%(upstream:short)%00%(objectname)%00%(upstream:track)%00%(upstream:remotename)%00%(upstream:remoteref) refs/heads/main refs/remotes/main [1ms]
2023-11-07 20:15:36.880 [info] > git status -z -uall [1ms]
2023-11-07 20:20:36.893 [info] > git config --local branch.main.github-pr-owner-number [1ms]
2023-11-07 20:20:36.912 [info] > git config --get commit.template [9ms]
2023-11-07 20:20:36.913 [info] > git for-each-ref --format=%(refname)%00%(upstream:short)%00%(objectname)%00%(upstream:track)%00%(upstream:remotename)%00%(upstream:remoteref) refs/heads/main refs/remotes/main [1ms]
2023-11-07 20:20:36.923 [info] > git status -z -uall [2ms]
2023-11-07 20:25:36.935 [info] > git config --local branch.main.github-pr-owner-number [1ms]
2023-11-07 20:25:36.952 [info] > git config --get commit.template [8ms]
2023-11-07 20:25:36.952 [info] > git for-each-ref --format=%(refname)%00%(upstream:short)%00%(objectname)%00%(upstream:track)%00%(upstream:remotename)%00%(upstream:remoteref) refs/heads/main refs/remotes/main [1ms]
2023-11-07 20:25:36.963 [info] > git status -z -uall [1ms]
2023-11-07 20:30:36.975 [info] > git config --local branch.main.github-pr-owner-number [0ms]
2023-11-07 20:30:36.993 [info] > git config --get commit.template [9ms]
2023-11-07 20:30:36.994 [info] > git for-each-ref --format=%(refname)%00%(upstream:short)%00%(objectname)%00%(upstream:track)%00%(upstream:remotename)%00%(upstream:remoteref) refs/heads/main refs/remotes/main [2ms]
2023-11-07 20:30:37.016 [info] > git status -z -uall [12ms]
2023-11-07 20:35:37.028 [info] > git config --local branch.main.github-pr-owner-number [0ms]
2023-11-07 20:35:37.044 [info] > git config --get commit.template [8ms]
2023-11-07 20:35:37.044 [info] > git for-each-ref --format=%(refname)%00%(upstream:short)%00%(objectname)%00%(upstream:track)%00%(upstream:remotename)%00%(upstream:remoteref) refs/heads/main refs/remotes/main [1ms]
2023-11-07 20:35:37.054 [info] > git status -z -uall [1ms]
2023-11-07 20:40:37.065 [info] > git config --local branch.main.github-pr-owner-number [1ms]
2023-11-07 20:40:37.087 [info] > git config --get commit.template [8ms]
2023-11-07 20:40:37.087 [info] > git for-each-ref --format=%(refname)%00%(upstream:short)%00%(objectname)%00%(upstream:track)%00%(upstream:remotename)%00%(upstream:remoteref) refs/heads/main refs/remotes/main [2ms]
2023-11-07 20:40:37.101 [info] > git status -z -uall [1ms]
2023-11-07 20:45:37.117 [info] > git config --local branch.main.github-pr-owner-number [1ms]
2023-11-07 20:45:37.136 [info] > git config --get commit.template [10ms]
2023-11-07 20:45:37.137 [info] > git for-each-ref --format=%(refname)%00%(upstream:short)%00%(objectname)%00%(upstream:track)%00%(upstream:remotename)%00%(upstream:remoteref) refs/heads/main refs/remotes/main [1ms]
2023-11-07 20:45:37.148 [info] > git status -z -uall [1ms]
2023-11-07 20:50:37.161 [info] > git config --local branch.main.github-pr-owner-number [1ms]
2023-11-07 20:50:37.171 [info] > git config --get commit.template [1ms]
2023-11-07 20:50:37.180 [info] > git for-each-ref --format=%(refname)%00%(upstream:short)%00%(objectname)%00%(upstream:track)%00%(upstream:remotename)%00%(upstream:remoteref) refs/heads/main refs/remotes/main [1ms]
2023-11-07 20:50:37.189 [info] > git status -z -uall [2ms]
2023-11-07 20:55:37.200 [info] > git config --local branch.main.github-pr-owner-number [0ms]
2023-11-07 20:55:37.220 [info] > git config --get commit.template [10ms]
2023-11-07 20:55:37.221 [info] > git for-each-ref --format=%(refname)%00%(upstream:short)%00%(objectname)%00%(upstream:track)%00%(upstream:remotename)%00%(upstream:remoteref) refs/heads/main refs/remotes/main [1ms]
2023-11-07 20:55:37.230 [info] > git status -z -uall [1ms]
2023-11-07 21:00:37.256 [info] > git config --local branch.main.github-pr-owner-number [1ms]
2023-11-07 21:00:37.297 [info] > git config --get commit.template [21ms]
2023-11-07 21:00:37.297 [info] > git for-each-ref --format=%(refname)%00%(upstream:short)%00%(objectname)%00%(upstream:track)%00%(upstream:remotename)%00%(upstream:remoteref) refs/heads/main refs/remotes/main [2ms]
2023-11-07 21:00:37.306 [info] > git status -z -uall [1ms]
2023-11-07 21:05:37.320 [info] > git config --local branch.main.github-pr-owner-number [1ms]
2023-11-07 21:05:37.339 [info] > git config --get commit.template [11ms]
2023-11-07 21:05:37.339 [info] > git for-each-ref --format=%(refname)%00%(upstream:short)%00%(objectname)%00%(upstream:track)%00%(upstream:remotename)%00%(upstream:remoteref) refs/heads/main refs/remotes/main [1ms]
2023-11-07 21:05:37.350 [info] > git status -z -uall [2ms]
2023-11-07 21:10:37.363 [info] > git config --local branch.main.github-pr-owner-number [0ms]
2023-11-07 21:10:37.380 [info] > git config --get commit.template [8ms]
2023-11-07 21:10:37.381 [info] > git for-each-ref --format=%(refname)%00%(upstream:short)%00%(objectname)%00%(upstream:track)%00%(upstream:remotename)%00%(upstream:remoteref) refs/heads/main refs/remotes/main [1ms]
2023-11-07 21:10:37.390 [info] > git status -z -uall [2ms]
2023-11-07 21:15:37.401 [info] > git config --local branch.main.github-pr-owner-number [2ms]
2023-11-07 21:15:37.420 [info] > git config --get commit.template [9ms]
2023-11-07 21:15:37.421 [info] > git for-each-ref --format=%(refname)%00%(upstream:short)%00%(objectname)%00%(upstream:track)%00%(upstream:remotename)%00%(upstream:remoteref) refs/heads/main refs/remotes/main [1ms]
2023-11-07 21:15:37.430 [info] > git status -z -uall [1ms]
2023-11-07 21:20:37.445 [info] > git config --local branch.main.github-pr-owner-number [2ms]
2023-11-07 21:20:37.468 [info] > git config --get commit.template [10ms]
2023-11-07 21:20:37.468 [info] > git for-each-ref --format=%(refname)%00%(upstream:short)%00%(objectname)%00%(upstream:track)%00%(upstream:remotename)%00%(upstream:remoteref) refs/heads/main refs/remotes/main [1ms]
2023-11-07 21:20:37.478 [info] > git status -z -uall [2ms]
2023-11-07 21:25:37.492 [info] > git config --local branch.main.github-pr-owner-number [1ms]
2023-11-07 21:25:37.513 [info] > git config --get commit.template [11ms]
2023-11-07 21:25:37.513 [info] > git for-each-ref --format=%(refname)%00%(upstream:short)%00%(objectname)%00%(upstream:track)%00%(upstream:remotename)%00%(upstream:remoteref) refs/heads/main refs/remotes/main [1ms]
2023-11-07 21:25:37.524 [info] > git status -z -uall [1ms]
2023-11-07 21:30:37.538 [info] > git config --local branch.main.github-pr-owner-number [1ms]
2023-11-07 21:30:37.556 [info] > git config --get commit.template [9ms]
2023-11-07 21:30:37.557 [info] > git for-each-ref --format=%(refname)%00%(upstream:short)%00%(objectname)%00%(upstream:track)%00%(upstream:remotename)%00%(upstream:remoteref) refs/heads/main refs/remotes/main [1ms]
2023-11-07 21:30:37.566 [info] > git status -z -uall [1ms]
2023-11-07 21:35:37.583 [info] > git config --local branch.main.github-pr-owner-number [1ms]
2023-11-07 21:35:37.604 [info] > git config --get commit.template [9ms]
2023-11-07 21:35:37.604 [info] > git for-each-ref --format=%(refname)%00%(upstream:short)%00%(objectname)%00%(upstream:track)%00%(upstream:remotename)%00%(upstream:remoteref) refs/heads/main refs/remotes/main [1ms]
2023-11-07 21:35:37.613 [info] > git status -z -uall [1ms]
2023-11-07 21:40:37.627 [info] > git config --local branch.main.github-pr-owner-number [0ms]
2023-11-07 21:40:37.636 [info] > git config --get commit.template [1ms]
2023-11-07 21:40:37.643 [info] > git for-each-ref --format=%(refname)%00%(upstream:short)%00%(objectname)%00%(upstream:track)%00%(upstream:remotename)%00%(upstream:remoteref) refs/heads/main refs/remotes/main [1ms]
2023-11-07 21:40:37.651 [info] > git status -z -uall [1ms]
2023-11-07 21:45:37.666 [info] > git config --local branch.main.github-pr-owner-number [1ms]
2023-11-07 21:45:37.677 [info] > git config --get commit.template [2ms]
2023-11-07 21:45:37.689 [info] > git for-each-ref --format=%(refname)%00%(upstream:short)%00%(objectname)%00%(upstream:track)%00%(upstream:remotename)%00%(upstream:remoteref) refs/heads/main refs/remotes/main [1ms]
2023-11-07 21:45:37.700 [info] > git status -z -uall [2ms]
2023-11-07 21:50:37.713 [info] > git config --local branch.main.github-pr-owner-number [1ms]
2023-11-07 21:50:37.731 [info] > git config --get commit.template [8ms]
2023-11-07 21:50:37.731 [info] > git for-each-ref --format=%(refname)%00%(upstream:short)%00%(objectname)%00%(upstream:track)%00%(upstream:remotename)%00%(upstream:remoteref) refs/heads/main refs/remotes/main [1ms]
2023-11-07 21:50:37.740 [info] > git status -z -uall [2ms]
2023-11-07 21:55:37.753 [info] > git config --local branch.main.github-pr-owner-number [1ms]
2023-11-07 21:55:37.770 [info] > git config --get commit.template [7ms]
2023-11-07 21:55:37.770 [info] > git for-each-ref --format=%(refname)%00%(upstream:short)%00%(objectname)%00%(upstream:track)%00%(upstream:remotename)%00%(upstream:remoteref) refs/heads/main refs/remotes/main [1ms]
2023-11-07 21:55:37.778 [info] > git status -z -uall [1ms]
2023-11-07 22:00:37.803 [info] > git config --local branch.main.github-pr-owner-number [1ms]
2023-11-07 22:00:37.824 [info] > git config --get commit.template [10ms]
2023-11-07 22:00:37.824 [info] > git for-each-ref --format=%(refname)%00%(upstream:short)%00%(objectname)%00%(upstream:track)%00%(upstream:remotename)%00%(upstream:remoteref) refs/heads/main refs/remotes/main [1ms]
2023-11-07 22:00:37.835 [info] > git status -z -uall [1ms]
2023-11-07 22:05:37.849 [info] > git config --local branch.main.github-pr-owner-number [1ms]
2023-11-07 22:05:37.865 [info] > git config --get commit.template [8ms]
2023-11-07 22:05:37.865 [info] > git for-each-ref --format=%(refname)%00%(upstream:short)%00%(objectname)%00%(upstream:track)%00%(upstream:remotename)%00%(upstream:remoteref) refs/heads/main refs/remotes/main [1ms]
2023-11-07 22:05:37.873 [info] > git status -z -uall [1ms]
2023-11-07 22:10:37.887 [info] > git config --local branch.main.github-pr-owner-number [1ms]
2023-11-07 22:10:37.898 [info] > git config --get commit.template [2ms]
2023-11-07 22:10:37.915 [info] > git for-each-ref --format=%(refname)%00%(upstream:short)%00%(objectname)%00%(upstream:track)%00%(upstream:remotename)%00%(upstream:remoteref) refs/heads/main refs/remotes/main [11ms]
2023-11-07 22:10:37.924 [info] > git status -z -uall [1ms]
2023-11-07 22:23:29.078 [info] > git config --local branch.main.github-pr-owner-number [1ms]
2023-11-07 22:23:29.090 [info] > git config --get commit.template [1ms]
2023-11-07 22:23:29.099 [info] > git for-each-ref --format=%(refname)%00%(upstream:short)%00%(objectname)%00%(upstream:track)%00%(upstream:remotename)%00%(upstream:remoteref) refs/heads/main refs/remotes/main [1ms]
2023-11-07 22:23:29.109 [info] > git status -z -uall [1ms]
2023-11-07 22:28:29.126 [info] > git config --local branch.main.github-pr-owner-number [4ms]
2023-11-07 22:28:29.146 [info] > git config --get commit.template [8ms]
2023-11-07 22:28:29.147 [info] > git for-each-ref --format=%(refname)%00%(upstream:short)%00%(objectname)%00%(upstream:track)%00%(upstream:remotename)%00%(upstream:remoteref) refs/heads/main refs/remotes/main [2ms]
2023-11-07 22:28:29.157 [info] > git status -z -uall [1ms]
2023-11-07 22:33:29.182 [info] > git config --local branch.main.github-pr-owner-number [3ms]
2023-11-07 22:33:29.215 [info] > git config --get commit.template [16ms]
2023-11-07 22:33:29.216 [info] > git for-each-ref --format=%(refname)%00%(upstream:short)%00%(objectname)%00%(upstream:track)%00%(upstream:remotename)%00%(upstream:remoteref) refs/heads/main refs/remotes/main [2ms]
2023-11-07 22:33:29.229 [info] > git status -z -uall [1ms]
2023-11-07 22:38:29.243 [info] > git config --local branch.main.github-pr-owner-number [0ms]
2023-11-07 22:38:29.263 [info] > git config --get commit.template [9ms]
2023-11-07 22:38:29.263 [info] > git for-each-ref --format=%(refname)%00%(upstream:short)%00%(objectname)%00%(upstream:track)%00%(upstream:remotename)%00%(upstream:remoteref) refs/heads/main refs/remotes/main [1ms]
2023-11-07 22:38:29.273 [info] > git status -z -uall [1ms]
2023-11-07 22:43:29.285 [info] > git config --local branch.main.github-pr-owner-number [1ms]
2023-11-07 22:43:29.304 [info] > git config --get commit.template [9ms]
2023-11-07 22:43:29.304 [info] > git for-each-ref --format=%(refname)%00%(upstream:short)%00%(objectname)%00%(upstream:track)%00%(upstream:remotename)%00%(upstream:remoteref) refs/heads/main refs/remotes/main [2ms]
2023-11-07 22:43:29.314 [info] > git status -z -uall [1ms]
2023-11-07 22:48:29.327 [info] > git config --local branch.main.github-pr-owner-number [1ms]
2023-11-07 22:48:29.350 [info] > git config --get commit.template [9ms]
2023-11-07 22:48:29.351 [info] > git for-each-ref --format=%(refname)%00%(upstream:short)%00%(objectname)%00%(upstream:track)%00%(upstream:remotename)%00%(upstream:remoteref) refs/heads/main refs/remotes/main [2ms]
2023-11-07 22:48:29.362 [info] > git status -z -uall [1ms]
2023-11-07 22:53:29.376 [info] > git config --local branch.main.github-pr-owner-number [0ms]
2023-11-07 22:53:29.398 [info] > git config --get commit.template [12ms]
2023-11-07 22:53:29.398 [info] > git for-each-ref --format=%(refname)%00%(upstream:short)%00%(objectname)%00%(upstream:track)%00%(upstream:remotename)%00%(upstream:remoteref) refs/heads/main refs/remotes/main [1ms]
2023-11-07 22:53:29.408 [info] > git status -z -uall [1ms]
2023-11-07 22:58:29.424 [info] > git config --local branch.main.github-pr-owner-number [1ms]
2023-11-07 22:58:29.442 [info] > git config --get commit.template [10ms]
2023-11-07 22:58:29.443 [info] > git for-each-ref --format=%(refname)%00%(upstream:short)%00%(objectname)%00%(upstream:track)%00%(upstream:remotename)%00%(upstream:remoteref) refs/heads/main refs/remotes/main [1ms]
2023-11-07 22:58:29.453 [info] > git status -z -uall [1ms]
2023-11-07 23:03:29.469 [info] > git config --local branch.main.github-pr-owner-number [1ms]
2023-11-07 23:03:29.490 [info] > git config --get commit.template [10ms]
2023-11-07 23:03:29.490 [info] > git for-each-ref --format=%(refname)%00%(upstream:short)%00%(objectname)%00%(upstream:track)%00%(upstream:remotename)%00%(upstream:remoteref) refs/heads/main refs/remotes/main [1ms]
2023-11-07 23:03:29.501 [info] > git status -z -uall [2ms]
2023-11-07 23:08:29.516 [info] > git config --local branch.main.github-pr-owner-number [1ms]
2023-11-07 23:08:29.536 [info] > git config --get commit.template [8ms]
2023-11-07 23:08:29.536 [info] > git for-each-ref --format=%(refname)%00%(upstream:short)%00%(objectname)%00%(upstream:track)%00%(upstream:remotename)%00%(upstream:remoteref) refs/heads/main refs/remotes/main [1ms]
2023-11-07 23:08:29.547 [info] > git status -z -uall [1ms]
2023-11-07 23:13:29.558 [info] > git config --local branch.main.github-pr-owner-number [1ms]
2023-11-07 23:13:29.576 [info] > git config --get commit.template [8ms]
2023-11-07 23:13:29.576 [info] > git for-each-ref --format=%(refname)%00%(upstream:short)%00%(objectname)%00%(upstream:track)%00%(upstream:remotename)%00%(upstream:remoteref) refs/heads/main refs/remotes/main [1ms]
2023-11-07 23:13:29.588 [info] > git status -z -uall [1ms]
2023-11-07 23:18:29.601 [info] > git config --local branch.main.github-pr-owner-number [0ms]
2023-11-07 23:18:29.621 [info] > git config --get commit.template [9ms]
2023-11-07 23:18:29.621 [info] > git for-each-ref --format=%(refname)%00%(upstream:short)%00%(objectname)%00%(upstream:track)%00%(upstream:remotename)%00%(upstream:remoteref) refs/heads/main refs/remotes/main [1ms]
2023-11-07 23:18:29.632 [info] > git status -z -uall [1ms]
2023-11-07 23:23:29.645 [info] > git config --local branch.main.github-pr-owner-number [0ms]
2023-11-07 23:23:29.657 [info] > git config --get commit.template [0ms]
2023-11-07 23:23:29.665 [info] > git for-each-ref --format=%(refname)%00%(upstream:short)%00%(objectname)%00%(upstream:track)%00%(upstream:remotename)%00%(upstream:remoteref) refs/heads/main refs/remotes/main [1ms]
2023-11-07 23:23:29.677 [info] > git status -z -uall [1ms]
2023-11-07 23:28:29.689 [info] > git config --local branch.main.github-pr-owner-number [1ms]
2023-11-07 23:28:29.708 [info] > git config --get commit.template [7ms]
2023-11-07 23:28:29.708 [info] > git for-each-ref --format=%(refname)%00%(upstream:short)%00%(objectname)%00%(upstream:track)%00%(upstream:remotename)%00%(upstream:remoteref) refs/heads/main refs/remotes/main [1ms]
2023-11-07 23:28:29.719 [info] > git status -z -uall [1ms]
2023-11-07 23:33:29.733 [info] > git config --local branch.main.github-pr-owner-number [1ms]
2023-11-07 23:33:29.755 [info] > git config --get commit.template [10ms]
2023-11-07 23:33:29.756 [info] > git for-each-ref --format=%(refname)%00%(upstream:short)%00%(objectname)%00%(upstream:track)%00%(upstream:remotename)%00%(upstream:remoteref) refs/heads/main refs/remotes/main [1ms]
2023-11-07 23:33:29.765 [info] > git status -z -uall [1ms]
2023-11-07 23:38:29.781 [info] > git config --local branch.main.github-pr-owner-number [1ms]
2023-11-07 23:38:29.792 [info] > git config --get commit.template [1ms]
2023-11-07 23:38:29.804 [info] > git for-each-ref --format=%(refname)%00%(upstream:short)%00%(objectname)%00%(upstream:track)%00%(upstream:remotename)%00%(upstream:remoteref) refs/heads/main refs/remotes/main [2ms]
2023-11-07 23:38:29.814 [info] > git status -z -uall [1ms]
2023-11-07 23:43:29.829 [info] > git config --local branch.main.github-pr-owner-number [1ms]
2023-11-07 23:43:29.849 [info] > git config --get commit.template [8ms]
2023-11-07 23:43:29.850 [info] > git for-each-ref --format=%(refname)%00%(upstream:short)%00%(objectname)%00%(upstream:track)%00%(upstream:remotename)%00%(upstream:remoteref) refs/heads/main refs/remotes/main [1ms]
2023-11-07 23:43:29.860 [info] > git status -z -uall [1ms]
2023-11-07 23:48:29.874 [info] > git config --local branch.main.github-pr-owner-number [1ms]
2023-11-07 23:48:29.893 [info] > git config --get commit.template [8ms]
2023-11-07 23:48:29.894 [info] > git for-each-ref --format=%(refname)%00%(upstream:short)%00%(objectname)%00%(upstream:track)%00%(upstream:remotename)%00%(upstream:remoteref) refs/heads/main refs/remotes/main [1ms]
2023-11-07 23:48:29.904 [info] > git status -z -uall [1ms]
2023-11-07 23:53:29.918 [info] > git config --local branch.main.github-pr-owner-number [0ms]
2023-11-07 23:53:29.938 [info] > git config --get commit.template [9ms]
2023-11-07 23:53:29.939 [info] > git for-each-ref --format=%(refname)%00%(upstream:short)%00%(objectname)%00%(upstream:track)%00%(upstream:remotename)%00%(upstream:remoteref) refs/heads/main refs/remotes/main [2ms]
2023-11-07 23:53:29.950 [info] > git status -z -uall [2ms]
2023-11-07 23:58:29.963 [info] > git config --local branch.main.github-pr-owner-number [1ms]
2023-11-07 23:58:29.975 [info] > git config --get commit.template [1ms]
2023-11-07 23:58:29.984 [info] > git for-each-ref --format=%(refname)%00%(upstream:short)%00%(objectname)%00%(upstream:track)%00%(upstream:remotename)%00%(upstream:remoteref) refs/heads/main refs/remotes/main [1ms]
2023-11-07 23:58:29.995 [info] > git status -z -uall [1ms]
2023-11-08 00:03:30.008 [info] > git config --local branch.main.github-pr-owner-number [1ms]
2023-11-08 00:03:30.030 [info] > git config --get commit.template [11ms]
2023-11-08 00:03:30.031 [info] > git for-each-ref --format=%(refname)%00%(upstream:short)%00%(objectname)%00%(upstream:track)%00%(upstream:remotename)%00%(upstream:remoteref) refs/heads/main refs/remotes/main [1ms]
2023-11-08 00:03:30.041 [info] > git status -z -uall [2ms]
2023-11-08 00:08:30.055 [info] > git config --local branch.main.github-pr-owner-number [0ms]
2023-11-08 00:08:30.067 [info] > git config --get commit.template [1ms]
2023-11-08 00:08:30.077 [info] > git for-each-ref --format=%(refname)%00%(upstream:short)%00%(objectname)%00%(upstream:track)%00%(upstream:remotename)%00%(upstream:remoteref) refs/heads/main refs/remotes/main [1ms]
2023-11-08 00:08:30.087 [info] > git status -z -uall [1ms]
2023-11-08 00:13:30.101 [info] > git config --local branch.main.github-pr-owner-number [1ms]
2023-11-08 00:13:30.119 [info] > git config --get commit.template [9ms]
2023-11-08 00:13:30.119 [info] > git for-each-ref --format=%(refname)%00%(upstream:short)%00%(objectname)%00%(upstream:track)%00%(upstream:remotename)%00%(upstream:remoteref) refs/heads/main refs/remotes/main [1ms]
2023-11-08 00:13:30.128 [info] > git status -z -uall [1ms]
2023-11-08 00:18:30.141 [info] > git config --local branch.main.github-pr-owner-number [1ms]
2023-11-08 00:18:30.151 [info] > git config --get commit.template [0ms]
2023-11-08 00:18:30.161 [info] > git for-each-ref --format=%(refname)%00%(upstream:short)%00%(objectname)%00%(upstream:track)%00%(upstream:remotename)%00%(upstream:remoteref) refs/heads/main refs/remotes/main [1ms]
2023-11-08 00:18:30.176 [info] > git status -z -uall [2ms]
2023-11-08 00:23:30.190 [info] > git config --local branch.main.github-pr-owner-number [1ms]
2023-11-08 00:23:30.211 [info] > git config --get commit.template [9ms]
2023-11-08 00:23:30.211 [info] > git for-each-ref --format=%(refname)%00%(upstream:short)%00%(objectname)%00%(upstream:track)%00%(upstream:remotename)%00%(upstream:remoteref) refs/heads/main refs/remotes/main [2ms]
2023-11-08 00:23:30.221 [info] > git status -z -uall [1ms]
2023-11-08 00:28:30.233 [info] > git config --local branch.main.github-pr-owner-number [1ms]
2023-11-08 00:28:30.250 [info] > git config --get commit.template [8ms]
2023-11-08 00:28:30.250 [info] > git for-each-ref --format=%(refname)%00%(upstream:short)%00%(objectname)%00%(upstream:track)%00%(upstream:remotename)%00%(upstream:remoteref) refs/heads/main refs/remotes/main [1ms]
2023-11-08 00:28:30.259 [info] > git status -z -uall [1ms]
2023-11-08 00:33:30.272 [info] > git config --local branch.main.github-pr-owner-number [0ms]
2023-11-08 00:33:30.283 [info] > git config --get commit.template [0ms]
2023-11-08 00:33:30.292 [info] > git for-each-ref --format=%(refname)%00%(upstream:short)%00%(objectname)%00%(upstream:track)%00%(upstream:remotename)%00%(upstream:remoteref) refs/heads/main refs/remotes/main [1ms]
2023-11-08 00:33:30.301 [info] > git status -z -uall [1ms]
2023-11-08 00:38:30.313 [info] > git config --local branch.main.github-pr-owner-number [1ms]
2023-11-08 00:38:30.330 [info] > git config --get commit.template [8ms]
2023-11-08 00:38:30.331 [info] > git for-each-ref --format=%(refname)%00%(upstream:short)%00%(objectname)%00%(upstream:track)%00%(upstream:remotename)%00%(upstream:remoteref) refs/heads/main refs/remotes/main [1ms]
2023-11-08 00:38:30.339 [info] > git status -z -uall [2ms]
2023-11-08 00:43:30.351 [info] > git config --local branch.main.github-pr-owner-number [0ms]
2023-11-08 00:43:30.368 [info] > git config --get commit.template [8ms]
2023-11-08 00:43:30.368 [info] > git for-each-ref --format=%(refname)%00%(upstream:short)%00%(objectname)%00%(upstream:track)%00%(upstream:remotename)%00%(upstream:remoteref) refs/heads/main refs/remotes/main [1ms]
2023-11-08 00:43:30.377 [info] > git status -z -uall [1ms]
2023-11-08 00:48:30.390 [info] > git config --local branch.main.github-pr-owner-number [1ms]
2023-11-08 00:48:30.407 [info] > git config --get commit.template [8ms]
2023-11-08 00:48:30.407 [info] > git for-each-ref --format=%(refname)%00%(upstream:short)%00%(objectname)%00%(upstream:track)%00%(upstream:remotename)%00%(upstream:remoteref) refs/heads/main refs/remotes/main [1ms]
2023-11-08 00:48:30.414 [info] > git status -z -uall [1ms]
2023-11-08 00:53:30.425 [info] > git config --local branch.main.github-pr-owner-number [1ms]
2023-11-08 00:53:30.436 [info] > git config --get commit.template [1ms]
2023-11-08 00:53:30.444 [info] > git for-each-ref --format=%(refname)%00%(upstream:short)%00%(objectname)%00%(upstream:track)%00%(upstream:remotename)%00%(upstream:remoteref) refs/heads/main refs/remotes/main [1ms]
2023-11-08 00:53:30.452 [info] > git status -z -uall [1ms]
2023-11-08 00:58:30.466 [info] > git config --local branch.main.github-pr-owner-number [1ms]
2023-11-08 00:58:30.484 [info] > git config --get commit.template [8ms]
2023-11-08 00:58:30.485 [info] > git for-each-ref --format=%(refname)%00%(upstream:short)%00%(objectname)%00%(upstream:track)%00%(upstream:remotename)%00%(upstream:remoteref) refs/heads/main refs/remotes/main [1ms]
2023-11-08 00:58:30.494 [info] > git status -z -uall [1ms]
2023-11-08 01:03:30.507 [info] > git config --local branch.main.github-pr-owner-number [1ms]
2023-11-08 01:03:30.524 [info] > git config --get commit.template [8ms]
2023-11-08 01:03:30.524 [info] > git for-each-ref --format=%(refname)%00%(upstream:short)%00%(objectname)%00%(upstream:track)%00%(upstream:remotename)%00%(upstream:remoteref) refs/heads/main refs/remotes/main [1ms]
2023-11-08 01:03:30.533 [info] > git status -z -uall [1ms]
2023-11-08 01:08:30.547 [info] > git config --local branch.main.github-pr-owner-number [1ms]
2023-11-08 01:08:30.568 [info] > git config --get commit.template [9ms]
2023-11-08 01:08:30.568 [info] > git for-each-ref --format=%(refname)%00%(upstream:short)%00%(objectname)%00%(upstream:track)%00%(upstream:remotename)%00%(upstream:remoteref) refs/heads/main refs/remotes/main [2ms]
2023-11-08 01:08:30.580 [info] > git status -z -uall [1ms]
2023-11-08 01:13:30.601 [info] > git config --local branch.main.github-pr-owner-number [2ms]
2023-11-08 01:13:30.625 [info] > git config --get commit.template [8ms]
2023-11-08 01:13:30.625 [info] > git for-each-ref --format=%(refname)%00%(upstream:short)%00%(objectname)%00%(upstream:track)%00%(upstream:remotename)%00%(upstream:remoteref) refs/heads/main refs/remotes/main [1ms]
2023-11-08 01:13:30.634 [info] > git status -z -uall [1ms]
2023-11-08 01:18:30.648 [info] > git config --local branch.main.github-pr-owner-number [0ms]
2023-11-08 01:18:30.663 [info] > git config --get commit.template [8ms]
2023-11-08 01:18:30.664 [info] > git for-each-ref --format=%(refname)%00%(upstream:short)%00%(objectname)%00%(upstream:track)%00%(upstream:remotename)%00%(upstream:remoteref) refs/heads/main refs/remotes/main [2ms]
2023-11-08 01:18:30.672 [info] > git status -z -uall [1ms]
2023-11-08 01:23:30.693 [info] > git config --local branch.main.github-pr-owner-number [1ms]
2023-11-08 01:23:30.725 [info] > git config --get commit.template [15ms]
2023-11-08 01:23:30.726 [info] > git for-each-ref --format=%(refname)%00%(upstream:short)%00%(objectname)%00%(upstream:track)%00%(upstream:remotename)%00%(upstream:remoteref) refs/heads/main refs/remotes/main [2ms]
2023-11-08 01:23:30.739 [info] > git status -z -uall [2ms]
2023-11-08 01:28:30.755 [info] > git config --local branch.main.github-pr-owner-number [1ms]
2023-11-08 01:28:30.778 [info] > git config --get commit.template [10ms]
2023-11-08 01:28:30.778 [info] > git for-each-ref --format=%(refname)%00%(upstream:short)%00%(objectname)%00%(upstream:track)%00%(upstream:remotename)%00%(upstream:remoteref) refs/heads/main refs/remotes/main [2ms]
2023-11-08 01:28:30.790 [info] > git status -z -uall [2ms]
2023-11-08 01:33:30.810 [info] > git config --local branch.main.github-pr-owner-number [4ms]
2023-11-08 01:33:30.827 [info] > git config --get commit.template [7ms]
2023-11-08 01:33:30.828 [info] > git for-each-ref --format=%(refname)%00%(upstream:short)%00%(objectname)%00%(upstream:track)%00%(upstream:remotename)%00%(upstream:remoteref) refs/heads/main refs/remotes/main [1ms]
2023-11-08 01:33:30.836 [info] > git status -z -uall [1ms]
2023-11-08 01:38:30.849 [info] > git config --local branch.main.github-pr-owner-number [1ms]
2023-11-08 01:38:30.858 [info] > git config --get commit.template [1ms]
2023-11-08 01:38:30.867 [info] > git for-each-ref --format=%(refname)%00%(upstream:short)%00%(objectname)%00%(upstream:track)%00%(upstream:remotename)%00%(upstream:remoteref) refs/heads/main refs/remotes/main [1ms]
2023-11-08 01:38:30.876 [info] > git status -z -uall [1ms]
2023-11-08 01:43:30.889 [info] > git config --local branch.main.github-pr-owner-number [1ms]
2023-11-08 01:43:30.904 [info] > git config --get commit.template [7ms]
2023-11-08 01:43:30.905 [info] > git for-each-ref --format=%(refname)%00%(upstream:short)%00%(objectname)%00%(upstream:track)%00%(upstream:remotename)%00%(upstream:remoteref) refs/heads/main refs/remotes/main [2ms]
2023-11-08 01:43:30.913 [info] > git status -z -uall [2ms]
2023-11-08 01:48:39.613 [info] > git config --local branch.main.github-pr-owner-number [1ms]
2023-11-08 01:48:39.627 [info] > git config --get commit.template [1ms]
2023-11-08 01:48:39.655 [info] > git for-each-ref --format=%(refname)%00%(upstream:short)%00%(objectname)%00%(upstream:track)%00%(upstream:remotename)%00%(upstream:remoteref) refs/heads/main refs/remotes/main [2ms]
2023-11-08 13:47:11.605 [info] > git status -z -uall [43111903ms]
2023-11-08 13:52:11.638 [info] > git config --local branch.main.github-pr-owner-number [0ms]
2023-11-08 13:52:11.658 [info] > git for-each-ref --format=%(refname)%00%(upstream:short)%00%(objectname)%00%(upstream:track)%00%(upstream:remotename)%00%(upstream:remoteref) refs/heads/main refs/remotes/main [2ms]
2023-11-08 13:52:11.658 [info] > git config --get commit.template [12ms]
2023-11-08 13:52:11.668 [info] > git status -z -uall [2ms]
