2023-11-07 17:56:32.816 [info] Log level: Info
2023-11-07 17:56:32.816 [info] Validating found git in: "git"
2023-11-07 17:56:32.816 [info] Using git "2.34.1" from "git"
2023-11-07 17:56:32.816 [info] > git rev-parse --show-toplevel [3ms]
2023-11-07 17:56:32.817 [info] > git rev-parse --git-dir --git-common-dir [3ms]
2023-11-07 17:56:32.829 [info] Open repository: /home/tphilly/Coursework/Color-picker/Unit3.ColorPicker.Starter-1
2023-11-07 17:56:32.843 [info] > git config --get commit.template [5ms]
2023-11-07 17:56:32.843 [info] > git rev-parse --show-toplevel [2ms]
2023-11-07 17:56:32.857 [info] > git for-each-ref --format=%(refname)%00%(upstream:short)%00%(objectname)%00%(upstream:track)%00%(upstream:remotename)%00%(upstream:remoteref) refs/heads/main refs/remotes/main [9ms]
2023-11-07 17:56:32.867 [info] > git rev-parse --show-toplevel [12ms]
2023-11-07 17:56:32.873 [info] > git status -z -uall [9ms]
2023-11-07 17:56:32.907 [info] > git config --get commit.template [17ms]
2023-11-07 17:56:32.917 [info] > git for-each-ref --format=%(refname)%00%(upstream:short)%00%(objectname)%00%(upstream:track)%00%(upstream:remotename)%00%(upstream:remoteref) refs/heads/main refs/remotes/main [2ms]
2023-11-07 17:56:32.931 [info] > git status -z -uall [9ms]
2023-11-07 17:56:33.422 [info] > git check-ignore -v -z --stdin [2ms]
2023-11-07 17:56:35.072 [info] > git config --local branch.main.github-pr-owner-number [111ms]
2023-11-07 17:56:35.104 [info] > git config --get commit.template [26ms]
2023-11-07 17:56:35.111 [info] > git for-each-ref --format=%(refname)%00%(upstream:short)%00%(objectname)%00%(upstream:track)%00%(upstream:remotename)%00%(upstream:remoteref) refs/heads/main refs/remotes/main [2ms]
2023-11-07 17:56:35.126 [info] > git status -z -uall [8ms]
2023-11-07 17:57:01.037 [info] > git check-ignore -v -z --stdin [1ms]
2023-11-07 17:57:02.196 [info] > git show --textconv :src/App.jsx [52ms]
2023-11-07 17:57:02.206 [info] > git ls-files --stage -- /home/tphilly/Coursework/Color-picker/Unit3.ColorPicker.Starter-1/src/App.jsx [49ms]
2023-11-07 17:57:02.218 [info] > git cat-file -s aa9b8e4e5889e3825328e2994a5a9f8a7cdef6bc [5ms]
2023-11-07 17:57:16.878 [info] > git show --textconv :src/index.css [7ms]
2023-11-07 17:57:16.880 [info] > git ls-files --stage -- /home/tphilly/Coursework/Color-picker/Unit3.ColorPicker.Starter-1/src/index.css [2ms]
2023-11-07 17:57:16.898 [info] > git cat-file -s 0443fbd4886ebb8a67a688e6c3cf5295b6709a50 [10ms]
2023-11-07 17:57:17.174 [info] > git config --get commit.template [8ms]
2023-11-07 17:57:17.174 [info] > git for-each-ref --format=%(refname)%00%(upstream:short)%00%(objectname)%00%(upstream:track)%00%(upstream:remotename)%00%(upstream:remoteref) refs/heads/main refs/remotes/main [1ms]
2023-11-07 17:57:17.183 [info] > git status -z -uall [2ms]
2023-11-07 17:57:19.247 [info] > git show --textconv :src/main.jsx [9ms]
2023-11-07 17:57:19.248 [info] > git ls-files --stage -- /home/tphilly/Coursework/Color-picker/Unit3.ColorPicker.Starter-1/src/main.jsx [2ms]
2023-11-07 17:57:19.256 [info] > git cat-file -s b91620d35e1de03d2c5ca843229df7f3b51445b3 [1ms]
2023-11-07 17:57:33.321 [info] > git config --get commit.template [1ms]
2023-11-07 17:57:33.338 [info] > git check-ignore -v -z --stdin [1ms]
2023-11-07 17:57:33.338 [info] > git for-each-ref --format=%(refname)%00%(upstream:short)%00%(objectname)%00%(upstream:track)%00%(upstream:remotename)%00%(upstream:remoteref) refs/heads/main refs/remotes/main [11ms]
2023-11-07 17:57:33.347 [info] > git status -z -uall [2ms]
2023-11-07 17:57:38.360 [info] > git config --get commit.template [1ms]
2023-11-07 17:57:38.367 [info] > git for-each-ref --format=%(refname)%00%(upstream:short)%00%(objectname)%00%(upstream:track)%00%(upstream:remotename)%00%(upstream:remoteref) refs/heads/main refs/remotes/main [1ms]
2023-11-07 17:57:38.374 [info] > git status -z -uall [2ms]
2023-11-07 17:57:59.018 [info] > git config --get commit.template [1ms]
2023-11-07 17:57:59.024 [info] > git for-each-ref --format=%(refname)%00%(upstream:short)%00%(objectname)%00%(upstream:track)%00%(upstream:remotename)%00%(upstream:remoteref) refs/heads/main refs/remotes/main [1ms]
2023-11-07 17:57:59.030 [info] > git status -z -uall [1ms]
2023-11-07 17:59:16.232 [info] > git config --get commit.template [7ms]
2023-11-07 17:59:16.233 [info] > git for-each-ref --format=%(refname)%00%(upstream:short)%00%(objectname)%00%(upstream:track)%00%(upstream:remotename)%00%(upstream:remoteref) refs/heads/main refs/remotes/main [2ms]
2023-11-07 17:59:16.239 [info] > git status -z -uall [1ms]
2023-11-07 17:59:16.327 [info] > git ls-files --stage -- /home/tphilly/Coursework/Color-picker/Unit3.ColorPicker.Starter-1/src/main.jsx [1ms]
2023-11-07 17:59:16.334 [info] > git cat-file -s b91620d35e1de03d2c5ca843229df7f3b51445b3 [0ms]
2023-11-07 17:59:16.345 [info] > git show --textconv :src/main.jsx [2ms]
2023-11-07 17:59:16.705 [info] > git config --local branch.main.github-pr-owner-number [97ms]
2023-11-07 17:59:16.715 [info] > git config --get commit.template [2ms]
2023-11-07 17:59:16.721 [info] > git for-each-ref --format=%(refname)%00%(upstream:short)%00%(objectname)%00%(upstream:track)%00%(upstream:remotename)%00%(upstream:remoteref) refs/heads/main refs/remotes/main [1ms]
2023-11-07 17:59:16.729 [info] > git status -z -uall [1ms]
2023-11-07 17:59:33.678 [info] > git config --get commit.template [1ms]
2023-11-07 17:59:33.686 [info] > git for-each-ref --format=%(refname)%00%(upstream:short)%00%(objectname)%00%(upstream:track)%00%(upstream:remotename)%00%(upstream:remoteref) refs/heads/main refs/remotes/main [1ms]
2023-11-07 17:59:33.695 [info] > git status -z -uall [2ms]
2023-11-07 17:59:33.835 [info] > git config --local branch.main.github-pr-owner-number [98ms]
2023-11-07 17:59:33.850 [info] > git config --get commit.template [7ms]
2023-11-07 17:59:33.856 [info] > git ls-files --stage -- /home/tphilly/Coursework/Color-picker/Unit3.ColorPicker.Starter-1/src/main.jsx [7ms]
2023-11-07 17:59:33.863 [info] > git for-each-ref --format=%(refname)%00%(upstream:short)%00%(objectname)%00%(upstream:track)%00%(upstream:remotename)%00%(upstream:remoteref) refs/heads/main refs/remotes/main [7ms]
2023-11-07 17:59:33.869 [info] > git cat-file -s b91620d35e1de03d2c5ca843229df7f3b51445b3 [7ms]
2023-11-07 17:59:33.870 [info] > git status -z -uall [1ms]
2023-11-07 17:59:33.907 [info] > git show --textconv :src/main.jsx [1ms]
2023-11-07 18:00:49.615 [info] > git show --textconv :src/App.jsx [9ms]
2023-11-07 18:00:49.615 [info] > git ls-files --stage -- /home/tphilly/Coursework/Color-picker/Unit3.ColorPicker.Starter-1/src/App.jsx [1ms]
2023-11-07 18:00:49.621 [info] > git cat-file -s aa9b8e4e5889e3825328e2994a5a9f8a7cdef6bc [1ms]
2023-11-07 18:01:34.572 [info] > git config --local branch.main.github-pr-owner-number [3ms]
2023-11-07 18:01:34.583 [info] > git config --get commit.template [1ms]
2023-11-07 18:01:34.593 [info] > git for-each-ref --format=%(refname)%00%(upstream:short)%00%(objectname)%00%(upstream:track)%00%(upstream:remotename)%00%(upstream:remoteref) refs/heads/main refs/remotes/main [1ms]
2023-11-07 18:01:34.601 [info] > git status -z -uall [1ms]
2023-11-07 18:03:15.323 [info] > git add -A -- . [9ms]
2023-11-07 18:03:15.339 [info] > git -c user.useConfigOnly=true commit --quiet --allow-empty-message --file - [8ms]
2023-11-07 18:03:15.348 [info] > git config --get commit.template [0ms]
2023-11-07 18:03:15.360 [info] > git config --get commit.template [1ms]
2023-11-07 18:03:15.368 [info] > git for-each-ref --format=%(refname)%00%(upstream:short)%00%(objectname)%00%(upstream:track)%00%(upstream:remotename)%00%(upstream:remoteref) refs/heads/main refs/remotes/main [1ms]
2023-11-07 18:03:15.377 [info] > git status -z -uall [1ms]
2023-11-07 18:03:15.540 [info] > git config --local branch.main.github-pr-owner-number [6ms]
2023-11-07 18:03:15.559 [info] > git config --get commit.template [12ms]
2023-11-07 18:03:15.566 [info] > git config --get commit.template [8ms]
2023-11-07 18:03:15.567 [info] > git for-each-ref --format=%(refname)%00%(upstream:short)%00%(objectname)%00%(upstream:track)%00%(upstream:remotename)%00%(upstream:remoteref) refs/heads/main refs/remotes/main [1ms]
2023-11-07 18:03:15.610 [info] > git for-each-ref --format=%(refname)%00%(upstream:short)%00%(objectname)%00%(upstream:track)%00%(upstream:remotename)%00%(upstream:remoteref) refs/heads/main refs/remotes/main [9ms]
2023-11-07 18:03:15.617 [info] > git status -z -uall [1ms]
2023-11-07 18:03:16.607 [info] > git ls-files --stage -- /home/tphilly/Coursework/Color-picker/Unit3.ColorPicker.Starter-1/src/App.jsx [1ms]
2023-11-07 18:03:16.614 [info] > git cat-file -s 2018f5ce612699853847575cf5509fdf5837c3fa [1ms]
2023-11-07 18:03:16.631 [info] > git show --textconv :src/App.jsx [1ms]
2023-11-07 18:03:54.996 [info] > git remote add ColorPicker https://github.com/TheTroyPhillips/ColorPicker [5ms]
2023-11-07 18:03:55.004 [info] > git config --get commit.template [1ms]
2023-11-07 18:03:55.011 [info] > git for-each-ref --format=%(refname)%00%(upstream:short)%00%(objectname)%00%(upstream:track)%00%(upstream:remotename)%00%(upstream:remoteref) refs/heads/main refs/remotes/main [1ms]
2023-11-07 18:03:55.018 [info] > git status -z -uall [1ms]
2023-11-07 18:03:55.152 [info] > git config --local branch.main.github-pr-owner-number [108ms]
2023-11-07 18:03:55.167 [info] > git config --get commit.template [8ms]
2023-11-07 18:03:55.175 [info] > git for-each-ref --format=%(refname)%00%(upstream:short)%00%(objectname)%00%(upstream:track)%00%(upstream:remotename)%00%(upstream:remoteref) refs/heads/main refs/remotes/main [1ms]
2023-11-07 18:03:55.181 [info] > git status -z -uall [1ms]
2023-11-07 18:03:55.349 [info] > git fetch ColorPicker [322ms]
2023-11-07 18:03:55.349 [info] From https://github.com/TheTroyPhillips/ColorPicker
 * [new branch]      firstbranch -> ColorPicker/firstbranch
 * [new branch]      main        -> ColorPicker/main
2023-11-07 18:03:55.363 [info] > git config --get commit.template [6ms]
2023-11-07 18:03:55.363 [info] > git for-each-ref --format=%(refname)%00%(upstream:short)%00%(objectname)%00%(upstream:track)%00%(upstream:remotename)%00%(upstream:remoteref) refs/heads/main refs/remotes/main [1ms]
2023-11-07 18:03:55.371 [info] > git status -z -uall [1ms]
2023-11-07 18:03:55.852 [info] > git push ColorPicker main [472ms]
2023-11-07 18:03:55.852 [info] To https://github.com/TheTroyPhillips/ColorPicker
 ! [rejected]        main -> main (non-fast-forward)
error: failed to push some refs to 'https://github.com/TheTroyPhillips/ColorPicker'
hint: Updates were rejected because the tip of your current branch is behind
hint: its remote counterpart. Integrate the remote changes (e.g.
hint: 'git pull ...') before pushing again.
hint: See the 'Note about fast-forwards' in 'git push --help' for details.
2023-11-07 18:03:55.863 [info] > git config --get commit.template [1ms]
2023-11-07 18:03:55.870 [info] > git for-each-ref --format=%(refname)%00%(upstream:short)%00%(objectname)%00%(upstream:track)%00%(upstream:remotename)%00%(upstream:remoteref) refs/heads/main refs/remotes/main [1ms]
2023-11-07 18:03:55.876 [info] > git status -z -uall [1ms]
2023-11-07 18:04:01.358 [info] > git ls-files --stage -- /home/tphilly/Coursework/Color-picker/Unit3.ColorPicker.Starter-1/src/App.jsx [1ms]
2023-11-07 18:04:01.365 [info] > git cat-file -s 2018f5ce612699853847575cf5509fdf5837c3fa [0ms]
2023-11-07 18:04:01.376 [info] > git show --textconv :src/App.jsx [1ms]
2023-11-07 18:04:06.882 [info] > git config --get commit.template [1ms]
2023-11-07 18:04:06.890 [info] > git for-each-ref --format=%(refname)%00%(upstream:short)%00%(objectname)%00%(upstream:track)%00%(upstream:remotename)%00%(upstream:remoteref) refs/heads/main refs/remotes/main [1ms]
2023-11-07 18:04:06.897 [info] > git status -z -uall [2ms]
2023-11-07 18:04:06.982 [info] > git ls-files --stage -- /home/tphilly/Coursework/Color-picker/Unit3.ColorPicker.Starter-1/src/App.jsx [1ms]
2023-11-07 18:04:06.991 [info] > git cat-file -s 2018f5ce612699853847575cf5509fdf5837c3fa [1ms]
2023-11-07 18:04:07.002 [info] > git show --textconv :src/App.jsx [1ms]
2023-11-07 18:04:32.587 [info] > git config --get commit.template [8ms]
2023-11-07 18:04:32.587 [info] > git for-each-ref --format=%(refname)%00%(upstream:short)%00%(objectname)%00%(upstream:track)%00%(upstream:remotename)%00%(upstream:remoteref) refs/heads/main refs/remotes/main [1ms]
2023-11-07 18:04:32.594 [info] > git status -z -uall [1ms]
2023-11-07 18:04:32.682 [info] > git ls-files --stage -- /home/tphilly/Coursework/Color-picker/Unit3.ColorPicker.Starter-1/src/App.jsx [2ms]
2023-11-07 18:04:32.690 [info] > git cat-file -s 2018f5ce612699853847575cf5509fdf5837c3fa [1ms]
2023-11-07 18:04:32.701 [info] > git show --textconv :src/App.jsx [1ms]
2023-11-07 18:04:37.989 [info] > git config --get commit.template [9ms]
2023-11-07 18:04:37.990 [info] > git for-each-ref --format=%(refname)%00%(upstream:short)%00%(objectname)%00%(upstream:track)%00%(upstream:remotename)%00%(upstream:remoteref) refs/heads/main refs/remotes/main [1ms]
2023-11-07 18:04:37.996 [info] > git status -z -uall [1ms]
2023-11-07 18:04:38.081 [info] > git ls-files --stage -- /home/tphilly/Coursework/Color-picker/Unit3.ColorPicker.Starter-1/src/App.jsx [0ms]
2023-11-07 18:04:38.088 [info] > git cat-file -s 2018f5ce612699853847575cf5509fdf5837c3fa [0ms]
2023-11-07 18:04:38.099 [info] > git show --textconv :src/App.jsx [1ms]
2023-11-07 18:05:47.372 [info] > git config --get commit.template [1ms]
2023-11-07 18:05:47.380 [info] > git for-each-ref --format=%(refname)%00%(upstream:short)%00%(objectname)%00%(upstream:track)%00%(upstream:remotename)%00%(upstream:remoteref) refs/heads/main refs/remotes/main [1ms]
2023-11-07 18:05:47.387 [info] > git status -z -uall [1ms]
2023-11-07 18:05:47.473 [info] > git ls-files --stage -- /home/tphilly/Coursework/Color-picker/Unit3.ColorPicker.Starter-1/src/App.jsx [1ms]
2023-11-07 18:05:47.480 [info] > git cat-file -s 2018f5ce612699853847575cf5509fdf5837c3fa [1ms]
2023-11-07 18:05:47.491 [info] > git show --textconv :src/App.jsx [1ms]
2023-11-07 18:06:07.589 [info] > git config --get commit.template [7ms]
2023-11-07 18:06:07.589 [info] > git for-each-ref --format=%(refname)%00%(upstream:short)%00%(objectname)%00%(upstream:track)%00%(upstream:remotename)%00%(upstream:remoteref) refs/heads/main refs/remotes/main [1ms]
2023-11-07 18:06:07.597 [info] > git status -z -uall [0ms]
2023-11-07 18:06:07.686 [info] > git ls-files --stage -- /home/tphilly/Coursework/Color-picker/Unit3.ColorPicker.Starter-1/src/App.jsx [0ms]
2023-11-07 18:06:07.692 [info] > git cat-file -s 2018f5ce612699853847575cf5509fdf5837c3fa [1ms]
2023-11-07 18:06:07.705 [info] > git show --textconv :src/App.jsx [1ms]
2023-11-07 18:06:33.485 [info] > git for-each-ref --format=%(refname)%00%(upstream:short)%00%(objectname)%00%(upstream:track)%00%(upstream:remotename)%00%(upstream:remoteref) refs/heads/main refs/remotes/main [1ms]
2023-11-07 18:06:33.494 [info] > git status -z -uall [2ms]
2023-11-07 18:06:33.586 [info] > git ls-files --stage -- /home/tphilly/Coursework/Color-picker/Unit3.ColorPicker.Starter-1/src/App.jsx [1ms]
2023-11-07 18:06:33.593 [info] > git cat-file -s 2018f5ce612699853847575cf5509fdf5837c3fa [1ms]
2023-11-07 18:06:33.611 [info] > git show --textconv :src/App.jsx [0ms]
2023-11-07 18:06:34.614 [info] > git config --local branch.main.github-pr-owner-number [1ms]
2023-11-07 18:06:34.623 [info] > git for-each-ref --format=%(refname)%00%(upstream:short)%00%(objectname)%00%(upstream:track)%00%(upstream:remotename)%00%(upstream:remoteref) refs/heads/main refs/remotes/main [1ms]
2023-11-07 18:06:34.629 [info] > git status -z -uall [1ms]
2023-11-07 18:07:05.501 [info] > git show -s --format=%H%n%aN%n%aE%n%at%n%ct%n%P%n%D%n%B -z HEAD [7ms]
2023-11-07 18:07:05.502 [info] > git show -s --format=%H%n%aN%n%aE%n%at%n%ct%n%P%n%D%n%B -z MERGE_HEAD [1ms]
2023-11-07 18:07:05.597 [info] > git show --textconv :1:README.md [43ms]
2023-11-07 18:07:05.597 [info] > git show --textconv 630d72c6bd82c70d0aa5bd9ab8685adffd18c3f6:README.md [35ms]
2023-11-07 18:07:05.597 [info] > git show --textconv f6381768c68606ffba5ff34dbfd982bfd4cf4e11:README.md [26ms]
2023-11-07 18:07:05.597 [info] > git ls-tree -l f6381768c68606ffba5ff34dbfd982bfd4cf4e11 -- /home/tphilly/Coursework/Color-picker/Unit3.ColorPicker.Starter-1/README.md [3ms]
2023-11-07 18:07:05.598 [info] > git ls-tree -l 630d72c6bd82c70d0aa5bd9ab8685adffd18c3f6 -- /home/tphilly/Coursework/Color-picker/Unit3.ColorPicker.Starter-1/README.md [11ms]
2023-11-07 18:07:05.599 [info] > git ls-tree -l :1 -- /home/tphilly/Coursework/Color-picker/Unit3.ColorPicker.Starter-1/README.md [20ms]
2023-11-07 18:07:05.599 [info] fatal: Not a valid object name :1
2023-11-07 18:07:07.719 [info] > git for-each-ref --format=%(refname)%00%(upstream:short)%00%(objectname)%00%(upstream:track)%00%(upstream:remotename)%00%(upstream:remoteref) refs/heads/main refs/remotes/main [1ms]
2023-11-07 18:07:07.728 [info] > git status -z -uall [3ms]
2023-11-07 18:07:09.954 [info] > git ls-tree -l 630d72c6bd82c70d0aa5bd9ab8685adffd18c3f6 -- /home/tphilly/Coursework/Color-picker/Unit3.ColorPicker.Starter-1/README.md [11ms]
2023-11-07 18:07:09.956 [info] > git ls-tree -l f6381768c68606ffba5ff34dbfd982bfd4cf4e11 -- /home/tphilly/Coursework/Color-picker/Unit3.ColorPicker.Starter-1/README.md [2ms]
2023-11-07 18:07:16.154 [info] > git ls-tree -l 630d72c6bd82c70d0aa5bd9ab8685adffd18c3f6 -- /home/tphilly/Coursework/Color-picker/Unit3.ColorPicker.Starter-1/README.md [10ms]
2023-11-07 18:07:16.155 [info] > git ls-tree -l f6381768c68606ffba5ff34dbfd982bfd4cf4e11 -- /home/tphilly/Coursework/Color-picker/Unit3.ColorPicker.Starter-1/README.md [2ms]
2023-11-07 18:07:16.240 [info] > git add -A -- /home/tphilly/Coursework/Color-picker/Unit3.ColorPicker.Starter-1/README.md [4ms]
2023-11-07 18:07:16.255 [info] > git for-each-ref --format=%(refname)%00%(upstream:short)%00%(objectname)%00%(upstream:track)%00%(upstream:remotename)%00%(upstream:remoteref) refs/heads/main refs/remotes/main [2ms]
2023-11-07 18:07:16.264 [info] > git status -z -uall [1ms]
2023-11-07 18:07:16.604 [info] > git show --textconv :src/App.jsx [11ms]
2023-11-07 18:07:16.605 [info] > git ls-files --stage -- /home/tphilly/Coursework/Color-picker/Unit3.ColorPicker.Starter-1/src/App.jsx [2ms]
2023-11-07 18:07:16.613 [info] > git cat-file -s 2018f5ce612699853847575cf5509fdf5837c3fa [1ms]
2023-11-07 18:07:17.350 [info] > git for-each-ref --format=%(refname)%00%(upstream:short)%00%(objectname)%00%(upstream:track)%00%(upstream:remotename)%00%(upstream:remoteref) refs/heads/main refs/remotes/main [1ms]
2023-11-07 18:07:17.358 [info] > git status -z -uall [1ms]
2023-11-07 18:07:17.455 [info] > git ls-files --stage -- /home/tphilly/Coursework/Color-picker/Unit3.ColorPicker.Starter-1/src/App.jsx [1ms]
2023-11-07 18:07:17.466 [info] > git cat-file -s 2018f5ce612699853847575cf5509fdf5837c3fa [1ms]
2023-11-07 18:07:17.481 [info] > git show --textconv :src/App.jsx [1ms]
2023-11-07 18:07:22.131 [info] > git -c user.useConfigOnly=true commit --quiet --allow-empty-message --file - [7ms]
2023-11-07 18:07:22.140 [info] > git config --get commit.template [0ms]
2023-11-07 18:07:22.159 [info] > git config --get commit.template [9ms]
2023-11-07 18:07:22.159 [info] > git for-each-ref --format=%(refname)%00%(upstream:short)%00%(objectname)%00%(upstream:track)%00%(upstream:remotename)%00%(upstream:remoteref) refs/heads/main refs/remotes/main [1ms]
2023-11-07 18:07:22.172 [info] > git status -z -uall [3ms]
2023-11-07 18:07:22.332 [info] > git config --local branch.main.github-pr-owner-number [4ms]
2023-11-07 18:07:22.350 [info] > git config --get commit.template [10ms]
2023-11-07 18:07:22.350 [info] > git config --get commit.template [3ms]
2023-11-07 18:07:22.364 [info] > git for-each-ref --format=%(refname)%00%(upstream:short)%00%(objectname)%00%(upstream:track)%00%(upstream:remotename)%00%(upstream:remoteref) refs/heads/main refs/remotes/main [7ms]
2023-11-07 18:07:22.366 [info] > git for-each-ref --format=%(refname)%00%(upstream:short)%00%(objectname)%00%(upstream:track)%00%(upstream:remotename)%00%(upstream:remoteref) refs/heads/main refs/remotes/main [4ms]
2023-11-07 18:07:22.377 [info] > git status -z -uall [1ms]
2023-11-07 18:07:22.426 [info] > git config --get commit.template [9ms]
2023-11-07 18:07:22.436 [info] > git for-each-ref --format=%(refname)%00%(upstream:short)%00%(objectname)%00%(upstream:track)%00%(upstream:remotename)%00%(upstream:remoteref) refs/heads/main refs/remotes/main [1ms]
2023-11-07 18:07:22.444 [info] > git status -z -uall [1ms]
2023-11-07 18:07:23.402 [info] > git ls-files --stage -- /home/tphilly/Coursework/Color-picker/Unit3.ColorPicker.Starter-1/src/App.jsx [1ms]
2023-11-07 18:07:23.410 [info] > git cat-file -s 2018f5ce612699853847575cf5509fdf5837c3fa [1ms]
2023-11-07 18:07:23.422 [info] > git show --textconv :src/App.jsx [1ms]
2023-11-07 18:07:24.904 [info] > git log --oneline --cherry main...main@{upstream} -- [1ms]
2023-11-07 18:07:25.677 [info] > git pull --tags origin main [764ms]
2023-11-07 18:07:25.677 [info] From github.com:TheTroyPhillips/ColorPicker
 * branch            main       -> FETCH_HEAD
2023-11-07 18:07:26.920 [info] > git ls-files --stage -- /home/tphilly/Coursework/Color-picker/Unit3.ColorPicker.Starter-1/src/App.jsx [0ms]
2023-11-07 18:07:26.927 [info] > git cat-file -s 2018f5ce612699853847575cf5509fdf5837c3fa [1ms]
2023-11-07 18:07:26.939 [info] > git show --textconv :src/App.jsx [1ms]
2023-11-07 18:07:27.036 [info] > git push origin main:main [1351ms]
2023-11-07 18:07:27.036 [info] To github.com:TheTroyPhillips/ColorPicker.git
   630d72c..8159411  main -> main
2023-11-07 18:07:27.052 [info] > git config --get commit.template [8ms]
2023-11-07 18:07:27.053 [info] > git for-each-ref --format=%(refname)%00%(upstream:short)%00%(objectname)%00%(upstream:track)%00%(upstream:remotename)%00%(upstream:remoteref) refs/heads/main refs/remotes/main [1ms]
2023-11-07 18:07:27.062 [info] > git status -z -uall [1ms]
2023-11-07 18:07:27.201 [info] > git config --local branch.main.github-pr-owner-number [106ms]
2023-11-07 18:07:27.211 [info] > git config --get commit.template [1ms]
2023-11-07 18:07:27.219 [info] > git for-each-ref --format=%(refname)%00%(upstream:short)%00%(objectname)%00%(upstream:track)%00%(upstream:remotename)%00%(upstream:remoteref) refs/heads/main refs/remotes/main [1ms]
2023-11-07 18:07:27.227 [info] > git status -z -uall [1ms]
2023-11-07 18:07:27.460 [info] > git config --get commit.template [4ms]
2023-11-07 18:07:27.470 [info] > git for-each-ref --format=%(refname)%00%(upstream:short)%00%(objectname)%00%(upstream:track)%00%(upstream:remotename)%00%(upstream:remoteref) refs/heads/main refs/remotes/main [3ms]
2023-11-07 18:07:27.506 [info] > git status -z -uall [28ms]
2023-11-07 18:07:28.304 [info] > git ls-files --stage -- /home/tphilly/Coursework/Color-picker/Unit3.ColorPicker.Starter-1/src/App.jsx [1ms]
2023-11-07 18:07:28.312 [info] > git cat-file -s 2018f5ce612699853847575cf5509fdf5837c3fa [1ms]
2023-11-07 18:07:28.323 [info] > git show --textconv :src/App.jsx [1ms]
2023-11-07 18:08:08.048 [info] > git config --get commit.template [1ms]
2023-11-07 18:08:08.056 [info] > git for-each-ref --format=%(refname)%00%(upstream:short)%00%(objectname)%00%(upstream:track)%00%(upstream:remotename)%00%(upstream:remoteref) refs/heads/main refs/remotes/main [1ms]
2023-11-07 18:08:08.064 [info] > git status -z -uall [2ms]
2023-11-07 18:08:29.677 [info] > git config --get commit.template [1ms]
2023-11-07 18:08:29.689 [info] > git for-each-ref --format=%(refname)%00%(upstream:short)%00%(objectname)%00%(upstream:track)%00%(upstream:remotename)%00%(upstream:remoteref) refs/heads/main refs/remotes/main [2ms]
2023-11-07 18:08:29.697 [info] > git status -z -uall [1ms]
