2023-10-05 18:41:10.205 [info] Extension host with pid 473954 started
2023-10-05 18:41:10.244 [info] Lock '/home/tphilly/.vscode-server/data/User/workspaceStorage/f2b6cb15bf064edcecebbc9eece12904/vscode.lock': Lock acquired.
2023-10-05 18:41:10.289 [info] ExtensionService#_doActivateExtension vscode.git-base, startup: true, activationEvent: '*', root cause: vscode.git
2023-10-05 18:41:10.466 [info] ExtensionService#_doActivateExtension vscode.git, startup: true, activationEvent: '*'
2023-10-05 18:41:10.467 [info] ExtensionService#_doActivateExtension vscode.github, startup: true, activationEvent: '*'
2023-10-05 18:41:10.796 [info] Eager extensions activated
2023-10-05 18:41:10.797 [info] ExtensionService#_doActivateExtension vscode.debug-auto-launch, startup: false, activationEvent: 'onStartupFinished'
2023-10-05 18:41:10.797 [info] ExtensionService#_doActivateExtension vscode.merge-conflict, startup: false, activationEvent: 'onStartupFinished'
2023-10-05 18:41:10.798 [info] ExtensionService#_doActivateExtension dbaeumer.vscode-eslint, startup: false, activationEvent: 'onStartupFinished'
2023-10-05 18:41:10.798 [info] ExtensionService#_doActivateExtension eamodio.gitlens, startup: false, activationEvent: 'onStartupFinished'
2023-10-05 18:41:10.798 [info] ExtensionService#_doActivateExtension esbenp.prettier-vscode, startup: false, activationEvent: 'onStartupFinished'
2023-10-05 18:41:11.502 [info] ExtensionService#_doActivateExtension ms-vsliveshare.vsliveshare, startup: false, activationEvent: 'api', root cause: eamodio.gitlens
2023-10-05 18:41:12.065 [info] ExtensionService#_doActivateExtension GitHub.vscode-pull-request-github, startup: false, activationEvent: 'onStartupFinished'
2023-10-05 18:41:12.775 [warning] [Decorations] CAPPING events from decorations provider vscode.git 10000
2023-10-05 18:41:14.045 [warning] [Decorations] CAPPING events from decorations provider vscode.git 10003
2023-10-05 18:41:22.321 [warning] [Decorations] CAPPING events from decorations provider vscode.git 10000
2023-10-05 18:46:12.702 [warning] [Decorations] CAPPING events from decorations provider vscode.git 10900
2023-10-05 18:51:12.964 [warning] [Decorations] CAPPING events from decorations provider vscode.git 10000
2023-10-05 18:56:13.198 [warning] [Decorations] CAPPING events from decorations provider vscode.git 10000
2023-10-05 19:01:13.425 [warning] [Decorations] CAPPING events from decorations provider vscode.git 10000
2023-10-05 19:06:13.666 [warning] [Decorations] CAPPING events from decorations provider vscode.git 10000
2023-10-05 19:11:13.983 [warning] [Decorations] CAPPING events from decorations provider vscode.git 10000
2023-10-05 19:14:41.785 [info] ExtensionService#_doActivateExtension vscode.typescript-language-features, startup: false, activationEvent: 'onLanguage:javascript'
2023-10-05 19:14:41.785 [info] ExtensionService#_doActivateExtension vscode.emmet, startup: false, activationEvent: 'onLanguage'
2023-10-05 19:16:14.242 [warning] [Decorations] CAPPING events from decorations provider vscode.git 10007
2023-10-05 19:21:14.487 [warning] [Decorations] CAPPING events from decorations provider vscode.git 10005
2023-10-05 19:26:14.714 [warning] [Decorations] CAPPING events from decorations provider vscode.git 10000
2023-10-05 19:31:14.946 [warning] [Decorations] CAPPING events from decorations provider vscode.git 10000
2023-10-05 19:36:15.183 [warning] [Decorations] CAPPING events from decorations provider vscode.git 10002
2023-10-05 19:41:15.417 [warning] [Decorations] CAPPING events from decorations provider vscode.git 10007
2023-10-05 19:46:15.671 [warning] [Decorations] CAPPING events from decorations provider vscode.git 10013
2023-10-05 19:51:15.930 [warning] [Decorations] CAPPING events from decorations provider vscode.git 10009
2023-10-05 19:56:16.178 [warning] [Decorations] CAPPING events from decorations provider vscode.git 10003
2023-10-05 20:01:16.427 [warning] [Decorations] CAPPING events from decorations provider vscode.git 10004
2023-10-05 20:06:16.659 [warning] [Decorations] CAPPING events from decorations provider vscode.git 10006
2023-10-05 20:11:16.914 [warning] [Decorations] CAPPING events from decorations provider vscode.git 10000
2023-10-05 20:16:17.153 [warning] [Decorations] CAPPING events from decorations provider vscode.git 10000
2023-10-05 20:21:17.401 [warning] [Decorations] CAPPING events from decorations provider vscode.git 10000
2023-10-05 20:26:17.638 [warning] [Decorations] CAPPING events from decorations provider vscode.git 10000
2023-10-05 20:31:17.875 [warning] [Decorations] CAPPING events from decorations provider vscode.git 10000
2023-10-05 20:36:18.134 [warning] [Decorations] CAPPING events from decorations provider vscode.git 10002
2023-10-05 20:41:18.384 [warning] [Decorations] CAPPING events from decorations provider vscode.git 10000
2023-10-05 20:46:18.625 [warning] [Decorations] CAPPING events from decorations provider vscode.git 10000
2023-10-05 20:51:18.873 [warning] [Decorations] CAPPING events from decorations provider vscode.git 10000
2023-10-05 20:56:19.130 [warning] [Decorations] CAPPING events from decorations provider vscode.git 10000
2023-10-05 21:01:19.378 [warning] [Decorations] CAPPING events from decorations provider vscode.git 10000
2023-10-05 21:06:19.632 [warning] [Decorations] CAPPING events from decorations provider vscode.git 10000
2023-10-05 21:11:19.887 [warning] [Decorations] CAPPING events from decorations provider vscode.git 10000
2023-10-05 21:16:20.131 [warning] [Decorations] CAPPING events from decorations provider vscode.git 10000
2023-10-05 21:21:20.387 [warning] [Decorations] CAPPING events from decorations provider vscode.git 10000
2023-10-05 21:26:20.650 [warning] [Decorations] CAPPING events from decorations provider vscode.git 10000
2023-10-05 21:31:20.904 [warning] [Decorations] CAPPING events from decorations provider vscode.git 10000
2023-10-05 21:36:21.869 [warning] [Decorations] CAPPING events from decorations provider vscode.git 10000
2023-10-05 21:41:22.245 [warning] [Decorations] CAPPING events from decorations provider vscode.git 10000
2023-10-05 21:46:22.649 [warning] [Decorations] CAPPING events from decorations provider vscode.git 10000
2023-10-05 21:51:23.007 [warning] [Decorations] CAPPING events from decorations provider vscode.git 10000
2023-10-05 21:56:23.412 [warning] [Decorations] CAPPING events from decorations provider vscode.git 10000
2023-10-05 22:01:23.762 [warning] [Decorations] CAPPING events from decorations provider vscode.git 10000
2023-10-05 22:06:24.114 [warning] [Decorations] CAPPING events from decorations provider vscode.git 10000
2023-10-05 22:11:24.453 [warning] [Decorations] CAPPING events from decorations provider vscode.git 10000
2023-10-05 22:16:24.848 [warning] [Decorations] CAPPING events from decorations provider vscode.git 10000
2023-10-05 22:21:25.246 [warning] [Decorations] CAPPING events from decorations provider vscode.git 10000
2023-10-05 22:26:25.635 [warning] [Decorations] CAPPING events from decorations provider vscode.git 10000
2023-10-05 22:31:25.953 [warning] [Decorations] CAPPING events from decorations provider vscode.git 10000
2023-10-05 22:36:26.321 [warning] [Decorations] CAPPING events from decorations provider vscode.git 10000
2023-10-05 22:41:26.703 [warning] [Decorations] CAPPING events from decorations provider vscode.git 10000
2023-10-05 22:46:27.106 [warning] [Decorations] CAPPING events from decorations provider vscode.git 10000
2023-10-05 22:51:27.498 [warning] [Decorations] CAPPING events from decorations provider vscode.git 10000
2023-10-05 22:56:27.884 [warning] [Decorations] CAPPING events from decorations provider vscode.git 10000
2023-10-05 23:01:28.229 [warning] [Decorations] CAPPING events from decorations provider vscode.git 10000
2023-10-05 23:06:28.550 [warning] [Decorations] CAPPING events from decorations provider vscode.git 10000
2023-10-05 23:11:29.260 [warning] [Decorations] CAPPING events from decorations provider vscode.git 10000
2023-10-05 23:16:29.671 [warning] [Decorations] CAPPING events from decorations provider vscode.git 10000
2023-10-05 23:21:30.584 [warning] [Decorations] CAPPING events from decorations provider vscode.git 10000
2023-10-05 23:26:31.005 [warning] [Decorations] CAPPING events from decorations provider vscode.git 10000
2023-10-05 23:31:31.403 [warning] [Decorations] CAPPING events from decorations provider vscode.git 10000
2023-10-05 23:36:31.822 [warning] [Decorations] CAPPING events from decorations provider vscode.git 10000
2023-10-05 23:41:32.219 [warning] [Decorations] CAPPING events from decorations provider vscode.git 10000
2023-10-05 23:46:32.581 [warning] [Decorations] CAPPING events from decorations provider vscode.git 10000
2023-10-05 23:51:32.978 [warning] [Decorations] CAPPING events from decorations provider vscode.git 10000
2023-10-05 23:56:33.415 [warning] [Decorations] CAPPING events from decorations provider vscode.git 10000
2023-10-06 00:01:33.768 [warning] [Decorations] CAPPING events from decorations provider vscode.git 10000
2023-10-06 00:06:34.087 [warning] [Decorations] CAPPING events from decorations provider vscode.git 10000
2023-10-06 00:11:34.350 [warning] [Decorations] CAPPING events from decorations provider vscode.git 10000
2023-10-06 00:16:34.714 [warning] [Decorations] CAPPING events from decorations provider vscode.git 10000
2023-10-06 00:21:35.105 [warning] [Decorations] CAPPING events from decorations provider vscode.git 10000
2023-10-06 00:26:35.533 [warning] [Decorations] CAPPING events from decorations provider vscode.git 10000
2023-10-06 00:31:35.934 [warning] [Decorations] CAPPING events from decorations provider vscode.git 10000
2023-10-06 00:36:36.279 [warning] [Decorations] CAPPING events from decorations provider vscode.git 10000
2023-10-06 00:41:36.682 [warning] [Decorations] CAPPING events from decorations provider vscode.git 10000
2023-10-06 00:46:37.062 [warning] [Decorations] CAPPING events from decorations provider vscode.git 10000
2023-10-06 00:51:37.412 [warning] [Decorations] CAPPING events from decorations provider vscode.git 10000
2023-10-06 00:56:37.803 [warning] [Decorations] CAPPING events from decorations provider vscode.git 10000
2023-10-06 01:01:38.065 [warning] [Decorations] CAPPING events from decorations provider vscode.git 10000
2023-10-06 01:06:38.438 [warning] [Decorations] CAPPING events from decorations provider vscode.git 10000
2023-10-06 01:11:38.676 [warning] [Decorations] CAPPING events from decorations provider vscode.git 10000
2023-10-06 01:16:38.898 [warning] [Decorations] CAPPING events from decorations provider vscode.git 10000
2023-10-06 01:21:39.120 [warning] [Decorations] CAPPING events from decorations provider vscode.git 10000
2023-10-06 01:26:39.345 [warning] [Decorations] CAPPING events from decorations provider vscode.git 10000
2023-10-06 01:31:39.569 [warning] [Decorations] CAPPING events from decorations provider vscode.git 10000
2023-10-06 01:36:39.816 [warning] [Decorations] CAPPING events from decorations provider vscode.git 10000
2023-10-06 01:41:40.050 [warning] [Decorations] CAPPING events from decorations provider vscode.git 10000
2023-10-06 01:46:40.277 [warning] [Decorations] CAPPING events from decorations provider vscode.git 10000
2023-10-06 01:51:40.506 [warning] [Decorations] CAPPING events from decorations provider vscode.git 10000
2023-10-06 01:56:40.774 [warning] [Decorations] CAPPING events from decorations provider vscode.git 10000
2023-10-06 02:01:41.010 [warning] [Decorations] CAPPING events from decorations provider vscode.git 10000
2023-10-06 02:06:41.241 [warning] [Decorations] CAPPING events from decorations provider vscode.git 10000
2023-10-06 02:11:41.470 [warning] [Decorations] CAPPING events from decorations provider vscode.git 10000
2023-10-06 02:16:41.694 [warning] [Decorations] CAPPING events from decorations provider vscode.git 10000
2023-10-06 02:21:41.927 [warning] [Decorations] CAPPING events from decorations provider vscode.git 10000
2023-10-06 02:26:42.154 [warning] [Decorations] CAPPING events from decorations provider vscode.git 10000
2023-10-06 02:31:42.384 [warning] [Decorations] CAPPING events from decorations provider vscode.git 10000
2023-10-06 02:36:42.627 [warning] [Decorations] CAPPING events from decorations provider vscode.git 10000
2023-10-06 02:41:42.856 [warning] [Decorations] CAPPING events from decorations provider vscode.git 10000
2023-10-06 02:46:43.086 [warning] [Decorations] CAPPING events from decorations provider vscode.git 10000
2023-10-06 09:48:37.576 [warning] [Decorations] CAPPING events from decorations provider vscode.git 10000
2023-10-06 09:53:37.834 [warning] [Decorations] CAPPING events from decorations provider vscode.git 10000
2023-10-06 09:58:38.079 [warning] [Decorations] CAPPING events from decorations provider vscode.git 10000
2023-10-06 10:03:38.323 [warning] [Decorations] CAPPING events from decorations provider vscode.git 10000
2023-10-06 10:08:38.570 [warning] [Decorations] CAPPING events from decorations provider vscode.git 10000
2023-10-06 10:13:38.815 [warning] [Decorations] CAPPING events from decorations provider vscode.git 10000
2023-10-06 10:18:39.055 [warning] [Decorations] CAPPING events from decorations provider vscode.git 10000
2023-10-06 10:23:39.309 [warning] [Decorations] CAPPING events from decorations provider vscode.git 10000
2023-10-06 10:28:39.547 [warning] [Decorations] CAPPING events from decorations provider vscode.git 10000
2023-10-06 10:33:39.792 [warning] [Decorations] CAPPING events from decorations provider vscode.git 10000
2023-10-06 10:38:40.041 [warning] [Decorations] CAPPING events from decorations provider vscode.git 10000
2023-10-06 10:43:40.284 [warning] [Decorations] CAPPING events from decorations provider vscode.git 10000
2023-10-06 10:48:40.526 [warning] [Decorations] CAPPING events from decorations provider vscode.git 10000
2023-10-06 10:53:40.768 [warning] [Decorations] CAPPING events from decorations provider vscode.git 10000
2023-10-06 10:58:41.009 [warning] [Decorations] CAPPING events from decorations provider vscode.git 10000
2023-10-06 11:03:41.249 [warning] [Decorations] CAPPING events from decorations provider vscode.git 10000
2023-10-06 11:08:41.493 [warning] [Decorations] CAPPING events from decorations provider vscode.git 10000
2023-10-06 11:13:41.735 [warning] [Decorations] CAPPING events from decorations provider vscode.git 10000
2023-10-06 11:18:41.968 [warning] [Decorations] CAPPING events from decorations provider vscode.git 10000
2023-10-06 11:23:42.208 [warning] [Decorations] CAPPING events from decorations provider vscode.git 10000
2023-10-06 11:28:42.454 [warning] [Decorations] CAPPING events from decorations provider vscode.git 10000
2023-10-06 11:33:42.702 [warning] [Decorations] CAPPING events from decorations provider vscode.git 10000
2023-10-06 11:38:42.943 [warning] [Decorations] CAPPING events from decorations provider vscode.git 10000
2023-10-06 11:43:43.182 [warning] [Decorations] CAPPING events from decorations provider vscode.git 10000
2023-10-06 11:48:43.423 [warning] [Decorations] CAPPING events from decorations provider vscode.git 10000
2023-10-06 11:53:43.678 [warning] [Decorations] CAPPING events from decorations provider vscode.git 10000
2023-10-06 11:58:43.919 [warning] [Decorations] CAPPING events from decorations provider vscode.git 10000
2023-10-06 12:03:44.212 [warning] [Decorations] CAPPING events from decorations provider vscode.git 10000
2023-10-06 12:08:44.465 [warning] [Decorations] CAPPING events from decorations provider vscode.git 10000
2023-10-06 12:13:44.708 [warning] [Decorations] CAPPING events from decorations provider vscode.git 10000
2023-10-06 12:18:44.962 [warning] [Decorations] CAPPING events from decorations provider vscode.git 10000
2023-10-06 12:23:45.216 [warning] [Decorations] CAPPING events from decorations provider vscode.git 10000
2023-10-06 12:28:45.458 [warning] [Decorations] CAPPING events from decorations provider vscode.git 10000
2023-10-06 12:33:45.699 [warning] [Decorations] CAPPING events from decorations provider vscode.git 10000
2023-10-06 12:38:45.955 [warning] [Decorations] CAPPING events from decorations provider vscode.git 10000
2023-10-06 12:43:46.199 [warning] [Decorations] CAPPING events from decorations provider vscode.git 10000
2023-10-06 12:48:46.440 [warning] [Decorations] CAPPING events from decorations provider vscode.git 10000
2023-10-06 12:53:46.680 [warning] [Decorations] CAPPING events from decorations provider vscode.git 10000
2023-10-06 12:58:46.920 [warning] [Decorations] CAPPING events from decorations provider vscode.git 10000
2023-10-06 13:03:47.153 [warning] [Decorations] CAPPING events from decorations provider vscode.git 10000
2023-10-06 13:08:47.398 [warning] [Decorations] CAPPING events from decorations provider vscode.git 10000
2023-10-06 13:13:47.634 [warning] [Decorations] CAPPING events from decorations provider vscode.git 10000
2023-10-06 13:18:47.869 [warning] [Decorations] CAPPING events from decorations provider vscode.git 10000
2023-10-06 13:23:48.112 [warning] [Decorations] CAPPING events from decorations provider vscode.git 10000
2023-10-06 13:28:48.359 [warning] [Decorations] CAPPING events from decorations provider vscode.git 10000
2023-10-06 13:33:48.606 [warning] [Decorations] CAPPING events from decorations provider vscode.git 10000
2023-10-06 13:38:48.864 [warning] [Decorations] CAPPING events from decorations provider vscode.git 10000
2023-10-06 13:43:49.099 [warning] [Decorations] CAPPING events from decorations provider vscode.git 10000
2023-10-06 13:48:49.358 [warning] [Decorations] CAPPING events from decorations provider vscode.git 10000
2023-10-06 13:53:49.613 [warning] [Decorations] CAPPING events from decorations provider vscode.git 10000
2023-10-06 13:58:49.855 [warning] [Decorations] CAPPING events from decorations provider vscode.git 10000
2023-10-06 14:03:50.092 [warning] [Decorations] CAPPING events from decorations provider vscode.git 10000
2023-10-06 14:08:50.334 [warning] [Decorations] CAPPING events from decorations provider vscode.git 10000
2023-10-06 14:13:50.576 [warning] [Decorations] CAPPING events from decorations provider vscode.git 10000
2023-10-06 14:18:50.818 [warning] [Decorations] CAPPING events from decorations provider vscode.git 10000
2023-10-06 14:23:51.066 [warning] [Decorations] CAPPING events from decorations provider vscode.git 10000
2023-10-06 14:28:51.307 [warning] [Decorations] CAPPING events from decorations provider vscode.git 10000
2023-10-06 14:33:51.590 [warning] [Decorations] CAPPING events from decorations provider vscode.git 10000
2023-10-06 14:38:51.831 [warning] [Decorations] CAPPING events from decorations provider vscode.git 10000
2023-10-06 14:43:52.056 [warning] [Decorations] CAPPING events from decorations provider vscode.git 10000
2023-10-06 14:48:52.279 [warning] [Decorations] CAPPING events from decorations provider vscode.git 10000
2023-10-06 14:53:52.500 [warning] [Decorations] CAPPING events from decorations provider vscode.git 10000
2023-10-06 14:58:52.733 [warning] [Decorations] CAPPING events from decorations provider vscode.git 10000
2023-10-06 15:03:52.966 [warning] [Decorations] CAPPING events from decorations provider vscode.git 10000
2023-10-06 15:08:53.198 [warning] [Decorations] CAPPING events from decorations provider vscode.git 10000
2023-10-06 15:13:53.420 [warning] [Decorations] CAPPING events from decorations provider vscode.git 10000
2023-10-06 15:18:53.650 [warning] [Decorations] CAPPING events from decorations provider vscode.git 10000
2023-10-06 15:23:53.877 [warning] [Decorations] CAPPING events from decorations provider vscode.git 10000
2023-10-06 15:28:54.103 [warning] [Decorations] CAPPING events from decorations provider vscode.git 10000
2023-10-06 22:09:41.493 [warning] [Decorations] CAPPING events from decorations provider vscode.git 10000
2023-10-06 22:14:41.934 [warning] [Decorations] CAPPING events from decorations provider vscode.git 10000
2023-10-06 22:19:42.588 [warning] [Decorations] CAPPING events from decorations provider vscode.git 10000
2023-10-06 22:24:42.955 [warning] [Decorations] CAPPING events from decorations provider vscode.git 10000
2023-10-06 22:29:43.317 [warning] [Decorations] CAPPING events from decorations provider vscode.git 10000
2023-10-06 22:34:43.673 [warning] [Decorations] CAPPING events from decorations provider vscode.git 10000
2023-10-06 22:39:44.078 [warning] [Decorations] CAPPING events from decorations provider vscode.git 10000
2023-10-06 22:44:44.442 [warning] [Decorations] CAPPING events from decorations provider vscode.git 10000
2023-10-06 22:49:44.828 [warning] [Decorations] CAPPING events from decorations provider vscode.git 10000
2023-10-06 22:54:45.195 [warning] [Decorations] CAPPING events from decorations provider vscode.git 10000
2023-10-06 22:59:45.582 [warning] [Decorations] CAPPING events from decorations provider vscode.git 10000
2023-10-06 23:04:45.982 [warning] [Decorations] CAPPING events from decorations provider vscode.git 10000
2023-10-06 23:09:46.357 [warning] [Decorations] CAPPING events from decorations provider vscode.git 10000
2023-10-06 23:14:46.801 [warning] [Decorations] CAPPING events from decorations provider vscode.git 10000
2023-10-06 23:19:47.162 [warning] [Decorations] CAPPING events from decorations provider vscode.git 10000
2023-10-06 23:24:47.523 [warning] [Decorations] CAPPING events from decorations provider vscode.git 10000
2023-10-06 23:29:47.889 [warning] [Decorations] CAPPING events from decorations provider vscode.git 10000
2023-10-06 23:34:48.137 [warning] [Decorations] CAPPING events from decorations provider vscode.git 10000
2023-10-06 23:39:48.401 [warning] [Decorations] CAPPING events from decorations provider vscode.git 10000
2023-10-06 23:44:48.642 [warning] [Decorations] CAPPING events from decorations provider vscode.git 10000
2023-10-06 23:49:48.888 [warning] [Decorations] CAPPING events from decorations provider vscode.git 10000
2023-10-06 23:54:49.137 [warning] [Decorations] CAPPING events from decorations provider vscode.git 10000
2023-10-06 23:59:49.384 [warning] [Decorations] CAPPING events from decorations provider vscode.git 10000
2023-10-07 00:04:49.632 [warning] [Decorations] CAPPING events from decorations provider vscode.git 10000
2023-10-07 00:09:49.878 [warning] [Decorations] CAPPING events from decorations provider vscode.git 10000
2023-10-07 00:14:50.124 [warning] [Decorations] CAPPING events from decorations provider vscode.git 10000
2023-10-07 00:19:50.378 [warning] [Decorations] CAPPING events from decorations provider vscode.git 10000
2023-10-07 00:24:50.631 [warning] [Decorations] CAPPING events from decorations provider vscode.git 10000
2023-10-07 00:29:50.888 [warning] [Decorations] CAPPING events from decorations provider vscode.git 10000
2023-10-07 00:34:51.136 [warning] [Decorations] CAPPING events from decorations provider vscode.git 10000
2023-10-07 00:39:51.375 [warning] [Decorations] CAPPING events from decorations provider vscode.git 10000
2023-10-07 00:44:51.632 [warning] [Decorations] CAPPING events from decorations provider vscode.git 10000
2023-10-07 00:49:51.877 [warning] [Decorations] CAPPING events from decorations provider vscode.git 10000
2023-10-07 00:54:52.126 [warning] [Decorations] CAPPING events from decorations provider vscode.git 10000
2023-10-07 00:59:52.377 [warning] [Decorations] CAPPING events from decorations provider vscode.git 10000
2023-10-07 01:04:52.623 [warning] [Decorations] CAPPING events from decorations provider vscode.git 10000
2023-10-07 01:09:52.876 [warning] [Decorations] CAPPING events from decorations provider vscode.git 10000
2023-10-07 01:14:53.126 [warning] [Decorations] CAPPING events from decorations provider vscode.git 10000
2023-10-07 01:19:53.376 [warning] [Decorations] CAPPING events from decorations provider vscode.git 10000
2023-10-07 01:24:53.702 [warning] [Decorations] CAPPING events from decorations provider vscode.git 10000
2023-10-07 01:29:54.974 [warning] [Decorations] CAPPING events from decorations provider vscode.git 10000
2023-10-07 01:34:55.402 [warning] [Decorations] CAPPING events from decorations provider vscode.git 10000
2023-10-07 01:39:55.759 [warning] [Decorations] CAPPING events from decorations provider vscode.git 10000
2023-10-07 01:44:56.123 [warning] [Decorations] CAPPING events from decorations provider vscode.git 10000
2023-10-07 01:49:56.472 [warning] [Decorations] CAPPING events from decorations provider vscode.git 10000
2023-10-07 01:54:56.827 [warning] [Decorations] CAPPING events from decorations provider vscode.git 10000
2023-10-07 01:59:57.197 [warning] [Decorations] CAPPING events from decorations provider vscode.git 10000
2023-10-07 02:04:57.562 [warning] [Decorations] CAPPING events from decorations provider vscode.git 10000
2023-10-07 02:09:57.935 [warning] [Decorations] CAPPING events from decorations provider vscode.git 10000
2023-10-07 02:14:58.260 [warning] [Decorations] CAPPING events from decorations provider vscode.git 10000
2023-10-07 02:19:58.621 [warning] [Decorations] CAPPING events from decorations provider vscode.git 10000
2023-10-07 02:24:58.968 [warning] [Decorations] CAPPING events from decorations provider vscode.git 10000
2023-10-07 02:29:59.337 [warning] [Decorations] CAPPING events from decorations provider vscode.git 10000
2023-10-07 02:34:59.637 [warning] [Decorations] CAPPING events from decorations provider vscode.git 10000
2023-10-07 02:39:59.995 [warning] [Decorations] CAPPING events from decorations provider vscode.git 10000
2023-10-07 02:45:00.376 [warning] [Decorations] CAPPING events from decorations provider vscode.git 10000
2023-10-07 02:50:00.722 [warning] [Decorations] CAPPING events from decorations provider vscode.git 10000
2023-10-07 02:55:01.114 [warning] [Decorations] CAPPING events from decorations provider vscode.git 10000
2023-10-07 03:00:01.532 [warning] [Decorations] CAPPING events from decorations provider vscode.git 10000
2023-10-07 03:05:01.923 [warning] [Decorations] CAPPING events from decorations provider vscode.git 10000
2023-10-07 03:10:02.261 [warning] [Decorations] CAPPING events from decorations provider vscode.git 10000
2023-10-07 03:15:02.601 [warning] [Decorations] CAPPING events from decorations provider vscode.git 10000
2023-10-07 03:20:02.920 [warning] [Decorations] CAPPING events from decorations provider vscode.git 10000
2023-10-07 03:25:03.271 [warning] [Decorations] CAPPING events from decorations provider vscode.git 10000
2023-10-07 03:30:03.577 [warning] [Decorations] CAPPING events from decorations provider vscode.git 10000
2023-10-07 03:35:03.936 [warning] [Decorations] CAPPING events from decorations provider vscode.git 10000
2023-10-07 03:40:04.250 [warning] [Decorations] CAPPING events from decorations provider vscode.git 10000
2023-10-07 03:45:04.576 [warning] [Decorations] CAPPING events from decorations provider vscode.git 10000
2023-10-07 03:50:04.895 [warning] [Decorations] CAPPING events from decorations provider vscode.git 10000
2023-10-07 03:55:05.201 [warning] [Decorations] CAPPING events from decorations provider vscode.git 10000
2023-10-07 04:00:05.503 [warning] [Decorations] CAPPING events from decorations provider vscode.git 10000
2023-10-07 04:05:05.803 [warning] [Decorations] CAPPING events from decorations provider vscode.git 10000
2023-10-07 04:10:06.137 [warning] [Decorations] CAPPING events from decorations provider vscode.git 10000
2023-10-07 04:15:06.419 [warning] [Decorations] CAPPING events from decorations provider vscode.git 10000
2023-10-07 04:20:06.724 [warning] [Decorations] CAPPING events from decorations provider vscode.git 10000
2023-10-07 04:25:07.025 [warning] [Decorations] CAPPING events from decorations provider vscode.git 10000
2023-10-07 04:30:07.343 [warning] [Decorations] CAPPING events from decorations provider vscode.git 10000
2023-10-07 04:35:07.670 [warning] [Decorations] CAPPING events from decorations provider vscode.git 10000
2023-10-07 04:40:08.018 [warning] [Decorations] CAPPING events from decorations provider vscode.git 10000
2023-10-07 04:45:08.348 [warning] [Decorations] CAPPING events from decorations provider vscode.git 10000
2023-10-07 04:50:08.658 [warning] [Decorations] CAPPING events from decorations provider vscode.git 10000
2023-10-07 04:55:09.002 [warning] [Decorations] CAPPING events from decorations provider vscode.git 10000
2023-10-07 05:00:09.329 [warning] [Decorations] CAPPING events from decorations provider vscode.git 10000
2023-10-07 05:05:09.631 [warning] [Decorations] CAPPING events from decorations provider vscode.git 10000
2023-10-07 05:10:09.947 [warning] [Decorations] CAPPING events from decorations provider vscode.git 10000
2023-10-07 05:15:10.244 [warning] [Decorations] CAPPING events from decorations provider vscode.git 10000
2023-10-07 05:20:10.559 [warning] [Decorations] CAPPING events from decorations provider vscode.git 10000
2023-10-07 05:25:10.860 [warning] [Decorations] CAPPING events from decorations provider vscode.git 10000
2023-10-07 05:30:11.177 [warning] [Decorations] CAPPING events from decorations provider vscode.git 10000
2023-10-07 05:35:11.504 [warning] [Decorations] CAPPING events from decorations provider vscode.git 10000
2023-10-07 05:40:11.849 [warning] [Decorations] CAPPING events from decorations provider vscode.git 10000
2023-10-07 05:45:12.157 [warning] [Decorations] CAPPING events from decorations provider vscode.git 10000
2023-10-07 05:50:12.475 [warning] [Decorations] CAPPING events from decorations provider vscode.git 10000
2023-10-07 05:55:12.805 [warning] [Decorations] CAPPING events from decorations provider vscode.git 10000
2023-10-07 06:00:13.133 [warning] [Decorations] CAPPING events from decorations provider vscode.git 10000
2023-10-07 06:05:13.443 [warning] [Decorations] CAPPING events from decorations provider vscode.git 10000
2023-10-07 06:10:13.771 [warning] [Decorations] CAPPING events from decorations provider vscode.git 10000
2023-10-07 06:15:14.068 [warning] [Decorations] CAPPING events from decorations provider vscode.git 10000
2023-10-07 06:20:14.359 [warning] [Decorations] CAPPING events from decorations provider vscode.git 10000
2023-10-07 06:25:14.654 [warning] [Decorations] CAPPING events from decorations provider vscode.git 10000
2023-10-07 06:30:14.985 [warning] [Decorations] CAPPING events from decorations provider vscode.git 10000
2023-10-07 06:35:15.304 [warning] [Decorations] CAPPING events from decorations provider vscode.git 10000
2023-10-07 06:40:15.631 [warning] [Decorations] CAPPING events from decorations provider vscode.git 10000
2023-10-07 06:45:15.946 [warning] [Decorations] CAPPING events from decorations provider vscode.git 10000
2023-10-07 06:50:16.285 [warning] [Decorations] CAPPING events from decorations provider vscode.git 10000
2023-10-07 06:55:16.608 [warning] [Decorations] CAPPING events from decorations provider vscode.git 10000
2023-10-07 07:00:16.923 [warning] [Decorations] CAPPING events from decorations provider vscode.git 10000
2023-10-07 07:05:17.240 [warning] [Decorations] CAPPING events from decorations provider vscode.git 10000
2023-10-07 07:10:17.564 [warning] [Decorations] CAPPING events from decorations provider vscode.git 10000
2023-10-07 07:15:17.867 [warning] [Decorations] CAPPING events from decorations provider vscode.git 10000
2023-10-07 07:20:18.181 [warning] [Decorations] CAPPING events from decorations provider vscode.git 10000
2023-10-07 07:25:18.508 [warning] [Decorations] CAPPING events from decorations provider vscode.git 10000
2023-10-07 07:30:18.837 [warning] [Decorations] CAPPING events from decorations provider vscode.git 10000
2023-10-07 07:35:19.168 [warning] [Decorations] CAPPING events from decorations provider vscode.git 10000
2023-10-07 07:40:19.512 [warning] [Decorations] CAPPING events from decorations provider vscode.git 10000
2023-10-07 07:45:19.830 [warning] [Decorations] CAPPING events from decorations provider vscode.git 10000
2023-10-07 07:50:20.157 [warning] [Decorations] CAPPING events from decorations provider vscode.git 10000
2023-10-07 07:55:20.480 [warning] [Decorations] CAPPING events from decorations provider vscode.git 10000
2023-10-07 08:00:20.792 [warning] [Decorations] CAPPING events from decorations provider vscode.git 10000
2023-10-07 08:05:21.111 [warning] [Decorations] CAPPING events from decorations provider vscode.git 10000
2023-10-07 08:10:21.428 [warning] [Decorations] CAPPING events from decorations provider vscode.git 10000
2023-10-07 08:15:21.723 [warning] [Decorations] CAPPING events from decorations provider vscode.git 10000
2023-10-07 08:20:22.032 [warning] [Decorations] CAPPING events from decorations provider vscode.git 10000
2023-10-07 08:25:22.368 [warning] [Decorations] CAPPING events from decorations provider vscode.git 10000
2023-10-07 08:30:22.698 [warning] [Decorations] CAPPING events from decorations provider vscode.git 10000
2023-10-07 08:35:23.042 [warning] [Decorations] CAPPING events from decorations provider vscode.git 10000
2023-10-07 08:40:23.383 [warning] [Decorations] CAPPING events from decorations provider vscode.git 10000
2023-10-07 08:45:23.735 [warning] [Decorations] CAPPING events from decorations provider vscode.git 10000
2023-10-07 08:50:24.077 [warning] [Decorations] CAPPING events from decorations provider vscode.git 10000
2023-10-07 08:55:24.419 [warning] [Decorations] CAPPING events from decorations provider vscode.git 10000
2023-10-07 09:00:24.750 [warning] [Decorations] CAPPING events from decorations provider vscode.git 10000
2023-10-07 09:05:25.083 [warning] [Decorations] CAPPING events from decorations provider vscode.git 10000
2023-10-07 09:10:25.406 [warning] [Decorations] CAPPING events from decorations provider vscode.git 10000
2023-10-07 09:15:25.730 [warning] [Decorations] CAPPING events from decorations provider vscode.git 10000
2023-10-07 09:20:26.050 [warning] [Decorations] CAPPING events from decorations provider vscode.git 10000
2023-10-07 09:25:26.380 [warning] [Decorations] CAPPING events from decorations provider vscode.git 10000
2023-10-07 09:30:26.713 [warning] [Decorations] CAPPING events from decorations provider vscode.git 10000
2023-10-07 09:35:27.043 [warning] [Decorations] CAPPING events from decorations provider vscode.git 10000
2023-10-07 09:40:27.384 [warning] [Decorations] CAPPING events from decorations provider vscode.git 10000
2023-10-07 09:45:27.741 [warning] [Decorations] CAPPING events from decorations provider vscode.git 10000
2023-10-07 09:50:28.062 [warning] [Decorations] CAPPING events from decorations provider vscode.git 10000
2023-10-07 09:55:28.388 [warning] [Decorations] CAPPING events from decorations provider vscode.git 10000
2023-10-07 10:00:28.705 [warning] [Decorations] CAPPING events from decorations provider vscode.git 10000
2023-10-07 10:05:29.041 [warning] [Decorations] CAPPING events from decorations provider vscode.git 10000
2023-10-07 10:10:29.384 [warning] [Decorations] CAPPING events from decorations provider vscode.git 10000
2023-10-07 10:15:29.721 [warning] [Decorations] CAPPING events from decorations provider vscode.git 10000
2023-10-07 10:20:30.032 [warning] [Decorations] CAPPING events from decorations provider vscode.git 10000
2023-10-07 10:25:30.356 [warning] [Decorations] CAPPING events from decorations provider vscode.git 10000
2023-10-07 10:30:30.717 [warning] [Decorations] CAPPING events from decorations provider vscode.git 10000
2023-10-07 10:35:31.060 [warning] [Decorations] CAPPING events from decorations provider vscode.git 10000
2023-10-07 10:40:31.399 [warning] [Decorations] CAPPING events from decorations provider vscode.git 10000
2023-10-07 10:45:31.786 [warning] [Decorations] CAPPING events from decorations provider vscode.git 10000
2023-10-07 10:50:32.119 [warning] [Decorations] CAPPING events from decorations provider vscode.git 10000
2023-10-07 10:55:32.461 [warning] [Decorations] CAPPING events from decorations provider vscode.git 10000
2023-10-07 11:00:32.801 [warning] [Decorations] CAPPING events from decorations provider vscode.git 10000
2023-10-07 11:05:33.126 [warning] [Decorations] CAPPING events from decorations provider vscode.git 10000
2023-10-07 11:10:33.453 [warning] [Decorations] CAPPING events from decorations provider vscode.git 10000
2023-10-07 11:15:33.759 [warning] [Decorations] CAPPING events from decorations provider vscode.git 10000
2023-10-07 11:20:34.091 [warning] [Decorations] CAPPING events from decorations provider vscode.git 10000
2023-10-07 11:25:34.410 [warning] [Decorations] CAPPING events from decorations provider vscode.git 10000
2023-10-07 11:30:34.747 [warning] [Decorations] CAPPING events from decorations provider vscode.git 10000
2023-10-07 11:35:35.082 [warning] [Decorations] CAPPING events from decorations provider vscode.git 10000
2023-10-07 11:40:35.418 [warning] [Decorations] CAPPING events from decorations provider vscode.git 10000
2023-10-07 11:45:35.753 [warning] [Decorations] CAPPING events from decorations provider vscode.git 10000
2023-10-07 11:50:36.106 [warning] [Decorations] CAPPING events from decorations provider vscode.git 10000
2023-10-07 11:55:36.462 [warning] [Decorations] CAPPING events from decorations provider vscode.git 10000
2023-10-07 12:00:36.779 [warning] [Decorations] CAPPING events from decorations provider vscode.git 10000
2023-10-07 12:05:37.103 [warning] [Decorations] CAPPING events from decorations provider vscode.git 10000
2023-10-07 12:10:37.491 [warning] [Decorations] CAPPING events from decorations provider vscode.git 10000
2023-10-07 12:15:37.831 [warning] [Decorations] CAPPING events from decorations provider vscode.git 10000
2023-10-07 12:20:38.156 [warning] [Decorations] CAPPING events from decorations provider vscode.git 10000
2023-10-07 12:25:38.500 [warning] [Decorations] CAPPING events from decorations provider vscode.git 10000
2023-10-07 12:30:38.858 [warning] [Decorations] CAPPING events from decorations provider vscode.git 10000
2023-10-07 12:35:39.215 [warning] [Decorations] CAPPING events from decorations provider vscode.git 10000
2023-10-07 12:40:39.569 [warning] [Decorations] CAPPING events from decorations provider vscode.git 10000
2023-10-07 12:45:39.907 [warning] [Decorations] CAPPING events from decorations provider vscode.git 10000
2023-10-07 12:50:40.259 [warning] [Decorations] CAPPING events from decorations provider vscode.git 10000
2023-10-07 12:55:40.625 [warning] [Decorations] CAPPING events from decorations provider vscode.git 10000
2023-10-07 13:00:40.966 [warning] [Decorations] CAPPING events from decorations provider vscode.git 10000
2023-10-07 13:05:41.310 [warning] [Decorations] CAPPING events from decorations provider vscode.git 10000
2023-10-07 13:10:41.635 [warning] [Decorations] CAPPING events from decorations provider vscode.git 10000
2023-10-07 13:15:41.967 [warning] [Decorations] CAPPING events from decorations provider vscode.git 10000
2023-10-07 13:20:42.294 [warning] [Decorations] CAPPING events from decorations provider vscode.git 10000
2023-10-07 13:25:42.636 [warning] [Decorations] CAPPING events from decorations provider vscode.git 10000
2023-10-07 13:30:43.011 [warning] [Decorations] CAPPING events from decorations provider vscode.git 10000
2023-10-07 13:35:43.356 [warning] [Decorations] CAPPING events from decorations provider vscode.git 10000
2023-10-07 13:40:43.702 [warning] [Decorations] CAPPING events from decorations provider vscode.git 10000
2023-10-07 13:45:44.057 [warning] [Decorations] CAPPING events from decorations provider vscode.git 10000
2023-10-07 13:50:44.407 [warning] [Decorations] CAPPING events from decorations provider vscode.git 10000
2023-10-07 13:55:44.767 [warning] [Decorations] CAPPING events from decorations provider vscode.git 10000
2023-10-07 14:00:45.145 [warning] [Decorations] CAPPING events from decorations provider vscode.git 10000
2023-10-07 14:05:45.502 [warning] [Decorations] CAPPING events from decorations provider vscode.git 10000
2023-10-07 14:10:45.851 [warning] [Decorations] CAPPING events from decorations provider vscode.git 10000
2023-10-07 14:15:46.199 [warning] [Decorations] CAPPING events from decorations provider vscode.git 10000
2023-10-07 14:20:46.526 [warning] [Decorations] CAPPING events from decorations provider vscode.git 10000
2023-10-07 14:25:46.884 [warning] [Decorations] CAPPING events from decorations provider vscode.git 10000
2023-10-07 14:30:47.243 [warning] [Decorations] CAPPING events from decorations provider vscode.git 10000
2023-10-07 14:35:47.599 [warning] [Decorations] CAPPING events from decorations provider vscode.git 10000
2023-10-07 14:40:47.956 [warning] [Decorations] CAPPING events from decorations provider vscode.git 10000
2023-10-07 14:45:48.350 [warning] [Decorations] CAPPING events from decorations provider vscode.git 10000
2023-10-07 14:50:48.713 [warning] [Decorations] CAPPING events from decorations provider vscode.git 10000
2023-10-07 14:55:49.101 [warning] [Decorations] CAPPING events from decorations provider vscode.git 10000
2023-10-07 15:00:49.457 [warning] [Decorations] CAPPING events from decorations provider vscode.git 10000
2023-10-07 15:05:49.830 [warning] [Decorations] CAPPING events from decorations provider vscode.git 10000
2023-10-07 15:10:50.168 [warning] [Decorations] CAPPING events from decorations provider vscode.git 10000
2023-10-07 15:15:50.507 [warning] [Decorations] CAPPING events from decorations provider vscode.git 10000
2023-10-07 15:20:50.846 [warning] [Decorations] CAPPING events from decorations provider vscode.git 10000
2023-10-07 15:25:51.207 [warning] [Decorations] CAPPING events from decorations provider vscode.git 10000
2023-10-07 15:30:51.552 [warning] [Decorations] CAPPING events from decorations provider vscode.git 10000
2023-10-07 15:35:51.873 [warning] [Decorations] CAPPING events from decorations provider vscode.git 10000
2023-10-07 15:40:52.210 [warning] [Decorations] CAPPING events from decorations provider vscode.git 10000
2023-10-07 15:45:52.532 [warning] [Decorations] CAPPING events from decorations provider vscode.git 10000
2023-10-07 15:50:52.867 [warning] [Decorations] CAPPING events from decorations provider vscode.git 10000
2023-10-07 15:55:53.211 [warning] [Decorations] CAPPING events from decorations provider vscode.git 10000
2023-10-07 16:00:53.525 [warning] [Decorations] CAPPING events from decorations provider vscode.git 10000
2023-10-07 16:05:53.847 [warning] [Decorations] CAPPING events from decorations provider vscode.git 10000
2023-10-07 16:10:54.160 [warning] [Decorations] CAPPING events from decorations provider vscode.git 10000
2023-10-07 16:15:54.480 [warning] [Decorations] CAPPING events from decorations provider vscode.git 10000
2023-10-07 16:20:54.815 [warning] [Decorations] CAPPING events from decorations provider vscode.git 10000
2023-10-07 16:25:55.153 [warning] [Decorations] CAPPING events from decorations provider vscode.git 10000
2023-10-07 16:30:55.531 [warning] [Decorations] CAPPING events from decorations provider vscode.git 10000
2023-10-07 16:35:55.880 [warning] [Decorations] CAPPING events from decorations provider vscode.git 10000
2023-10-07 16:40:56.227 [warning] [Decorations] CAPPING events from decorations provider vscode.git 10000
2023-10-07 16:45:56.570 [warning] [Decorations] CAPPING events from decorations provider vscode.git 10000
2023-10-07 16:50:56.922 [warning] [Decorations] CAPPING events from decorations provider vscode.git 10000
2023-10-07 16:55:57.261 [warning] [Decorations] CAPPING events from decorations provider vscode.git 10000
2023-10-07 17:00:57.597 [warning] [Decorations] CAPPING events from decorations provider vscode.git 10000
2023-10-07 17:05:57.933 [warning] [Decorations] CAPPING events from decorations provider vscode.git 10000
2023-10-07 17:10:58.278 [warning] [Decorations] CAPPING events from decorations provider vscode.git 10000
2023-10-07 17:15:58.618 [warning] [Decorations] CAPPING events from decorations provider vscode.git 10000
2023-10-07 17:20:58.945 [warning] [Decorations] CAPPING events from decorations provider vscode.git 10000
2023-10-07 17:25:59.272 [warning] [Decorations] CAPPING events from decorations provider vscode.git 10000
2023-10-07 17:30:59.596 [warning] [Decorations] CAPPING events from decorations provider vscode.git 10000
2023-10-07 17:35:59.919 [warning] [Decorations] CAPPING events from decorations provider vscode.git 10000
2023-10-07 17:41:00.284 [warning] [Decorations] CAPPING events from decorations provider vscode.git 10000
2023-10-07 17:46:00.636 [warning] [Decorations] CAPPING events from decorations provider vscode.git 10000
2023-10-07 17:51:00.978 [warning] [Decorations] CAPPING events from decorations provider vscode.git 10000
2023-10-07 17:56:01.307 [warning] [Decorations] CAPPING events from decorations provider vscode.git 10000
2023-10-07 18:01:01.623 [warning] [Decorations] CAPPING events from decorations provider vscode.git 10000
2023-10-07 18:06:01.941 [warning] [Decorations] CAPPING events from decorations provider vscode.git 10000
2023-10-07 18:11:02.307 [warning] [Decorations] CAPPING events from decorations provider vscode.git 10000
2023-10-07 18:16:02.641 [warning] [Decorations] CAPPING events from decorations provider vscode.git 10000
2023-10-07 18:21:02.963 [warning] [Decorations] CAPPING events from decorations provider vscode.git 10000
2023-10-07 18:26:03.297 [warning] [Decorations] CAPPING events from decorations provider vscode.git 10000
2023-10-07 18:31:03.642 [warning] [Decorations] CAPPING events from decorations provider vscode.git 10000
2023-10-07 18:36:03.974 [warning] [Decorations] CAPPING events from decorations provider vscode.git 10000
2023-10-07 18:41:04.332 [warning] [Decorations] CAPPING events from decorations provider vscode.git 10000
2023-10-07 18:46:04.703 [warning] [Decorations] CAPPING events from decorations provider vscode.git 10000
2023-10-07 18:51:05.061 [warning] [Decorations] CAPPING events from decorations provider vscode.git 10000
2023-10-07 18:56:05.397 [warning] [Decorations] CAPPING events from decorations provider vscode.git 10000
2023-10-07 19:01:05.729 [warning] [Decorations] CAPPING events from decorations provider vscode.git 10000
2023-10-07 19:06:06.058 [warning] [Decorations] CAPPING events from decorations provider vscode.git 10000
2023-10-07 19:11:06.391 [warning] [Decorations] CAPPING events from decorations provider vscode.git 10000
2023-10-07 19:16:06.706 [warning] [Decorations] CAPPING events from decorations provider vscode.git 10000
2023-10-07 19:21:07.048 [warning] [Decorations] CAPPING events from decorations provider vscode.git 10000
2023-10-07 19:26:07.358 [warning] [Decorations] CAPPING events from decorations provider vscode.git 10000
2023-10-07 19:31:07.694 [warning] [Decorations] CAPPING events from decorations provider vscode.git 10000
2023-10-07 19:36:08.029 [warning] [Decorations] CAPPING events from decorations provider vscode.git 10000
2023-10-07 19:41:08.360 [warning] [Decorations] CAPPING events from decorations provider vscode.git 10000
2023-10-07 19:46:08.692 [warning] [Decorations] CAPPING events from decorations provider vscode.git 10000
2023-10-07 19:51:09.022 [warning] [Decorations] CAPPING events from decorations provider vscode.git 10000
2023-10-07 19:56:09.375 [warning] [Decorations] CAPPING events from decorations provider vscode.git 10000
2023-10-07 20:01:09.698 [warning] [Decorations] CAPPING events from decorations provider vscode.git 10000
2023-10-07 20:06:10.028 [warning] [Decorations] CAPPING events from decorations provider vscode.git 10000
2023-10-07 20:11:10.353 [warning] [Decorations] CAPPING events from decorations provider vscode.git 10000
2023-10-07 20:16:10.684 [warning] [Decorations] CAPPING events from decorations provider vscode.git 10000
2023-10-07 20:21:11.012 [warning] [Decorations] CAPPING events from decorations provider vscode.git 10000
2023-10-07 20:26:11.318 [warning] [Decorations] CAPPING events from decorations provider vscode.git 10000
2023-10-07 20:31:11.644 [warning] [Decorations] CAPPING events from decorations provider vscode.git 10000
2023-10-07 20:36:12.012 [warning] [Decorations] CAPPING events from decorations provider vscode.git 10000
2023-10-07 20:41:12.344 [warning] [Decorations] CAPPING events from decorations provider vscode.git 10000
2023-10-07 20:46:12.685 [warning] [Decorations] CAPPING events from decorations provider vscode.git 10000
2023-10-07 20:51:13.049 [warning] [Decorations] CAPPING events from decorations provider vscode.git 10000
2023-10-07 20:56:13.363 [warning] [Decorations] CAPPING events from decorations provider vscode.git 10000
2023-10-07 21:01:13.682 [warning] [Decorations] CAPPING events from decorations provider vscode.git 10000
2023-10-07 21:06:14.044 [warning] [Decorations] CAPPING events from decorations provider vscode.git 10000
2023-10-07 21:11:14.362 [warning] [Decorations] CAPPING events from decorations provider vscode.git 10000
2023-10-07 21:16:14.670 [warning] [Decorations] CAPPING events from decorations provider vscode.git 10000
2023-10-07 21:21:14.986 [warning] [Decorations] CAPPING events from decorations provider vscode.git 10000
2023-10-07 21:26:15.294 [warning] [Decorations] CAPPING events from decorations provider vscode.git 10000
2023-10-07 21:31:15.654 [warning] [Decorations] CAPPING events from decorations provider vscode.git 10000
2023-10-07 21:36:15.989 [warning] [Decorations] CAPPING events from decorations provider vscode.git 10000
2023-10-07 21:41:16.323 [warning] [Decorations] CAPPING events from decorations provider vscode.git 10000
2023-10-07 21:46:16.662 [warning] [Decorations] CAPPING events from decorations provider vscode.git 10000
2023-10-07 21:51:17.004 [warning] [Decorations] CAPPING events from decorations provider vscode.git 10000
2023-10-07 21:56:17.337 [warning] [Decorations] CAPPING events from decorations provider vscode.git 10000
2023-10-07 22:01:17.663 [warning] [Decorations] CAPPING events from decorations provider vscode.git 10000
2023-10-07 22:06:18.001 [warning] [Decorations] CAPPING events from decorations provider vscode.git 10000
2023-10-07 22:11:18.538 [warning] [Decorations] CAPPING events from decorations provider vscode.git 10000
2023-10-07 22:16:18.855 [warning] [Decorations] CAPPING events from decorations provider vscode.git 10000
2023-10-07 22:21:19.177 [warning] [Decorations] CAPPING events from decorations provider vscode.git 10000
2023-10-07 22:26:19.502 [warning] [Decorations] CAPPING events from decorations provider vscode.git 10000
2023-10-07 22:31:19.858 [warning] [Decorations] CAPPING events from decorations provider vscode.git 10000
2023-10-07 22:36:20.198 [warning] [Decorations] CAPPING events from decorations provider vscode.git 10000
2023-10-07 22:41:20.534 [warning] [Decorations] CAPPING events from decorations provider vscode.git 10000
2023-10-07 22:46:20.859 [warning] [Decorations] CAPPING events from decorations provider vscode.git 10000
2023-10-07 22:51:21.178 [warning] [Decorations] CAPPING events from decorations provider vscode.git 10000
2023-10-07 22:56:21.528 [warning] [Decorations] CAPPING events from decorations provider vscode.git 10000
2023-10-07 23:01:21.853 [warning] [Decorations] CAPPING events from decorations provider vscode.git 10000
2023-10-07 23:06:22.171 [warning] [Decorations] CAPPING events from decorations provider vscode.git 10000
2023-10-07 23:11:22.435 [warning] [Decorations] CAPPING events from decorations provider vscode.git 10000
2023-10-07 23:16:22.930 [warning] [Decorations] CAPPING events from decorations provider vscode.git 10000
2023-10-07 23:21:23.230 [warning] [Decorations] CAPPING events from decorations provider vscode.git 10000
2023-10-07 23:26:23.488 [warning] [Decorations] CAPPING events from decorations provider vscode.git 10000
2023-10-07 23:31:23.771 [warning] [Decorations] CAPPING events from decorations provider vscode.git 10000
2023-10-07 23:36:24.017 [warning] [Decorations] CAPPING events from decorations provider vscode.git 10000
2023-10-07 23:41:24.277 [warning] [Decorations] CAPPING events from decorations provider vscode.git 10000
2023-10-07 23:46:24.536 [warning] [Decorations] CAPPING events from decorations provider vscode.git 10000
2023-10-07 23:51:24.797 [warning] [Decorations] CAPPING events from decorations provider vscode.git 10000
2023-10-07 23:56:25.076 [warning] [Decorations] CAPPING events from decorations provider vscode.git 10000
2023-10-08 00:01:25.316 [warning] [Decorations] CAPPING events from decorations provider vscode.git 10000
2023-10-08 00:06:25.572 [warning] [Decorations] CAPPING events from decorations provider vscode.git 10000
2023-10-08 00:11:25.883 [warning] [Decorations] CAPPING events from decorations provider vscode.git 10000
2023-10-08 00:16:26.143 [warning] [Decorations] CAPPING events from decorations provider vscode.git 10000
2023-10-08 00:21:26.405 [warning] [Decorations] CAPPING events from decorations provider vscode.git 10000
2023-10-08 00:26:26.682 [warning] [Decorations] CAPPING events from decorations provider vscode.git 10000
2023-10-08 00:31:26.948 [warning] [Decorations] CAPPING events from decorations provider vscode.git 10000
2023-10-08 00:36:27.232 [warning] [Decorations] CAPPING events from decorations provider vscode.git 10000
2023-10-08 00:41:27.495 [warning] [Decorations] CAPPING events from decorations provider vscode.git 10000
2023-10-08 00:46:27.763 [warning] [Decorations] CAPPING events from decorations provider vscode.git 10000
2023-10-08 00:51:28.069 [warning] [Decorations] CAPPING events from decorations provider vscode.git 10000
2023-10-08 00:56:28.493 [warning] [Decorations] CAPPING events from decorations provider vscode.git 10000
2023-10-08 01:01:28.760 [warning] [Decorations] CAPPING events from decorations provider vscode.git 10000
2023-10-08 01:06:29.047 [warning] [Decorations] CAPPING events from decorations provider vscode.git 10000
2023-10-08 01:11:30.196 [warning] [Decorations] CAPPING events from decorations provider vscode.git 10000
2023-10-08 01:16:30.668 [warning] [Decorations] CAPPING events from decorations provider vscode.git 10000
2023-10-08 01:21:31.099 [warning] [Decorations] CAPPING events from decorations provider vscode.git 10000
2023-10-08 01:26:31.518 [warning] [Decorations] CAPPING events from decorations provider vscode.git 10000
2023-10-08 01:31:31.953 [warning] [Decorations] CAPPING events from decorations provider vscode.git 10000
2023-10-08 01:36:32.346 [warning] [Decorations] CAPPING events from decorations provider vscode.git 10000
2023-10-08 01:41:32.711 [warning] [Decorations] CAPPING events from decorations provider vscode.git 10000
2023-10-08 01:46:33.056 [warning] [Decorations] CAPPING events from decorations provider vscode.git 10000
2023-10-08 01:51:33.436 [warning] [Decorations] CAPPING events from decorations provider vscode.git 10000
2023-10-08 01:56:33.781 [warning] [Decorations] CAPPING events from decorations provider vscode.git 10000
2023-10-08 02:01:34.139 [warning] [Decorations] CAPPING events from decorations provider vscode.git 10000
2023-10-08 02:06:34.506 [warning] [Decorations] CAPPING events from decorations provider vscode.git 10000
2023-10-08 02:11:34.830 [warning] [Decorations] CAPPING events from decorations provider vscode.git 10000
2023-10-08 02:16:35.196 [warning] [Decorations] CAPPING events from decorations provider vscode.git 10000
2023-10-08 02:21:35.576 [warning] [Decorations] CAPPING events from decorations provider vscode.git 10000
2023-10-08 02:26:35.911 [warning] [Decorations] CAPPING events from decorations provider vscode.git 10000
2023-10-08 02:31:36.275 [warning] [Decorations] CAPPING events from decorations provider vscode.git 10000
2023-10-08 02:36:36.651 [warning] [Decorations] CAPPING events from decorations provider vscode.git 10000
2023-10-08 02:41:36.994 [warning] [Decorations] CAPPING events from decorations provider vscode.git 10000
2023-10-08 02:46:37.374 [warning] [Decorations] CAPPING events from decorations provider vscode.git 10000
2023-10-08 02:51:37.721 [warning] [Decorations] CAPPING events from decorations provider vscode.git 10000
2023-10-08 02:56:38.076 [warning] [Decorations] CAPPING events from decorations provider vscode.git 10000
2023-10-08 03:01:38.420 [warning] [Decorations] CAPPING events from decorations provider vscode.git 10000
2023-10-08 03:06:38.790 [warning] [Decorations] CAPPING events from decorations provider vscode.git 10000
2023-10-08 03:11:39.149 [warning] [Decorations] CAPPING events from decorations provider vscode.git 10000
2023-10-08 03:16:39.501 [warning] [Decorations] CAPPING events from decorations provider vscode.git 10000
2023-10-08 03:21:39.846 [warning] [Decorations] CAPPING events from decorations provider vscode.git 10000
2023-10-08 03:26:40.192 [warning] [Decorations] CAPPING events from decorations provider vscode.git 10000
2023-10-08 03:31:40.555 [warning] [Decorations] CAPPING events from decorations provider vscode.git 10000
2023-10-08 03:36:40.867 [warning] [Decorations] CAPPING events from decorations provider vscode.git 10000
2023-10-08 03:41:41.216 [warning] [Decorations] CAPPING events from decorations provider vscode.git 10000
2023-10-08 03:46:41.559 [warning] [Decorations] CAPPING events from decorations provider vscode.git 10000
2023-10-08 03:51:41.896 [warning] [Decorations] CAPPING events from decorations provider vscode.git 10000
2023-10-08 03:56:42.236 [warning] [Decorations] CAPPING events from decorations provider vscode.git 10000
2023-10-08 04:01:42.605 [warning] [Decorations] CAPPING events from decorations provider vscode.git 10000
2023-10-08 04:06:42.950 [warning] [Decorations] CAPPING events from decorations provider vscode.git 10000
2023-10-08 04:11:43.283 [warning] [Decorations] CAPPING events from decorations provider vscode.git 10000
2023-10-08 04:16:43.634 [warning] [Decorations] CAPPING events from decorations provider vscode.git 10000
2023-10-08 04:21:43.984 [warning] [Decorations] CAPPING events from decorations provider vscode.git 10000
2023-10-08 04:26:44.319 [warning] [Decorations] CAPPING events from decorations provider vscode.git 10000
2023-10-08 04:31:44.653 [warning] [Decorations] CAPPING events from decorations provider vscode.git 10000
2023-10-08 04:36:44.970 [warning] [Decorations] CAPPING events from decorations provider vscode.git 10000
2023-10-08 04:41:45.290 [warning] [Decorations] CAPPING events from decorations provider vscode.git 10000
2023-10-08 04:46:45.621 [warning] [Decorations] CAPPING events from decorations provider vscode.git 10000
2023-10-08 04:51:45.952 [warning] [Decorations] CAPPING events from decorations provider vscode.git 10000
2023-10-08 04:56:46.307 [warning] [Decorations] CAPPING events from decorations provider vscode.git 10000
2023-10-08 05:01:46.644 [warning] [Decorations] CAPPING events from decorations provider vscode.git 10000
2023-10-08 05:06:46.982 [warning] [Decorations] CAPPING events from decorations provider vscode.git 10000
2023-10-08 05:11:47.321 [warning] [Decorations] CAPPING events from decorations provider vscode.git 10000
2023-10-08 05:16:47.663 [warning] [Decorations] CAPPING events from decorations provider vscode.git 10000
2023-10-08 05:21:47.986 [warning] [Decorations] CAPPING events from decorations provider vscode.git 10000
2023-10-08 05:26:48.354 [warning] [Decorations] CAPPING events from decorations provider vscode.git 10000
2023-10-08 05:31:48.710 [warning] [Decorations] CAPPING events from decorations provider vscode.git 10000
2023-10-08 05:36:49.030 [warning] [Decorations] CAPPING events from decorations provider vscode.git 10000
2023-10-08 05:41:49.363 [warning] [Decorations] CAPPING events from decorations provider vscode.git 10000
2023-10-08 05:46:49.713 [warning] [Decorations] CAPPING events from decorations provider vscode.git 10000
2023-10-08 05:51:50.071 [warning] [Decorations] CAPPING events from decorations provider vscode.git 10000
2023-10-08 05:56:50.406 [warning] [Decorations] CAPPING events from decorations provider vscode.git 10000
2023-10-08 06:01:50.754 [warning] [Decorations] CAPPING events from decorations provider vscode.git 10000
2023-10-08 06:06:51.094 [warning] [Decorations] CAPPING events from decorations provider vscode.git 10000
2023-10-08 06:11:51.436 [warning] [Decorations] CAPPING events from decorations provider vscode.git 10000
2023-10-08 06:16:51.786 [warning] [Decorations] CAPPING events from decorations provider vscode.git 10000
2023-10-08 06:21:52.123 [warning] [Decorations] CAPPING events from decorations provider vscode.git 10000
2023-10-08 06:26:52.463 [warning] [Decorations] CAPPING events from decorations provider vscode.git 10000
2023-10-08 06:31:52.785 [warning] [Decorations] CAPPING events from decorations provider vscode.git 10000
2023-10-08 06:36:53.103 [warning] [Decorations] CAPPING events from decorations provider vscode.git 10000
2023-10-08 06:41:53.472 [warning] [Decorations] CAPPING events from decorations provider vscode.git 10000
2023-10-08 06:46:53.808 [warning] [Decorations] CAPPING events from decorations provider vscode.git 10000
2023-10-08 06:51:54.150 [warning] [Decorations] CAPPING events from decorations provider vscode.git 10000
2023-10-08 06:56:54.496 [warning] [Decorations] CAPPING events from decorations provider vscode.git 10000
2023-10-08 07:01:54.843 [warning] [Decorations] CAPPING events from decorations provider vscode.git 10000
2023-10-08 07:06:55.199 [warning] [Decorations] CAPPING events from decorations provider vscode.git 10000
2023-10-08 07:11:55.538 [warning] [Decorations] CAPPING events from decorations provider vscode.git 10000
2023-10-08 07:16:55.885 [warning] [Decorations] CAPPING events from decorations provider vscode.git 10000
2023-10-08 07:21:56.225 [warning] [Decorations] CAPPING events from decorations provider vscode.git 10000
2023-10-08 07:26:56.558 [warning] [Decorations] CAPPING events from decorations provider vscode.git 10000
2023-10-08 07:31:56.898 [warning] [Decorations] CAPPING events from decorations provider vscode.git 10000
2023-10-08 07:36:57.218 [warning] [Decorations] CAPPING events from decorations provider vscode.git 10000
2023-10-08 07:41:57.532 [warning] [Decorations] CAPPING events from decorations provider vscode.git 10000
2023-10-08 07:46:57.856 [warning] [Decorations] CAPPING events from decorations provider vscode.git 10000
2023-10-08 07:51:58.142 [warning] [Decorations] CAPPING events from decorations provider vscode.git 10000
2023-10-08 07:56:58.470 [warning] [Decorations] CAPPING events from decorations provider vscode.git 10000
2023-10-08 08:01:58.798 [warning] [Decorations] CAPPING events from decorations provider vscode.git 10000
2023-10-08 08:06:59.117 [warning] [Decorations] CAPPING events from decorations provider vscode.git 10000
2023-10-08 08:11:59.457 [warning] [Decorations] CAPPING events from decorations provider vscode.git 10000
2023-10-08 08:16:59.797 [warning] [Decorations] CAPPING events from decorations provider vscode.git 10000
2023-10-08 08:22:00.137 [warning] [Decorations] CAPPING events from decorations provider vscode.git 10000
2023-10-08 08:27:00.468 [warning] [Decorations] CAPPING events from decorations provider vscode.git 10000
2023-10-08 08:32:00.801 [warning] [Decorations] CAPPING events from decorations provider vscode.git 10000
2023-10-08 08:37:01.118 [warning] [Decorations] CAPPING events from decorations provider vscode.git 10000
2023-10-08 08:42:01.442 [warning] [Decorations] CAPPING events from decorations provider vscode.git 10000
2023-10-08 08:47:01.771 [warning] [Decorations] CAPPING events from decorations provider vscode.git 10000
2023-10-08 08:52:02.127 [warning] [Decorations] CAPPING events from decorations provider vscode.git 10000
2023-10-08 08:57:02.493 [warning] [Decorations] CAPPING events from decorations provider vscode.git 10000
2023-10-08 09:02:02.826 [warning] [Decorations] CAPPING events from decorations provider vscode.git 10000
2023-10-08 09:07:03.175 [warning] [Decorations] CAPPING events from decorations provider vscode.git 10000
2023-10-08 09:12:03.515 [warning] [Decorations] CAPPING events from decorations provider vscode.git 10000
2023-10-08 09:17:03.841 [warning] [Decorations] CAPPING events from decorations provider vscode.git 10000
2023-10-08 09:22:04.182 [warning] [Decorations] CAPPING events from decorations provider vscode.git 10000
2023-10-08 09:27:04.528 [warning] [Decorations] CAPPING events from decorations provider vscode.git 10000
2023-10-08 09:32:04.861 [warning] [Decorations] CAPPING events from decorations provider vscode.git 10000
2023-10-08 09:37:05.186 [warning] [Decorations] CAPPING events from decorations provider vscode.git 10000
2023-10-08 09:42:05.534 [warning] [Decorations] CAPPING events from decorations provider vscode.git 10000
2023-10-08 09:47:05.860 [warning] [Decorations] CAPPING events from decorations provider vscode.git 10000
2023-10-08 09:52:06.208 [warning] [Decorations] CAPPING events from decorations provider vscode.git 10000
2023-10-08 09:57:06.553 [warning] [Decorations] CAPPING events from decorations provider vscode.git 10000
2023-10-08 10:02:06.912 [warning] [Decorations] CAPPING events from decorations provider vscode.git 10000
2023-10-08 10:07:07.241 [warning] [Decorations] CAPPING events from decorations provider vscode.git 10000
2023-10-08 10:12:07.574 [warning] [Decorations] CAPPING events from decorations provider vscode.git 10000
2023-10-08 10:17:07.920 [warning] [Decorations] CAPPING events from decorations provider vscode.git 10000
2023-10-08 10:22:08.260 [warning] [Decorations] CAPPING events from decorations provider vscode.git 10000
2023-10-08 10:27:08.602 [warning] [Decorations] CAPPING events from decorations provider vscode.git 10000
2023-10-08 10:32:08.952 [warning] [Decorations] CAPPING events from decorations provider vscode.git 10000
2023-10-08 10:37:09.275 [warning] [Decorations] CAPPING events from decorations provider vscode.git 10000
2023-10-08 10:42:09.602 [warning] [Decorations] CAPPING events from decorations provider vscode.git 10000
2023-10-08 10:47:09.943 [warning] [Decorations] CAPPING events from decorations provider vscode.git 10000
2023-10-08 10:52:10.291 [warning] [Decorations] CAPPING events from decorations provider vscode.git 10000
2023-10-08 10:57:10.670 [warning] [Decorations] CAPPING events from decorations provider vscode.git 10000
2023-10-08 11:02:11.020 [warning] [Decorations] CAPPING events from decorations provider vscode.git 10000
2023-10-08 11:07:11.363 [warning] [Decorations] CAPPING events from decorations provider vscode.git 10000
2023-10-08 11:12:11.704 [warning] [Decorations] CAPPING events from decorations provider vscode.git 10000
2023-10-08 11:17:12.067 [warning] [Decorations] CAPPING events from decorations provider vscode.git 10000
2023-10-08 11:22:12.459 [warning] [Decorations] CAPPING events from decorations provider vscode.git 10000
2023-10-08 11:27:12.807 [warning] [Decorations] CAPPING events from decorations provider vscode.git 10000
2023-10-08 11:32:13.176 [warning] [Decorations] CAPPING events from decorations provider vscode.git 10000
2023-10-08 11:37:13.531 [warning] [Decorations] CAPPING events from decorations provider vscode.git 10000
2023-10-08 11:42:13.854 [warning] [Decorations] CAPPING events from decorations provider vscode.git 10000
2023-10-08 11:47:14.222 [warning] [Decorations] CAPPING events from decorations provider vscode.git 10000
2023-10-08 11:52:14.557 [warning] [Decorations] CAPPING events from decorations provider vscode.git 10000
2023-10-08 11:57:14.877 [warning] [Decorations] CAPPING events from decorations provider vscode.git 10000
2023-10-08 12:02:15.216 [warning] [Decorations] CAPPING events from decorations provider vscode.git 10000
2023-10-08 12:07:15.519 [warning] [Decorations] CAPPING events from decorations provider vscode.git 10000
2023-10-08 12:12:15.820 [warning] [Decorations] CAPPING events from decorations provider vscode.git 10000
