2023-10-10 18:43:26.588 [info] Extension host with pid 4713 started
2023-10-10 18:43:26.615 [info] Lock '/home/tphilly/.vscode-server/data/User/workspaceStorage/4b8e8d4390f74392c7003c669c19f5bc/vscode.lock': Lock acquired.
2023-10-10 18:43:26.639 [info] ExtensionService#_doActivateExtension vscode.typescript-language-features, startup: false, activationEvent: 'onLanguage:javascript'
2023-10-10 18:43:26.640 [info] ExtensionService#_doActivateExtension vscode.emmet, startup: false, activationEvent: 'onLanguage'
2023-10-10 18:43:26.885 [info] ExtensionService#_doActivateExtension vscode.git-base, startup: true, activationEvent: '*', root cause: vscode.git
2023-10-10 18:43:26.990 [info] ExtensionService#_doActivateExtension vscode.git, startup: true, activationEvent: '*'
2023-10-10 18:43:26.991 [info] ExtensionService#_doActivateExtension vscode.github, startup: true, activationEvent: '*'
2023-10-10 18:43:27.255 [info] Eager extensions activated
2023-10-10 18:43:27.256 [info] ExtensionService#_doActivateExtension vscode.debug-auto-launch, startup: false, activationEvent: 'onStartupFinished'
2023-10-10 18:43:27.257 [info] ExtensionService#_doActivateExtension vscode.merge-conflict, startup: false, activationEvent: 'onStartupFinished'
2023-10-10 18:43:27.258 [info] ExtensionService#_doActivateExtension dbaeumer.vscode-eslint, startup: false, activationEvent: 'onStartupFinished'
2023-10-10 18:43:27.258 [info] ExtensionService#_doActivateExtension eamodio.gitlens, startup: false, activationEvent: 'onStartupFinished'
2023-10-10 18:43:27.258 [info] ExtensionService#_doActivateExtension esbenp.prettier-vscode, startup: false, activationEvent: 'onStartupFinished'
2023-10-10 18:43:27.922 [info] ExtensionService#_doActivateExtension ms-vsliveshare.vsliveshare, startup: false, activationEvent: 'api', root cause: eamodio.gitlens
2023-10-10 18:43:28.412 [info] ExtensionService#_doActivateExtension GitHub.vscode-pull-request-github, startup: false, activationEvent: 'onStartupFinished'
2023-10-10 18:43:29.236 [warning] [Decorations] CAPPING events from decorations provider vscode.git 10000
2023-10-10 18:43:30.278 [warning] [Decorations] CAPPING events from decorations provider vscode.git 10002
2023-10-10 18:45:22.046 [warning] [Decorations] CAPPING events from decorations provider vscode.git 10000
2023-10-10 18:45:57.042 [info] ExtensionService#_doActivateExtension vscode.npm, startup: false, activationEvent: 'onTerminalQuickFixRequest:ms-vscode.npm-command'
2023-10-10 18:48:29.136 [warning] [Decorations] CAPPING events from decorations provider vscode.git 10046
2023-10-10 18:53:29.372 [warning] [Decorations] CAPPING events from decorations provider vscode.git 10006
2023-10-10 18:58:29.586 [warning] [Decorations] CAPPING events from decorations provider vscode.git 10004
2023-10-10 19:03:29.844 [warning] [Decorations] CAPPING events from decorations provider vscode.git 10006
2023-10-10 19:08:30.058 [warning] [Decorations] CAPPING events from decorations provider vscode.git 10008
2023-10-10 19:13:30.261 [warning] [Decorations] CAPPING events from decorations provider vscode.git 10000
2023-10-10 19:18:30.482 [warning] [Decorations] CAPPING events from decorations provider vscode.git 10000
2023-10-10 19:21:58.717 [info] Extension host terminating: received terminate message from renderer
2023-10-10 19:21:58.719 [info] Lock '/home/tphilly/.vscode-server/data/User/workspaceStorage/4b8e8d4390f74392c7003c669c19f5bc/vscode.lock': Marking the lockfile as scheduled to be released in 6000 ms.
2023-10-10 19:21:58.866 [error] Canceled: Canceled
	at new h (/home/tphilly/.vscode-server/bin/abd2f3db4bdb28f9e95536dfa84d8479f1eb312d/out/vs/workbench/api/node/extensionHostProcess.js:108:57382)
	at i.O (/home/tphilly/.vscode-server/bin/abd2f3db4bdb28f9e95536dfa84d8479f1eb312d/out/vs/workbench/api/node/extensionHostProcess.js:117:10850)
	at j.<computed>.T.charCodeAt.j.<computed> (/home/tphilly/.vscode-server/bin/abd2f3db4bdb28f9e95536dfa84d8479f1eb312d/out/vs/workbench/api/node/extensionHostProcess.js:117:8289)
	at r.g (/home/tphilly/.vscode-server/bin/abd2f3db4bdb28f9e95536dfa84d8479f1eb312d/out/vs/workbench/api/node/extensionHostProcess.js:108:82208)
	at r.executeCommand (/home/tphilly/.vscode-server/bin/abd2f3db4bdb28f9e95536dfa84d8479f1eb312d/out/vs/workbench/api/node/extensionHostProcess.js:108:81646)
	at u.registerCommand.description (/home/tphilly/.vscode-server/bin/abd2f3db4bdb28f9e95536dfa84d8479f1eb312d/out/vs/workbench/api/node/extensionHostProcess.js:108:80967)
	at r.h (/home/tphilly/.vscode-server/bin/abd2f3db4bdb28f9e95536dfa84d8479f1eb312d/out/vs/workbench/api/node/extensionHostProcess.js:108:82744)
	at r.g (/home/tphilly/.vscode-server/bin/abd2f3db4bdb28f9e95536dfa84d8479f1eb312d/out/vs/workbench/api/node/extensionHostProcess.js:108:81739)
	at r.executeCommand (/home/tphilly/.vscode-server/bin/abd2f3db4bdb28f9e95536dfa84d8479f1eb312d/out/vs/workbench/api/node/extensionHostProcess.js:108:81646)
	at Object.executeCommand (/home/tphilly/.vscode-server/bin/abd2f3db4bdb28f9e95536dfa84d8479f1eb312d/out/vs/workbench/api/node/extensionHostProcess.js:123:21247)
	at n.D [as value] (/home/tphilly/.vscode-server/bin/abd2f3db4bdb28f9e95536dfa84d8479f1eb312d/extensions/git/dist/main.js:2:1309000)
	at m.w (/home/tphilly/.vscode-server/bin/abd2f3db4bdb28f9e95536dfa84d8479f1eb312d/out/vs/workbench/api/node/extensionHostProcess.js:63:1902)
	at m.x (/home/tphilly/.vscode-server/bin/abd2f3db4bdb28f9e95536dfa84d8479f1eb312d/out/vs/workbench/api/node/extensionHostProcess.js:63:1972)
	at m.fire (/home/tphilly/.vscode-server/bin/abd2f3db4bdb28f9e95536dfa84d8479f1eb312d/out/vs/workbench/api/node/extensionHostProcess.js:63:2188)
	at Object.m [as dispose] (/home/tphilly/.vscode-server/bin/abd2f3db4bdb28f9e95536dfa84d8479f1eb312d/extensions/git/dist/main.js:2:1324784)
	at /home/tphilly/.vscode-server/bin/abd2f3db4bdb28f9e95536dfa84d8479f1eb312d/extensions/git/dist/main.js:2:1329625
	at Array.forEach (<anonymous>)
	at g.dispose (/home/tphilly/.vscode-server/bin/abd2f3db4bdb28f9e95536dfa84d8479f1eb312d/extensions/git/dist/main.js:2:1329611)
	at E.<anonymous> (/home/tphilly/.vscode-server/bin/abd2f3db4bdb28f9e95536dfa84d8479f1eb312d/out/vs/workbench/api/node/extensionHostProcess.js:104:3484)
	at E.dispose (/home/tphilly/.vscode-server/bin/abd2f3db4bdb28f9e95536dfa84d8479f1eb312d/out/vs/workbench/api/node/extensionHostProcess.js:104:3581)
	at E.<anonymous> (/home/tphilly/.vscode-server/bin/abd2f3db4bdb28f9e95536dfa84d8479f1eb312d/extensions/git/dist/main.js:2:1311012)
	at E.dispose (/home/tphilly/.vscode-server/bin/abd2f3db4bdb28f9e95536dfa84d8479f1eb312d/out/vs/workbench/api/node/extensionHostProcess.js:104:3581)
	at k (/home/tphilly/.vscode-server/bin/abd2f3db4bdb28f9e95536dfa84d8479f1eb312d/out/vs/workbench/api/node/extensionHostProcess.js:13:11730)
	at n.Z (/home/tphilly/.vscode-server/bin/abd2f3db4bdb28f9e95536dfa84d8479f1eb312d/out/vs/workbench/api/node/extensionHostProcess.js:119:9652)
	at /home/tphilly/.vscode-server/bin/abd2f3db4bdb28f9e95536dfa84d8479f1eb312d/out/vs/workbench/api/node/extensionHostProcess.js:119:7585
	at Array.map (<anonymous>)
	at n.S (/home/tphilly/.vscode-server/bin/abd2f3db4bdb28f9e95536dfa84d8479f1eb312d/out/vs/workbench/api/node/extensionHostProcess.js:119:7572)
	at n.terminate (/home/tphilly/.vscode-server/bin/abd2f3db4bdb28f9e95536dfa84d8479f1eb312d/out/vs/workbench/api/node/extensionHostProcess.js:119:7844)
	at o.terminate (/home/tphilly/.vscode-server/bin/abd2f3db4bdb28f9e95536dfa84d8479f1eb312d/out/vs/workbench/api/node/extensionHostProcess.js:123:1513)
	at D (/home/tphilly/.vscode-server/bin/abd2f3db4bdb28f9e95536dfa84d8479f1eb312d/out/vs/workbench/api/node/extensionHostProcess.js:136:9800)
	at n.value (/home/tphilly/.vscode-server/bin/abd2f3db4bdb28f9e95536dfa84d8479f1eb312d/out/vs/workbench/api/node/extensionHostProcess.js:136:7847)
	at m.w (/home/tphilly/.vscode-server/bin/abd2f3db4bdb28f9e95536dfa84d8479f1eb312d/out/vs/workbench/api/node/extensionHostProcess.js:63:1902)
	at m.fire (/home/tphilly/.vscode-server/bin/abd2f3db4bdb28f9e95536dfa84d8479f1eb312d/out/vs/workbench/api/node/extensionHostProcess.js:63:2119)
	at v.fire (/home/tphilly/.vscode-server/bin/abd2f3db4bdb28f9e95536dfa84d8479f1eb312d/out/vs/workbench/api/node/extensionHostProcess.js:79:13940)
	at s.z (/home/tphilly/.vscode-server/bin/abd2f3db4bdb28f9e95536dfa84d8479f1eb312d/out/vs/workbench/api/node/extensionHostProcess.js:79:17005)
	at n.value (/home/tphilly/.vscode-server/bin/abd2f3db4bdb28f9e95536dfa84d8479f1eb312d/out/vs/workbench/api/node/extensionHostProcess.js:79:15457)
	at m.w (/home/tphilly/.vscode-server/bin/abd2f3db4bdb28f9e95536dfa84d8479f1eb312d/out/vs/workbench/api/node/extensionHostProcess.js:63:1902)
	at m.fire (/home/tphilly/.vscode-server/bin/abd2f3db4bdb28f9e95536dfa84d8479f1eb312d/out/vs/workbench/api/node/extensionHostProcess.js:63:2119)
	at n.acceptChunk (/home/tphilly/.vscode-server/bin/abd2f3db4bdb28f9e95536dfa84d8479f1eb312d/out/vs/workbench/api/node/extensionHostProcess.js:79:11714)
	at n.value (/home/tphilly/.vscode-server/bin/abd2f3db4bdb28f9e95536dfa84d8479f1eb312d/out/vs/workbench/api/node/extensionHostProcess.js:79:11001)
	at m.w (/home/tphilly/.vscode-server/bin/abd2f3db4bdb28f9e95536dfa84d8479f1eb312d/out/vs/workbench/api/node/extensionHostProcess.js:63:1902)
	at m.fire (/home/tphilly/.vscode-server/bin/abd2f3db4bdb28f9e95536dfa84d8479f1eb312d/out/vs/workbench/api/node/extensionHostProcess.js:63:2119)
	at m.u (/home/tphilly/.vscode-server/bin/abd2f3db4bdb28f9e95536dfa84d8479f1eb312d/out/vs/workbench/api/node/extensionHostProcess.js:133:19093)
	at m.acceptFrame (/home/tphilly/.vscode-server/bin/abd2f3db4bdb28f9e95536dfa84d8479f1eb312d/out/vs/workbench/api/node/extensionHostProcess.js:133:18899)
	at a.l (/home/tphilly/.vscode-server/bin/abd2f3db4bdb28f9e95536dfa84d8479f1eb312d/out/vs/workbench/api/node/extensionHostProcess.js:133:17532)
	at /home/tphilly/.vscode-server/bin/abd2f3db4bdb28f9e95536dfa84d8479f1eb312d/out/vs/workbench/api/node/extensionHostProcess.js:133:14879
	at Socket.p (/home/tphilly/.vscode-server/bin/abd2f3db4bdb28f9e95536dfa84d8479f1eb312d/out/vs/workbench/api/node/extensionHostProcess.js:133:12793)
	at Socket.emit (node:events:513:28)
	at addChunk (node:internal/streams/readable:324:12)
	at readableAddChunk (node:internal/streams/readable:297:9)
	at Readable.push (node:internal/streams/readable:234:10)
	at TCP.onStreamRead (node:internal/stream_base_commons:190:23) setContext undefined
2023-10-10 19:21:58.867 [error] Canceled: Canceled
	at new h (/home/tphilly/.vscode-server/bin/abd2f3db4bdb28f9e95536dfa84d8479f1eb312d/out/vs/workbench/api/node/extensionHostProcess.js:108:57382)
	at i.O (/home/tphilly/.vscode-server/bin/abd2f3db4bdb28f9e95536dfa84d8479f1eb312d/out/vs/workbench/api/node/extensionHostProcess.js:117:10850)
	at j.<computed>.T.charCodeAt.j.<computed> (/home/tphilly/.vscode-server/bin/abd2f3db4bdb28f9e95536dfa84d8479f1eb312d/out/vs/workbench/api/node/extensionHostProcess.js:117:8289)
	at r.g (/home/tphilly/.vscode-server/bin/abd2f3db4bdb28f9e95536dfa84d8479f1eb312d/out/vs/workbench/api/node/extensionHostProcess.js:108:82208)
	at r.executeCommand (/home/tphilly/.vscode-server/bin/abd2f3db4bdb28f9e95536dfa84d8479f1eb312d/out/vs/workbench/api/node/extensionHostProcess.js:108:81646)
	at u.registerCommand.description (/home/tphilly/.vscode-server/bin/abd2f3db4bdb28f9e95536dfa84d8479f1eb312d/out/vs/workbench/api/node/extensionHostProcess.js:108:80967)
	at r.h (/home/tphilly/.vscode-server/bin/abd2f3db4bdb28f9e95536dfa84d8479f1eb312d/out/vs/workbench/api/node/extensionHostProcess.js:108:82744)
	at r.g (/home/tphilly/.vscode-server/bin/abd2f3db4bdb28f9e95536dfa84d8479f1eb312d/out/vs/workbench/api/node/extensionHostProcess.js:108:81739)
	at r.executeCommand (/home/tphilly/.vscode-server/bin/abd2f3db4bdb28f9e95536dfa84d8479f1eb312d/out/vs/workbench/api/node/extensionHostProcess.js:108:81646)
	at Object.executeCommand (/home/tphilly/.vscode-server/bin/abd2f3db4bdb28f9e95536dfa84d8479f1eb312d/out/vs/workbench/api/node/extensionHostProcess.js:123:21247)
	at set b [as b] (/home/tphilly/.vscode-server/bin/abd2f3db4bdb28f9e95536dfa84d8479f1eb312d/extensions/github/dist/extension.js:2:714434)
	at /home/tphilly/.vscode-server/bin/abd2f3db4bdb28f9e95536dfa84d8479f1eb312d/extensions/github/dist/extension.js:2:715075
	at n.value (/home/tphilly/.vscode-server/bin/abd2f3db4bdb28f9e95536dfa84d8479f1eb312d/extensions/git/dist/main.js:2:1396602)
	at m.w (/home/tphilly/.vscode-server/bin/abd2f3db4bdb28f9e95536dfa84d8479f1eb312d/out/vs/workbench/api/node/extensionHostProcess.js:63:1902)
	at m.x (/home/tphilly/.vscode-server/bin/abd2f3db4bdb28f9e95536dfa84d8479f1eb312d/out/vs/workbench/api/node/extensionHostProcess.js:63:1972)
	at m.fire (/home/tphilly/.vscode-server/bin/abd2f3db4bdb28f9e95536dfa84d8479f1eb312d/out/vs/workbench/api/node/extensionHostProcess.js:63:2188)
	at Object.m [as dispose] (/home/tphilly/.vscode-server/bin/abd2f3db4bdb28f9e95536dfa84d8479f1eb312d/extensions/git/dist/main.js:2:1324784)
	at /home/tphilly/.vscode-server/bin/abd2f3db4bdb28f9e95536dfa84d8479f1eb312d/extensions/git/dist/main.js:2:1329625
	at Array.forEach (<anonymous>)
	at g.dispose (/home/tphilly/.vscode-server/bin/abd2f3db4bdb28f9e95536dfa84d8479f1eb312d/extensions/git/dist/main.js:2:1329611)
	at E.<anonymous> (/home/tphilly/.vscode-server/bin/abd2f3db4bdb28f9e95536dfa84d8479f1eb312d/out/vs/workbench/api/node/extensionHostProcess.js:104:3484)
	at E.dispose (/home/tphilly/.vscode-server/bin/abd2f3db4bdb28f9e95536dfa84d8479f1eb312d/out/vs/workbench/api/node/extensionHostProcess.js:104:3581)
	at E.<anonymous> (/home/tphilly/.vscode-server/bin/abd2f3db4bdb28f9e95536dfa84d8479f1eb312d/extensions/git/dist/main.js:2:1311012)
	at E.dispose (/home/tphilly/.vscode-server/bin/abd2f3db4bdb28f9e95536dfa84d8479f1eb312d/out/vs/workbench/api/node/extensionHostProcess.js:104:3581)
	at k (/home/tphilly/.vscode-server/bin/abd2f3db4bdb28f9e95536dfa84d8479f1eb312d/out/vs/workbench/api/node/extensionHostProcess.js:13:11730)
	at n.Z (/home/tphilly/.vscode-server/bin/abd2f3db4bdb28f9e95536dfa84d8479f1eb312d/out/vs/workbench/api/node/extensionHostProcess.js:119:9652)
	at /home/tphilly/.vscode-server/bin/abd2f3db4bdb28f9e95536dfa84d8479f1eb312d/out/vs/workbench/api/node/extensionHostProcess.js:119:7585
	at Array.map (<anonymous>)
	at n.S (/home/tphilly/.vscode-server/bin/abd2f3db4bdb28f9e95536dfa84d8479f1eb312d/out/vs/workbench/api/node/extensionHostProcess.js:119:7572)
	at n.terminate (/home/tphilly/.vscode-server/bin/abd2f3db4bdb28f9e95536dfa84d8479f1eb312d/out/vs/workbench/api/node/extensionHostProcess.js:119:7844)
	at o.terminate (/home/tphilly/.vscode-server/bin/abd2f3db4bdb28f9e95536dfa84d8479f1eb312d/out/vs/workbench/api/node/extensionHostProcess.js:123:1513)
	at D (/home/tphilly/.vscode-server/bin/abd2f3db4bdb28f9e95536dfa84d8479f1eb312d/out/vs/workbench/api/node/extensionHostProcess.js:136:9800)
	at n.value (/home/tphilly/.vscode-server/bin/abd2f3db4bdb28f9e95536dfa84d8479f1eb312d/out/vs/workbench/api/node/extensionHostProcess.js:136:7847)
	at m.w (/home/tphilly/.vscode-server/bin/abd2f3db4bdb28f9e95536dfa84d8479f1eb312d/out/vs/workbench/api/node/extensionHostProcess.js:63:1902)
	at m.fire (/home/tphilly/.vscode-server/bin/abd2f3db4bdb28f9e95536dfa84d8479f1eb312d/out/vs/workbench/api/node/extensionHostProcess.js:63:2119)
	at v.fire (/home/tphilly/.vscode-server/bin/abd2f3db4bdb28f9e95536dfa84d8479f1eb312d/out/vs/workbench/api/node/extensionHostProcess.js:79:13940)
	at s.z (/home/tphilly/.vscode-server/bin/abd2f3db4bdb28f9e95536dfa84d8479f1eb312d/out/vs/workbench/api/node/extensionHostProcess.js:79:17005)
	at n.value (/home/tphilly/.vscode-server/bin/abd2f3db4bdb28f9e95536dfa84d8479f1eb312d/out/vs/workbench/api/node/extensionHostProcess.js:79:15457)
	at m.w (/home/tphilly/.vscode-server/bin/abd2f3db4bdb28f9e95536dfa84d8479f1eb312d/out/vs/workbench/api/node/extensionHostProcess.js:63:1902)
	at m.fire (/home/tphilly/.vscode-server/bin/abd2f3db4bdb28f9e95536dfa84d8479f1eb312d/out/vs/workbench/api/node/extensionHostProcess.js:63:2119)
	at n.acceptChunk (/home/tphilly/.vscode-server/bin/abd2f3db4bdb28f9e95536dfa84d8479f1eb312d/out/vs/workbench/api/node/extensionHostProcess.js:79:11714)
	at n.value (/home/tphilly/.vscode-server/bin/abd2f3db4bdb28f9e95536dfa84d8479f1eb312d/out/vs/workbench/api/node/extensionHostProcess.js:79:11001)
	at m.w (/home/tphilly/.vscode-server/bin/abd2f3db4bdb28f9e95536dfa84d8479f1eb312d/out/vs/workbench/api/node/extensionHostProcess.js:63:1902)
	at m.fire (/home/tphilly/.vscode-server/bin/abd2f3db4bdb28f9e95536dfa84d8479f1eb312d/out/vs/workbench/api/node/extensionHostProcess.js:63:2119)
	at m.u (/home/tphilly/.vscode-server/bin/abd2f3db4bdb28f9e95536dfa84d8479f1eb312d/out/vs/workbench/api/node/extensionHostProcess.js:133:19093)
	at m.acceptFrame (/home/tphilly/.vscode-server/bin/abd2f3db4bdb28f9e95536dfa84d8479f1eb312d/out/vs/workbench/api/node/extensionHostProcess.js:133:18899)
	at a.l (/home/tphilly/.vscode-server/bin/abd2f3db4bdb28f9e95536dfa84d8479f1eb312d/out/vs/workbench/api/node/extensionHostProcess.js:133:17532)
	at /home/tphilly/.vscode-server/bin/abd2f3db4bdb28f9e95536dfa84d8479f1eb312d/out/vs/workbench/api/node/extensionHostProcess.js:133:14879
	at Socket.p (/home/tphilly/.vscode-server/bin/abd2f3db4bdb28f9e95536dfa84d8479f1eb312d/out/vs/workbench/api/node/extensionHostProcess.js:133:12793)
	at Socket.emit (node:events:513:28)
	at addChunk (node:internal/streams/readable:324:12)
	at readableAddChunk (node:internal/streams/readable:297:9)
	at Readable.push (node:internal/streams/readable:234:10)
	at TCP.onStreamRead (node:internal/stream_base_commons:190:23) setContext undefined
2023-10-10 19:21:58.867 [error] Canceled: Canceled
	at new h (/home/tphilly/.vscode-server/bin/abd2f3db4bdb28f9e95536dfa84d8479f1eb312d/out/vs/workbench/api/node/extensionHostProcess.js:108:57382)
	at i.O (/home/tphilly/.vscode-server/bin/abd2f3db4bdb28f9e95536dfa84d8479f1eb312d/out/vs/workbench/api/node/extensionHostProcess.js:117:10850)
	at j.<computed>.T.charCodeAt.j.<computed> (/home/tphilly/.vscode-server/bin/abd2f3db4bdb28f9e95536dfa84d8479f1eb312d/out/vs/workbench/api/node/extensionHostProcess.js:117:8289)
	at r.g (/home/tphilly/.vscode-server/bin/abd2f3db4bdb28f9e95536dfa84d8479f1eb312d/out/vs/workbench/api/node/extensionHostProcess.js:108:82208)
	at r.executeCommand (/home/tphilly/.vscode-server/bin/abd2f3db4bdb28f9e95536dfa84d8479f1eb312d/out/vs/workbench/api/node/extensionHostProcess.js:108:81646)
	at u.registerCommand.description (/home/tphilly/.vscode-server/bin/abd2f3db4bdb28f9e95536dfa84d8479f1eb312d/out/vs/workbench/api/node/extensionHostProcess.js:108:80967)
	at r.h (/home/tphilly/.vscode-server/bin/abd2f3db4bdb28f9e95536dfa84d8479f1eb312d/out/vs/workbench/api/node/extensionHostProcess.js:108:82744)
	at r.g (/home/tphilly/.vscode-server/bin/abd2f3db4bdb28f9e95536dfa84d8479f1eb312d/out/vs/workbench/api/node/extensionHostProcess.js:108:81739)
	at r.executeCommand (/home/tphilly/.vscode-server/bin/abd2f3db4bdb28f9e95536dfa84d8479f1eb312d/out/vs/workbench/api/node/extensionHostProcess.js:108:81646)
	at Object.executeCommand (/home/tphilly/.vscode-server/bin/abd2f3db4bdb28f9e95536dfa84d8479f1eb312d/out/vs/workbench/api/node/extensionHostProcess.js:123:21247)
	at e (/home/tphilly/.vscode-server/extensions/github.vscode-pull-request-github-0.72.0/dist/extension.js:1655:1445)
	at Object.n [as setContext] (/home/tphilly/.vscode-server/extensions/github.vscode-pull-request-github-0.72.0/dist/extension.js:1655:1560)
	at hp.updateActiveReviewCount (/home/tphilly/.vscode-server/extensions/github.vscode-pull-request-github-0.72.0/dist/extension.js:1772:22546)
	at hp.removeRepo (/home/tphilly/.vscode-server/extensions/github.vscode-pull-request-github-0.72.0/dist/extension.js:1772:23673)
	at n.value (/home/tphilly/.vscode-server/extensions/github.vscode-pull-request-github-0.72.0/dist/extension.js:1818:4126)
	at m.w (/home/tphilly/.vscode-server/bin/abd2f3db4bdb28f9e95536dfa84d8479f1eb312d/out/vs/workbench/api/node/extensionHostProcess.js:63:1902)
	at m.x (/home/tphilly/.vscode-server/bin/abd2f3db4bdb28f9e95536dfa84d8479f1eb312d/out/vs/workbench/api/node/extensionHostProcess.js:63:1972)
	at m.fire (/home/tphilly/.vscode-server/bin/abd2f3db4bdb28f9e95536dfa84d8479f1eb312d/out/vs/workbench/api/node/extensionHostProcess.js:63:2188)
	at n.value (/home/tphilly/.vscode-server/extensions/github.vscode-pull-request-github-0.72.0/dist/extension.js:1624:461993)
	at m.w (/home/tphilly/.vscode-server/bin/abd2f3db4bdb28f9e95536dfa84d8479f1eb312d/out/vs/workbench/api/node/extensionHostProcess.js:63:1902)
	at m.fire (/home/tphilly/.vscode-server/bin/abd2f3db4bdb28f9e95536dfa84d8479f1eb312d/out/vs/workbench/api/node/extensionHostProcess.js:63:2119)
	at /home/tphilly/.vscode-server/extensions/github.vscode-pull-request-github-0.72.0/dist/extension.js:1772:27387
	at n.value (/home/tphilly/.vscode-server/bin/abd2f3db4bdb28f9e95536dfa84d8479f1eb312d/extensions/git/dist/main.js:2:1396602)
	at m.w (/home/tphilly/.vscode-server/bin/abd2f3db4bdb28f9e95536dfa84d8479f1eb312d/out/vs/workbench/api/node/extensionHostProcess.js:63:1902)
	at m.x (/home/tphilly/.vscode-server/bin/abd2f3db4bdb28f9e95536dfa84d8479f1eb312d/out/vs/workbench/api/node/extensionHostProcess.js:63:1972)
	at m.fire (/home/tphilly/.vscode-server/bin/abd2f3db4bdb28f9e95536dfa84d8479f1eb312d/out/vs/workbench/api/node/extensionHostProcess.js:63:2188)
	at Object.m [as dispose] (/home/tphilly/.vscode-server/bin/abd2f3db4bdb28f9e95536dfa84d8479f1eb312d/extensions/git/dist/main.js:2:1324784)
	at /home/tphilly/.vscode-server/bin/abd2f3db4bdb28f9e95536dfa84d8479f1eb312d/extensions/git/dist/main.js:2:1329625
	at Array.forEach (<anonymous>)
	at g.dispose (/home/tphilly/.vscode-server/bin/abd2f3db4bdb28f9e95536dfa84d8479f1eb312d/extensions/git/dist/main.js:2:1329611)
	at E.<anonymous> (/home/tphilly/.vscode-server/bin/abd2f3db4bdb28f9e95536dfa84d8479f1eb312d/out/vs/workbench/api/node/extensionHostProcess.js:104:3484)
	at E.dispose (/home/tphilly/.vscode-server/bin/abd2f3db4bdb28f9e95536dfa84d8479f1eb312d/out/vs/workbench/api/node/extensionHostProcess.js:104:3581)
	at E.<anonymous> (/home/tphilly/.vscode-server/bin/abd2f3db4bdb28f9e95536dfa84d8479f1eb312d/extensions/git/dist/main.js:2:1311012)
	at E.dispose (/home/tphilly/.vscode-server/bin/abd2f3db4bdb28f9e95536dfa84d8479f1eb312d/out/vs/workbench/api/node/extensionHostProcess.js:104:3581)
	at k (/home/tphilly/.vscode-server/bin/abd2f3db4bdb28f9e95536dfa84d8479f1eb312d/out/vs/workbench/api/node/extensionHostProcess.js:13:11730)
	at n.Z (/home/tphilly/.vscode-server/bin/abd2f3db4bdb28f9e95536dfa84d8479f1eb312d/out/vs/workbench/api/node/extensionHostProcess.js:119:9652)
	at /home/tphilly/.vscode-server/bin/abd2f3db4bdb28f9e95536dfa84d8479f1eb312d/out/vs/workbench/api/node/extensionHostProcess.js:119:7585
	at Array.map (<anonymous>)
	at n.S (/home/tphilly/.vscode-server/bin/abd2f3db4bdb28f9e95536dfa84d8479f1eb312d/out/vs/workbench/api/node/extensionHostProcess.js:119:7572)
	at n.terminate (/home/tphilly/.vscode-server/bin/abd2f3db4bdb28f9e95536dfa84d8479f1eb312d/out/vs/workbench/api/node/extensionHostProcess.js:119:7844)
	at o.terminate (/home/tphilly/.vscode-server/bin/abd2f3db4bdb28f9e95536dfa84d8479f1eb312d/out/vs/workbench/api/node/extensionHostProcess.js:123:1513)
	at D (/home/tphilly/.vscode-server/bin/abd2f3db4bdb28f9e95536dfa84d8479f1eb312d/out/vs/workbench/api/node/extensionHostProcess.js:136:9800)
	at n.value (/home/tphilly/.vscode-server/bin/abd2f3db4bdb28f9e95536dfa84d8479f1eb312d/out/vs/workbench/api/node/extensionHostProcess.js:136:7847)
	at m.w (/home/tphilly/.vscode-server/bin/abd2f3db4bdb28f9e95536dfa84d8479f1eb312d/out/vs/workbench/api/node/extensionHostProcess.js:63:1902)
	at m.fire (/home/tphilly/.vscode-server/bin/abd2f3db4bdb28f9e95536dfa84d8479f1eb312d/out/vs/workbench/api/node/extensionHostProcess.js:63:2119)
	at v.fire (/home/tphilly/.vscode-server/bin/abd2f3db4bdb28f9e95536dfa84d8479f1eb312d/out/vs/workbench/api/node/extensionHostProcess.js:79:13940)
	at s.z (/home/tphilly/.vscode-server/bin/abd2f3db4bdb28f9e95536dfa84d8479f1eb312d/out/vs/workbench/api/node/extensionHostProcess.js:79:17005)
	at n.value (/home/tphilly/.vscode-server/bin/abd2f3db4bdb28f9e95536dfa84d8479f1eb312d/out/vs/workbench/api/node/extensionHostProcess.js:79:15457)
	at m.w (/home/tphilly/.vscode-server/bin/abd2f3db4bdb28f9e95536dfa84d8479f1eb312d/out/vs/workbench/api/node/extensionHostProcess.js:63:1902)
	at m.fire (/home/tphilly/.vscode-server/bin/abd2f3db4bdb28f9e95536dfa84d8479f1eb312d/out/vs/workbench/api/node/extensionHostProcess.js:63:2119)
	at n.acceptChunk (/home/tphilly/.vscode-server/bin/abd2f3db4bdb28f9e95536dfa84d8479f1eb312d/out/vs/workbench/api/node/extensionHostProcess.js:79:11714)
	at n.value (/home/tphilly/.vscode-server/bin/abd2f3db4bdb28f9e95536dfa84d8479f1eb312d/out/vs/workbench/api/node/extensionHostProcess.js:79:11001)
	at m.w (/home/tphilly/.vscode-server/bin/abd2f3db4bdb28f9e95536dfa84d8479f1eb312d/out/vs/workbench/api/node/extensionHostProcess.js:63:1902)
	at m.fire (/home/tphilly/.vscode-server/bin/abd2f3db4bdb28f9e95536dfa84d8479f1eb312d/out/vs/workbench/api/node/extensionHostProcess.js:63:2119)
	at m.u (/home/tphilly/.vscode-server/bin/abd2f3db4bdb28f9e95536dfa84d8479f1eb312d/out/vs/workbench/api/node/extensionHostProcess.js:133:19093)
	at m.acceptFrame (/home/tphilly/.vscode-server/bin/abd2f3db4bdb28f9e95536dfa84d8479f1eb312d/out/vs/workbench/api/node/extensionHostProcess.js:133:18899)
	at a.l (/home/tphilly/.vscode-server/bin/abd2f3db4bdb28f9e95536dfa84d8479f1eb312d/out/vs/workbench/api/node/extensionHostProcess.js:133:17532)
	at /home/tphilly/.vscode-server/bin/abd2f3db4bdb28f9e95536dfa84d8479f1eb312d/out/vs/workbench/api/node/extensionHostProcess.js:133:14879
	at Socket.p (/home/tphilly/.vscode-server/bin/abd2f3db4bdb28f9e95536dfa84d8479f1eb312d/out/vs/workbench/api/node/extensionHostProcess.js:133:12793)
	at Socket.emit (node:events:513:28)
	at addChunk (node:internal/streams/readable:324:12)
	at readableAddChunk (node:internal/streams/readable:297:9)
	at Readable.push (node:internal/streams/readable:234:10)
	at TCP.onStreamRead (node:internal/stream_base_commons:190:23) setContext undefined
2023-10-10 19:21:58.868 [error] Canceled: Canceled
	at new h (/home/tphilly/.vscode-server/bin/abd2f3db4bdb28f9e95536dfa84d8479f1eb312d/out/vs/workbench/api/node/extensionHostProcess.js:108:57382)
	at i.O (/home/tphilly/.vscode-server/bin/abd2f3db4bdb28f9e95536dfa84d8479f1eb312d/out/vs/workbench/api/node/extensionHostProcess.js:117:10850)
	at j.<computed>.T.charCodeAt.j.<computed> (/home/tphilly/.vscode-server/bin/abd2f3db4bdb28f9e95536dfa84d8479f1eb312d/out/vs/workbench/api/node/extensionHostProcess.js:117:8289)
	at r.g (/home/tphilly/.vscode-server/bin/abd2f3db4bdb28f9e95536dfa84d8479f1eb312d/out/vs/workbench/api/node/extensionHostProcess.js:108:82208)
	at r.executeCommand (/home/tphilly/.vscode-server/bin/abd2f3db4bdb28f9e95536dfa84d8479f1eb312d/out/vs/workbench/api/node/extensionHostProcess.js:108:81646)
	at u.registerCommand.description (/home/tphilly/.vscode-server/bin/abd2f3db4bdb28f9e95536dfa84d8479f1eb312d/out/vs/workbench/api/node/extensionHostProcess.js:108:80967)
	at r.h (/home/tphilly/.vscode-server/bin/abd2f3db4bdb28f9e95536dfa84d8479f1eb312d/out/vs/workbench/api/node/extensionHostProcess.js:108:82744)
	at r.g (/home/tphilly/.vscode-server/bin/abd2f3db4bdb28f9e95536dfa84d8479f1eb312d/out/vs/workbench/api/node/extensionHostProcess.js:108:81739)
	at r.executeCommand (/home/tphilly/.vscode-server/bin/abd2f3db4bdb28f9e95536dfa84d8479f1eb312d/out/vs/workbench/api/node/extensionHostProcess.js:108:81646)
	at Object.executeCommand (/home/tphilly/.vscode-server/bin/abd2f3db4bdb28f9e95536dfa84d8479f1eb312d/out/vs/workbench/api/node/extensionHostProcess.js:123:21247)
	at w (/home/tphilly/.vscode-server/extensions/eamodio.gitlens-14.3.0/dist/gitlens.js:1:964665)
	at c (/home/tphilly/.vscode-server/extensions/eamodio.gitlens-14.3.0/dist/gitlens.js:1:969293)
	at ActionRunners._updateContextKeys (/home/tphilly/.vscode-server/extensions/eamodio.gitlens-14.3.0/dist/gitlens.js:1:38220)
	at s (/home/tphilly/.vscode-server/extensions/eamodio.gitlens-14.3.0/dist/gitlens.js:1:36639)
	at RegisteredActionRunner.unregister (/home/tphilly/.vscode-server/extensions/eamodio.gitlens-14.3.0/dist/gitlens.js:1:36783)
	at RegisteredActionRunner.dispose (/home/tphilly/.vscode-server/extensions/eamodio.gitlens-14.3.0/dist/gitlens.js:1:35446)
	at ActionRunners.dispose (/home/tphilly/.vscode-server/extensions/eamodio.gitlens-14.3.0/dist/gitlens.js:1:36225)
	at /home/tphilly/.vscode-server/extensions/eamodio.gitlens-14.3.0/dist/gitlens.js:1:685881
	at Array.forEach (<anonymous>)
	at Object.dispose (/home/tphilly/.vscode-server/extensions/eamodio.gitlens-14.3.0/dist/gitlens.js:1:685866)
	at k (/home/tphilly/.vscode-server/bin/abd2f3db4bdb28f9e95536dfa84d8479f1eb312d/out/vs/workbench/api/node/extensionHostProcess.js:13:11730)
	at n.Z (/home/tphilly/.vscode-server/bin/abd2f3db4bdb28f9e95536dfa84d8479f1eb312d/out/vs/workbench/api/node/extensionHostProcess.js:119:9652)
	at /home/tphilly/.vscode-server/bin/abd2f3db4bdb28f9e95536dfa84d8479f1eb312d/out/vs/workbench/api/node/extensionHostProcess.js:119:7585
	at Array.map (<anonymous>)
	at n.S (/home/tphilly/.vscode-server/bin/abd2f3db4bdb28f9e95536dfa84d8479f1eb312d/out/vs/workbench/api/node/extensionHostProcess.js:119:7572)
	at n.terminate (/home/tphilly/.vscode-server/bin/abd2f3db4bdb28f9e95536dfa84d8479f1eb312d/out/vs/workbench/api/node/extensionHostProcess.js:119:7844)
	at o.terminate (/home/tphilly/.vscode-server/bin/abd2f3db4bdb28f9e95536dfa84d8479f1eb312d/out/vs/workbench/api/node/extensionHostProcess.js:123:1513)
	at D (/home/tphilly/.vscode-server/bin/abd2f3db4bdb28f9e95536dfa84d8479f1eb312d/out/vs/workbench/api/node/extensionHostProcess.js:136:9800)
	at n.value (/home/tphilly/.vscode-server/bin/abd2f3db4bdb28f9e95536dfa84d8479f1eb312d/out/vs/workbench/api/node/extensionHostProcess.js:136:7847)
	at m.w (/home/tphilly/.vscode-server/bin/abd2f3db4bdb28f9e95536dfa84d8479f1eb312d/out/vs/workbench/api/node/extensionHostProcess.js:63:1902)
	at m.fire (/home/tphilly/.vscode-server/bin/abd2f3db4bdb28f9e95536dfa84d8479f1eb312d/out/vs/workbench/api/node/extensionHostProcess.js:63:2119)
	at v.fire (/home/tphilly/.vscode-server/bin/abd2f3db4bdb28f9e95536dfa84d8479f1eb312d/out/vs/workbench/api/node/extensionHostProcess.js:79:13940)
	at s.z (/home/tphilly/.vscode-server/bin/abd2f3db4bdb28f9e95536dfa84d8479f1eb312d/out/vs/workbench/api/node/extensionHostProcess.js:79:17005)
	at n.value (/home/tphilly/.vscode-server/bin/abd2f3db4bdb28f9e95536dfa84d8479f1eb312d/out/vs/workbench/api/node/extensionHostProcess.js:79:15457)
	at m.w (/home/tphilly/.vscode-server/bin/abd2f3db4bdb28f9e95536dfa84d8479f1eb312d/out/vs/workbench/api/node/extensionHostProcess.js:63:1902)
	at m.fire (/home/tphilly/.vscode-server/bin/abd2f3db4bdb28f9e95536dfa84d8479f1eb312d/out/vs/workbench/api/node/extensionHostProcess.js:63:2119)
	at n.acceptChunk (/home/tphilly/.vscode-server/bin/abd2f3db4bdb28f9e95536dfa84d8479f1eb312d/out/vs/workbench/api/node/extensionHostProcess.js:79:11714)
	at n.value (/home/tphilly/.vscode-server/bin/abd2f3db4bdb28f9e95536dfa84d8479f1eb312d/out/vs/workbench/api/node/extensionHostProcess.js:79:11001)
	at m.w (/home/tphilly/.vscode-server/bin/abd2f3db4bdb28f9e95536dfa84d8479f1eb312d/out/vs/workbench/api/node/extensionHostProcess.js:63:1902)
	at m.fire (/home/tphilly/.vscode-server/bin/abd2f3db4bdb28f9e95536dfa84d8479f1eb312d/out/vs/workbench/api/node/extensionHostProcess.js:63:2119)
	at m.u (/home/tphilly/.vscode-server/bin/abd2f3db4bdb28f9e95536dfa84d8479f1eb312d/out/vs/workbench/api/node/extensionHostProcess.js:133:19093)
	at m.acceptFrame (/home/tphilly/.vscode-server/bin/abd2f3db4bdb28f9e95536dfa84d8479f1eb312d/out/vs/workbench/api/node/extensionHostProcess.js:133:18899)
	at a.l (/home/tphilly/.vscode-server/bin/abd2f3db4bdb28f9e95536dfa84d8479f1eb312d/out/vs/workbench/api/node/extensionHostProcess.js:133:17532)
	at /home/tphilly/.vscode-server/bin/abd2f3db4bdb28f9e95536dfa84d8479f1eb312d/out/vs/workbench/api/node/extensionHostProcess.js:133:14879
	at Socket.p (/home/tphilly/.vscode-server/bin/abd2f3db4bdb28f9e95536dfa84d8479f1eb312d/out/vs/workbench/api/node/extensionHostProcess.js:133:12793)
	at Socket.emit (node:events:513:28)
	at addChunk (node:internal/streams/readable:324:12)
	at readableAddChunk (node:internal/streams/readable:297:9)
	at Readable.push (node:internal/streams/readable:234:10)
	at TCP.onStreamRead (node:internal/stream_base_commons:190:23) setContext undefined
2023-10-10 19:21:58.868 [error] Canceled: Canceled
	at new h (/home/tphilly/.vscode-server/bin/abd2f3db4bdb28f9e95536dfa84d8479f1eb312d/out/vs/workbench/api/node/extensionHostProcess.js:108:57382)
	at i.O (/home/tphilly/.vscode-server/bin/abd2f3db4bdb28f9e95536dfa84d8479f1eb312d/out/vs/workbench/api/node/extensionHostProcess.js:117:10850)
	at j.<computed>.T.charCodeAt.j.<computed> (/home/tphilly/.vscode-server/bin/abd2f3db4bdb28f9e95536dfa84d8479f1eb312d/out/vs/workbench/api/node/extensionHostProcess.js:117:8289)
	at r.g (/home/tphilly/.vscode-server/bin/abd2f3db4bdb28f9e95536dfa84d8479f1eb312d/out/vs/workbench/api/node/extensionHostProcess.js:108:82208)
	at r.executeCommand (/home/tphilly/.vscode-server/bin/abd2f3db4bdb28f9e95536dfa84d8479f1eb312d/out/vs/workbench/api/node/extensionHostProcess.js:108:81646)
	at u.registerCommand.description (/home/tphilly/.vscode-server/bin/abd2f3db4bdb28f9e95536dfa84d8479f1eb312d/out/vs/workbench/api/node/extensionHostProcess.js:108:80967)
	at r.h (/home/tphilly/.vscode-server/bin/abd2f3db4bdb28f9e95536dfa84d8479f1eb312d/out/vs/workbench/api/node/extensionHostProcess.js:108:82744)
	at r.g (/home/tphilly/.vscode-server/bin/abd2f3db4bdb28f9e95536dfa84d8479f1eb312d/out/vs/workbench/api/node/extensionHostProcess.js:108:81739)
	at r.executeCommand (/home/tphilly/.vscode-server/bin/abd2f3db4bdb28f9e95536dfa84d8479f1eb312d/out/vs/workbench/api/node/extensionHostProcess.js:108:81646)
	at Object.executeCommand (/home/tphilly/.vscode-server/bin/abd2f3db4bdb28f9e95536dfa84d8479f1eb312d/out/vs/workbench/api/node/extensionHostProcess.js:123:21247)
	at w (/home/tphilly/.vscode-server/extensions/eamodio.gitlens-14.3.0/dist/gitlens.js:1:964665)
	at c (/home/tphilly/.vscode-server/extensions/eamodio.gitlens-14.3.0/dist/gitlens.js:1:969293)
	at ActionRunners._updateContextKeys (/home/tphilly/.vscode-server/extensions/eamodio.gitlens-14.3.0/dist/gitlens.js:1:38220)
	at s (/home/tphilly/.vscode-server/extensions/eamodio.gitlens-14.3.0/dist/gitlens.js:1:36639)
	at RegisteredActionRunner.unregister (/home/tphilly/.vscode-server/extensions/eamodio.gitlens-14.3.0/dist/gitlens.js:1:36783)
	at RegisteredActionRunner.dispose (/home/tphilly/.vscode-server/extensions/eamodio.gitlens-14.3.0/dist/gitlens.js:1:35446)
	at ActionRunners.dispose (/home/tphilly/.vscode-server/extensions/eamodio.gitlens-14.3.0/dist/gitlens.js:1:36225)
	at /home/tphilly/.vscode-server/extensions/eamodio.gitlens-14.3.0/dist/gitlens.js:1:685881
	at Array.forEach (<anonymous>)
	at Object.dispose (/home/tphilly/.vscode-server/extensions/eamodio.gitlens-14.3.0/dist/gitlens.js:1:685866)
	at k (/home/tphilly/.vscode-server/bin/abd2f3db4bdb28f9e95536dfa84d8479f1eb312d/out/vs/workbench/api/node/extensionHostProcess.js:13:11730)
	at n.Z (/home/tphilly/.vscode-server/bin/abd2f3db4bdb28f9e95536dfa84d8479f1eb312d/out/vs/workbench/api/node/extensionHostProcess.js:119:9652)
	at /home/tphilly/.vscode-server/bin/abd2f3db4bdb28f9e95536dfa84d8479f1eb312d/out/vs/workbench/api/node/extensionHostProcess.js:119:7585
	at Array.map (<anonymous>)
	at n.S (/home/tphilly/.vscode-server/bin/abd2f3db4bdb28f9e95536dfa84d8479f1eb312d/out/vs/workbench/api/node/extensionHostProcess.js:119:7572)
	at n.terminate (/home/tphilly/.vscode-server/bin/abd2f3db4bdb28f9e95536dfa84d8479f1eb312d/out/vs/workbench/api/node/extensionHostProcess.js:119:7844)
	at o.terminate (/home/tphilly/.vscode-server/bin/abd2f3db4bdb28f9e95536dfa84d8479f1eb312d/out/vs/workbench/api/node/extensionHostProcess.js:123:1513)
	at D (/home/tphilly/.vscode-server/bin/abd2f3db4bdb28f9e95536dfa84d8479f1eb312d/out/vs/workbench/api/node/extensionHostProcess.js:136:9800)
	at n.value (/home/tphilly/.vscode-server/bin/abd2f3db4bdb28f9e95536dfa84d8479f1eb312d/out/vs/workbench/api/node/extensionHostProcess.js:136:7847)
	at m.w (/home/tphilly/.vscode-server/bin/abd2f3db4bdb28f9e95536dfa84d8479f1eb312d/out/vs/workbench/api/node/extensionHostProcess.js:63:1902)
	at m.fire (/home/tphilly/.vscode-server/bin/abd2f3db4bdb28f9e95536dfa84d8479f1eb312d/out/vs/workbench/api/node/extensionHostProcess.js:63:2119)
	at v.fire (/home/tphilly/.vscode-server/bin/abd2f3db4bdb28f9e95536dfa84d8479f1eb312d/out/vs/workbench/api/node/extensionHostProcess.js:79:13940)
	at s.z (/home/tphilly/.vscode-server/bin/abd2f3db4bdb28f9e95536dfa84d8479f1eb312d/out/vs/workbench/api/node/extensionHostProcess.js:79:17005)
	at n.value (/home/tphilly/.vscode-server/bin/abd2f3db4bdb28f9e95536dfa84d8479f1eb312d/out/vs/workbench/api/node/extensionHostProcess.js:79:15457)
	at m.w (/home/tphilly/.vscode-server/bin/abd2f3db4bdb28f9e95536dfa84d8479f1eb312d/out/vs/workbench/api/node/extensionHostProcess.js:63:1902)
	at m.fire (/home/tphilly/.vscode-server/bin/abd2f3db4bdb28f9e95536dfa84d8479f1eb312d/out/vs/workbench/api/node/extensionHostProcess.js:63:2119)
	at n.acceptChunk (/home/tphilly/.vscode-server/bin/abd2f3db4bdb28f9e95536dfa84d8479f1eb312d/out/vs/workbench/api/node/extensionHostProcess.js:79:11714)
	at n.value (/home/tphilly/.vscode-server/bin/abd2f3db4bdb28f9e95536dfa84d8479f1eb312d/out/vs/workbench/api/node/extensionHostProcess.js:79:11001)
	at m.w (/home/tphilly/.vscode-server/bin/abd2f3db4bdb28f9e95536dfa84d8479f1eb312d/out/vs/workbench/api/node/extensionHostProcess.js:63:1902)
	at m.fire (/home/tphilly/.vscode-server/bin/abd2f3db4bdb28f9e95536dfa84d8479f1eb312d/out/vs/workbench/api/node/extensionHostProcess.js:63:2119)
	at m.u (/home/tphilly/.vscode-server/bin/abd2f3db4bdb28f9e95536dfa84d8479f1eb312d/out/vs/workbench/api/node/extensionHostProcess.js:133:19093)
	at m.acceptFrame (/home/tphilly/.vscode-server/bin/abd2f3db4bdb28f9e95536dfa84d8479f1eb312d/out/vs/workbench/api/node/extensionHostProcess.js:133:18899)
	at a.l (/home/tphilly/.vscode-server/bin/abd2f3db4bdb28f9e95536dfa84d8479f1eb312d/out/vs/workbench/api/node/extensionHostProcess.js:133:17532)
	at /home/tphilly/.vscode-server/bin/abd2f3db4bdb28f9e95536dfa84d8479f1eb312d/out/vs/workbench/api/node/extensionHostProcess.js:133:14879
	at Socket.p (/home/tphilly/.vscode-server/bin/abd2f3db4bdb28f9e95536dfa84d8479f1eb312d/out/vs/workbench/api/node/extensionHostProcess.js:133:12793)
	at Socket.emit (node:events:513:28)
	at addChunk (node:internal/streams/readable:324:12)
	at readableAddChunk (node:internal/streams/readable:297:9)
	at Readable.push (node:internal/streams/readable:234:10)
	at TCP.onStreamRead (node:internal/stream_base_commons:190:23) setContext undefined
2023-10-10 19:21:58.870 [error] Canceled: Canceled
	at new h (/home/tphilly/.vscode-server/bin/abd2f3db4bdb28f9e95536dfa84d8479f1eb312d/out/vs/workbench/api/node/extensionHostProcess.js:108:57382)
	at i.O (/home/tphilly/.vscode-server/bin/abd2f3db4bdb28f9e95536dfa84d8479f1eb312d/out/vs/workbench/api/node/extensionHostProcess.js:117:10850)
	at j.<computed>.T.charCodeAt.j.<computed> (/home/tphilly/.vscode-server/bin/abd2f3db4bdb28f9e95536dfa84d8479f1eb312d/out/vs/workbench/api/node/extensionHostProcess.js:117:8289)
	at r.g (/home/tphilly/.vscode-server/bin/abd2f3db4bdb28f9e95536dfa84d8479f1eb312d/out/vs/workbench/api/node/extensionHostProcess.js:108:82208)
	at r.executeCommand (/home/tphilly/.vscode-server/bin/abd2f3db4bdb28f9e95536dfa84d8479f1eb312d/out/vs/workbench/api/node/extensionHostProcess.js:108:81646)
	at u.registerCommand.description (/home/tphilly/.vscode-server/bin/abd2f3db4bdb28f9e95536dfa84d8479f1eb312d/out/vs/workbench/api/node/extensionHostProcess.js:108:80967)
	at r.h (/home/tphilly/.vscode-server/bin/abd2f3db4bdb28f9e95536dfa84d8479f1eb312d/out/vs/workbench/api/node/extensionHostProcess.js:108:82744)
	at r.g (/home/tphilly/.vscode-server/bin/abd2f3db4bdb28f9e95536dfa84d8479f1eb312d/out/vs/workbench/api/node/extensionHostProcess.js:108:81739)
	at r.executeCommand (/home/tphilly/.vscode-server/bin/abd2f3db4bdb28f9e95536dfa84d8479f1eb312d/out/vs/workbench/api/node/extensionHostProcess.js:108:81646)
	at Object.executeCommand (/home/tphilly/.vscode-server/bin/abd2f3db4bdb28f9e95536dfa84d8479f1eb312d/out/vs/workbench/api/node/extensionHostProcess.js:123:21247)
	at w (/home/tphilly/.vscode-server/extensions/eamodio.gitlens-14.3.0/dist/gitlens.js:1:964665)
	at c (/home/tphilly/.vscode-server/extensions/eamodio.gitlens-14.3.0/dist/gitlens.js:1:969293)
	at ActionRunners._updateContextKeys (/home/tphilly/.vscode-server/extensions/eamodio.gitlens-14.3.0/dist/gitlens.js:1:38220)
	at s (/home/tphilly/.vscode-server/extensions/eamodio.gitlens-14.3.0/dist/gitlens.js:1:36639)
	at RegisteredActionRunner.unregister (/home/tphilly/.vscode-server/extensions/eamodio.gitlens-14.3.0/dist/gitlens.js:1:36783)
	at RegisteredActionRunner.dispose (/home/tphilly/.vscode-server/extensions/eamodio.gitlens-14.3.0/dist/gitlens.js:1:35446)
	at Object.dispose (/home/tphilly/.vscode-server/extensions/eamodio.gitlens-14.3.0/dist/gitlens.js:1:36880)
	at k (/home/tphilly/.vscode-server/bin/abd2f3db4bdb28f9e95536dfa84d8479f1eb312d/out/vs/workbench/api/node/extensionHostProcess.js:13:11730)
	at n.Z (/home/tphilly/.vscode-server/bin/abd2f3db4bdb28f9e95536dfa84d8479f1eb312d/out/vs/workbench/api/node/extensionHostProcess.js:119:9652)
	at /home/tphilly/.vscode-server/bin/abd2f3db4bdb28f9e95536dfa84d8479f1eb312d/out/vs/workbench/api/node/extensionHostProcess.js:119:7585
	at Array.map (<anonymous>)
	at n.S (/home/tphilly/.vscode-server/bin/abd2f3db4bdb28f9e95536dfa84d8479f1eb312d/out/vs/workbench/api/node/extensionHostProcess.js:119:7572)
	at n.terminate (/home/tphilly/.vscode-server/bin/abd2f3db4bdb28f9e95536dfa84d8479f1eb312d/out/vs/workbench/api/node/extensionHostProcess.js:119:7844)
	at o.terminate (/home/tphilly/.vscode-server/bin/abd2f3db4bdb28f9e95536dfa84d8479f1eb312d/out/vs/workbench/api/node/extensionHostProcess.js:123:1513)
	at D (/home/tphilly/.vscode-server/bin/abd2f3db4bdb28f9e95536dfa84d8479f1eb312d/out/vs/workbench/api/node/extensionHostProcess.js:136:9800)
	at n.value (/home/tphilly/.vscode-server/bin/abd2f3db4bdb28f9e95536dfa84d8479f1eb312d/out/vs/workbench/api/node/extensionHostProcess.js:136:7847)
	at m.w (/home/tphilly/.vscode-server/bin/abd2f3db4bdb28f9e95536dfa84d8479f1eb312d/out/vs/workbench/api/node/extensionHostProcess.js:63:1902)
	at m.fire (/home/tphilly/.vscode-server/bin/abd2f3db4bdb28f9e95536dfa84d8479f1eb312d/out/vs/workbench/api/node/extensionHostProcess.js:63:2119)
	at v.fire (/home/tphilly/.vscode-server/bin/abd2f3db4bdb28f9e95536dfa84d8479f1eb312d/out/vs/workbench/api/node/extensionHostProcess.js:79:13940)
	at s.z (/home/tphilly/.vscode-server/bin/abd2f3db4bdb28f9e95536dfa84d8479f1eb312d/out/vs/workbench/api/node/extensionHostProcess.js:79:17005)
	at n.value (/home/tphilly/.vscode-server/bin/abd2f3db4bdb28f9e95536dfa84d8479f1eb312d/out/vs/workbench/api/node/extensionHostProcess.js:79:15457)
	at m.w (/home/tphilly/.vscode-server/bin/abd2f3db4bdb28f9e95536dfa84d8479f1eb312d/out/vs/workbench/api/node/extensionHostProcess.js:63:1902)
	at m.fire (/home/tphilly/.vscode-server/bin/abd2f3db4bdb28f9e95536dfa84d8479f1eb312d/out/vs/workbench/api/node/extensionHostProcess.js:63:2119)
	at n.acceptChunk (/home/tphilly/.vscode-server/bin/abd2f3db4bdb28f9e95536dfa84d8479f1eb312d/out/vs/workbench/api/node/extensionHostProcess.js:79:11714)
	at n.value (/home/tphilly/.vscode-server/bin/abd2f3db4bdb28f9e95536dfa84d8479f1eb312d/out/vs/workbench/api/node/extensionHostProcess.js:79:11001)
	at m.w (/home/tphilly/.vscode-server/bin/abd2f3db4bdb28f9e95536dfa84d8479f1eb312d/out/vs/workbench/api/node/extensionHostProcess.js:63:1902)
	at m.fire (/home/tphilly/.vscode-server/bin/abd2f3db4bdb28f9e95536dfa84d8479f1eb312d/out/vs/workbench/api/node/extensionHostProcess.js:63:2119)
	at m.u (/home/tphilly/.vscode-server/bin/abd2f3db4bdb28f9e95536dfa84d8479f1eb312d/out/vs/workbench/api/node/extensionHostProcess.js:133:19093)
	at m.acceptFrame (/home/tphilly/.vscode-server/bin/abd2f3db4bdb28f9e95536dfa84d8479f1eb312d/out/vs/workbench/api/node/extensionHostProcess.js:133:18899)
	at a.l (/home/tphilly/.vscode-server/bin/abd2f3db4bdb28f9e95536dfa84d8479f1eb312d/out/vs/workbench/api/node/extensionHostProcess.js:133:17532)
	at /home/tphilly/.vscode-server/bin/abd2f3db4bdb28f9e95536dfa84d8479f1eb312d/out/vs/workbench/api/node/extensionHostProcess.js:133:14879
	at Socket.p (/home/tphilly/.vscode-server/bin/abd2f3db4bdb28f9e95536dfa84d8479f1eb312d/out/vs/workbench/api/node/extensionHostProcess.js:133:12793)
	at Socket.emit (node:events:513:28)
	at addChunk (node:internal/streams/readable:324:12)
	at readableAddChunk (node:internal/streams/readable:297:9)
	at Readable.push (node:internal/streams/readable:234:10)
	at TCP.onStreamRead (node:internal/stream_base_commons:190:23) setContext undefined
2023-10-10 19:21:58.870 [error] Canceled: Canceled
	at new h (/home/tphilly/.vscode-server/bin/abd2f3db4bdb28f9e95536dfa84d8479f1eb312d/out/vs/workbench/api/node/extensionHostProcess.js:108:57382)
	at i.O (/home/tphilly/.vscode-server/bin/abd2f3db4bdb28f9e95536dfa84d8479f1eb312d/out/vs/workbench/api/node/extensionHostProcess.js:117:10850)
	at j.<computed>.T.charCodeAt.j.<computed> (/home/tphilly/.vscode-server/bin/abd2f3db4bdb28f9e95536dfa84d8479f1eb312d/out/vs/workbench/api/node/extensionHostProcess.js:117:8289)
	at r.g (/home/tphilly/.vscode-server/bin/abd2f3db4bdb28f9e95536dfa84d8479f1eb312d/out/vs/workbench/api/node/extensionHostProcess.js:108:82208)
	at r.executeCommand (/home/tphilly/.vscode-server/bin/abd2f3db4bdb28f9e95536dfa84d8479f1eb312d/out/vs/workbench/api/node/extensionHostProcess.js:108:81646)
	at u.registerCommand.description (/home/tphilly/.vscode-server/bin/abd2f3db4bdb28f9e95536dfa84d8479f1eb312d/out/vs/workbench/api/node/extensionHostProcess.js:108:80967)
	at r.h (/home/tphilly/.vscode-server/bin/abd2f3db4bdb28f9e95536dfa84d8479f1eb312d/out/vs/workbench/api/node/extensionHostProcess.js:108:82744)
	at r.g (/home/tphilly/.vscode-server/bin/abd2f3db4bdb28f9e95536dfa84d8479f1eb312d/out/vs/workbench/api/node/extensionHostProcess.js:108:81739)
	at r.executeCommand (/home/tphilly/.vscode-server/bin/abd2f3db4bdb28f9e95536dfa84d8479f1eb312d/out/vs/workbench/api/node/extensionHostProcess.js:108:81646)
	at Object.executeCommand (/home/tphilly/.vscode-server/bin/abd2f3db4bdb28f9e95536dfa84d8479f1eb312d/out/vs/workbench/api/node/extensionHostProcess.js:123:21247)
	at w (/home/tphilly/.vscode-server/extensions/eamodio.gitlens-14.3.0/dist/gitlens.js:1:964665)
	at c (/home/tphilly/.vscode-server/extensions/eamodio.gitlens-14.3.0/dist/gitlens.js:1:969293)
	at ActionRunners._updateContextKeys (/home/tphilly/.vscode-server/extensions/eamodio.gitlens-14.3.0/dist/gitlens.js:1:38220)
	at s (/home/tphilly/.vscode-server/extensions/eamodio.gitlens-14.3.0/dist/gitlens.js:1:36639)
	at RegisteredActionRunner.unregister (/home/tphilly/.vscode-server/extensions/eamodio.gitlens-14.3.0/dist/gitlens.js:1:36783)
	at RegisteredActionRunner.dispose (/home/tphilly/.vscode-server/extensions/eamodio.gitlens-14.3.0/dist/gitlens.js:1:35446)
	at Object.dispose (/home/tphilly/.vscode-server/extensions/eamodio.gitlens-14.3.0/dist/gitlens.js:1:36880)
	at k (/home/tphilly/.vscode-server/bin/abd2f3db4bdb28f9e95536dfa84d8479f1eb312d/out/vs/workbench/api/node/extensionHostProcess.js:13:11730)
	at n.Z (/home/tphilly/.vscode-server/bin/abd2f3db4bdb28f9e95536dfa84d8479f1eb312d/out/vs/workbench/api/node/extensionHostProcess.js:119:9652)
	at /home/tphilly/.vscode-server/bin/abd2f3db4bdb28f9e95536dfa84d8479f1eb312d/out/vs/workbench/api/node/extensionHostProcess.js:119:7585
	at Array.map (<anonymous>)
	at n.S (/home/tphilly/.vscode-server/bin/abd2f3db4bdb28f9e95536dfa84d8479f1eb312d/out/vs/workbench/api/node/extensionHostProcess.js:119:7572)
	at n.terminate (/home/tphilly/.vscode-server/bin/abd2f3db4bdb28f9e95536dfa84d8479f1eb312d/out/vs/workbench/api/node/extensionHostProcess.js:119:7844)
	at o.terminate (/home/tphilly/.vscode-server/bin/abd2f3db4bdb28f9e95536dfa84d8479f1eb312d/out/vs/workbench/api/node/extensionHostProcess.js:123:1513)
	at D (/home/tphilly/.vscode-server/bin/abd2f3db4bdb28f9e95536dfa84d8479f1eb312d/out/vs/workbench/api/node/extensionHostProcess.js:136:9800)
	at n.value (/home/tphilly/.vscode-server/bin/abd2f3db4bdb28f9e95536dfa84d8479f1eb312d/out/vs/workbench/api/node/extensionHostProcess.js:136:7847)
	at m.w (/home/tphilly/.vscode-server/bin/abd2f3db4bdb28f9e95536dfa84d8479f1eb312d/out/vs/workbench/api/node/extensionHostProcess.js:63:1902)
	at m.fire (/home/tphilly/.vscode-server/bin/abd2f3db4bdb28f9e95536dfa84d8479f1eb312d/out/vs/workbench/api/node/extensionHostProcess.js:63:2119)
	at v.fire (/home/tphilly/.vscode-server/bin/abd2f3db4bdb28f9e95536dfa84d8479f1eb312d/out/vs/workbench/api/node/extensionHostProcess.js:79:13940)
	at s.z (/home/tphilly/.vscode-server/bin/abd2f3db4bdb28f9e95536dfa84d8479f1eb312d/out/vs/workbench/api/node/extensionHostProcess.js:79:17005)
	at n.value (/home/tphilly/.vscode-server/bin/abd2f3db4bdb28f9e95536dfa84d8479f1eb312d/out/vs/workbench/api/node/extensionHostProcess.js:79:15457)
	at m.w (/home/tphilly/.vscode-server/bin/abd2f3db4bdb28f9e95536dfa84d8479f1eb312d/out/vs/workbench/api/node/extensionHostProcess.js:63:1902)
	at m.fire (/home/tphilly/.vscode-server/bin/abd2f3db4bdb28f9e95536dfa84d8479f1eb312d/out/vs/workbench/api/node/extensionHostProcess.js:63:2119)
	at n.acceptChunk (/home/tphilly/.vscode-server/bin/abd2f3db4bdb28f9e95536dfa84d8479f1eb312d/out/vs/workbench/api/node/extensionHostProcess.js:79:11714)
	at n.value (/home/tphilly/.vscode-server/bin/abd2f3db4bdb28f9e95536dfa84d8479f1eb312d/out/vs/workbench/api/node/extensionHostProcess.js:79:11001)
	at m.w (/home/tphilly/.vscode-server/bin/abd2f3db4bdb28f9e95536dfa84d8479f1eb312d/out/vs/workbench/api/node/extensionHostProcess.js:63:1902)
	at m.fire (/home/tphilly/.vscode-server/bin/abd2f3db4bdb28f9e95536dfa84d8479f1eb312d/out/vs/workbench/api/node/extensionHostProcess.js:63:2119)
	at m.u (/home/tphilly/.vscode-server/bin/abd2f3db4bdb28f9e95536dfa84d8479f1eb312d/out/vs/workbench/api/node/extensionHostProcess.js:133:19093)
	at m.acceptFrame (/home/tphilly/.vscode-server/bin/abd2f3db4bdb28f9e95536dfa84d8479f1eb312d/out/vs/workbench/api/node/extensionHostProcess.js:133:18899)
	at a.l (/home/tphilly/.vscode-server/bin/abd2f3db4bdb28f9e95536dfa84d8479f1eb312d/out/vs/workbench/api/node/extensionHostProcess.js:133:17532)
	at /home/tphilly/.vscode-server/bin/abd2f3db4bdb28f9e95536dfa84d8479f1eb312d/out/vs/workbench/api/node/extensionHostProcess.js:133:14879
	at Socket.p (/home/tphilly/.vscode-server/bin/abd2f3db4bdb28f9e95536dfa84d8479f1eb312d/out/vs/workbench/api/node/extensionHostProcess.js:133:12793)
	at Socket.emit (node:events:513:28)
	at addChunk (node:internal/streams/readable:324:12)
	at readableAddChunk (node:internal/streams/readable:297:9)
	at Readable.push (node:internal/streams/readable:234:10)
	at TCP.onStreamRead (node:internal/stream_base_commons:190:23) setContext undefined
2023-10-10 19:21:58.871 [error] Canceled: Canceled
	at new h (/home/tphilly/.vscode-server/bin/abd2f3db4bdb28f9e95536dfa84d8479f1eb312d/out/vs/workbench/api/node/extensionHostProcess.js:108:57382)
	at i.O (/home/tphilly/.vscode-server/bin/abd2f3db4bdb28f9e95536dfa84d8479f1eb312d/out/vs/workbench/api/node/extensionHostProcess.js:117:10850)
	at j.<computed>.T.charCodeAt.j.<computed> (/home/tphilly/.vscode-server/bin/abd2f3db4bdb28f9e95536dfa84d8479f1eb312d/out/vs/workbench/api/node/extensionHostProcess.js:117:8289)
	at r.g (/home/tphilly/.vscode-server/bin/abd2f3db4bdb28f9e95536dfa84d8479f1eb312d/out/vs/workbench/api/node/extensionHostProcess.js:108:82208)
	at r.executeCommand (/home/tphilly/.vscode-server/bin/abd2f3db4bdb28f9e95536dfa84d8479f1eb312d/out/vs/workbench/api/node/extensionHostProcess.js:108:81646)
	at u.registerCommand.description (/home/tphilly/.vscode-server/bin/abd2f3db4bdb28f9e95536dfa84d8479f1eb312d/out/vs/workbench/api/node/extensionHostProcess.js:108:80967)
	at r.h (/home/tphilly/.vscode-server/bin/abd2f3db4bdb28f9e95536dfa84d8479f1eb312d/out/vs/workbench/api/node/extensionHostProcess.js:108:82744)
	at r.g (/home/tphilly/.vscode-server/bin/abd2f3db4bdb28f9e95536dfa84d8479f1eb312d/out/vs/workbench/api/node/extensionHostProcess.js:108:81739)
	at r.executeCommand (/home/tphilly/.vscode-server/bin/abd2f3db4bdb28f9e95536dfa84d8479f1eb312d/out/vs/workbench/api/node/extensionHostProcess.js:108:81646)
	at Object.executeCommand (/home/tphilly/.vscode-server/bin/abd2f3db4bdb28f9e95536dfa84d8479f1eb312d/out/vs/workbench/api/node/extensionHostProcess.js:123:21247)
	at w (/home/tphilly/.vscode-server/extensions/eamodio.gitlens-14.3.0/dist/gitlens.js:1:964665)
	at c (/home/tphilly/.vscode-server/extensions/eamodio.gitlens-14.3.0/dist/gitlens.js:1:969293)
	at ActionRunners._updateContextKeys (/home/tphilly/.vscode-server/extensions/eamodio.gitlens-14.3.0/dist/gitlens.js:1:38220)
	at s (/home/tphilly/.vscode-server/extensions/eamodio.gitlens-14.3.0/dist/gitlens.js:1:36639)
	at RegisteredActionRunner.unregister (/home/tphilly/.vscode-server/extensions/eamodio.gitlens-14.3.0/dist/gitlens.js:1:36783)
	at RegisteredActionRunner.dispose (/home/tphilly/.vscode-server/extensions/eamodio.gitlens-14.3.0/dist/gitlens.js:1:35446)
	at Object.dispose (/home/tphilly/.vscode-server/extensions/eamodio.gitlens-14.3.0/dist/gitlens.js:1:36880)
	at k (/home/tphilly/.vscode-server/bin/abd2f3db4bdb28f9e95536dfa84d8479f1eb312d/out/vs/workbench/api/node/extensionHostProcess.js:13:11730)
	at n.Z (/home/tphilly/.vscode-server/bin/abd2f3db4bdb28f9e95536dfa84d8479f1eb312d/out/vs/workbench/api/node/extensionHostProcess.js:119:9652)
	at /home/tphilly/.vscode-server/bin/abd2f3db4bdb28f9e95536dfa84d8479f1eb312d/out/vs/workbench/api/node/extensionHostProcess.js:119:7585
	at Array.map (<anonymous>)
	at n.S (/home/tphilly/.vscode-server/bin/abd2f3db4bdb28f9e95536dfa84d8479f1eb312d/out/vs/workbench/api/node/extensionHostProcess.js:119:7572)
	at n.terminate (/home/tphilly/.vscode-server/bin/abd2f3db4bdb28f9e95536dfa84d8479f1eb312d/out/vs/workbench/api/node/extensionHostProcess.js:119:7844)
	at o.terminate (/home/tphilly/.vscode-server/bin/abd2f3db4bdb28f9e95536dfa84d8479f1eb312d/out/vs/workbench/api/node/extensionHostProcess.js:123:1513)
	at D (/home/tphilly/.vscode-server/bin/abd2f3db4bdb28f9e95536dfa84d8479f1eb312d/out/vs/workbench/api/node/extensionHostProcess.js:136:9800)
	at n.value (/home/tphilly/.vscode-server/bin/abd2f3db4bdb28f9e95536dfa84d8479f1eb312d/out/vs/workbench/api/node/extensionHostProcess.js:136:7847)
	at m.w (/home/tphilly/.vscode-server/bin/abd2f3db4bdb28f9e95536dfa84d8479f1eb312d/out/vs/workbench/api/node/extensionHostProcess.js:63:1902)
	at m.fire (/home/tphilly/.vscode-server/bin/abd2f3db4bdb28f9e95536dfa84d8479f1eb312d/out/vs/workbench/api/node/extensionHostProcess.js:63:2119)
	at v.fire (/home/tphilly/.vscode-server/bin/abd2f3db4bdb28f9e95536dfa84d8479f1eb312d/out/vs/workbench/api/node/extensionHostProcess.js:79:13940)
	at s.z (/home/tphilly/.vscode-server/bin/abd2f3db4bdb28f9e95536dfa84d8479f1eb312d/out/vs/workbench/api/node/extensionHostProcess.js:79:17005)
	at n.value (/home/tphilly/.vscode-server/bin/abd2f3db4bdb28f9e95536dfa84d8479f1eb312d/out/vs/workbench/api/node/extensionHostProcess.js:79:15457)
	at m.w (/home/tphilly/.vscode-server/bin/abd2f3db4bdb28f9e95536dfa84d8479f1eb312d/out/vs/workbench/api/node/extensionHostProcess.js:63:1902)
	at m.fire (/home/tphilly/.vscode-server/bin/abd2f3db4bdb28f9e95536dfa84d8479f1eb312d/out/vs/workbench/api/node/extensionHostProcess.js:63:2119)
	at n.acceptChunk (/home/tphilly/.vscode-server/bin/abd2f3db4bdb28f9e95536dfa84d8479f1eb312d/out/vs/workbench/api/node/extensionHostProcess.js:79:11714)
	at n.value (/home/tphilly/.vscode-server/bin/abd2f3db4bdb28f9e95536dfa84d8479f1eb312d/out/vs/workbench/api/node/extensionHostProcess.js:79:11001)
	at m.w (/home/tphilly/.vscode-server/bin/abd2f3db4bdb28f9e95536dfa84d8479f1eb312d/out/vs/workbench/api/node/extensionHostProcess.js:63:1902)
	at m.fire (/home/tphilly/.vscode-server/bin/abd2f3db4bdb28f9e95536dfa84d8479f1eb312d/out/vs/workbench/api/node/extensionHostProcess.js:63:2119)
	at m.u (/home/tphilly/.vscode-server/bin/abd2f3db4bdb28f9e95536dfa84d8479f1eb312d/out/vs/workbench/api/node/extensionHostProcess.js:133:19093)
	at m.acceptFrame (/home/tphilly/.vscode-server/bin/abd2f3db4bdb28f9e95536dfa84d8479f1eb312d/out/vs/workbench/api/node/extensionHostProcess.js:133:18899)
	at a.l (/home/tphilly/.vscode-server/bin/abd2f3db4bdb28f9e95536dfa84d8479f1eb312d/out/vs/workbench/api/node/extensionHostProcess.js:133:17532)
	at /home/tphilly/.vscode-server/bin/abd2f3db4bdb28f9e95536dfa84d8479f1eb312d/out/vs/workbench/api/node/extensionHostProcess.js:133:14879
	at Socket.p (/home/tphilly/.vscode-server/bin/abd2f3db4bdb28f9e95536dfa84d8479f1eb312d/out/vs/workbench/api/node/extensionHostProcess.js:133:12793)
	at Socket.emit (node:events:513:28)
	at addChunk (node:internal/streams/readable:324:12)
	at readableAddChunk (node:internal/streams/readable:297:9)
	at Readable.push (node:internal/streams/readable:234:10)
	at TCP.onStreamRead (node:internal/stream_base_commons:190:23) setContext undefined
2023-10-10 19:21:58.871 [error] Canceled: Canceled
	at new h (/home/tphilly/.vscode-server/bin/abd2f3db4bdb28f9e95536dfa84d8479f1eb312d/out/vs/workbench/api/node/extensionHostProcess.js:108:57382)
	at i.O (/home/tphilly/.vscode-server/bin/abd2f3db4bdb28f9e95536dfa84d8479f1eb312d/out/vs/workbench/api/node/extensionHostProcess.js:117:10850)
	at j.<computed>.T.charCodeAt.j.<computed> (/home/tphilly/.vscode-server/bin/abd2f3db4bdb28f9e95536dfa84d8479f1eb312d/out/vs/workbench/api/node/extensionHostProcess.js:117:8289)
	at r.g (/home/tphilly/.vscode-server/bin/abd2f3db4bdb28f9e95536dfa84d8479f1eb312d/out/vs/workbench/api/node/extensionHostProcess.js:108:82208)
	at r.executeCommand (/home/tphilly/.vscode-server/bin/abd2f3db4bdb28f9e95536dfa84d8479f1eb312d/out/vs/workbench/api/node/extensionHostProcess.js:108:81646)
	at u.registerCommand.description (/home/tphilly/.vscode-server/bin/abd2f3db4bdb28f9e95536dfa84d8479f1eb312d/out/vs/workbench/api/node/extensionHostProcess.js:108:80967)
	at r.h (/home/tphilly/.vscode-server/bin/abd2f3db4bdb28f9e95536dfa84d8479f1eb312d/out/vs/workbench/api/node/extensionHostProcess.js:108:82744)
	at r.g (/home/tphilly/.vscode-server/bin/abd2f3db4bdb28f9e95536dfa84d8479f1eb312d/out/vs/workbench/api/node/extensionHostProcess.js:108:81739)
	at r.executeCommand (/home/tphilly/.vscode-server/bin/abd2f3db4bdb28f9e95536dfa84d8479f1eb312d/out/vs/workbench/api/node/extensionHostProcess.js:108:81646)
	at Object.executeCommand (/home/tphilly/.vscode-server/bin/abd2f3db4bdb28f9e95536dfa84d8479f1eb312d/out/vs/workbench/api/node/extensionHostProcess.js:123:21247)
	at e0.reset (/home/tphilly/.vscode-server/extensions/github.vscode-pull-request-github-0.72.0/dist/extension.js:1805:3944)
	at e0.dispose (/home/tphilly/.vscode-server/extensions/github.vscode-pull-request-github-0.72.0/dist/extension.js:1805:4183)
	at k (/home/tphilly/.vscode-server/bin/abd2f3db4bdb28f9e95536dfa84d8479f1eb312d/out/vs/workbench/api/node/extensionHostProcess.js:13:11730)
	at n.Z (/home/tphilly/.vscode-server/bin/abd2f3db4bdb28f9e95536dfa84d8479f1eb312d/out/vs/workbench/api/node/extensionHostProcess.js:119:9652)
	at /home/tphilly/.vscode-server/bin/abd2f3db4bdb28f9e95536dfa84d8479f1eb312d/out/vs/workbench/api/node/extensionHostProcess.js:119:7585
	at Array.map (<anonymous>)
	at n.S (/home/tphilly/.vscode-server/bin/abd2f3db4bdb28f9e95536dfa84d8479f1eb312d/out/vs/workbench/api/node/extensionHostProcess.js:119:7572)
	at n.terminate (/home/tphilly/.vscode-server/bin/abd2f3db4bdb28f9e95536dfa84d8479f1eb312d/out/vs/workbench/api/node/extensionHostProcess.js:119:7844)
	at o.terminate (/home/tphilly/.vscode-server/bin/abd2f3db4bdb28f9e95536dfa84d8479f1eb312d/out/vs/workbench/api/node/extensionHostProcess.js:123:1513)
	at D (/home/tphilly/.vscode-server/bin/abd2f3db4bdb28f9e95536dfa84d8479f1eb312d/out/vs/workbench/api/node/extensionHostProcess.js:136:9800)
	at n.value (/home/tphilly/.vscode-server/bin/abd2f3db4bdb28f9e95536dfa84d8479f1eb312d/out/vs/workbench/api/node/extensionHostProcess.js:136:7847)
	at m.w (/home/tphilly/.vscode-server/bin/abd2f3db4bdb28f9e95536dfa84d8479f1eb312d/out/vs/workbench/api/node/extensionHostProcess.js:63:1902)
	at m.fire (/home/tphilly/.vscode-server/bin/abd2f3db4bdb28f9e95536dfa84d8479f1eb312d/out/vs/workbench/api/node/extensionHostProcess.js:63:2119)
	at v.fire (/home/tphilly/.vscode-server/bin/abd2f3db4bdb28f9e95536dfa84d8479f1eb312d/out/vs/workbench/api/node/extensionHostProcess.js:79:13940)
	at s.z (/home/tphilly/.vscode-server/bin/abd2f3db4bdb28f9e95536dfa84d8479f1eb312d/out/vs/workbench/api/node/extensionHostProcess.js:79:17005)
	at n.value (/home/tphilly/.vscode-server/bin/abd2f3db4bdb28f9e95536dfa84d8479f1eb312d/out/vs/workbench/api/node/extensionHostProcess.js:79:15457)
	at m.w (/home/tphilly/.vscode-server/bin/abd2f3db4bdb28f9e95536dfa84d8479f1eb312d/out/vs/workbench/api/node/extensionHostProcess.js:63:1902)
	at m.fire (/home/tphilly/.vscode-server/bin/abd2f3db4bdb28f9e95536dfa84d8479f1eb312d/out/vs/workbench/api/node/extensionHostProcess.js:63:2119)
	at n.acceptChunk (/home/tphilly/.vscode-server/bin/abd2f3db4bdb28f9e95536dfa84d8479f1eb312d/out/vs/workbench/api/node/extensionHostProcess.js:79:11714)
	at n.value (/home/tphilly/.vscode-server/bin/abd2f3db4bdb28f9e95536dfa84d8479f1eb312d/out/vs/workbench/api/node/extensionHostProcess.js:79:11001)
	at m.w (/home/tphilly/.vscode-server/bin/abd2f3db4bdb28f9e95536dfa84d8479f1eb312d/out/vs/workbench/api/node/extensionHostProcess.js:63:1902)
	at m.fire (/home/tphilly/.vscode-server/bin/abd2f3db4bdb28f9e95536dfa84d8479f1eb312d/out/vs/workbench/api/node/extensionHostProcess.js:63:2119)
	at m.u (/home/tphilly/.vscode-server/bin/abd2f3db4bdb28f9e95536dfa84d8479f1eb312d/out/vs/workbench/api/node/extensionHostProcess.js:133:19093)
	at m.acceptFrame (/home/tphilly/.vscode-server/bin/abd2f3db4bdb28f9e95536dfa84d8479f1eb312d/out/vs/workbench/api/node/extensionHostProcess.js:133:18899)
	at a.l (/home/tphilly/.vscode-server/bin/abd2f3db4bdb28f9e95536dfa84d8479f1eb312d/out/vs/workbench/api/node/extensionHostProcess.js:133:17532)
	at /home/tphilly/.vscode-server/bin/abd2f3db4bdb28f9e95536dfa84d8479f1eb312d/out/vs/workbench/api/node/extensionHostProcess.js:133:14879
	at Socket.p (/home/tphilly/.vscode-server/bin/abd2f3db4bdb28f9e95536dfa84d8479f1eb312d/out/vs/workbench/api/node/extensionHostProcess.js:133:12793)
	at Socket.emit (node:events:513:28)
	at addChunk (node:internal/streams/readable:324:12)
	at readableAddChunk (node:internal/streams/readable:297:9)
	at Readable.push (node:internal/streams/readable:234:10)
	at TCP.onStreamRead (node:internal/stream_base_commons:190:23) setContext undefined
2023-10-10 19:21:58.871 [error] Canceled: Canceled
	at new h (/home/tphilly/.vscode-server/bin/abd2f3db4bdb28f9e95536dfa84d8479f1eb312d/out/vs/workbench/api/node/extensionHostProcess.js:108:57382)
	at i.O (/home/tphilly/.vscode-server/bin/abd2f3db4bdb28f9e95536dfa84d8479f1eb312d/out/vs/workbench/api/node/extensionHostProcess.js:117:10850)
	at j.<computed>.T.charCodeAt.j.<computed> (/home/tphilly/.vscode-server/bin/abd2f3db4bdb28f9e95536dfa84d8479f1eb312d/out/vs/workbench/api/node/extensionHostProcess.js:117:8289)
	at r.g (/home/tphilly/.vscode-server/bin/abd2f3db4bdb28f9e95536dfa84d8479f1eb312d/out/vs/workbench/api/node/extensionHostProcess.js:108:82208)
	at r.executeCommand (/home/tphilly/.vscode-server/bin/abd2f3db4bdb28f9e95536dfa84d8479f1eb312d/out/vs/workbench/api/node/extensionHostProcess.js:108:81646)
	at u.registerCommand.description (/home/tphilly/.vscode-server/bin/abd2f3db4bdb28f9e95536dfa84d8479f1eb312d/out/vs/workbench/api/node/extensionHostProcess.js:108:80967)
	at r.h (/home/tphilly/.vscode-server/bin/abd2f3db4bdb28f9e95536dfa84d8479f1eb312d/out/vs/workbench/api/node/extensionHostProcess.js:108:82744)
	at r.g (/home/tphilly/.vscode-server/bin/abd2f3db4bdb28f9e95536dfa84d8479f1eb312d/out/vs/workbench/api/node/extensionHostProcess.js:108:81739)
	at r.executeCommand (/home/tphilly/.vscode-server/bin/abd2f3db4bdb28f9e95536dfa84d8479f1eb312d/out/vs/workbench/api/node/extensionHostProcess.js:108:81646)
	at Object.executeCommand (/home/tphilly/.vscode-server/bin/abd2f3db4bdb28f9e95536dfa84d8479f1eb312d/out/vs/workbench/api/node/extensionHostProcess.js:123:21247)
	at w (/home/tphilly/.vscode-server/extensions/eamodio.gitlens-14.3.0/dist/gitlens.js:1:964665)
	at c (/home/tphilly/.vscode-server/extensions/eamodio.gitlens-14.3.0/dist/gitlens.js:1:969293)
	at ActionRunners._updateContextKeys (/home/tphilly/.vscode-server/extensions/eamodio.gitlens-14.3.0/dist/gitlens.js:1:38220)
	at s (/home/tphilly/.vscode-server/extensions/eamodio.gitlens-14.3.0/dist/gitlens.js:1:36639)
	at RegisteredActionRunner.unregister (/home/tphilly/.vscode-server/extensions/eamodio.gitlens-14.3.0/dist/gitlens.js:1:36783)
	at RegisteredActionRunner.dispose (/home/tphilly/.vscode-server/extensions/eamodio.gitlens-14.3.0/dist/gitlens.js:1:35446)
	at Object.dispose (/home/tphilly/.vscode-server/extensions/eamodio.gitlens-14.3.0/dist/gitlens.js:1:36880)
	at E.<anonymous> (/home/tphilly/.vscode-server/bin/abd2f3db4bdb28f9e95536dfa84d8479f1eb312d/out/vs/workbench/api/node/extensionHostProcess.js:104:3484)
	at E.dispose (/home/tphilly/.vscode-server/bin/abd2f3db4bdb28f9e95536dfa84d8479f1eb312d/out/vs/workbench/api/node/extensionHostProcess.js:104:3581)
	at gg.dispose (/home/tphilly/.vscode-server/extensions/github.vscode-pull-request-github-0.72.0/dist/extension.js:1772:35985)
	at k (/home/tphilly/.vscode-server/bin/abd2f3db4bdb28f9e95536dfa84d8479f1eb312d/out/vs/workbench/api/node/extensionHostProcess.js:13:11730)
	at n.Z (/home/tphilly/.vscode-server/bin/abd2f3db4bdb28f9e95536dfa84d8479f1eb312d/out/vs/workbench/api/node/extensionHostProcess.js:119:9652)
	at /home/tphilly/.vscode-server/bin/abd2f3db4bdb28f9e95536dfa84d8479f1eb312d/out/vs/workbench/api/node/extensionHostProcess.js:119:7585
	at Array.map (<anonymous>)
	at n.S (/home/tphilly/.vscode-server/bin/abd2f3db4bdb28f9e95536dfa84d8479f1eb312d/out/vs/workbench/api/node/extensionHostProcess.js:119:7572)
	at n.terminate (/home/tphilly/.vscode-server/bin/abd2f3db4bdb28f9e95536dfa84d8479f1eb312d/out/vs/workbench/api/node/extensionHostProcess.js:119:7844)
	at o.terminate (/home/tphilly/.vscode-server/bin/abd2f3db4bdb28f9e95536dfa84d8479f1eb312d/out/vs/workbench/api/node/extensionHostProcess.js:123:1513)
	at D (/home/tphilly/.vscode-server/bin/abd2f3db4bdb28f9e95536dfa84d8479f1eb312d/out/vs/workbench/api/node/extensionHostProcess.js:136:9800)
	at n.value (/home/tphilly/.vscode-server/bin/abd2f3db4bdb28f9e95536dfa84d8479f1eb312d/out/vs/workbench/api/node/extensionHostProcess.js:136:7847)
	at m.w (/home/tphilly/.vscode-server/bin/abd2f3db4bdb28f9e95536dfa84d8479f1eb312d/out/vs/workbench/api/node/extensionHostProcess.js:63:1902)
	at m.fire (/home/tphilly/.vscode-server/bin/abd2f3db4bdb28f9e95536dfa84d8479f1eb312d/out/vs/workbench/api/node/extensionHostProcess.js:63:2119)
	at v.fire (/home/tphilly/.vscode-server/bin/abd2f3db4bdb28f9e95536dfa84d8479f1eb312d/out/vs/workbench/api/node/extensionHostProcess.js:79:13940)
	at s.z (/home/tphilly/.vscode-server/bin/abd2f3db4bdb28f9e95536dfa84d8479f1eb312d/out/vs/workbench/api/node/extensionHostProcess.js:79:17005)
	at n.value (/home/tphilly/.vscode-server/bin/abd2f3db4bdb28f9e95536dfa84d8479f1eb312d/out/vs/workbench/api/node/extensionHostProcess.js:79:15457)
	at m.w (/home/tphilly/.vscode-server/bin/abd2f3db4bdb28f9e95536dfa84d8479f1eb312d/out/vs/workbench/api/node/extensionHostProcess.js:63:1902)
	at m.fire (/home/tphilly/.vscode-server/bin/abd2f3db4bdb28f9e95536dfa84d8479f1eb312d/out/vs/workbench/api/node/extensionHostProcess.js:63:2119)
	at n.acceptChunk (/home/tphilly/.vscode-server/bin/abd2f3db4bdb28f9e95536dfa84d8479f1eb312d/out/vs/workbench/api/node/extensionHostProcess.js:79:11714)
	at n.value (/home/tphilly/.vscode-server/bin/abd2f3db4bdb28f9e95536dfa84d8479f1eb312d/out/vs/workbench/api/node/extensionHostProcess.js:79:11001)
	at m.w (/home/tphilly/.vscode-server/bin/abd2f3db4bdb28f9e95536dfa84d8479f1eb312d/out/vs/workbench/api/node/extensionHostProcess.js:63:1902)
	at m.fire (/home/tphilly/.vscode-server/bin/abd2f3db4bdb28f9e95536dfa84d8479f1eb312d/out/vs/workbench/api/node/extensionHostProcess.js:63:2119)
	at m.u (/home/tphilly/.vscode-server/bin/abd2f3db4bdb28f9e95536dfa84d8479f1eb312d/out/vs/workbench/api/node/extensionHostProcess.js:133:19093)
	at m.acceptFrame (/home/tphilly/.vscode-server/bin/abd2f3db4bdb28f9e95536dfa84d8479f1eb312d/out/vs/workbench/api/node/extensionHostProcess.js:133:18899)
	at a.l (/home/tphilly/.vscode-server/bin/abd2f3db4bdb28f9e95536dfa84d8479f1eb312d/out/vs/workbench/api/node/extensionHostProcess.js:133:17532)
	at /home/tphilly/.vscode-server/bin/abd2f3db4bdb28f9e95536dfa84d8479f1eb312d/out/vs/workbench/api/node/extensionHostProcess.js:133:14879
	at Socket.p (/home/tphilly/.vscode-server/bin/abd2f3db4bdb28f9e95536dfa84d8479f1eb312d/out/vs/workbench/api/node/extensionHostProcess.js:133:12793)
	at Socket.emit (node:events:513:28)
	at addChunk (node:internal/streams/readable:324:12)
	at readableAddChunk (node:internal/streams/readable:297:9)
	at Readable.push (node:internal/streams/readable:234:10)
	at TCP.onStreamRead (node:internal/stream_base_commons:190:23) setContext undefined
