2023-10-23 23:30:19.023 [info] Log level: Info
2023-10-23 23:30:19.023 [info] Validating found git in: "git"
2023-10-23 23:30:19.023 [info] Using git "2.34.1" from "git"
2023-10-23 23:30:19.023 [info] > git rev-parse --show-toplevel [5ms]
2023-10-23 23:30:19.023 [info] > git rev-parse --git-dir --git-common-dir [16ms]
2023-10-23 23:30:19.023 [info] Open repository: /home/tphilly/Coursework/Unit2.PartyLogs.Starter
2023-10-23 23:30:19.025 [info] > git config --get commit.template [3ms]
2023-10-23 23:30:19.034 [info] > git for-each-ref --format=%(refname)%00%(upstream:short)%00%(objectname)%00%(upstream:track)%00%(upstream:remotename)%00%(upstream:remoteref) refs/heads/main refs/remotes/main [2ms]
2023-10-23 23:30:19.042 [info] > git status -z -uall [1ms]
2023-10-23 23:30:19.061 [info] > git config --get commit.template [7ms]
2023-10-23 23:30:19.062 [info] > git for-each-ref --format=%(refname)%00%(upstream:short)%00%(objectname)%00%(upstream:track)%00%(upstream:remotename)%00%(upstream:remoteref) refs/heads/main refs/remotes/main [3ms]
2023-10-23 23:30:19.072 [info] > git status -z -uall [3ms]
2023-10-23 23:30:20.103 [info] > git check-ignore -v -z --stdin [50ms]
2023-10-23 23:30:20.104 [info] > git config --local branch.main.github-pr-owner-number [3ms]
2023-10-23 23:30:20.116 [info] > git config --get commit.template [6ms]
2023-10-23 23:30:20.118 [info] > git for-each-ref --format=%(refname)%00%(upstream:short)%00%(objectname)%00%(upstream:track)%00%(upstream:remotename)%00%(upstream:remoteref) refs/heads/main refs/remotes/main [3ms]
2023-10-23 23:30:20.130 [info] > git status -z -uall [7ms]
2023-10-23 23:30:20.786 [info] > git show --textconv :index.html [9ms]
2023-10-23 23:30:20.787 [info] > git ls-files --stage -- /home/tphilly/Coursework/Unit2.PartyLogs.Starter/index.html [4ms]
2023-10-23 23:30:20.795 [info] > git cat-file -s b96df21759e2a4acb48e1c01e784bb283a1d1766 [2ms]
2023-10-23 23:31:01.974 [info] > git show --textconv :script.js [46ms]
2023-10-23 23:31:01.975 [info] > git ls-files --stage -- /home/tphilly/Coursework/Unit2.PartyLogs.Starter/script.js [42ms]
2023-10-23 23:31:01.986 [info] > git cat-file -s fdb3b03329a92a888934bc1fc841520f7c7ee890 [3ms]
2023-10-23 23:31:45.868 [info] > git show --textconv :index.html [8ms]
2023-10-23 23:31:45.868 [info] > git ls-files --stage -- /home/tphilly/Coursework/Unit2.PartyLogs.Starter/index.html [1ms]
2023-10-23 23:31:45.874 [info] > git cat-file -s b96df21759e2a4acb48e1c01e784bb283a1d1766 [1ms]
2023-10-23 23:32:18.814 [info] > git show --textconv :script.js [6ms]
2023-10-23 23:32:18.815 [info] > git ls-files --stage -- /home/tphilly/Coursework/Unit2.PartyLogs.Starter/script.js [2ms]
2023-10-23 23:32:18.822 [info] > git cat-file -s fdb3b03329a92a888934bc1fc841520f7c7ee890 [1ms]
2023-10-23 23:32:20.106 [info] > git show --textconv :style.css [6ms]
2023-10-23 23:32:20.107 [info] > git ls-files --stage -- /home/tphilly/Coursework/Unit2.PartyLogs.Starter/style.css [1ms]
2023-10-23 23:32:20.113 [info] > git cat-file -s 03f55a05e5a91439fd0e1b81fad69d89e056e4d1 [1ms]
2023-10-23 23:32:23.233 [info] > git show --textconv :script.js [8ms]
2023-10-23 23:32:23.234 [info] > git ls-files --stage -- /home/tphilly/Coursework/Unit2.PartyLogs.Starter/script.js [2ms]
2023-10-23 23:32:23.240 [info] > git cat-file -s fdb3b03329a92a888934bc1fc841520f7c7ee890 [1ms]
2023-10-23 23:32:26.347 [info] > git show --textconv :index.html [7ms]
2023-10-23 23:32:26.347 [info] > git ls-files --stage -- /home/tphilly/Coursework/Unit2.PartyLogs.Starter/index.html [1ms]
2023-10-23 23:32:26.354 [info] > git cat-file -s b96df21759e2a4acb48e1c01e784bb283a1d1766 [1ms]
2023-10-23 23:32:56.360 [info] > git config --get commit.template [1ms]
2023-10-23 23:32:56.366 [info] > git for-each-ref --format=%(refname)%00%(upstream:short)%00%(objectname)%00%(upstream:track)%00%(upstream:remotename)%00%(upstream:remoteref) refs/heads/main refs/remotes/main [2ms]
2023-10-23 23:32:56.373 [info] > git status -z -uall [1ms]
2023-10-23 23:33:01.398 [info] > git config --get commit.template [2ms]
2023-10-23 23:33:01.408 [info] > git for-each-ref --format=%(refname)%00%(upstream:short)%00%(objectname)%00%(upstream:track)%00%(upstream:remotename)%00%(upstream:remoteref) refs/heads/main refs/remotes/main [2ms]
2023-10-23 23:33:01.416 [info] > git status -z -uall [2ms]
2023-10-23 23:33:09.289 [info] > git config --get commit.template [1ms]
2023-10-23 23:33:09.298 [info] > git for-each-ref --format=%(refname)%00%(upstream:short)%00%(objectname)%00%(upstream:track)%00%(upstream:remotename)%00%(upstream:remoteref) refs/heads/main refs/remotes/main [1ms]
2023-10-23 23:33:09.305 [info] > git status -z -uall [1ms]
2023-10-23 23:33:14.316 [info] > git config --get commit.template [1ms]
2023-10-23 23:33:14.322 [info] > git for-each-ref --format=%(refname)%00%(upstream:short)%00%(objectname)%00%(upstream:track)%00%(upstream:remotename)%00%(upstream:remoteref) refs/heads/main refs/remotes/main [1ms]
2023-10-23 23:33:14.327 [info] > git status -z -uall [1ms]
2023-10-23 23:33:14.884 [info] > git show --textconv :script.js [8ms]
2023-10-23 23:33:14.885 [info] > git ls-files --stage -- /home/tphilly/Coursework/Unit2.PartyLogs.Starter/script.js [2ms]
2023-10-23 23:33:14.893 [info] > git cat-file -s fdb3b03329a92a888934bc1fc841520f7c7ee890 [1ms]
2023-10-23 23:33:35.199 [info] > git show --textconv :index.html [7ms]
2023-10-23 23:33:35.201 [info] > git ls-files --stage -- /home/tphilly/Coursework/Unit2.PartyLogs.Starter/index.html [3ms]
2023-10-23 23:33:35.208 [info] > git cat-file -s b96df21759e2a4acb48e1c01e784bb283a1d1766 [1ms]
2023-10-23 23:33:56.299 [info] > git config --get commit.template [5ms]
2023-10-23 23:33:56.299 [info] > git for-each-ref --format=%(refname)%00%(upstream:short)%00%(objectname)%00%(upstream:track)%00%(upstream:remotename)%00%(upstream:remoteref) refs/heads/main refs/remotes/main [1ms]
2023-10-23 23:33:56.305 [info] > git status -z -uall [1ms]
2023-10-23 23:34:11.355 [info] > git config --get commit.template [6ms]
2023-10-23 23:34:11.355 [info] > git for-each-ref --format=%(refname)%00%(upstream:short)%00%(objectname)%00%(upstream:track)%00%(upstream:remotename)%00%(upstream:remoteref) refs/heads/main refs/remotes/main [1ms]
2023-10-23 23:34:11.362 [info] > git status -z -uall [1ms]
2023-10-23 23:34:20.948 [info] > git config --get commit.template [6ms]
2023-10-23 23:34:20.948 [info] > git for-each-ref --format=%(refname)%00%(upstream:short)%00%(objectname)%00%(upstream:track)%00%(upstream:remotename)%00%(upstream:remoteref) refs/heads/main refs/remotes/main [1ms]
2023-10-23 23:34:20.954 [info] > git status -z -uall [1ms]
2023-10-23 23:34:45.182 [info] > git show --textconv :script.js [9ms]
2023-10-23 23:34:45.184 [info] > git ls-files --stage -- /home/tphilly/Coursework/Unit2.PartyLogs.Starter/script.js [2ms]
2023-10-23 23:34:45.190 [info] > git cat-file -s fdb3b03329a92a888934bc1fc841520f7c7ee890 [1ms]
2023-10-23 23:35:20.056 [info] > git config --local branch.main.github-pr-owner-number [1ms]
2023-10-23 23:35:20.063 [info] > git config --get commit.template [1ms]
2023-10-23 23:35:20.068 [info] > git for-each-ref --format=%(refname)%00%(upstream:short)%00%(objectname)%00%(upstream:track)%00%(upstream:remotename)%00%(upstream:remoteref) refs/heads/main refs/remotes/main [1ms]
2023-10-23 23:35:20.073 [info] > git status -z -uall [1ms]
2023-10-23 23:39:54.420 [info] > git show --textconv :style.css [6ms]
2023-10-23 23:39:54.421 [info] > git ls-files --stage -- /home/tphilly/Coursework/Unit2.PartyLogs.Starter/style.css [2ms]
2023-10-23 23:39:54.428 [info] > git cat-file -s 03f55a05e5a91439fd0e1b81fad69d89e056e4d1 [1ms]
2023-10-23 23:39:55.019 [info] > git show --textconv :script.js [7ms]
2023-10-23 23:39:55.020 [info] > git ls-files --stage -- /home/tphilly/Coursework/Unit2.PartyLogs.Starter/script.js [2ms]
2023-10-23 23:39:55.027 [info] > git cat-file -s fdb3b03329a92a888934bc1fc841520f7c7ee890 [1ms]
2023-10-23 23:40:20.085 [info] > git config --local branch.main.github-pr-owner-number [1ms]
2023-10-23 23:40:20.098 [info] > git config --get commit.template [5ms]
2023-10-23 23:40:20.098 [info] > git for-each-ref --format=%(refname)%00%(upstream:short)%00%(objectname)%00%(upstream:track)%00%(upstream:remotename)%00%(upstream:remoteref) refs/heads/main refs/remotes/main [2ms]
2023-10-23 23:40:20.103 [info] > git status -z -uall [1ms]
2023-10-23 23:45:20.112 [info] > git config --local branch.main.github-pr-owner-number [1ms]
2023-10-23 23:45:20.125 [info] > git for-each-ref --format=%(refname)%00%(upstream:short)%00%(objectname)%00%(upstream:track)%00%(upstream:remotename)%00%(upstream:remoteref) refs/heads/main refs/remotes/main [1ms]
2023-10-23 23:45:20.125 [info] > git config --get commit.template [7ms]
2023-10-23 23:45:20.131 [info] > git status -z -uall [1ms]
2023-10-23 23:50:20.143 [info] > git config --local branch.main.github-pr-owner-number [0ms]
2023-10-23 23:50:20.155 [info] > git config --get commit.template [5ms]
2023-10-23 23:50:20.155 [info] > git for-each-ref --format=%(refname)%00%(upstream:short)%00%(objectname)%00%(upstream:track)%00%(upstream:remotename)%00%(upstream:remoteref) refs/heads/main refs/remotes/main [1ms]
2023-10-23 23:50:20.171 [info] > git status -z -uall [1ms]
2023-10-23 23:55:20.182 [info] > git config --local branch.main.github-pr-owner-number [0ms]
2023-10-23 23:55:20.189 [info] > git config --get commit.template [1ms]
2023-10-23 23:55:20.195 [info] > git for-each-ref --format=%(refname)%00%(upstream:short)%00%(objectname)%00%(upstream:track)%00%(upstream:remotename)%00%(upstream:remoteref) refs/heads/main refs/remotes/main [1ms]
2023-10-23 23:55:20.205 [info] > git status -z -uall [1ms]
2023-10-24 00:00:20.221 [info] > git config --local branch.main.github-pr-owner-number [1ms]
2023-10-24 00:00:20.243 [info] > git config --get commit.template [10ms]
2023-10-24 00:00:20.243 [info] > git for-each-ref --format=%(refname)%00%(upstream:short)%00%(objectname)%00%(upstream:track)%00%(upstream:remotename)%00%(upstream:remoteref) refs/heads/main refs/remotes/main [1ms]
2023-10-24 00:00:20.261 [info] > git status -z -uall [1ms]
2023-10-24 00:05:20.271 [info] > git config --local branch.main.github-pr-owner-number [0ms]
2023-10-24 00:05:20.282 [info] > git config --get commit.template [5ms]
2023-10-24 00:05:20.282 [info] > git for-each-ref --format=%(refname)%00%(upstream:short)%00%(objectname)%00%(upstream:track)%00%(upstream:remotename)%00%(upstream:remoteref) refs/heads/main refs/remotes/main [1ms]
2023-10-24 00:05:20.293 [info] > git status -z -uall [1ms]
2023-10-24 00:10:20.306 [info] > git config --local branch.main.github-pr-owner-number [6ms]
2023-10-24 00:10:20.321 [info] > git config --get commit.template [8ms]
2023-10-24 00:10:20.321 [info] > git for-each-ref --format=%(refname)%00%(upstream:short)%00%(objectname)%00%(upstream:track)%00%(upstream:remotename)%00%(upstream:remoteref) refs/heads/main refs/remotes/main [1ms]
2023-10-24 00:10:20.342 [info] > git status -z -uall [1ms]
2023-10-24 01:00:42.359 [info] > git config --local branch.main.github-pr-owner-number [0ms]
2023-10-24 01:00:42.371 [info] > git config --get commit.template [6ms]
2023-10-24 01:00:42.372 [info] > git for-each-ref --format=%(refname)%00%(upstream:short)%00%(objectname)%00%(upstream:track)%00%(upstream:remotename)%00%(upstream:remoteref) refs/heads/main refs/remotes/main [1ms]
2023-10-24 01:00:42.379 [info] > git status -z -uall [0ms]
2023-10-24 01:05:42.395 [info] > git config --local branch.main.github-pr-owner-number [1ms]
2023-10-24 01:05:42.417 [info] > git config --get commit.template [15ms]
2023-10-24 01:05:42.418 [info] > git for-each-ref --format=%(refname)%00%(upstream:short)%00%(objectname)%00%(upstream:track)%00%(upstream:remotename)%00%(upstream:remoteref) refs/heads/main refs/remotes/main [0ms]
2023-10-24 01:05:42.437 [info] > git status -z -uall [1ms]
2023-10-24 01:10:42.445 [info] > git config --local branch.main.github-pr-owner-number [0ms]
2023-10-24 01:10:42.452 [info] > git config --get commit.template [2ms]
2023-10-24 01:10:42.457 [info] > git for-each-ref --format=%(refname)%00%(upstream:short)%00%(objectname)%00%(upstream:track)%00%(upstream:remotename)%00%(upstream:remoteref) refs/heads/main refs/remotes/main [1ms]
2023-10-24 01:10:42.463 [info] > git status -z -uall [1ms]
2023-10-24 01:15:42.472 [info] > git config --local branch.main.github-pr-owner-number [1ms]
2023-10-24 01:15:42.490 [info] > git config --get commit.template [10ms]
2023-10-24 01:15:42.491 [info] > git for-each-ref --format=%(refname)%00%(upstream:short)%00%(objectname)%00%(upstream:track)%00%(upstream:remotename)%00%(upstream:remoteref) refs/heads/main refs/remotes/main [2ms]
2023-10-24 01:15:42.509 [info] > git status -z -uall [1ms]
2023-10-24 01:20:42.525 [info] > git config --local branch.main.github-pr-owner-number [1ms]
2023-10-24 01:20:42.543 [info] > git config --get commit.template [11ms]
2023-10-24 01:20:42.543 [info] > git for-each-ref --format=%(refname)%00%(upstream:short)%00%(objectname)%00%(upstream:track)%00%(upstream:remotename)%00%(upstream:remoteref) refs/heads/main refs/remotes/main [1ms]
2023-10-24 01:20:42.559 [info] > git status -z -uall [1ms]
2023-10-24 01:25:42.568 [info] > git config --local branch.main.github-pr-owner-number [1ms]
2023-10-24 01:25:42.578 [info] > git config --get commit.template [5ms]
2023-10-24 01:25:42.578 [info] > git for-each-ref --format=%(refname)%00%(upstream:short)%00%(objectname)%00%(upstream:track)%00%(upstream:remotename)%00%(upstream:remoteref) refs/heads/main refs/remotes/main [1ms]
2023-10-24 01:25:42.589 [info] > git status -z -uall [1ms]
2023-10-24 02:16:03.075 [info] > git config --local branch.main.github-pr-owner-number [1ms]
2023-10-24 02:16:03.093 [info] > git config --get commit.template [8ms]
2023-10-24 02:16:03.094 [info] > git for-each-ref --format=%(refname)%00%(upstream:short)%00%(objectname)%00%(upstream:track)%00%(upstream:remotename)%00%(upstream:remoteref) refs/heads/main refs/remotes/main [1ms]
2023-10-24 02:16:03.114 [info] > git status -z -uall [0ms]
2023-10-24 02:21:03.129 [info] > git config --local branch.main.github-pr-owner-number [1ms]
2023-10-24 02:21:03.136 [info] > git config --get commit.template [1ms]
2023-10-24 02:21:03.145 [info] > git for-each-ref --format=%(refname)%00%(upstream:short)%00%(objectname)%00%(upstream:track)%00%(upstream:remotename)%00%(upstream:remoteref) refs/heads/main refs/remotes/main [1ms]
2023-10-24 02:21:03.165 [info] > git status -z -uall [1ms]
2023-10-24 02:26:03.177 [info] > git config --local branch.main.github-pr-owner-number [1ms]
2023-10-24 02:26:03.186 [info] > git config --get commit.template [2ms]
2023-10-24 02:26:03.195 [info] > git for-each-ref --format=%(refname)%00%(upstream:short)%00%(objectname)%00%(upstream:track)%00%(upstream:remotename)%00%(upstream:remoteref) refs/heads/main refs/remotes/main [2ms]
2023-10-24 02:26:03.221 [info] > git status -z -uall [1ms]
2023-10-24 02:31:03.245 [info] > git config --local branch.main.github-pr-owner-number [1ms]
2023-10-24 02:31:03.260 [info] > git config --get commit.template [6ms]
2023-10-24 02:31:03.261 [info] > git for-each-ref --format=%(refname)%00%(upstream:short)%00%(objectname)%00%(upstream:track)%00%(upstream:remotename)%00%(upstream:remoteref) refs/heads/main refs/remotes/main [1ms]
2023-10-24 02:31:03.266 [info] > git status -z -uall [1ms]
2023-10-24 02:36:03.275 [info] > git config --local branch.main.github-pr-owner-number [2ms]
2023-10-24 02:36:03.296 [info] > git config --get commit.template [16ms]
2023-10-24 02:36:03.296 [info] > git for-each-ref --format=%(refname)%00%(upstream:short)%00%(objectname)%00%(upstream:track)%00%(upstream:remotename)%00%(upstream:remoteref) refs/heads/main refs/remotes/main [1ms]
2023-10-24 02:36:03.318 [info] > git status -z -uall [1ms]
2023-10-24 02:41:03.333 [info] > git config --local branch.main.github-pr-owner-number [0ms]
2023-10-24 02:41:03.345 [info] > git config --get commit.template [5ms]
2023-10-24 02:41:03.345 [info] > git for-each-ref --format=%(refname)%00%(upstream:short)%00%(objectname)%00%(upstream:track)%00%(upstream:remotename)%00%(upstream:remoteref) refs/heads/main refs/remotes/main [1ms]
2023-10-24 02:41:03.361 [info] > git status -z -uall [1ms]
2023-10-24 03:31:25.326 [info] > git config --local branch.main.github-pr-owner-number [1ms]
2023-10-24 03:31:25.338 [info] > git config --get commit.template [6ms]
2023-10-24 03:31:25.338 [info] > git for-each-ref --format=%(refname)%00%(upstream:short)%00%(objectname)%00%(upstream:track)%00%(upstream:remotename)%00%(upstream:remoteref) refs/heads/main refs/remotes/main [1ms]
2023-10-24 03:31:25.346 [info] > git status -z -uall [1ms]
2023-10-24 03:36:25.357 [info] > git config --local branch.main.github-pr-owner-number [1ms]
2023-10-24 03:36:25.366 [info] > git config --get commit.template [1ms]
2023-10-24 03:36:25.379 [info] > git for-each-ref --format=%(refname)%00%(upstream:short)%00%(objectname)%00%(upstream:track)%00%(upstream:remotename)%00%(upstream:remoteref) refs/heads/main refs/remotes/main [1ms]
2023-10-24 03:36:25.399 [info] > git status -z -uall [2ms]
2023-10-24 03:41:25.408 [info] > git config --local branch.main.github-pr-owner-number [1ms]
2023-10-24 03:41:25.421 [info] > git config --get commit.template [6ms]
2023-10-24 03:41:25.422 [info] > git for-each-ref --format=%(refname)%00%(upstream:short)%00%(objectname)%00%(upstream:track)%00%(upstream:remotename)%00%(upstream:remoteref) refs/heads/main refs/remotes/main [1ms]
2023-10-24 03:41:25.430 [info] > git status -z -uall [2ms]
2023-10-24 03:46:25.442 [info] > git config --local branch.main.github-pr-owner-number [1ms]
2023-10-24 03:46:25.453 [info] > git config --get commit.template [5ms]
2023-10-24 03:46:25.454 [info] > git for-each-ref --format=%(refname)%00%(upstream:short)%00%(objectname)%00%(upstream:track)%00%(upstream:remotename)%00%(upstream:remoteref) refs/heads/main refs/remotes/main [1ms]
2023-10-24 03:46:25.460 [info] > git status -z -uall [1ms]
2023-10-24 03:51:25.475 [info] > git config --local branch.main.github-pr-owner-number [1ms]
2023-10-24 03:51:25.493 [info] > git config --get commit.template [13ms]
2023-10-24 03:51:25.494 [info] > git for-each-ref --format=%(refname)%00%(upstream:short)%00%(objectname)%00%(upstream:track)%00%(upstream:remotename)%00%(upstream:remoteref) refs/heads/main refs/remotes/main [1ms]
2023-10-24 03:51:25.509 [info] > git status -z -uall [1ms]
2023-10-24 03:56:25.519 [info] > git config --local branch.main.github-pr-owner-number [1ms]
2023-10-24 03:56:25.529 [info] > git config --get commit.template [5ms]
2023-10-24 03:56:25.530 [info] > git for-each-ref --format=%(refname)%00%(upstream:short)%00%(objectname)%00%(upstream:track)%00%(upstream:remotename)%00%(upstream:remoteref) refs/heads/main refs/remotes/main [1ms]
2023-10-24 03:56:25.540 [info] > git status -z -uall [1ms]
2023-10-24 04:01:25.553 [info] > git config --local branch.main.github-pr-owner-number [0ms]
2023-10-24 04:01:25.562 [info] > git config --get commit.template [2ms]
2023-10-24 04:01:25.569 [info] > git for-each-ref --format=%(refname)%00%(upstream:short)%00%(objectname)%00%(upstream:track)%00%(upstream:remotename)%00%(upstream:remoteref) refs/heads/main refs/remotes/main [1ms]
2023-10-24 04:01:25.574 [info] > git status -z -uall [1ms]
2023-10-24 04:51:46.428 [info] > git config --local branch.main.github-pr-owner-number [0ms]
2023-10-24 04:51:46.449 [info] > git config --get commit.template [14ms]
2023-10-24 04:51:46.449 [info] > git for-each-ref --format=%(refname)%00%(upstream:short)%00%(objectname)%00%(upstream:track)%00%(upstream:remotename)%00%(upstream:remoteref) refs/heads/main refs/remotes/main [1ms]
2023-10-24 04:51:46.468 [info] > git status -z -uall [1ms]
2023-10-24 04:56:46.481 [info] > git config --local branch.main.github-pr-owner-number [1ms]
2023-10-24 04:56:46.496 [info] > git config --get commit.template [8ms]
2023-10-24 04:56:46.496 [info] > git for-each-ref --format=%(refname)%00%(upstream:short)%00%(objectname)%00%(upstream:track)%00%(upstream:remotename)%00%(upstream:remoteref) refs/heads/main refs/remotes/main [1ms]
2023-10-24 04:56:46.503 [info] > git status -z -uall [1ms]
2023-10-24 05:01:46.515 [info] > git config --local branch.main.github-pr-owner-number [1ms]
2023-10-24 05:01:46.527 [info] > git config --get commit.template [6ms]
2023-10-24 05:01:46.528 [info] > git for-each-ref --format=%(refname)%00%(upstream:short)%00%(objectname)%00%(upstream:track)%00%(upstream:remotename)%00%(upstream:remoteref) refs/heads/main refs/remotes/main [1ms]
2023-10-24 05:01:46.534 [info] > git status -z -uall [1ms]
2023-10-24 05:06:46.547 [info] > git config --local branch.main.github-pr-owner-number [1ms]
2023-10-24 05:06:46.561 [info] > git config --get commit.template [8ms]
2023-10-24 05:06:46.561 [info] > git for-each-ref --format=%(refname)%00%(upstream:short)%00%(objectname)%00%(upstream:track)%00%(upstream:remotename)%00%(upstream:remoteref) refs/heads/main refs/remotes/main [1ms]
2023-10-24 05:06:46.581 [info] > git status -z -uall [1ms]
2023-10-24 05:11:46.591 [info] > git config --local branch.main.github-pr-owner-number [1ms]
2023-10-24 05:11:46.603 [info] > git config --get commit.template [5ms]
2023-10-24 05:11:46.604 [info] > git for-each-ref --format=%(refname)%00%(upstream:short)%00%(objectname)%00%(upstream:track)%00%(upstream:remotename)%00%(upstream:remoteref) refs/heads/main refs/remotes/main [1ms]
2023-10-24 05:11:46.610 [info] > git status -z -uall [1ms]
2023-10-24 05:16:46.621 [info] > git config --local branch.main.github-pr-owner-number [1ms]
2023-10-24 05:16:46.635 [info] > git config --get commit.template [6ms]
2023-10-24 05:16:46.636 [info] > git for-each-ref --format=%(refname)%00%(upstream:short)%00%(objectname)%00%(upstream:track)%00%(upstream:remotename)%00%(upstream:remoteref) refs/heads/main refs/remotes/main [1ms]
2023-10-24 05:16:46.641 [info] > git status -z -uall [1ms]
2023-10-24 06:07:06.162 [info] > git config --local branch.main.github-pr-owner-number [1ms]
2023-10-24 06:07:06.184 [info] > git config --get commit.template [11ms]
2023-10-24 06:07:06.185 [info] > git for-each-ref --format=%(refname)%00%(upstream:short)%00%(objectname)%00%(upstream:track)%00%(upstream:remotename)%00%(upstream:remoteref) refs/heads/main refs/remotes/main [1ms]
2023-10-24 06:07:06.198 [info] > git status -z -uall [1ms]
2023-10-24 06:12:06.209 [info] > git config --local branch.main.github-pr-owner-number [0ms]
2023-10-24 06:12:06.222 [info] > git config --get commit.template [8ms]
2023-10-24 06:12:06.222 [info] > git for-each-ref --format=%(refname)%00%(upstream:short)%00%(objectname)%00%(upstream:track)%00%(upstream:remotename)%00%(upstream:remoteref) refs/heads/main refs/remotes/main [1ms]
2023-10-24 06:12:06.233 [info] > git status -z -uall [1ms]
2023-10-24 06:17:06.245 [info] > git config --local branch.main.github-pr-owner-number [1ms]
2023-10-24 06:17:06.255 [info] > git config --get commit.template [5ms]
2023-10-24 06:17:06.256 [info] > git for-each-ref --format=%(refname)%00%(upstream:short)%00%(objectname)%00%(upstream:track)%00%(upstream:remotename)%00%(upstream:remoteref) refs/heads/main refs/remotes/main [1ms]
2023-10-24 06:17:06.261 [info] > git status -z -uall [1ms]
2023-10-24 06:22:06.273 [info] > git config --local branch.main.github-pr-owner-number [1ms]
2023-10-24 06:22:06.307 [info] > git config --get commit.template [23ms]
2023-10-24 06:22:06.307 [info] > git for-each-ref --format=%(refname)%00%(upstream:short)%00%(objectname)%00%(upstream:track)%00%(upstream:remotename)%00%(upstream:remoteref) refs/heads/main refs/remotes/main [1ms]
2023-10-24 06:22:06.328 [info] > git status -z -uall [1ms]
2023-10-24 06:27:06.338 [info] > git config --local branch.main.github-pr-owner-number [1ms]
2023-10-24 06:27:06.351 [info] > git config --get commit.template [6ms]
2023-10-24 06:27:06.352 [info] > git for-each-ref --format=%(refname)%00%(upstream:short)%00%(objectname)%00%(upstream:track)%00%(upstream:remotename)%00%(upstream:remoteref) refs/heads/main refs/remotes/main [1ms]
2023-10-24 06:27:06.357 [info] > git status -z -uall [1ms]
2023-10-24 06:32:06.373 [info] > git config --local branch.main.github-pr-owner-number [0ms]
2023-10-24 06:32:06.383 [info] > git config --get commit.template [5ms]
2023-10-24 06:32:06.384 [info] > git for-each-ref --format=%(refname)%00%(upstream:short)%00%(objectname)%00%(upstream:track)%00%(upstream:remotename)%00%(upstream:remoteref) refs/heads/main refs/remotes/main [1ms]
2023-10-24 06:32:06.389 [info] > git status -z -uall [1ms]
2023-10-24 07:22:28.332 [info] > git config --local branch.main.github-pr-owner-number [1ms]
2023-10-24 07:22:28.351 [info] > git config --get commit.template [13ms]
2023-10-24 07:22:28.352 [info] > git for-each-ref --format=%(refname)%00%(upstream:short)%00%(objectname)%00%(upstream:track)%00%(upstream:remotename)%00%(upstream:remoteref) refs/heads/main refs/remotes/main [1ms]
2023-10-24 07:22:28.371 [info] > git status -z -uall [1ms]
2023-10-24 07:27:28.380 [info] > git config --local branch.main.github-pr-owner-number [1ms]
2023-10-24 07:27:28.398 [info] > git config --get commit.template [12ms]
2023-10-24 07:27:28.399 [info] > git for-each-ref --format=%(refname)%00%(upstream:short)%00%(objectname)%00%(upstream:track)%00%(upstream:remotename)%00%(upstream:remoteref) refs/heads/main refs/remotes/main [1ms]
2023-10-24 07:27:28.418 [info] > git status -z -uall [1ms]
2023-10-24 07:32:28.428 [info] > git config --local branch.main.github-pr-owner-number [1ms]
2023-10-24 07:32:28.441 [info] > git config --get commit.template [7ms]
2023-10-24 07:32:28.442 [info] > git for-each-ref --format=%(refname)%00%(upstream:short)%00%(objectname)%00%(upstream:track)%00%(upstream:remotename)%00%(upstream:remoteref) refs/heads/main refs/remotes/main [1ms]
2023-10-24 07:32:28.449 [info] > git status -z -uall [2ms]
2023-10-24 07:37:28.460 [info] > git config --local branch.main.github-pr-owner-number [1ms]
2023-10-24 07:37:28.469 [info] > git config --get commit.template [1ms]
2023-10-24 07:37:28.491 [info] > git for-each-ref --format=%(refname)%00%(upstream:short)%00%(objectname)%00%(upstream:track)%00%(upstream:remotename)%00%(upstream:remoteref) refs/heads/main refs/remotes/main [1ms]
2023-10-24 07:37:28.519 [info] > git status -z -uall [1ms]
2023-10-24 07:42:28.530 [info] > git config --local branch.main.github-pr-owner-number [1ms]
2023-10-24 07:42:28.545 [info] > git config --get commit.template [6ms]
2023-10-24 07:42:28.546 [info] > git for-each-ref --format=%(refname)%00%(upstream:short)%00%(objectname)%00%(upstream:track)%00%(upstream:remotename)%00%(upstream:remoteref) refs/heads/main refs/remotes/main [1ms]
2023-10-24 07:42:28.556 [info] > git status -z -uall [1ms]
2023-10-24 07:47:28.568 [info] > git config --local branch.main.github-pr-owner-number [1ms]
2023-10-24 07:47:28.581 [info] > git config --get commit.template [7ms]
2023-10-24 07:47:28.581 [info] > git for-each-ref --format=%(refname)%00%(upstream:short)%00%(objectname)%00%(upstream:track)%00%(upstream:remotename)%00%(upstream:remoteref) refs/heads/main refs/remotes/main [1ms]
2023-10-24 07:47:28.587 [info] > git status -z -uall [1ms]
2023-10-24 08:37:49.570 [info] > git config --local branch.main.github-pr-owner-number [1ms]
2023-10-24 08:37:49.588 [info] > git for-each-ref --format=%(refname)%00%(upstream:short)%00%(objectname)%00%(upstream:track)%00%(upstream:remotename)%00%(upstream:remoteref) refs/heads/main refs/remotes/main [2ms]
2023-10-24 08:37:49.588 [info] > git config --get commit.template [9ms]
2023-10-24 08:37:49.606 [info] > git status -z -uall [1ms]
2023-10-24 08:42:49.619 [info] > git config --local branch.main.github-pr-owner-number [1ms]
2023-10-24 08:42:49.631 [info] > git config --get commit.template [6ms]
2023-10-24 08:42:49.631 [info] > git for-each-ref --format=%(refname)%00%(upstream:short)%00%(objectname)%00%(upstream:track)%00%(upstream:remotename)%00%(upstream:remoteref) refs/heads/main refs/remotes/main [1ms]
2023-10-24 08:42:49.640 [info] > git status -z -uall [2ms]
2023-10-24 08:47:49.648 [info] > git config --local branch.main.github-pr-owner-number [1ms]
2023-10-24 08:47:49.660 [info] > git config --get commit.template [6ms]
2023-10-24 08:47:49.660 [info] > git for-each-ref --format=%(refname)%00%(upstream:short)%00%(objectname)%00%(upstream:track)%00%(upstream:remotename)%00%(upstream:remoteref) refs/heads/main refs/remotes/main [1ms]
2023-10-24 08:47:49.667 [info] > git status -z -uall [1ms]
2023-10-24 08:52:49.676 [info] > git config --local branch.main.github-pr-owner-number [0ms]
2023-10-24 08:52:49.697 [info] > git config --get commit.template [15ms]
2023-10-24 08:52:49.697 [info] > git for-each-ref --format=%(refname)%00%(upstream:short)%00%(objectname)%00%(upstream:track)%00%(upstream:remotename)%00%(upstream:remoteref) refs/heads/main refs/remotes/main [1ms]
2023-10-24 08:52:49.716 [info] > git status -z -uall [1ms]
2023-10-24 08:57:49.728 [info] > git config --local branch.main.github-pr-owner-number [2ms]
2023-10-24 08:57:49.744 [info] > git config --get commit.template [8ms]
2023-10-24 08:57:49.745 [info] > git for-each-ref --format=%(refname)%00%(upstream:short)%00%(objectname)%00%(upstream:track)%00%(upstream:remotename)%00%(upstream:remoteref) refs/heads/main refs/remotes/main [1ms]
2023-10-24 08:57:49.763 [info] > git status -z -uall [1ms]
2023-10-24 09:02:49.773 [info] > git config --local branch.main.github-pr-owner-number [1ms]
2023-10-24 09:02:49.787 [info] > git config --get commit.template [7ms]
2023-10-24 09:02:49.788 [info] > git for-each-ref --format=%(refname)%00%(upstream:short)%00%(objectname)%00%(upstream:track)%00%(upstream:remotename)%00%(upstream:remoteref) refs/heads/main refs/remotes/main [2ms]
2023-10-24 09:02:49.795 [info] > git status -z -uall [1ms]
2023-10-24 09:07:49.806 [info] > git config --local branch.main.github-pr-owner-number [0ms]
2023-10-24 09:07:49.832 [info] > git config --get commit.template [18ms]
2023-10-24 09:07:49.833 [info] > git for-each-ref --format=%(refname)%00%(upstream:short)%00%(objectname)%00%(upstream:track)%00%(upstream:remotename)%00%(upstream:remoteref) refs/heads/main refs/remotes/main [1ms]
2023-10-24 09:07:49.852 [info] > git status -z -uall [1ms]
2023-10-24 09:58:10.604 [info] > git config --local branch.main.github-pr-owner-number [1ms]
2023-10-24 09:58:10.618 [info] > git config --get commit.template [8ms]
2023-10-24 09:58:10.619 [info] > git for-each-ref --format=%(refname)%00%(upstream:short)%00%(objectname)%00%(upstream:track)%00%(upstream:remotename)%00%(upstream:remoteref) refs/heads/main refs/remotes/main [1ms]
2023-10-24 09:58:10.634 [info] > git status -z -uall [1ms]
2023-10-24 10:03:10.643 [info] > git config --local branch.main.github-pr-owner-number [1ms]
2023-10-24 10:03:10.657 [info] > git config --get commit.template [8ms]
2023-10-24 10:03:10.657 [info] > git for-each-ref --format=%(refname)%00%(upstream:short)%00%(objectname)%00%(upstream:track)%00%(upstream:remotename)%00%(upstream:remoteref) refs/heads/main refs/remotes/main [1ms]
2023-10-24 10:03:10.669 [info] > git status -z -uall [1ms]
2023-10-24 10:08:10.678 [info] > git config --local branch.main.github-pr-owner-number [1ms]
2023-10-24 10:08:10.701 [info] > git config --get commit.template [17ms]
2023-10-24 10:08:10.701 [info] > git for-each-ref --format=%(refname)%00%(upstream:short)%00%(objectname)%00%(upstream:track)%00%(upstream:remotename)%00%(upstream:remoteref) refs/heads/main refs/remotes/main [1ms]
2023-10-24 10:08:10.714 [info] > git status -z -uall [1ms]
2023-10-24 10:13:10.724 [info] > git config --local branch.main.github-pr-owner-number [1ms]
2023-10-24 10:13:10.739 [info] > git config --get commit.template [7ms]
2023-10-24 10:13:10.740 [info] > git for-each-ref --format=%(refname)%00%(upstream:short)%00%(objectname)%00%(upstream:track)%00%(upstream:remotename)%00%(upstream:remoteref) refs/heads/main refs/remotes/main [1ms]
2023-10-24 10:13:10.747 [info] > git status -z -uall [2ms]
2023-10-24 10:18:10.756 [info] > git config --local branch.main.github-pr-owner-number [1ms]
2023-10-24 10:18:10.773 [info] > git config --get commit.template [10ms]
2023-10-24 10:18:10.773 [info] > git for-each-ref --format=%(refname)%00%(upstream:short)%00%(objectname)%00%(upstream:track)%00%(upstream:remotename)%00%(upstream:remoteref) refs/heads/main refs/remotes/main [1ms]
2023-10-24 10:18:10.792 [info] > git status -z -uall [1ms]
2023-10-24 10:23:10.803 [info] > git config --local branch.main.github-pr-owner-number [1ms]
2023-10-24 10:23:10.824 [info] > git config --get commit.template [15ms]
2023-10-24 10:23:10.825 [info] > git for-each-ref --format=%(refname)%00%(upstream:short)%00%(objectname)%00%(upstream:track)%00%(upstream:remotename)%00%(upstream:remoteref) refs/heads/main refs/remotes/main [1ms]
2023-10-24 10:23:10.845 [info] > git status -z -uall [1ms]
2023-10-24 11:13:31.237 [info] > git config --local branch.main.github-pr-owner-number [2ms]
2023-10-24 11:13:31.244 [info] > git config --get commit.template [1ms]
2023-10-24 11:13:31.250 [info] > git for-each-ref --format=%(refname)%00%(upstream:short)%00%(objectname)%00%(upstream:track)%00%(upstream:remotename)%00%(upstream:remoteref) refs/heads/main refs/remotes/main [1ms]
2023-10-24 11:13:31.256 [info] > git status -z -uall [1ms]
2023-10-24 11:18:31.269 [info] > git config --local branch.main.github-pr-owner-number [1ms]
2023-10-24 11:18:31.281 [info] > git config --get commit.template [6ms]
2023-10-24 11:18:31.282 [info] > git for-each-ref --format=%(refname)%00%(upstream:short)%00%(objectname)%00%(upstream:track)%00%(upstream:remotename)%00%(upstream:remoteref) refs/heads/main refs/remotes/main [1ms]
2023-10-24 11:18:31.287 [info] > git status -z -uall [1ms]
2023-10-24 11:23:31.296 [info] > git config --local branch.main.github-pr-owner-number [1ms]
2023-10-24 11:23:31.317 [info] > git config --get commit.template [13ms]
2023-10-24 11:23:31.317 [info] > git for-each-ref --format=%(refname)%00%(upstream:short)%00%(objectname)%00%(upstream:track)%00%(upstream:remotename)%00%(upstream:remoteref) refs/heads/main refs/remotes/main [1ms]
2023-10-24 11:23:31.337 [info] > git status -z -uall [1ms]
2023-10-24 11:28:31.347 [info] > git config --local branch.main.github-pr-owner-number [1ms]
2023-10-24 11:28:31.356 [info] > git config --get commit.template [2ms]
2023-10-24 11:28:31.363 [info] > git for-each-ref --format=%(refname)%00%(upstream:short)%00%(objectname)%00%(upstream:track)%00%(upstream:remotename)%00%(upstream:remoteref) refs/heads/main refs/remotes/main [1ms]
2023-10-24 11:28:31.369 [info] > git status -z -uall [1ms]
2023-10-24 11:33:31.377 [info] > git config --local branch.main.github-pr-owner-number [1ms]
2023-10-24 11:33:31.387 [info] > git config --get commit.template [4ms]
2023-10-24 11:33:31.388 [info] > git for-each-ref --format=%(refname)%00%(upstream:short)%00%(objectname)%00%(upstream:track)%00%(upstream:remotename)%00%(upstream:remoteref) refs/heads/main refs/remotes/main [1ms]
2023-10-24 11:33:31.395 [info] > git status -z -uall [1ms]
2023-10-24 11:38:31.407 [info] > git config --local branch.main.github-pr-owner-number [1ms]
2023-10-24 11:38:31.434 [info] > git config --get commit.template [20ms]
2023-10-24 11:38:31.435 [info] > git for-each-ref --format=%(refname)%00%(upstream:short)%00%(objectname)%00%(upstream:track)%00%(upstream:remotename)%00%(upstream:remoteref) refs/heads/main refs/remotes/main [1ms]
2023-10-24 11:38:31.454 [info] > git status -z -uall [1ms]
2023-10-24 12:28:52.603 [info] > git config --local branch.main.github-pr-owner-number [0ms]
2023-10-24 12:28:52.610 [info] > git config --get commit.template [1ms]
2023-10-24 12:28:52.616 [info] > git for-each-ref --format=%(refname)%00%(upstream:short)%00%(objectname)%00%(upstream:track)%00%(upstream:remotename)%00%(upstream:remoteref) refs/heads/main refs/remotes/main [1ms]
2023-10-24 12:28:52.623 [info] > git status -z -uall [1ms]
2023-10-24 12:33:52.635 [info] > git config --local branch.main.github-pr-owner-number [1ms]
2023-10-24 12:33:52.646 [info] > git config --get commit.template [6ms]
2023-10-24 12:33:52.646 [info] > git for-each-ref --format=%(refname)%00%(upstream:short)%00%(objectname)%00%(upstream:track)%00%(upstream:remotename)%00%(upstream:remoteref) refs/heads/main refs/remotes/main [1ms]
2023-10-24 12:33:52.659 [info] > git status -z -uall [1ms]
2023-10-24 12:38:52.669 [info] > git config --local branch.main.github-pr-owner-number [1ms]
2023-10-24 12:38:52.690 [info] > git config --get commit.template [15ms]
2023-10-24 12:38:52.691 [info] > git for-each-ref --format=%(refname)%00%(upstream:short)%00%(objectname)%00%(upstream:track)%00%(upstream:remotename)%00%(upstream:remoteref) refs/heads/main refs/remotes/main [1ms]
2023-10-24 12:38:52.710 [info] > git status -z -uall [1ms]
2023-10-24 12:43:52.721 [info] > git config --local branch.main.github-pr-owner-number [0ms]
2023-10-24 12:43:52.731 [info] > git config --get commit.template [5ms]
2023-10-24 12:43:52.732 [info] > git for-each-ref --format=%(refname)%00%(upstream:short)%00%(objectname)%00%(upstream:track)%00%(upstream:remotename)%00%(upstream:remoteref) refs/heads/main refs/remotes/main [1ms]
2023-10-24 12:43:52.737 [info] > git status -z -uall [1ms]
2023-10-24 12:48:52.746 [info] > git config --local branch.main.github-pr-owner-number [1ms]
2023-10-24 12:48:52.759 [info] > git config --get commit.template [6ms]
2023-10-24 12:48:52.759 [info] > git for-each-ref --format=%(refname)%00%(upstream:short)%00%(objectname)%00%(upstream:track)%00%(upstream:remotename)%00%(upstream:remoteref) refs/heads/main refs/remotes/main [1ms]
2023-10-24 12:48:52.766 [info] > git status -z -uall [2ms]
2023-10-24 12:53:52.777 [info] > git config --local branch.main.github-pr-owner-number [1ms]
2023-10-24 12:53:52.802 [info] > git config --get commit.template [18ms]
2023-10-24 12:53:52.803 [info] > git for-each-ref --format=%(refname)%00%(upstream:short)%00%(objectname)%00%(upstream:track)%00%(upstream:remotename)%00%(upstream:remoteref) refs/heads/main refs/remotes/main [1ms]
2023-10-24 12:53:52.823 [info] > git status -z -uall [1ms]
2023-10-24 13:44:13.712 [info] > git config --local branch.main.github-pr-owner-number [1ms]
2023-10-24 13:44:13.721 [info] > git config --get commit.template [2ms]
2023-10-24 13:44:13.730 [info] > git for-each-ref --format=%(refname)%00%(upstream:short)%00%(objectname)%00%(upstream:track)%00%(upstream:remotename)%00%(upstream:remoteref) refs/heads/main refs/remotes/main [1ms]
2023-10-24 13:44:13.740 [info] > git status -z -uall [1ms]
2023-10-24 13:49:13.751 [info] > git config --local branch.main.github-pr-owner-number [1ms]
2023-10-24 13:49:13.766 [info] > git config --get commit.template [8ms]
2023-10-24 13:49:13.766 [info] > git for-each-ref --format=%(refname)%00%(upstream:short)%00%(objectname)%00%(upstream:track)%00%(upstream:remotename)%00%(upstream:remoteref) refs/heads/main refs/remotes/main [1ms]
2023-10-24 13:49:13.776 [info] > git status -z -uall [1ms]
2023-10-24 13:54:13.790 [info] > git config --local branch.main.github-pr-owner-number [1ms]
2023-10-24 13:54:13.814 [info] > git config --get commit.template [19ms]
2023-10-24 13:54:13.814 [info] > git for-each-ref --format=%(refname)%00%(upstream:short)%00%(objectname)%00%(upstream:track)%00%(upstream:remotename)%00%(upstream:remoteref) refs/heads/main refs/remotes/main [1ms]
2023-10-24 13:54:13.835 [info] > git status -z -uall [1ms]
2023-10-24 13:59:13.846 [info] > git config --local branch.main.github-pr-owner-number [2ms]
2023-10-24 13:59:13.856 [info] > git config --get commit.template [1ms]
2023-10-24 13:59:13.864 [info] > git for-each-ref --format=%(refname)%00%(upstream:short)%00%(objectname)%00%(upstream:track)%00%(upstream:remotename)%00%(upstream:remoteref) refs/heads/main refs/remotes/main [1ms]
2023-10-24 13:59:13.873 [info] > git status -z -uall [1ms]
2023-10-24 14:04:13.881 [info] > git config --local branch.main.github-pr-owner-number [1ms]
2023-10-24 14:04:13.894 [info] > git config --get commit.template [7ms]
2023-10-24 14:04:13.895 [info] > git for-each-ref --format=%(refname)%00%(upstream:short)%00%(objectname)%00%(upstream:track)%00%(upstream:remotename)%00%(upstream:remoteref) refs/heads/main refs/remotes/main [2ms]
2023-10-24 14:04:13.901 [info] > git status -z -uall [1ms]
2023-10-24 14:09:13.912 [info] > git config --local branch.main.github-pr-owner-number [1ms]
2023-10-24 14:09:13.920 [info] > git config --get commit.template [1ms]
2023-10-24 14:09:13.939 [info] > git for-each-ref --format=%(refname)%00%(upstream:short)%00%(objectname)%00%(upstream:track)%00%(upstream:remotename)%00%(upstream:remoteref) refs/heads/main refs/remotes/main [1ms]
2023-10-24 14:09:13.960 [info] > git status -z -uall [1ms]
2023-10-24 14:59:35.903 [info] > git config --local branch.main.github-pr-owner-number [1ms]
2023-10-24 14:59:35.916 [info] > git config --get commit.template [6ms]
2023-10-24 14:59:35.916 [info] > git for-each-ref --format=%(refname)%00%(upstream:short)%00%(objectname)%00%(upstream:track)%00%(upstream:remotename)%00%(upstream:remoteref) refs/heads/main refs/remotes/main [1ms]
2023-10-24 14:59:35.922 [info] > git status -z -uall [1ms]
2023-10-24 15:04:35.931 [info] > git config --local branch.main.github-pr-owner-number [1ms]
2023-10-24 15:04:35.943 [info] > git config --get commit.template [5ms]
2023-10-24 15:04:35.943 [info] > git for-each-ref --format=%(refname)%00%(upstream:short)%00%(objectname)%00%(upstream:track)%00%(upstream:remotename)%00%(upstream:remoteref) refs/heads/main refs/remotes/main [1ms]
2023-10-24 15:04:35.948 [info] > git status -z -uall [1ms]
2023-10-24 15:09:35.963 [info] > git config --local branch.main.github-pr-owner-number [1ms]
2023-10-24 15:09:35.979 [info] > git config --get commit.template [10ms]
2023-10-24 15:09:35.980 [info] > git for-each-ref --format=%(refname)%00%(upstream:short)%00%(objectname)%00%(upstream:track)%00%(upstream:remotename)%00%(upstream:remoteref) refs/heads/main refs/remotes/main [1ms]
2023-10-24 15:09:36.000 [info] > git status -z -uall [1ms]
2023-10-24 15:14:36.013 [info] > git config --local branch.main.github-pr-owner-number [1ms]
2023-10-24 15:14:36.029 [info] > git config --get commit.template [9ms]
2023-10-24 15:14:36.029 [info] > git for-each-ref --format=%(refname)%00%(upstream:short)%00%(objectname)%00%(upstream:track)%00%(upstream:remotename)%00%(upstream:remoteref) refs/heads/main refs/remotes/main [1ms]
2023-10-24 15:14:36.055 [info] > git status -z -uall [1ms]
2023-10-24 15:19:36.069 [info] > git config --local branch.main.github-pr-owner-number [1ms]
2023-10-24 15:19:36.076 [info] > git config --get commit.template [1ms]
2023-10-24 15:19:36.082 [info] > git for-each-ref --format=%(refname)%00%(upstream:short)%00%(objectname)%00%(upstream:track)%00%(upstream:remotename)%00%(upstream:remoteref) refs/heads/main refs/remotes/main [1ms]
2023-10-24 15:19:36.087 [info] > git status -z -uall [1ms]
2023-10-24 15:24:36.099 [info] > git config --local branch.main.github-pr-owner-number [1ms]
2023-10-24 15:24:36.114 [info] > git config --get commit.template [10ms]
2023-10-24 15:24:36.115 [info] > git for-each-ref --format=%(refname)%00%(upstream:short)%00%(objectname)%00%(upstream:track)%00%(upstream:remotename)%00%(upstream:remoteref) refs/heads/main refs/remotes/main [1ms]
2023-10-24 15:24:36.135 [info] > git status -z -uall [1ms]
2023-10-24 16:14:55.961 [info] > git config --local branch.main.github-pr-owner-number [0ms]
2023-10-24 16:14:55.975 [info] > git config --get commit.template [7ms]
2023-10-24 16:14:55.975 [info] > git for-each-ref --format=%(refname)%00%(upstream:short)%00%(objectname)%00%(upstream:track)%00%(upstream:remotename)%00%(upstream:remoteref) refs/heads/main refs/remotes/main [1ms]
2023-10-24 16:14:55.985 [info] > git status -z -uall [1ms]
2023-10-24 16:19:55.997 [info] > git config --local branch.main.github-pr-owner-number [1ms]
2023-10-24 16:19:56.008 [info] > git config --get commit.template [5ms]
2023-10-24 16:19:56.009 [info] > git for-each-ref --format=%(refname)%00%(upstream:short)%00%(objectname)%00%(upstream:track)%00%(upstream:remotename)%00%(upstream:remoteref) refs/heads/main refs/remotes/main [1ms]
2023-10-24 16:19:56.018 [info] > git status -z -uall [1ms]
2023-10-24 16:24:56.031 [info] > git config --local branch.main.github-pr-owner-number [2ms]
2023-10-24 16:24:56.049 [info] > git config --get commit.template [9ms]
2023-10-24 16:24:56.049 [info] > git for-each-ref --format=%(refname)%00%(upstream:short)%00%(objectname)%00%(upstream:track)%00%(upstream:remotename)%00%(upstream:remoteref) refs/heads/main refs/remotes/main [1ms]
2023-10-24 16:24:56.059 [info] > git status -z -uall [1ms]
2023-10-24 16:29:56.070 [info] > git config --local branch.main.github-pr-owner-number [1ms]
2023-10-24 16:29:56.092 [info] > git config --get commit.template [15ms]
2023-10-24 16:29:56.092 [info] > git for-each-ref --format=%(refname)%00%(upstream:short)%00%(objectname)%00%(upstream:track)%00%(upstream:remotename)%00%(upstream:remoteref) refs/heads/main refs/remotes/main [1ms]
2023-10-24 16:29:56.111 [info] > git status -z -uall [1ms]
2023-10-24 16:34:56.120 [info] > git config --local branch.main.github-pr-owner-number [1ms]
2023-10-24 16:34:56.131 [info] > git config --get commit.template [5ms]
2023-10-24 16:34:56.132 [info] > git for-each-ref --format=%(refname)%00%(upstream:short)%00%(objectname)%00%(upstream:track)%00%(upstream:remotename)%00%(upstream:remoteref) refs/heads/main refs/remotes/main [1ms]
2023-10-24 16:34:56.140 [info] > git status -z -uall [1ms]
2023-10-24 16:39:56.149 [info] > git config --local branch.main.github-pr-owner-number [1ms]
2023-10-24 16:39:56.171 [info] > git config --get commit.template [16ms]
2023-10-24 16:39:56.171 [info] > git for-each-ref --format=%(refname)%00%(upstream:short)%00%(objectname)%00%(upstream:track)%00%(upstream:remotename)%00%(upstream:remoteref) refs/heads/main refs/remotes/main [1ms]
2023-10-24 16:39:56.185 [info] > git status -z -uall [1ms]
