2023-11-09 18:32:38.419 [info] Extension host with pid 1508 started
2023-11-09 18:32:38.470 [info] ExtensionService#_doActivateExtension vscode.emmet, startup: false, activationEvent: 'onLanguage'
2023-11-09 18:32:38.474 [info] ExtensionService#_doActivateExtension vscode.typescript-language-features, startup: false, activationEvent: 'onLanguage:javascriptreact'
2023-11-09 18:32:38.625 [info] Lock '/home/tphilly/.vscode-server/data/User/workspaceStorage/a17e11f8aa0703e9ec55586bf173ea75/vscode.lock': Lock acquired.
2023-11-09 18:32:38.626 [info] ExtensionService#_doActivateExtension vscode.tunnel-forwarding, startup: false, activationEvent: 'onTunnel'
2023-11-09 18:32:39.166 [info] ExtensionService#_doActivateExtension vscode.git-base, startup: true, activationEvent: '*', root cause: vscode.git
2023-11-09 18:32:39.217 [info] ExtensionService#_doActivateExtension vscode.npm, startup: true, activationEvent: 'workspaceContains:package.json'
2023-11-09 18:32:39.501 [info] ExtensionService#_doActivateExtension vscode.git, startup: true, activationEvent: '*'
2023-11-09 18:32:39.502 [info] ExtensionService#_doActivateExtension vscode.github, startup: true, activationEvent: '*'
2023-11-09 18:32:40.660 [info] Eager extensions activated
2023-11-09 18:32:40.660 [info] ExtensionService#_doActivateExtension vscode.debug-auto-launch, startup: false, activationEvent: 'onStartupFinished'
2023-11-09 18:32:40.660 [info] ExtensionService#_doActivateExtension vscode.merge-conflict, startup: false, activationEvent: 'onStartupFinished'
2023-11-09 18:32:40.660 [info] ExtensionService#_doActivateExtension dbaeumer.vscode-eslint, startup: false, activationEvent: 'onStartupFinished'
2023-11-09 18:32:40.661 [info] ExtensionService#_doActivateExtension eamodio.gitlens, startup: false, activationEvent: 'onStartupFinished'
2023-11-09 18:32:40.661 [info] ExtensionService#_doActivateExtension esbenp.prettier-vscode, startup: false, activationEvent: 'onStartupFinished'
2023-11-09 18:32:41.357 [info] ExtensionService#_doActivateExtension ms-vsliveshare.vsliveshare, startup: false, activationEvent: 'api', root cause: eamodio.gitlens
2023-11-09 18:32:41.849 [info] ExtensionService#_doActivateExtension GitHub.vscode-pull-request-github, startup: false, activationEvent: 'onStartupFinished'
2023-11-09 18:41:53.120 [warning] TextEditor is closed/disposed
2023-11-09 19:00:39.635 [warning] TextEditor is closed/disposed
2023-11-09 19:01:04.442 [warning] TextEditor is closed/disposed
2023-11-09 19:07:32.121 [warning] TextEditor is closed/disposed
2023-11-09 19:29:01.450 [warning] TextEditor is closed/disposed
2023-11-09 20:51:27.938 [info] Extension host terminating: received terminate message from renderer
2023-11-09 20:51:27.939 [info] Lock '/home/tphilly/.vscode-server/data/User/workspaceStorage/a17e11f8aa0703e9ec55586bf173ea75/vscode.lock': Marking the lockfile as scheduled to be released in 6000 ms.
2023-11-09 20:51:28.086 [warning] Canceled
2023-11-09 20:51:28.091 [error] Canceled: Canceled
	at new f (/home/tphilly/.vscode-server/bin/2b35e1e6d88f1ce073683991d1eff5284a32690f/out/vs/workbench/api/node/extensionHostProcess.js:125:108614)
	at n.U (/home/tphilly/.vscode-server/bin/2b35e1e6d88f1ce073683991d1eff5284a32690f/out/vs/workbench/api/node/extensionHostProcess.js:134:10873)
	at F.<computed>.z.charCodeAt.F.<computed> (/home/tphilly/.vscode-server/bin/2b35e1e6d88f1ce073683991d1eff5284a32690f/out/vs/workbench/api/node/extensionHostProcess.js:134:8315)
	at i.g (/home/tphilly/.vscode-server/bin/2b35e1e6d88f1ce073683991d1eff5284a32690f/out/vs/workbench/api/node/extensionHostProcess.js:125:139130)
	at i.executeCommand (/home/tphilly/.vscode-server/bin/2b35e1e6d88f1ce073683991d1eff5284a32690f/out/vs/workbench/api/node/extensionHostProcess.js:125:138568)
	at $.registerCommand.description (/home/tphilly/.vscode-server/bin/2b35e1e6d88f1ce073683991d1eff5284a32690f/out/vs/workbench/api/node/extensionHostProcess.js:125:137892)
	at i.h (/home/tphilly/.vscode-server/bin/2b35e1e6d88f1ce073683991d1eff5284a32690f/out/vs/workbench/api/node/extensionHostProcess.js:125:139669)
	at i.g (/home/tphilly/.vscode-server/bin/2b35e1e6d88f1ce073683991d1eff5284a32690f/out/vs/workbench/api/node/extensionHostProcess.js:125:138661)
	at i.executeCommand (/home/tphilly/.vscode-server/bin/2b35e1e6d88f1ce073683991d1eff5284a32690f/out/vs/workbench/api/node/extensionHostProcess.js:125:138568)
	at Object.executeCommand (/home/tphilly/.vscode-server/bin/2b35e1e6d88f1ce073683991d1eff5284a32690f/out/vs/workbench/api/node/extensionHostProcess.js:140:21329)
	at h.D [as value] (/home/tphilly/.vscode-server/bin/2b35e1e6d88f1ce073683991d1eff5284a32690f/extensions/git/dist/main.js:2:1316925)
	at c.y (/home/tphilly/.vscode-server/bin/2b35e1e6d88f1ce073683991d1eff5284a32690f/out/vs/workbench/api/node/extensionHostProcess.js:80:1902)
	at c.z (/home/tphilly/.vscode-server/bin/2b35e1e6d88f1ce073683991d1eff5284a32690f/out/vs/workbench/api/node/extensionHostProcess.js:80:1972)
	at c.fire (/home/tphilly/.vscode-server/bin/2b35e1e6d88f1ce073683991d1eff5284a32690f/out/vs/workbench/api/node/extensionHostProcess.js:80:2188)
	at Object.m [as dispose] (/home/tphilly/.vscode-server/bin/2b35e1e6d88f1ce073683991d1eff5284a32690f/extensions/git/dist/main.js:2:1332842)
	at /home/tphilly/.vscode-server/bin/2b35e1e6d88f1ce073683991d1eff5284a32690f/extensions/git/dist/main.js:2:1337795
	at Array.forEach (<anonymous>)
	at g.dispose (/home/tphilly/.vscode-server/bin/2b35e1e6d88f1ce073683991d1eff5284a32690f/extensions/git/dist/main.js:2:1337781)
	at w.<anonymous> (/home/tphilly/.vscode-server/bin/2b35e1e6d88f1ce073683991d1eff5284a32690f/out/vs/workbench/api/node/extensionHostProcess.js:121:3572)
	at w.dispose (/home/tphilly/.vscode-server/bin/2b35e1e6d88f1ce073683991d1eff5284a32690f/out/vs/workbench/api/node/extensionHostProcess.js:121:3669)
	at w.<anonymous> (/home/tphilly/.vscode-server/bin/2b35e1e6d88f1ce073683991d1eff5284a32690f/extensions/git/dist/main.js:2:1318937)
	at w.dispose (/home/tphilly/.vscode-server/bin/2b35e1e6d88f1ce073683991d1eff5284a32690f/out/vs/workbench/api/node/extensionHostProcess.js:121:3669)
	at o (/home/tphilly/.vscode-server/bin/2b35e1e6d88f1ce073683991d1eff5284a32690f/out/vs/workbench/api/node/extensionHostProcess.js:30:754)
	at h.cb (/home/tphilly/.vscode-server/bin/2b35e1e6d88f1ce073683991d1eff5284a32690f/out/vs/workbench/api/node/extensionHostProcess.js:136:9843)
	at /home/tphilly/.vscode-server/bin/2b35e1e6d88f1ce073683991d1eff5284a32690f/out/vs/workbench/api/node/extensionHostProcess.js:136:7793
	at Array.map (<anonymous>)
	at h.Y (/home/tphilly/.vscode-server/bin/2b35e1e6d88f1ce073683991d1eff5284a32690f/out/vs/workbench/api/node/extensionHostProcess.js:136:7781)
	at h.terminate (/home/tphilly/.vscode-server/bin/2b35e1e6d88f1ce073683991d1eff5284a32690f/out/vs/workbench/api/node/extensionHostProcess.js:136:8051)
	at o.terminate (/home/tphilly/.vscode-server/bin/2b35e1e6d88f1ce073683991d1eff5284a32690f/out/vs/workbench/api/node/extensionHostProcess.js:140:1513)
	at a (/home/tphilly/.vscode-server/bin/2b35e1e6d88f1ce073683991d1eff5284a32690f/out/vs/workbench/api/node/extensionHostProcess.js:153:9817)
	at h.value (/home/tphilly/.vscode-server/bin/2b35e1e6d88f1ce073683991d1eff5284a32690f/out/vs/workbench/api/node/extensionHostProcess.js:153:7864)
	at c.y (/home/tphilly/.vscode-server/bin/2b35e1e6d88f1ce073683991d1eff5284a32690f/out/vs/workbench/api/node/extensionHostProcess.js:80:1902)
	at c.fire (/home/tphilly/.vscode-server/bin/2b35e1e6d88f1ce073683991d1eff5284a32690f/out/vs/workbench/api/node/extensionHostProcess.js:80:2119)
	at d.fire (/home/tphilly/.vscode-server/bin/2b35e1e6d88f1ce073683991d1eff5284a32690f/out/vs/workbench/api/node/extensionHostProcess.js:96:14047)
	at s.z (/home/tphilly/.vscode-server/bin/2b35e1e6d88f1ce073683991d1eff5284a32690f/out/vs/workbench/api/node/extensionHostProcess.js:96:17112)
	at h.value (/home/tphilly/.vscode-server/bin/2b35e1e6d88f1ce073683991d1eff5284a32690f/out/vs/workbench/api/node/extensionHostProcess.js:96:15564)
	at c.y (/home/tphilly/.vscode-server/bin/2b35e1e6d88f1ce073683991d1eff5284a32690f/out/vs/workbench/api/node/extensionHostProcess.js:80:1902)
	at c.fire (/home/tphilly/.vscode-server/bin/2b35e1e6d88f1ce073683991d1eff5284a32690f/out/vs/workbench/api/node/extensionHostProcess.js:80:2119)
	at h.acceptChunk (/home/tphilly/.vscode-server/bin/2b35e1e6d88f1ce073683991d1eff5284a32690f/out/vs/workbench/api/node/extensionHostProcess.js:96:11821)
	at h.value (/home/tphilly/.vscode-server/bin/2b35e1e6d88f1ce073683991d1eff5284a32690f/out/vs/workbench/api/node/extensionHostProcess.js:96:11108)
	at c.y (/home/tphilly/.vscode-server/bin/2b35e1e6d88f1ce073683991d1eff5284a32690f/out/vs/workbench/api/node/extensionHostProcess.js:80:1902)
	at c.fire (/home/tphilly/.vscode-server/bin/2b35e1e6d88f1ce073683991d1eff5284a32690f/out/vs/workbench/api/node/extensionHostProcess.js:80:2119)
	at c.z (/home/tphilly/.vscode-server/bin/2b35e1e6d88f1ce073683991d1eff5284a32690f/out/vs/workbench/api/node/extensionHostProcess.js:150:19408)
	at c.acceptFrame (/home/tphilly/.vscode-server/bin/2b35e1e6d88f1ce073683991d1eff5284a32690f/out/vs/workbench/api/node/extensionHostProcess.js:150:19214)
	at l.n (/home/tphilly/.vscode-server/bin/2b35e1e6d88f1ce073683991d1eff5284a32690f/out/vs/workbench/api/node/extensionHostProcess.js:150:17713)
	at /home/tphilly/.vscode-server/bin/2b35e1e6d88f1ce073683991d1eff5284a32690f/out/vs/workbench/api/node/extensionHostProcess.js:150:14933
	at Socket.p (/home/tphilly/.vscode-server/bin/2b35e1e6d88f1ce073683991d1eff5284a32690f/out/vs/workbench/api/node/extensionHostProcess.js:150:12838)
	at Socket.emit (node:events:513:28)
	at addChunk (node:internal/streams/readable:324:12)
	at readableAddChunk (node:internal/streams/readable:297:9)
	at Readable.push (node:internal/streams/readable:234:10)
	at TCP.onStreamRead (node:internal/stream_base_commons:190:23) setContext undefined
2023-11-09 20:51:28.092 [error] Canceled: Canceled
	at new f (/home/tphilly/.vscode-server/bin/2b35e1e6d88f1ce073683991d1eff5284a32690f/out/vs/workbench/api/node/extensionHostProcess.js:125:108614)
	at n.U (/home/tphilly/.vscode-server/bin/2b35e1e6d88f1ce073683991d1eff5284a32690f/out/vs/workbench/api/node/extensionHostProcess.js:134:10873)
	at F.<computed>.z.charCodeAt.F.<computed> (/home/tphilly/.vscode-server/bin/2b35e1e6d88f1ce073683991d1eff5284a32690f/out/vs/workbench/api/node/extensionHostProcess.js:134:8315)
	at i.g (/home/tphilly/.vscode-server/bin/2b35e1e6d88f1ce073683991d1eff5284a32690f/out/vs/workbench/api/node/extensionHostProcess.js:125:139130)
	at i.executeCommand (/home/tphilly/.vscode-server/bin/2b35e1e6d88f1ce073683991d1eff5284a32690f/out/vs/workbench/api/node/extensionHostProcess.js:125:138568)
	at $.registerCommand.description (/home/tphilly/.vscode-server/bin/2b35e1e6d88f1ce073683991d1eff5284a32690f/out/vs/workbench/api/node/extensionHostProcess.js:125:137892)
	at i.h (/home/tphilly/.vscode-server/bin/2b35e1e6d88f1ce073683991d1eff5284a32690f/out/vs/workbench/api/node/extensionHostProcess.js:125:139669)
	at i.g (/home/tphilly/.vscode-server/bin/2b35e1e6d88f1ce073683991d1eff5284a32690f/out/vs/workbench/api/node/extensionHostProcess.js:125:138661)
	at i.executeCommand (/home/tphilly/.vscode-server/bin/2b35e1e6d88f1ce073683991d1eff5284a32690f/out/vs/workbench/api/node/extensionHostProcess.js:125:138568)
	at Object.executeCommand (/home/tphilly/.vscode-server/bin/2b35e1e6d88f1ce073683991d1eff5284a32690f/out/vs/workbench/api/node/extensionHostProcess.js:140:21329)
	at set b [as b] (/home/tphilly/.vscode-server/bin/2b35e1e6d88f1ce073683991d1eff5284a32690f/extensions/github/dist/extension.js:2:714708)
	at /home/tphilly/.vscode-server/bin/2b35e1e6d88f1ce073683991d1eff5284a32690f/extensions/github/dist/extension.js:2:715349
	at h.value (/home/tphilly/.vscode-server/bin/2b35e1e6d88f1ce073683991d1eff5284a32690f/extensions/git/dist/main.js:2:1408111)
	at c.y (/home/tphilly/.vscode-server/bin/2b35e1e6d88f1ce073683991d1eff5284a32690f/out/vs/workbench/api/node/extensionHostProcess.js:80:1902)
	at c.z (/home/tphilly/.vscode-server/bin/2b35e1e6d88f1ce073683991d1eff5284a32690f/out/vs/workbench/api/node/extensionHostProcess.js:80:1972)
	at c.fire (/home/tphilly/.vscode-server/bin/2b35e1e6d88f1ce073683991d1eff5284a32690f/out/vs/workbench/api/node/extensionHostProcess.js:80:2188)
	at Object.m [as dispose] (/home/tphilly/.vscode-server/bin/2b35e1e6d88f1ce073683991d1eff5284a32690f/extensions/git/dist/main.js:2:1332842)
	at /home/tphilly/.vscode-server/bin/2b35e1e6d88f1ce073683991d1eff5284a32690f/extensions/git/dist/main.js:2:1337795
	at Array.forEach (<anonymous>)
	at g.dispose (/home/tphilly/.vscode-server/bin/2b35e1e6d88f1ce073683991d1eff5284a32690f/extensions/git/dist/main.js:2:1337781)
	at w.<anonymous> (/home/tphilly/.vscode-server/bin/2b35e1e6d88f1ce073683991d1eff5284a32690f/out/vs/workbench/api/node/extensionHostProcess.js:121:3572)
	at w.dispose (/home/tphilly/.vscode-server/bin/2b35e1e6d88f1ce073683991d1eff5284a32690f/out/vs/workbench/api/node/extensionHostProcess.js:121:3669)
	at w.<anonymous> (/home/tphilly/.vscode-server/bin/2b35e1e6d88f1ce073683991d1eff5284a32690f/extensions/git/dist/main.js:2:1318937)
	at w.dispose (/home/tphilly/.vscode-server/bin/2b35e1e6d88f1ce073683991d1eff5284a32690f/out/vs/workbench/api/node/extensionHostProcess.js:121:3669)
	at o (/home/tphilly/.vscode-server/bin/2b35e1e6d88f1ce073683991d1eff5284a32690f/out/vs/workbench/api/node/extensionHostProcess.js:30:754)
	at h.cb (/home/tphilly/.vscode-server/bin/2b35e1e6d88f1ce073683991d1eff5284a32690f/out/vs/workbench/api/node/extensionHostProcess.js:136:9843)
	at /home/tphilly/.vscode-server/bin/2b35e1e6d88f1ce073683991d1eff5284a32690f/out/vs/workbench/api/node/extensionHostProcess.js:136:7793
	at Array.map (<anonymous>)
	at h.Y (/home/tphilly/.vscode-server/bin/2b35e1e6d88f1ce073683991d1eff5284a32690f/out/vs/workbench/api/node/extensionHostProcess.js:136:7781)
	at h.terminate (/home/tphilly/.vscode-server/bin/2b35e1e6d88f1ce073683991d1eff5284a32690f/out/vs/workbench/api/node/extensionHostProcess.js:136:8051)
	at o.terminate (/home/tphilly/.vscode-server/bin/2b35e1e6d88f1ce073683991d1eff5284a32690f/out/vs/workbench/api/node/extensionHostProcess.js:140:1513)
	at a (/home/tphilly/.vscode-server/bin/2b35e1e6d88f1ce073683991d1eff5284a32690f/out/vs/workbench/api/node/extensionHostProcess.js:153:9817)
	at h.value (/home/tphilly/.vscode-server/bin/2b35e1e6d88f1ce073683991d1eff5284a32690f/out/vs/workbench/api/node/extensionHostProcess.js:153:7864)
	at c.y (/home/tphilly/.vscode-server/bin/2b35e1e6d88f1ce073683991d1eff5284a32690f/out/vs/workbench/api/node/extensionHostProcess.js:80:1902)
	at c.fire (/home/tphilly/.vscode-server/bin/2b35e1e6d88f1ce073683991d1eff5284a32690f/out/vs/workbench/api/node/extensionHostProcess.js:80:2119)
	at d.fire (/home/tphilly/.vscode-server/bin/2b35e1e6d88f1ce073683991d1eff5284a32690f/out/vs/workbench/api/node/extensionHostProcess.js:96:14047)
	at s.z (/home/tphilly/.vscode-server/bin/2b35e1e6d88f1ce073683991d1eff5284a32690f/out/vs/workbench/api/node/extensionHostProcess.js:96:17112)
	at h.value (/home/tphilly/.vscode-server/bin/2b35e1e6d88f1ce073683991d1eff5284a32690f/out/vs/workbench/api/node/extensionHostProcess.js:96:15564)
	at c.y (/home/tphilly/.vscode-server/bin/2b35e1e6d88f1ce073683991d1eff5284a32690f/out/vs/workbench/api/node/extensionHostProcess.js:80:1902)
	at c.fire (/home/tphilly/.vscode-server/bin/2b35e1e6d88f1ce073683991d1eff5284a32690f/out/vs/workbench/api/node/extensionHostProcess.js:80:2119)
	at h.acceptChunk (/home/tphilly/.vscode-server/bin/2b35e1e6d88f1ce073683991d1eff5284a32690f/out/vs/workbench/api/node/extensionHostProcess.js:96:11821)
	at h.value (/home/tphilly/.vscode-server/bin/2b35e1e6d88f1ce073683991d1eff5284a32690f/out/vs/workbench/api/node/extensionHostProcess.js:96:11108)
	at c.y (/home/tphilly/.vscode-server/bin/2b35e1e6d88f1ce073683991d1eff5284a32690f/out/vs/workbench/api/node/extensionHostProcess.js:80:1902)
	at c.fire (/home/tphilly/.vscode-server/bin/2b35e1e6d88f1ce073683991d1eff5284a32690f/out/vs/workbench/api/node/extensionHostProcess.js:80:2119)
	at c.z (/home/tphilly/.vscode-server/bin/2b35e1e6d88f1ce073683991d1eff5284a32690f/out/vs/workbench/api/node/extensionHostProcess.js:150:19408)
	at c.acceptFrame (/home/tphilly/.vscode-server/bin/2b35e1e6d88f1ce073683991d1eff5284a32690f/out/vs/workbench/api/node/extensionHostProcess.js:150:19214)
	at l.n (/home/tphilly/.vscode-server/bin/2b35e1e6d88f1ce073683991d1eff5284a32690f/out/vs/workbench/api/node/extensionHostProcess.js:150:17713)
	at /home/tphilly/.vscode-server/bin/2b35e1e6d88f1ce073683991d1eff5284a32690f/out/vs/workbench/api/node/extensionHostProcess.js:150:14933
	at Socket.p (/home/tphilly/.vscode-server/bin/2b35e1e6d88f1ce073683991d1eff5284a32690f/out/vs/workbench/api/node/extensionHostProcess.js:150:12838)
	at Socket.emit (node:events:513:28)
	at addChunk (node:internal/streams/readable:324:12)
	at readableAddChunk (node:internal/streams/readable:297:9)
	at Readable.push (node:internal/streams/readable:234:10)
	at TCP.onStreamRead (node:internal/stream_base_commons:190:23) setContext undefined
2023-11-09 20:51:28.096 [error] Canceled: Canceled
	at new f (/home/tphilly/.vscode-server/bin/2b35e1e6d88f1ce073683991d1eff5284a32690f/out/vs/workbench/api/node/extensionHostProcess.js:125:108614)
	at n.U (/home/tphilly/.vscode-server/bin/2b35e1e6d88f1ce073683991d1eff5284a32690f/out/vs/workbench/api/node/extensionHostProcess.js:134:10873)
	at F.<computed>.z.charCodeAt.F.<computed> (/home/tphilly/.vscode-server/bin/2b35e1e6d88f1ce073683991d1eff5284a32690f/out/vs/workbench/api/node/extensionHostProcess.js:134:8315)
	at i.g (/home/tphilly/.vscode-server/bin/2b35e1e6d88f1ce073683991d1eff5284a32690f/out/vs/workbench/api/node/extensionHostProcess.js:125:139130)
	at i.executeCommand (/home/tphilly/.vscode-server/bin/2b35e1e6d88f1ce073683991d1eff5284a32690f/out/vs/workbench/api/node/extensionHostProcess.js:125:138568)
	at $.registerCommand.description (/home/tphilly/.vscode-server/bin/2b35e1e6d88f1ce073683991d1eff5284a32690f/out/vs/workbench/api/node/extensionHostProcess.js:125:137892)
	at i.h (/home/tphilly/.vscode-server/bin/2b35e1e6d88f1ce073683991d1eff5284a32690f/out/vs/workbench/api/node/extensionHostProcess.js:125:139669)
	at i.g (/home/tphilly/.vscode-server/bin/2b35e1e6d88f1ce073683991d1eff5284a32690f/out/vs/workbench/api/node/extensionHostProcess.js:125:138661)
	at i.executeCommand (/home/tphilly/.vscode-server/bin/2b35e1e6d88f1ce073683991d1eff5284a32690f/out/vs/workbench/api/node/extensionHostProcess.js:125:138568)
	at Object.executeCommand (/home/tphilly/.vscode-server/bin/2b35e1e6d88f1ce073683991d1eff5284a32690f/out/vs/workbench/api/node/extensionHostProcess.js:140:21329)
	at e (/home/tphilly/.vscode-server/extensions/github.vscode-pull-request-github-0.76.1/dist/extension.js:1852:1467)
	at Object.n [as setContext] (/home/tphilly/.vscode-server/extensions/github.vscode-pull-request-github-0.76.1/dist/extension.js:1852:1582)
	at Zc.updateActiveReviewCount (/home/tphilly/.vscode-server/extensions/github.vscode-pull-request-github-0.76.1/dist/extension.js:1905:22816)
	at Zc.removeRepo (/home/tphilly/.vscode-server/extensions/github.vscode-pull-request-github-0.76.1/dist/extension.js:1905:23943)
	at h.value (/home/tphilly/.vscode-server/extensions/github.vscode-pull-request-github-0.76.1/dist/extension.js:2016:4130)
	at c.y (/home/tphilly/.vscode-server/bin/2b35e1e6d88f1ce073683991d1eff5284a32690f/out/vs/workbench/api/node/extensionHostProcess.js:80:1902)
	at c.z (/home/tphilly/.vscode-server/bin/2b35e1e6d88f1ce073683991d1eff5284a32690f/out/vs/workbench/api/node/extensionHostProcess.js:80:1972)
	at c.fire (/home/tphilly/.vscode-server/bin/2b35e1e6d88f1ce073683991d1eff5284a32690f/out/vs/workbench/api/node/extensionHostProcess.js:80:2188)
	at h.value (/home/tphilly/.vscode-server/extensions/github.vscode-pull-request-github-0.76.1/dist/extension.js:1820:462233)
	at c.y (/home/tphilly/.vscode-server/bin/2b35e1e6d88f1ce073683991d1eff5284a32690f/out/vs/workbench/api/node/extensionHostProcess.js:80:1902)
	at c.fire (/home/tphilly/.vscode-server/bin/2b35e1e6d88f1ce073683991d1eff5284a32690f/out/vs/workbench/api/node/extensionHostProcess.js:80:2119)
	at /home/tphilly/.vscode-server/extensions/github.vscode-pull-request-github-0.76.1/dist/extension.js:1905:27657
	at h.value (/home/tphilly/.vscode-server/bin/2b35e1e6d88f1ce073683991d1eff5284a32690f/extensions/git/dist/main.js:2:1408111)
	at c.y (/home/tphilly/.vscode-server/bin/2b35e1e6d88f1ce073683991d1eff5284a32690f/out/vs/workbench/api/node/extensionHostProcess.js:80:1902)
	at c.z (/home/tphilly/.vscode-server/bin/2b35e1e6d88f1ce073683991d1eff5284a32690f/out/vs/workbench/api/node/extensionHostProcess.js:80:1972)
	at c.fire (/home/tphilly/.vscode-server/bin/2b35e1e6d88f1ce073683991d1eff5284a32690f/out/vs/workbench/api/node/extensionHostProcess.js:80:2188)
	at Object.m [as dispose] (/home/tphilly/.vscode-server/bin/2b35e1e6d88f1ce073683991d1eff5284a32690f/extensions/git/dist/main.js:2:1332842)
	at /home/tphilly/.vscode-server/bin/2b35e1e6d88f1ce073683991d1eff5284a32690f/extensions/git/dist/main.js:2:1337795
	at Array.forEach (<anonymous>)
	at g.dispose (/home/tphilly/.vscode-server/bin/2b35e1e6d88f1ce073683991d1eff5284a32690f/extensions/git/dist/main.js:2:1337781)
	at w.<anonymous> (/home/tphilly/.vscode-server/bin/2b35e1e6d88f1ce073683991d1eff5284a32690f/out/vs/workbench/api/node/extensionHostProcess.js:121:3572)
	at w.dispose (/home/tphilly/.vscode-server/bin/2b35e1e6d88f1ce073683991d1eff5284a32690f/out/vs/workbench/api/node/extensionHostProcess.js:121:3669)
	at w.<anonymous> (/home/tphilly/.vscode-server/bin/2b35e1e6d88f1ce073683991d1eff5284a32690f/extensions/git/dist/main.js:2:1318937)
	at w.dispose (/home/tphilly/.vscode-server/bin/2b35e1e6d88f1ce073683991d1eff5284a32690f/out/vs/workbench/api/node/extensionHostProcess.js:121:3669)
	at o (/home/tphilly/.vscode-server/bin/2b35e1e6d88f1ce073683991d1eff5284a32690f/out/vs/workbench/api/node/extensionHostProcess.js:30:754)
	at h.cb (/home/tphilly/.vscode-server/bin/2b35e1e6d88f1ce073683991d1eff5284a32690f/out/vs/workbench/api/node/extensionHostProcess.js:136:9843)
	at /home/tphilly/.vscode-server/bin/2b35e1e6d88f1ce073683991d1eff5284a32690f/out/vs/workbench/api/node/extensionHostProcess.js:136:7793
	at Array.map (<anonymous>)
	at h.Y (/home/tphilly/.vscode-server/bin/2b35e1e6d88f1ce073683991d1eff5284a32690f/out/vs/workbench/api/node/extensionHostProcess.js:136:7781)
	at h.terminate (/home/tphilly/.vscode-server/bin/2b35e1e6d88f1ce073683991d1eff5284a32690f/out/vs/workbench/api/node/extensionHostProcess.js:136:8051)
	at o.terminate (/home/tphilly/.vscode-server/bin/2b35e1e6d88f1ce073683991d1eff5284a32690f/out/vs/workbench/api/node/extensionHostProcess.js:140:1513)
	at a (/home/tphilly/.vscode-server/bin/2b35e1e6d88f1ce073683991d1eff5284a32690f/out/vs/workbench/api/node/extensionHostProcess.js:153:9817)
	at h.value (/home/tphilly/.vscode-server/bin/2b35e1e6d88f1ce073683991d1eff5284a32690f/out/vs/workbench/api/node/extensionHostProcess.js:153:7864)
	at c.y (/home/tphilly/.vscode-server/bin/2b35e1e6d88f1ce073683991d1eff5284a32690f/out/vs/workbench/api/node/extensionHostProcess.js:80:1902)
	at c.fire (/home/tphilly/.vscode-server/bin/2b35e1e6d88f1ce073683991d1eff5284a32690f/out/vs/workbench/api/node/extensionHostProcess.js:80:2119)
	at d.fire (/home/tphilly/.vscode-server/bin/2b35e1e6d88f1ce073683991d1eff5284a32690f/out/vs/workbench/api/node/extensionHostProcess.js:96:14047)
	at s.z (/home/tphilly/.vscode-server/bin/2b35e1e6d88f1ce073683991d1eff5284a32690f/out/vs/workbench/api/node/extensionHostProcess.js:96:17112)
	at h.value (/home/tphilly/.vscode-server/bin/2b35e1e6d88f1ce073683991d1eff5284a32690f/out/vs/workbench/api/node/extensionHostProcess.js:96:15564)
	at c.y (/home/tphilly/.vscode-server/bin/2b35e1e6d88f1ce073683991d1eff5284a32690f/out/vs/workbench/api/node/extensionHostProcess.js:80:1902)
	at c.fire (/home/tphilly/.vscode-server/bin/2b35e1e6d88f1ce073683991d1eff5284a32690f/out/vs/workbench/api/node/extensionHostProcess.js:80:2119)
	at h.acceptChunk (/home/tphilly/.vscode-server/bin/2b35e1e6d88f1ce073683991d1eff5284a32690f/out/vs/workbench/api/node/extensionHostProcess.js:96:11821)
	at h.value (/home/tphilly/.vscode-server/bin/2b35e1e6d88f1ce073683991d1eff5284a32690f/out/vs/workbench/api/node/extensionHostProcess.js:96:11108)
	at c.y (/home/tphilly/.vscode-server/bin/2b35e1e6d88f1ce073683991d1eff5284a32690f/out/vs/workbench/api/node/extensionHostProcess.js:80:1902)
	at c.fire (/home/tphilly/.vscode-server/bin/2b35e1e6d88f1ce073683991d1eff5284a32690f/out/vs/workbench/api/node/extensionHostProcess.js:80:2119)
	at c.z (/home/tphilly/.vscode-server/bin/2b35e1e6d88f1ce073683991d1eff5284a32690f/out/vs/workbench/api/node/extensionHostProcess.js:150:19408)
	at c.acceptFrame (/home/tphilly/.vscode-server/bin/2b35e1e6d88f1ce073683991d1eff5284a32690f/out/vs/workbench/api/node/extensionHostProcess.js:150:19214)
	at l.n (/home/tphilly/.vscode-server/bin/2b35e1e6d88f1ce073683991d1eff5284a32690f/out/vs/workbench/api/node/extensionHostProcess.js:150:17713)
	at /home/tphilly/.vscode-server/bin/2b35e1e6d88f1ce073683991d1eff5284a32690f/out/vs/workbench/api/node/extensionHostProcess.js:150:14933
	at Socket.p (/home/tphilly/.vscode-server/bin/2b35e1e6d88f1ce073683991d1eff5284a32690f/out/vs/workbench/api/node/extensionHostProcess.js:150:12838)
	at Socket.emit (node:events:513:28)
	at addChunk (node:internal/streams/readable:324:12)
	at readableAddChunk (node:internal/streams/readable:297:9)
	at Readable.push (node:internal/streams/readable:234:10)
	at TCP.onStreamRead (node:internal/stream_base_commons:190:23) setContext undefined
2023-11-09 20:51:28.097 [error] Canceled: Canceled
	at new f (/home/tphilly/.vscode-server/bin/2b35e1e6d88f1ce073683991d1eff5284a32690f/out/vs/workbench/api/node/extensionHostProcess.js:125:108614)
	at n.U (/home/tphilly/.vscode-server/bin/2b35e1e6d88f1ce073683991d1eff5284a32690f/out/vs/workbench/api/node/extensionHostProcess.js:134:10873)
	at F.<computed>.z.charCodeAt.F.<computed> (/home/tphilly/.vscode-server/bin/2b35e1e6d88f1ce073683991d1eff5284a32690f/out/vs/workbench/api/node/extensionHostProcess.js:134:8315)
	at i.g (/home/tphilly/.vscode-server/bin/2b35e1e6d88f1ce073683991d1eff5284a32690f/out/vs/workbench/api/node/extensionHostProcess.js:125:139130)
	at i.executeCommand (/home/tphilly/.vscode-server/bin/2b35e1e6d88f1ce073683991d1eff5284a32690f/out/vs/workbench/api/node/extensionHostProcess.js:125:138568)
	at $.registerCommand.description (/home/tphilly/.vscode-server/bin/2b35e1e6d88f1ce073683991d1eff5284a32690f/out/vs/workbench/api/node/extensionHostProcess.js:125:137892)
	at i.h (/home/tphilly/.vscode-server/bin/2b35e1e6d88f1ce073683991d1eff5284a32690f/out/vs/workbench/api/node/extensionHostProcess.js:125:139669)
	at i.g (/home/tphilly/.vscode-server/bin/2b35e1e6d88f1ce073683991d1eff5284a32690f/out/vs/workbench/api/node/extensionHostProcess.js:125:138661)
	at i.executeCommand (/home/tphilly/.vscode-server/bin/2b35e1e6d88f1ce073683991d1eff5284a32690f/out/vs/workbench/api/node/extensionHostProcess.js:125:138568)
	at Object.executeCommand (/home/tphilly/.vscode-server/bin/2b35e1e6d88f1ce073683991d1eff5284a32690f/out/vs/workbench/api/node/extensionHostProcess.js:140:21329)
	at w (/home/tphilly/.vscode-server/extensions/eamodio.gitlens-14.4.1/dist/gitlens.js:1:1065459)
	at l (/home/tphilly/.vscode-server/extensions/eamodio.gitlens-14.4.1/dist/gitlens.js:1:1070087)
	at ActionRunners._updateContextKeys (/home/tphilly/.vscode-server/extensions/eamodio.gitlens-14.4.1/dist/gitlens.js:1:38822)
	at s (/home/tphilly/.vscode-server/extensions/eamodio.gitlens-14.4.1/dist/gitlens.js:1:37241)
	at RegisteredActionRunner.unregister (/home/tphilly/.vscode-server/extensions/eamodio.gitlens-14.4.1/dist/gitlens.js:1:37385)
	at RegisteredActionRunner.dispose (/home/tphilly/.vscode-server/extensions/eamodio.gitlens-14.4.1/dist/gitlens.js:1:36048)
	at ActionRunners.dispose (/home/tphilly/.vscode-server/extensions/eamodio.gitlens-14.4.1/dist/gitlens.js:1:36827)
	at /home/tphilly/.vscode-server/extensions/eamodio.gitlens-14.4.1/dist/gitlens.js:1:763974
	at Array.forEach (<anonymous>)
	at Object.dispose (/home/tphilly/.vscode-server/extensions/eamodio.gitlens-14.4.1/dist/gitlens.js:1:763959)
	at o (/home/tphilly/.vscode-server/bin/2b35e1e6d88f1ce073683991d1eff5284a32690f/out/vs/workbench/api/node/extensionHostProcess.js:30:754)
	at h.cb (/home/tphilly/.vscode-server/bin/2b35e1e6d88f1ce073683991d1eff5284a32690f/out/vs/workbench/api/node/extensionHostProcess.js:136:9843)
	at /home/tphilly/.vscode-server/bin/2b35e1e6d88f1ce073683991d1eff5284a32690f/out/vs/workbench/api/node/extensionHostProcess.js:136:7793
	at Array.map (<anonymous>)
	at h.Y (/home/tphilly/.vscode-server/bin/2b35e1e6d88f1ce073683991d1eff5284a32690f/out/vs/workbench/api/node/extensionHostProcess.js:136:7781)
	at h.terminate (/home/tphilly/.vscode-server/bin/2b35e1e6d88f1ce073683991d1eff5284a32690f/out/vs/workbench/api/node/extensionHostProcess.js:136:8051)
	at o.terminate (/home/tphilly/.vscode-server/bin/2b35e1e6d88f1ce073683991d1eff5284a32690f/out/vs/workbench/api/node/extensionHostProcess.js:140:1513)
	at a (/home/tphilly/.vscode-server/bin/2b35e1e6d88f1ce073683991d1eff5284a32690f/out/vs/workbench/api/node/extensionHostProcess.js:153:9817)
	at h.value (/home/tphilly/.vscode-server/bin/2b35e1e6d88f1ce073683991d1eff5284a32690f/out/vs/workbench/api/node/extensionHostProcess.js:153:7864)
	at c.y (/home/tphilly/.vscode-server/bin/2b35e1e6d88f1ce073683991d1eff5284a32690f/out/vs/workbench/api/node/extensionHostProcess.js:80:1902)
	at c.fire (/home/tphilly/.vscode-server/bin/2b35e1e6d88f1ce073683991d1eff5284a32690f/out/vs/workbench/api/node/extensionHostProcess.js:80:2119)
	at d.fire (/home/tphilly/.vscode-server/bin/2b35e1e6d88f1ce073683991d1eff5284a32690f/out/vs/workbench/api/node/extensionHostProcess.js:96:14047)
	at s.z (/home/tphilly/.vscode-server/bin/2b35e1e6d88f1ce073683991d1eff5284a32690f/out/vs/workbench/api/node/extensionHostProcess.js:96:17112)
	at h.value (/home/tphilly/.vscode-server/bin/2b35e1e6d88f1ce073683991d1eff5284a32690f/out/vs/workbench/api/node/extensionHostProcess.js:96:15564)
	at c.y (/home/tphilly/.vscode-server/bin/2b35e1e6d88f1ce073683991d1eff5284a32690f/out/vs/workbench/api/node/extensionHostProcess.js:80:1902)
	at c.fire (/home/tphilly/.vscode-server/bin/2b35e1e6d88f1ce073683991d1eff5284a32690f/out/vs/workbench/api/node/extensionHostProcess.js:80:2119)
	at h.acceptChunk (/home/tphilly/.vscode-server/bin/2b35e1e6d88f1ce073683991d1eff5284a32690f/out/vs/workbench/api/node/extensionHostProcess.js:96:11821)
	at h.value (/home/tphilly/.vscode-server/bin/2b35e1e6d88f1ce073683991d1eff5284a32690f/out/vs/workbench/api/node/extensionHostProcess.js:96:11108)
	at c.y (/home/tphilly/.vscode-server/bin/2b35e1e6d88f1ce073683991d1eff5284a32690f/out/vs/workbench/api/node/extensionHostProcess.js:80:1902)
	at c.fire (/home/tphilly/.vscode-server/bin/2b35e1e6d88f1ce073683991d1eff5284a32690f/out/vs/workbench/api/node/extensionHostProcess.js:80:2119)
	at c.z (/home/tphilly/.vscode-server/bin/2b35e1e6d88f1ce073683991d1eff5284a32690f/out/vs/workbench/api/node/extensionHostProcess.js:150:19408)
	at c.acceptFrame (/home/tphilly/.vscode-server/bin/2b35e1e6d88f1ce073683991d1eff5284a32690f/out/vs/workbench/api/node/extensionHostProcess.js:150:19214)
	at l.n (/home/tphilly/.vscode-server/bin/2b35e1e6d88f1ce073683991d1eff5284a32690f/out/vs/workbench/api/node/extensionHostProcess.js:150:17713)
	at /home/tphilly/.vscode-server/bin/2b35e1e6d88f1ce073683991d1eff5284a32690f/out/vs/workbench/api/node/extensionHostProcess.js:150:14933
	at Socket.p (/home/tphilly/.vscode-server/bin/2b35e1e6d88f1ce073683991d1eff5284a32690f/out/vs/workbench/api/node/extensionHostProcess.js:150:12838)
	at Socket.emit (node:events:513:28)
	at addChunk (node:internal/streams/readable:324:12)
	at readableAddChunk (node:internal/streams/readable:297:9)
	at Readable.push (node:internal/streams/readable:234:10)
	at TCP.onStreamRead (node:internal/stream_base_commons:190:23) setContext undefined
2023-11-09 20:51:28.097 [error] Canceled: Canceled
	at new f (/home/tphilly/.vscode-server/bin/2b35e1e6d88f1ce073683991d1eff5284a32690f/out/vs/workbench/api/node/extensionHostProcess.js:125:108614)
	at n.U (/home/tphilly/.vscode-server/bin/2b35e1e6d88f1ce073683991d1eff5284a32690f/out/vs/workbench/api/node/extensionHostProcess.js:134:10873)
	at F.<computed>.z.charCodeAt.F.<computed> (/home/tphilly/.vscode-server/bin/2b35e1e6d88f1ce073683991d1eff5284a32690f/out/vs/workbench/api/node/extensionHostProcess.js:134:8315)
	at i.g (/home/tphilly/.vscode-server/bin/2b35e1e6d88f1ce073683991d1eff5284a32690f/out/vs/workbench/api/node/extensionHostProcess.js:125:139130)
	at i.executeCommand (/home/tphilly/.vscode-server/bin/2b35e1e6d88f1ce073683991d1eff5284a32690f/out/vs/workbench/api/node/extensionHostProcess.js:125:138568)
	at $.registerCommand.description (/home/tphilly/.vscode-server/bin/2b35e1e6d88f1ce073683991d1eff5284a32690f/out/vs/workbench/api/node/extensionHostProcess.js:125:137892)
	at i.h (/home/tphilly/.vscode-server/bin/2b35e1e6d88f1ce073683991d1eff5284a32690f/out/vs/workbench/api/node/extensionHostProcess.js:125:139669)
	at i.g (/home/tphilly/.vscode-server/bin/2b35e1e6d88f1ce073683991d1eff5284a32690f/out/vs/workbench/api/node/extensionHostProcess.js:125:138661)
	at i.executeCommand (/home/tphilly/.vscode-server/bin/2b35e1e6d88f1ce073683991d1eff5284a32690f/out/vs/workbench/api/node/extensionHostProcess.js:125:138568)
	at Object.executeCommand (/home/tphilly/.vscode-server/bin/2b35e1e6d88f1ce073683991d1eff5284a32690f/out/vs/workbench/api/node/extensionHostProcess.js:140:21329)
	at w (/home/tphilly/.vscode-server/extensions/eamodio.gitlens-14.4.1/dist/gitlens.js:1:1065459)
	at l (/home/tphilly/.vscode-server/extensions/eamodio.gitlens-14.4.1/dist/gitlens.js:1:1070087)
	at ActionRunners._updateContextKeys (/home/tphilly/.vscode-server/extensions/eamodio.gitlens-14.4.1/dist/gitlens.js:1:38822)
	at s (/home/tphilly/.vscode-server/extensions/eamodio.gitlens-14.4.1/dist/gitlens.js:1:37241)
	at RegisteredActionRunner.unregister (/home/tphilly/.vscode-server/extensions/eamodio.gitlens-14.4.1/dist/gitlens.js:1:37385)
	at RegisteredActionRunner.dispose (/home/tphilly/.vscode-server/extensions/eamodio.gitlens-14.4.1/dist/gitlens.js:1:36048)
	at ActionRunners.dispose (/home/tphilly/.vscode-server/extensions/eamodio.gitlens-14.4.1/dist/gitlens.js:1:36827)
	at /home/tphilly/.vscode-server/extensions/eamodio.gitlens-14.4.1/dist/gitlens.js:1:763974
	at Array.forEach (<anonymous>)
	at Object.dispose (/home/tphilly/.vscode-server/extensions/eamodio.gitlens-14.4.1/dist/gitlens.js:1:763959)
	at o (/home/tphilly/.vscode-server/bin/2b35e1e6d88f1ce073683991d1eff5284a32690f/out/vs/workbench/api/node/extensionHostProcess.js:30:754)
	at h.cb (/home/tphilly/.vscode-server/bin/2b35e1e6d88f1ce073683991d1eff5284a32690f/out/vs/workbench/api/node/extensionHostProcess.js:136:9843)
	at /home/tphilly/.vscode-server/bin/2b35e1e6d88f1ce073683991d1eff5284a32690f/out/vs/workbench/api/node/extensionHostProcess.js:136:7793
	at Array.map (<anonymous>)
	at h.Y (/home/tphilly/.vscode-server/bin/2b35e1e6d88f1ce073683991d1eff5284a32690f/out/vs/workbench/api/node/extensionHostProcess.js:136:7781)
	at h.terminate (/home/tphilly/.vscode-server/bin/2b35e1e6d88f1ce073683991d1eff5284a32690f/out/vs/workbench/api/node/extensionHostProcess.js:136:8051)
	at o.terminate (/home/tphilly/.vscode-server/bin/2b35e1e6d88f1ce073683991d1eff5284a32690f/out/vs/workbench/api/node/extensionHostProcess.js:140:1513)
	at a (/home/tphilly/.vscode-server/bin/2b35e1e6d88f1ce073683991d1eff5284a32690f/out/vs/workbench/api/node/extensionHostProcess.js:153:9817)
	at h.value (/home/tphilly/.vscode-server/bin/2b35e1e6d88f1ce073683991d1eff5284a32690f/out/vs/workbench/api/node/extensionHostProcess.js:153:7864)
	at c.y (/home/tphilly/.vscode-server/bin/2b35e1e6d88f1ce073683991d1eff5284a32690f/out/vs/workbench/api/node/extensionHostProcess.js:80:1902)
	at c.fire (/home/tphilly/.vscode-server/bin/2b35e1e6d88f1ce073683991d1eff5284a32690f/out/vs/workbench/api/node/extensionHostProcess.js:80:2119)
	at d.fire (/home/tphilly/.vscode-server/bin/2b35e1e6d88f1ce073683991d1eff5284a32690f/out/vs/workbench/api/node/extensionHostProcess.js:96:14047)
	at s.z (/home/tphilly/.vscode-server/bin/2b35e1e6d88f1ce073683991d1eff5284a32690f/out/vs/workbench/api/node/extensionHostProcess.js:96:17112)
	at h.value (/home/tphilly/.vscode-server/bin/2b35e1e6d88f1ce073683991d1eff5284a32690f/out/vs/workbench/api/node/extensionHostProcess.js:96:15564)
	at c.y (/home/tphilly/.vscode-server/bin/2b35e1e6d88f1ce073683991d1eff5284a32690f/out/vs/workbench/api/node/extensionHostProcess.js:80:1902)
	at c.fire (/home/tphilly/.vscode-server/bin/2b35e1e6d88f1ce073683991d1eff5284a32690f/out/vs/workbench/api/node/extensionHostProcess.js:80:2119)
	at h.acceptChunk (/home/tphilly/.vscode-server/bin/2b35e1e6d88f1ce073683991d1eff5284a32690f/out/vs/workbench/api/node/extensionHostProcess.js:96:11821)
	at h.value (/home/tphilly/.vscode-server/bin/2b35e1e6d88f1ce073683991d1eff5284a32690f/out/vs/workbench/api/node/extensionHostProcess.js:96:11108)
	at c.y (/home/tphilly/.vscode-server/bin/2b35e1e6d88f1ce073683991d1eff5284a32690f/out/vs/workbench/api/node/extensionHostProcess.js:80:1902)
	at c.fire (/home/tphilly/.vscode-server/bin/2b35e1e6d88f1ce073683991d1eff5284a32690f/out/vs/workbench/api/node/extensionHostProcess.js:80:2119)
	at c.z (/home/tphilly/.vscode-server/bin/2b35e1e6d88f1ce073683991d1eff5284a32690f/out/vs/workbench/api/node/extensionHostProcess.js:150:19408)
	at c.acceptFrame (/home/tphilly/.vscode-server/bin/2b35e1e6d88f1ce073683991d1eff5284a32690f/out/vs/workbench/api/node/extensionHostProcess.js:150:19214)
	at l.n (/home/tphilly/.vscode-server/bin/2b35e1e6d88f1ce073683991d1eff5284a32690f/out/vs/workbench/api/node/extensionHostProcess.js:150:17713)
	at /home/tphilly/.vscode-server/bin/2b35e1e6d88f1ce073683991d1eff5284a32690f/out/vs/workbench/api/node/extensionHostProcess.js:150:14933
	at Socket.p (/home/tphilly/.vscode-server/bin/2b35e1e6d88f1ce073683991d1eff5284a32690f/out/vs/workbench/api/node/extensionHostProcess.js:150:12838)
	at Socket.emit (node:events:513:28)
	at addChunk (node:internal/streams/readable:324:12)
	at readableAddChunk (node:internal/streams/readable:297:9)
	at Readable.push (node:internal/streams/readable:234:10)
	at TCP.onStreamRead (node:internal/stream_base_commons:190:23) setContext undefined
2023-11-09 20:51:28.098 [error] Canceled: Canceled
	at new f (/home/tphilly/.vscode-server/bin/2b35e1e6d88f1ce073683991d1eff5284a32690f/out/vs/workbench/api/node/extensionHostProcess.js:125:108614)
	at n.U (/home/tphilly/.vscode-server/bin/2b35e1e6d88f1ce073683991d1eff5284a32690f/out/vs/workbench/api/node/extensionHostProcess.js:134:10873)
	at F.<computed>.z.charCodeAt.F.<computed> (/home/tphilly/.vscode-server/bin/2b35e1e6d88f1ce073683991d1eff5284a32690f/out/vs/workbench/api/node/extensionHostProcess.js:134:8315)
	at i.g (/home/tphilly/.vscode-server/bin/2b35e1e6d88f1ce073683991d1eff5284a32690f/out/vs/workbench/api/node/extensionHostProcess.js:125:139130)
	at i.executeCommand (/home/tphilly/.vscode-server/bin/2b35e1e6d88f1ce073683991d1eff5284a32690f/out/vs/workbench/api/node/extensionHostProcess.js:125:138568)
	at $.registerCommand.description (/home/tphilly/.vscode-server/bin/2b35e1e6d88f1ce073683991d1eff5284a32690f/out/vs/workbench/api/node/extensionHostProcess.js:125:137892)
	at i.h (/home/tphilly/.vscode-server/bin/2b35e1e6d88f1ce073683991d1eff5284a32690f/out/vs/workbench/api/node/extensionHostProcess.js:125:139669)
	at i.g (/home/tphilly/.vscode-server/bin/2b35e1e6d88f1ce073683991d1eff5284a32690f/out/vs/workbench/api/node/extensionHostProcess.js:125:138661)
	at i.executeCommand (/home/tphilly/.vscode-server/bin/2b35e1e6d88f1ce073683991d1eff5284a32690f/out/vs/workbench/api/node/extensionHostProcess.js:125:138568)
	at Object.executeCommand (/home/tphilly/.vscode-server/bin/2b35e1e6d88f1ce073683991d1eff5284a32690f/out/vs/workbench/api/node/extensionHostProcess.js:140:21329)
	at w (/home/tphilly/.vscode-server/extensions/eamodio.gitlens-14.4.1/dist/gitlens.js:1:1065459)
	at l (/home/tphilly/.vscode-server/extensions/eamodio.gitlens-14.4.1/dist/gitlens.js:1:1070087)
	at ActionRunners._updateContextKeys (/home/tphilly/.vscode-server/extensions/eamodio.gitlens-14.4.1/dist/gitlens.js:1:38822)
	at s (/home/tphilly/.vscode-server/extensions/eamodio.gitlens-14.4.1/dist/gitlens.js:1:37241)
	at RegisteredActionRunner.unregister (/home/tphilly/.vscode-server/extensions/eamodio.gitlens-14.4.1/dist/gitlens.js:1:37385)
	at RegisteredActionRunner.dispose (/home/tphilly/.vscode-server/extensions/eamodio.gitlens-14.4.1/dist/gitlens.js:1:36048)
	at Object.dispose (/home/tphilly/.vscode-server/extensions/eamodio.gitlens-14.4.1/dist/gitlens.js:1:37482)
	at o (/home/tphilly/.vscode-server/bin/2b35e1e6d88f1ce073683991d1eff5284a32690f/out/vs/workbench/api/node/extensionHostProcess.js:30:754)
	at h.cb (/home/tphilly/.vscode-server/bin/2b35e1e6d88f1ce073683991d1eff5284a32690f/out/vs/workbench/api/node/extensionHostProcess.js:136:9843)
	at /home/tphilly/.vscode-server/bin/2b35e1e6d88f1ce073683991d1eff5284a32690f/out/vs/workbench/api/node/extensionHostProcess.js:136:7793
	at Array.map (<anonymous>)
	at h.Y (/home/tphilly/.vscode-server/bin/2b35e1e6d88f1ce073683991d1eff5284a32690f/out/vs/workbench/api/node/extensionHostProcess.js:136:7781)
	at h.terminate (/home/tphilly/.vscode-server/bin/2b35e1e6d88f1ce073683991d1eff5284a32690f/out/vs/workbench/api/node/extensionHostProcess.js:136:8051)
	at o.terminate (/home/tphilly/.vscode-server/bin/2b35e1e6d88f1ce073683991d1eff5284a32690f/out/vs/workbench/api/node/extensionHostProcess.js:140:1513)
	at a (/home/tphilly/.vscode-server/bin/2b35e1e6d88f1ce073683991d1eff5284a32690f/out/vs/workbench/api/node/extensionHostProcess.js:153:9817)
	at h.value (/home/tphilly/.vscode-server/bin/2b35e1e6d88f1ce073683991d1eff5284a32690f/out/vs/workbench/api/node/extensionHostProcess.js:153:7864)
	at c.y (/home/tphilly/.vscode-server/bin/2b35e1e6d88f1ce073683991d1eff5284a32690f/out/vs/workbench/api/node/extensionHostProcess.js:80:1902)
	at c.fire (/home/tphilly/.vscode-server/bin/2b35e1e6d88f1ce073683991d1eff5284a32690f/out/vs/workbench/api/node/extensionHostProcess.js:80:2119)
	at d.fire (/home/tphilly/.vscode-server/bin/2b35e1e6d88f1ce073683991d1eff5284a32690f/out/vs/workbench/api/node/extensionHostProcess.js:96:14047)
	at s.z (/home/tphilly/.vscode-server/bin/2b35e1e6d88f1ce073683991d1eff5284a32690f/out/vs/workbench/api/node/extensionHostProcess.js:96:17112)
	at h.value (/home/tphilly/.vscode-server/bin/2b35e1e6d88f1ce073683991d1eff5284a32690f/out/vs/workbench/api/node/extensionHostProcess.js:96:15564)
	at c.y (/home/tphilly/.vscode-server/bin/2b35e1e6d88f1ce073683991d1eff5284a32690f/out/vs/workbench/api/node/extensionHostProcess.js:80:1902)
	at c.fire (/home/tphilly/.vscode-server/bin/2b35e1e6d88f1ce073683991d1eff5284a32690f/out/vs/workbench/api/node/extensionHostProcess.js:80:2119)
	at h.acceptChunk (/home/tphilly/.vscode-server/bin/2b35e1e6d88f1ce073683991d1eff5284a32690f/out/vs/workbench/api/node/extensionHostProcess.js:96:11821)
	at h.value (/home/tphilly/.vscode-server/bin/2b35e1e6d88f1ce073683991d1eff5284a32690f/out/vs/workbench/api/node/extensionHostProcess.js:96:11108)
	at c.y (/home/tphilly/.vscode-server/bin/2b35e1e6d88f1ce073683991d1eff5284a32690f/out/vs/workbench/api/node/extensionHostProcess.js:80:1902)
	at c.fire (/home/tphilly/.vscode-server/bin/2b35e1e6d88f1ce073683991d1eff5284a32690f/out/vs/workbench/api/node/extensionHostProcess.js:80:2119)
	at c.z (/home/tphilly/.vscode-server/bin/2b35e1e6d88f1ce073683991d1eff5284a32690f/out/vs/workbench/api/node/extensionHostProcess.js:150:19408)
	at c.acceptFrame (/home/tphilly/.vscode-server/bin/2b35e1e6d88f1ce073683991d1eff5284a32690f/out/vs/workbench/api/node/extensionHostProcess.js:150:19214)
	at l.n (/home/tphilly/.vscode-server/bin/2b35e1e6d88f1ce073683991d1eff5284a32690f/out/vs/workbench/api/node/extensionHostProcess.js:150:17713)
	at /home/tphilly/.vscode-server/bin/2b35e1e6d88f1ce073683991d1eff5284a32690f/out/vs/workbench/api/node/extensionHostProcess.js:150:14933
	at Socket.p (/home/tphilly/.vscode-server/bin/2b35e1e6d88f1ce073683991d1eff5284a32690f/out/vs/workbench/api/node/extensionHostProcess.js:150:12838)
	at Socket.emit (node:events:513:28)
	at addChunk (node:internal/streams/readable:324:12)
	at readableAddChunk (node:internal/streams/readable:297:9)
	at Readable.push (node:internal/streams/readable:234:10)
	at TCP.onStreamRead (node:internal/stream_base_commons:190:23) setContext undefined
2023-11-09 20:51:28.098 [error] Canceled: Canceled
	at new f (/home/tphilly/.vscode-server/bin/2b35e1e6d88f1ce073683991d1eff5284a32690f/out/vs/workbench/api/node/extensionHostProcess.js:125:108614)
	at n.U (/home/tphilly/.vscode-server/bin/2b35e1e6d88f1ce073683991d1eff5284a32690f/out/vs/workbench/api/node/extensionHostProcess.js:134:10873)
	at F.<computed>.z.charCodeAt.F.<computed> (/home/tphilly/.vscode-server/bin/2b35e1e6d88f1ce073683991d1eff5284a32690f/out/vs/workbench/api/node/extensionHostProcess.js:134:8315)
	at i.g (/home/tphilly/.vscode-server/bin/2b35e1e6d88f1ce073683991d1eff5284a32690f/out/vs/workbench/api/node/extensionHostProcess.js:125:139130)
	at i.executeCommand (/home/tphilly/.vscode-server/bin/2b35e1e6d88f1ce073683991d1eff5284a32690f/out/vs/workbench/api/node/extensionHostProcess.js:125:138568)
	at $.registerCommand.description (/home/tphilly/.vscode-server/bin/2b35e1e6d88f1ce073683991d1eff5284a32690f/out/vs/workbench/api/node/extensionHostProcess.js:125:137892)
	at i.h (/home/tphilly/.vscode-server/bin/2b35e1e6d88f1ce073683991d1eff5284a32690f/out/vs/workbench/api/node/extensionHostProcess.js:125:139669)
	at i.g (/home/tphilly/.vscode-server/bin/2b35e1e6d88f1ce073683991d1eff5284a32690f/out/vs/workbench/api/node/extensionHostProcess.js:125:138661)
	at i.executeCommand (/home/tphilly/.vscode-server/bin/2b35e1e6d88f1ce073683991d1eff5284a32690f/out/vs/workbench/api/node/extensionHostProcess.js:125:138568)
	at Object.executeCommand (/home/tphilly/.vscode-server/bin/2b35e1e6d88f1ce073683991d1eff5284a32690f/out/vs/workbench/api/node/extensionHostProcess.js:140:21329)
	at w (/home/tphilly/.vscode-server/extensions/eamodio.gitlens-14.4.1/dist/gitlens.js:1:1065459)
	at l (/home/tphilly/.vscode-server/extensions/eamodio.gitlens-14.4.1/dist/gitlens.js:1:1070087)
	at ActionRunners._updateContextKeys (/home/tphilly/.vscode-server/extensions/eamodio.gitlens-14.4.1/dist/gitlens.js:1:38822)
	at s (/home/tphilly/.vscode-server/extensions/eamodio.gitlens-14.4.1/dist/gitlens.js:1:37241)
	at RegisteredActionRunner.unregister (/home/tphilly/.vscode-server/extensions/eamodio.gitlens-14.4.1/dist/gitlens.js:1:37385)
	at RegisteredActionRunner.dispose (/home/tphilly/.vscode-server/extensions/eamodio.gitlens-14.4.1/dist/gitlens.js:1:36048)
	at Object.dispose (/home/tphilly/.vscode-server/extensions/eamodio.gitlens-14.4.1/dist/gitlens.js:1:37482)
	at o (/home/tphilly/.vscode-server/bin/2b35e1e6d88f1ce073683991d1eff5284a32690f/out/vs/workbench/api/node/extensionHostProcess.js:30:754)
	at h.cb (/home/tphilly/.vscode-server/bin/2b35e1e6d88f1ce073683991d1eff5284a32690f/out/vs/workbench/api/node/extensionHostProcess.js:136:9843)
	at /home/tphilly/.vscode-server/bin/2b35e1e6d88f1ce073683991d1eff5284a32690f/out/vs/workbench/api/node/extensionHostProcess.js:136:7793
	at Array.map (<anonymous>)
	at h.Y (/home/tphilly/.vscode-server/bin/2b35e1e6d88f1ce073683991d1eff5284a32690f/out/vs/workbench/api/node/extensionHostProcess.js:136:7781)
	at h.terminate (/home/tphilly/.vscode-server/bin/2b35e1e6d88f1ce073683991d1eff5284a32690f/out/vs/workbench/api/node/extensionHostProcess.js:136:8051)
	at o.terminate (/home/tphilly/.vscode-server/bin/2b35e1e6d88f1ce073683991d1eff5284a32690f/out/vs/workbench/api/node/extensionHostProcess.js:140:1513)
	at a (/home/tphilly/.vscode-server/bin/2b35e1e6d88f1ce073683991d1eff5284a32690f/out/vs/workbench/api/node/extensionHostProcess.js:153:9817)
	at h.value (/home/tphilly/.vscode-server/bin/2b35e1e6d88f1ce073683991d1eff5284a32690f/out/vs/workbench/api/node/extensionHostProcess.js:153:7864)
	at c.y (/home/tphilly/.vscode-server/bin/2b35e1e6d88f1ce073683991d1eff5284a32690f/out/vs/workbench/api/node/extensionHostProcess.js:80:1902)
	at c.fire (/home/tphilly/.vscode-server/bin/2b35e1e6d88f1ce073683991d1eff5284a32690f/out/vs/workbench/api/node/extensionHostProcess.js:80:2119)
	at d.fire (/home/tphilly/.vscode-server/bin/2b35e1e6d88f1ce073683991d1eff5284a32690f/out/vs/workbench/api/node/extensionHostProcess.js:96:14047)
	at s.z (/home/tphilly/.vscode-server/bin/2b35e1e6d88f1ce073683991d1eff5284a32690f/out/vs/workbench/api/node/extensionHostProcess.js:96:17112)
	at h.value (/home/tphilly/.vscode-server/bin/2b35e1e6d88f1ce073683991d1eff5284a32690f/out/vs/workbench/api/node/extensionHostProcess.js:96:15564)
	at c.y (/home/tphilly/.vscode-server/bin/2b35e1e6d88f1ce073683991d1eff5284a32690f/out/vs/workbench/api/node/extensionHostProcess.js:80:1902)
	at c.fire (/home/tphilly/.vscode-server/bin/2b35e1e6d88f1ce073683991d1eff5284a32690f/out/vs/workbench/api/node/extensionHostProcess.js:80:2119)
	at h.acceptChunk (/home/tphilly/.vscode-server/bin/2b35e1e6d88f1ce073683991d1eff5284a32690f/out/vs/workbench/api/node/extensionHostProcess.js:96:11821)
	at h.value (/home/tphilly/.vscode-server/bin/2b35e1e6d88f1ce073683991d1eff5284a32690f/out/vs/workbench/api/node/extensionHostProcess.js:96:11108)
	at c.y (/home/tphilly/.vscode-server/bin/2b35e1e6d88f1ce073683991d1eff5284a32690f/out/vs/workbench/api/node/extensionHostProcess.js:80:1902)
	at c.fire (/home/tphilly/.vscode-server/bin/2b35e1e6d88f1ce073683991d1eff5284a32690f/out/vs/workbench/api/node/extensionHostProcess.js:80:2119)
	at c.z (/home/tphilly/.vscode-server/bin/2b35e1e6d88f1ce073683991d1eff5284a32690f/out/vs/workbench/api/node/extensionHostProcess.js:150:19408)
	at c.acceptFrame (/home/tphilly/.vscode-server/bin/2b35e1e6d88f1ce073683991d1eff5284a32690f/out/vs/workbench/api/node/extensionHostProcess.js:150:19214)
	at l.n (/home/tphilly/.vscode-server/bin/2b35e1e6d88f1ce073683991d1eff5284a32690f/out/vs/workbench/api/node/extensionHostProcess.js:150:17713)
	at /home/tphilly/.vscode-server/bin/2b35e1e6d88f1ce073683991d1eff5284a32690f/out/vs/workbench/api/node/extensionHostProcess.js:150:14933
	at Socket.p (/home/tphilly/.vscode-server/bin/2b35e1e6d88f1ce073683991d1eff5284a32690f/out/vs/workbench/api/node/extensionHostProcess.js:150:12838)
	at Socket.emit (node:events:513:28)
	at addChunk (node:internal/streams/readable:324:12)
	at readableAddChunk (node:internal/streams/readable:297:9)
	at Readable.push (node:internal/streams/readable:234:10)
	at TCP.onStreamRead (node:internal/stream_base_commons:190:23) setContext undefined
2023-11-09 20:51:28.098 [error] Canceled: Canceled
	at new f (/home/tphilly/.vscode-server/bin/2b35e1e6d88f1ce073683991d1eff5284a32690f/out/vs/workbench/api/node/extensionHostProcess.js:125:108614)
	at n.U (/home/tphilly/.vscode-server/bin/2b35e1e6d88f1ce073683991d1eff5284a32690f/out/vs/workbench/api/node/extensionHostProcess.js:134:10873)
	at F.<computed>.z.charCodeAt.F.<computed> (/home/tphilly/.vscode-server/bin/2b35e1e6d88f1ce073683991d1eff5284a32690f/out/vs/workbench/api/node/extensionHostProcess.js:134:8315)
	at i.g (/home/tphilly/.vscode-server/bin/2b35e1e6d88f1ce073683991d1eff5284a32690f/out/vs/workbench/api/node/extensionHostProcess.js:125:139130)
	at i.executeCommand (/home/tphilly/.vscode-server/bin/2b35e1e6d88f1ce073683991d1eff5284a32690f/out/vs/workbench/api/node/extensionHostProcess.js:125:138568)
	at $.registerCommand.description (/home/tphilly/.vscode-server/bin/2b35e1e6d88f1ce073683991d1eff5284a32690f/out/vs/workbench/api/node/extensionHostProcess.js:125:137892)
	at i.h (/home/tphilly/.vscode-server/bin/2b35e1e6d88f1ce073683991d1eff5284a32690f/out/vs/workbench/api/node/extensionHostProcess.js:125:139669)
	at i.g (/home/tphilly/.vscode-server/bin/2b35e1e6d88f1ce073683991d1eff5284a32690f/out/vs/workbench/api/node/extensionHostProcess.js:125:138661)
	at i.executeCommand (/home/tphilly/.vscode-server/bin/2b35e1e6d88f1ce073683991d1eff5284a32690f/out/vs/workbench/api/node/extensionHostProcess.js:125:138568)
	at Object.executeCommand (/home/tphilly/.vscode-server/bin/2b35e1e6d88f1ce073683991d1eff5284a32690f/out/vs/workbench/api/node/extensionHostProcess.js:140:21329)
	at w (/home/tphilly/.vscode-server/extensions/eamodio.gitlens-14.4.1/dist/gitlens.js:1:1065459)
	at l (/home/tphilly/.vscode-server/extensions/eamodio.gitlens-14.4.1/dist/gitlens.js:1:1070087)
	at ActionRunners._updateContextKeys (/home/tphilly/.vscode-server/extensions/eamodio.gitlens-14.4.1/dist/gitlens.js:1:38822)
	at s (/home/tphilly/.vscode-server/extensions/eamodio.gitlens-14.4.1/dist/gitlens.js:1:37241)
	at RegisteredActionRunner.unregister (/home/tphilly/.vscode-server/extensions/eamodio.gitlens-14.4.1/dist/gitlens.js:1:37385)
	at RegisteredActionRunner.dispose (/home/tphilly/.vscode-server/extensions/eamodio.gitlens-14.4.1/dist/gitlens.js:1:36048)
	at Object.dispose (/home/tphilly/.vscode-server/extensions/eamodio.gitlens-14.4.1/dist/gitlens.js:1:37482)
	at o (/home/tphilly/.vscode-server/bin/2b35e1e6d88f1ce073683991d1eff5284a32690f/out/vs/workbench/api/node/extensionHostProcess.js:30:754)
	at h.cb (/home/tphilly/.vscode-server/bin/2b35e1e6d88f1ce073683991d1eff5284a32690f/out/vs/workbench/api/node/extensionHostProcess.js:136:9843)
	at /home/tphilly/.vscode-server/bin/2b35e1e6d88f1ce073683991d1eff5284a32690f/out/vs/workbench/api/node/extensionHostProcess.js:136:7793
	at Array.map (<anonymous>)
	at h.Y (/home/tphilly/.vscode-server/bin/2b35e1e6d88f1ce073683991d1eff5284a32690f/out/vs/workbench/api/node/extensionHostProcess.js:136:7781)
	at h.terminate (/home/tphilly/.vscode-server/bin/2b35e1e6d88f1ce073683991d1eff5284a32690f/out/vs/workbench/api/node/extensionHostProcess.js:136:8051)
	at o.terminate (/home/tphilly/.vscode-server/bin/2b35e1e6d88f1ce073683991d1eff5284a32690f/out/vs/workbench/api/node/extensionHostProcess.js:140:1513)
	at a (/home/tphilly/.vscode-server/bin/2b35e1e6d88f1ce073683991d1eff5284a32690f/out/vs/workbench/api/node/extensionHostProcess.js:153:9817)
	at h.value (/home/tphilly/.vscode-server/bin/2b35e1e6d88f1ce073683991d1eff5284a32690f/out/vs/workbench/api/node/extensionHostProcess.js:153:7864)
	at c.y (/home/tphilly/.vscode-server/bin/2b35e1e6d88f1ce073683991d1eff5284a32690f/out/vs/workbench/api/node/extensionHostProcess.js:80:1902)
	at c.fire (/home/tphilly/.vscode-server/bin/2b35e1e6d88f1ce073683991d1eff5284a32690f/out/vs/workbench/api/node/extensionHostProcess.js:80:2119)
	at d.fire (/home/tphilly/.vscode-server/bin/2b35e1e6d88f1ce073683991d1eff5284a32690f/out/vs/workbench/api/node/extensionHostProcess.js:96:14047)
	at s.z (/home/tphilly/.vscode-server/bin/2b35e1e6d88f1ce073683991d1eff5284a32690f/out/vs/workbench/api/node/extensionHostProcess.js:96:17112)
	at h.value (/home/tphilly/.vscode-server/bin/2b35e1e6d88f1ce073683991d1eff5284a32690f/out/vs/workbench/api/node/extensionHostProcess.js:96:15564)
	at c.y (/home/tphilly/.vscode-server/bin/2b35e1e6d88f1ce073683991d1eff5284a32690f/out/vs/workbench/api/node/extensionHostProcess.js:80:1902)
	at c.fire (/home/tphilly/.vscode-server/bin/2b35e1e6d88f1ce073683991d1eff5284a32690f/out/vs/workbench/api/node/extensionHostProcess.js:80:2119)
	at h.acceptChunk (/home/tphilly/.vscode-server/bin/2b35e1e6d88f1ce073683991d1eff5284a32690f/out/vs/workbench/api/node/extensionHostProcess.js:96:11821)
	at h.value (/home/tphilly/.vscode-server/bin/2b35e1e6d88f1ce073683991d1eff5284a32690f/out/vs/workbench/api/node/extensionHostProcess.js:96:11108)
	at c.y (/home/tphilly/.vscode-server/bin/2b35e1e6d88f1ce073683991d1eff5284a32690f/out/vs/workbench/api/node/extensionHostProcess.js:80:1902)
	at c.fire (/home/tphilly/.vscode-server/bin/2b35e1e6d88f1ce073683991d1eff5284a32690f/out/vs/workbench/api/node/extensionHostProcess.js:80:2119)
	at c.z (/home/tphilly/.vscode-server/bin/2b35e1e6d88f1ce073683991d1eff5284a32690f/out/vs/workbench/api/node/extensionHostProcess.js:150:19408)
	at c.acceptFrame (/home/tphilly/.vscode-server/bin/2b35e1e6d88f1ce073683991d1eff5284a32690f/out/vs/workbench/api/node/extensionHostProcess.js:150:19214)
	at l.n (/home/tphilly/.vscode-server/bin/2b35e1e6d88f1ce073683991d1eff5284a32690f/out/vs/workbench/api/node/extensionHostProcess.js:150:17713)
	at /home/tphilly/.vscode-server/bin/2b35e1e6d88f1ce073683991d1eff5284a32690f/out/vs/workbench/api/node/extensionHostProcess.js:150:14933
	at Socket.p (/home/tphilly/.vscode-server/bin/2b35e1e6d88f1ce073683991d1eff5284a32690f/out/vs/workbench/api/node/extensionHostProcess.js:150:12838)
	at Socket.emit (node:events:513:28)
	at addChunk (node:internal/streams/readable:324:12)
	at readableAddChunk (node:internal/streams/readable:297:9)
	at Readable.push (node:internal/streams/readable:234:10)
	at TCP.onStreamRead (node:internal/stream_base_commons:190:23) setContext undefined
2023-11-09 20:51:28.099 [error] Canceled: Canceled
	at new f (/home/tphilly/.vscode-server/bin/2b35e1e6d88f1ce073683991d1eff5284a32690f/out/vs/workbench/api/node/extensionHostProcess.js:125:108614)
	at n.U (/home/tphilly/.vscode-server/bin/2b35e1e6d88f1ce073683991d1eff5284a32690f/out/vs/workbench/api/node/extensionHostProcess.js:134:10873)
	at F.<computed>.z.charCodeAt.F.<computed> (/home/tphilly/.vscode-server/bin/2b35e1e6d88f1ce073683991d1eff5284a32690f/out/vs/workbench/api/node/extensionHostProcess.js:134:8315)
	at i.g (/home/tphilly/.vscode-server/bin/2b35e1e6d88f1ce073683991d1eff5284a32690f/out/vs/workbench/api/node/extensionHostProcess.js:125:139130)
	at i.executeCommand (/home/tphilly/.vscode-server/bin/2b35e1e6d88f1ce073683991d1eff5284a32690f/out/vs/workbench/api/node/extensionHostProcess.js:125:138568)
	at $.registerCommand.description (/home/tphilly/.vscode-server/bin/2b35e1e6d88f1ce073683991d1eff5284a32690f/out/vs/workbench/api/node/extensionHostProcess.js:125:137892)
	at i.h (/home/tphilly/.vscode-server/bin/2b35e1e6d88f1ce073683991d1eff5284a32690f/out/vs/workbench/api/node/extensionHostProcess.js:125:139669)
	at i.g (/home/tphilly/.vscode-server/bin/2b35e1e6d88f1ce073683991d1eff5284a32690f/out/vs/workbench/api/node/extensionHostProcess.js:125:138661)
	at i.executeCommand (/home/tphilly/.vscode-server/bin/2b35e1e6d88f1ce073683991d1eff5284a32690f/out/vs/workbench/api/node/extensionHostProcess.js:125:138568)
	at Object.executeCommand (/home/tphilly/.vscode-server/bin/2b35e1e6d88f1ce073683991d1eff5284a32690f/out/vs/workbench/api/node/extensionHostProcess.js:140:21329)
	at x0.reset (/home/tphilly/.vscode-server/extensions/github.vscode-pull-request-github-0.76.1/dist/extension.js:2003:7116)
	at x0.dispose (/home/tphilly/.vscode-server/extensions/github.vscode-pull-request-github-0.76.1/dist/extension.js:2003:7387)
	at o (/home/tphilly/.vscode-server/bin/2b35e1e6d88f1ce073683991d1eff5284a32690f/out/vs/workbench/api/node/extensionHostProcess.js:30:754)
	at h.cb (/home/tphilly/.vscode-server/bin/2b35e1e6d88f1ce073683991d1eff5284a32690f/out/vs/workbench/api/node/extensionHostProcess.js:136:9843)
	at /home/tphilly/.vscode-server/bin/2b35e1e6d88f1ce073683991d1eff5284a32690f/out/vs/workbench/api/node/extensionHostProcess.js:136:7793
	at Array.map (<anonymous>)
	at h.Y (/home/tphilly/.vscode-server/bin/2b35e1e6d88f1ce073683991d1eff5284a32690f/out/vs/workbench/api/node/extensionHostProcess.js:136:7781)
	at h.terminate (/home/tphilly/.vscode-server/bin/2b35e1e6d88f1ce073683991d1eff5284a32690f/out/vs/workbench/api/node/extensionHostProcess.js:136:8051)
	at o.terminate (/home/tphilly/.vscode-server/bin/2b35e1e6d88f1ce073683991d1eff5284a32690f/out/vs/workbench/api/node/extensionHostProcess.js:140:1513)
	at a (/home/tphilly/.vscode-server/bin/2b35e1e6d88f1ce073683991d1eff5284a32690f/out/vs/workbench/api/node/extensionHostProcess.js:153:9817)
	at h.value (/home/tphilly/.vscode-server/bin/2b35e1e6d88f1ce073683991d1eff5284a32690f/out/vs/workbench/api/node/extensionHostProcess.js:153:7864)
	at c.y (/home/tphilly/.vscode-server/bin/2b35e1e6d88f1ce073683991d1eff5284a32690f/out/vs/workbench/api/node/extensionHostProcess.js:80:1902)
	at c.fire (/home/tphilly/.vscode-server/bin/2b35e1e6d88f1ce073683991d1eff5284a32690f/out/vs/workbench/api/node/extensionHostProcess.js:80:2119)
	at d.fire (/home/tphilly/.vscode-server/bin/2b35e1e6d88f1ce073683991d1eff5284a32690f/out/vs/workbench/api/node/extensionHostProcess.js:96:14047)
	at s.z (/home/tphilly/.vscode-server/bin/2b35e1e6d88f1ce073683991d1eff5284a32690f/out/vs/workbench/api/node/extensionHostProcess.js:96:17112)
	at h.value (/home/tphilly/.vscode-server/bin/2b35e1e6d88f1ce073683991d1eff5284a32690f/out/vs/workbench/api/node/extensionHostProcess.js:96:15564)
	at c.y (/home/tphilly/.vscode-server/bin/2b35e1e6d88f1ce073683991d1eff5284a32690f/out/vs/workbench/api/node/extensionHostProcess.js:80:1902)
	at c.fire (/home/tphilly/.vscode-server/bin/2b35e1e6d88f1ce073683991d1eff5284a32690f/out/vs/workbench/api/node/extensionHostProcess.js:80:2119)
	at h.acceptChunk (/home/tphilly/.vscode-server/bin/2b35e1e6d88f1ce073683991d1eff5284a32690f/out/vs/workbench/api/node/extensionHostProcess.js:96:11821)
	at h.value (/home/tphilly/.vscode-server/bin/2b35e1e6d88f1ce073683991d1eff5284a32690f/out/vs/workbench/api/node/extensionHostProcess.js:96:11108)
	at c.y (/home/tphilly/.vscode-server/bin/2b35e1e6d88f1ce073683991d1eff5284a32690f/out/vs/workbench/api/node/extensionHostProcess.js:80:1902)
	at c.fire (/home/tphilly/.vscode-server/bin/2b35e1e6d88f1ce073683991d1eff5284a32690f/out/vs/workbench/api/node/extensionHostProcess.js:80:2119)
	at c.z (/home/tphilly/.vscode-server/bin/2b35e1e6d88f1ce073683991d1eff5284a32690f/out/vs/workbench/api/node/extensionHostProcess.js:150:19408)
	at c.acceptFrame (/home/tphilly/.vscode-server/bin/2b35e1e6d88f1ce073683991d1eff5284a32690f/out/vs/workbench/api/node/extensionHostProcess.js:150:19214)
	at l.n (/home/tphilly/.vscode-server/bin/2b35e1e6d88f1ce073683991d1eff5284a32690f/out/vs/workbench/api/node/extensionHostProcess.js:150:17713)
	at /home/tphilly/.vscode-server/bin/2b35e1e6d88f1ce073683991d1eff5284a32690f/out/vs/workbench/api/node/extensionHostProcess.js:150:14933
	at Socket.p (/home/tphilly/.vscode-server/bin/2b35e1e6d88f1ce073683991d1eff5284a32690f/out/vs/workbench/api/node/extensionHostProcess.js:150:12838)
	at Socket.emit (node:events:513:28)
	at addChunk (node:internal/streams/readable:324:12)
	at readableAddChunk (node:internal/streams/readable:297:9)
	at Readable.push (node:internal/streams/readable:234:10)
	at TCP.onStreamRead (node:internal/stream_base_commons:190:23) setContext undefined
2023-11-09 20:51:28.099 [error] Canceled: Canceled
	at new f (/home/tphilly/.vscode-server/bin/2b35e1e6d88f1ce073683991d1eff5284a32690f/out/vs/workbench/api/node/extensionHostProcess.js:125:108614)
	at n.U (/home/tphilly/.vscode-server/bin/2b35e1e6d88f1ce073683991d1eff5284a32690f/out/vs/workbench/api/node/extensionHostProcess.js:134:10873)
	at F.<computed>.z.charCodeAt.F.<computed> (/home/tphilly/.vscode-server/bin/2b35e1e6d88f1ce073683991d1eff5284a32690f/out/vs/workbench/api/node/extensionHostProcess.js:134:8315)
	at i.g (/home/tphilly/.vscode-server/bin/2b35e1e6d88f1ce073683991d1eff5284a32690f/out/vs/workbench/api/node/extensionHostProcess.js:125:139130)
	at i.executeCommand (/home/tphilly/.vscode-server/bin/2b35e1e6d88f1ce073683991d1eff5284a32690f/out/vs/workbench/api/node/extensionHostProcess.js:125:138568)
	at $.registerCommand.description (/home/tphilly/.vscode-server/bin/2b35e1e6d88f1ce073683991d1eff5284a32690f/out/vs/workbench/api/node/extensionHostProcess.js:125:137892)
	at i.h (/home/tphilly/.vscode-server/bin/2b35e1e6d88f1ce073683991d1eff5284a32690f/out/vs/workbench/api/node/extensionHostProcess.js:125:139669)
	at i.g (/home/tphilly/.vscode-server/bin/2b35e1e6d88f1ce073683991d1eff5284a32690f/out/vs/workbench/api/node/extensionHostProcess.js:125:138661)
	at i.executeCommand (/home/tphilly/.vscode-server/bin/2b35e1e6d88f1ce073683991d1eff5284a32690f/out/vs/workbench/api/node/extensionHostProcess.js:125:138568)
	at Object.executeCommand (/home/tphilly/.vscode-server/bin/2b35e1e6d88f1ce073683991d1eff5284a32690f/out/vs/workbench/api/node/extensionHostProcess.js:140:21329)
	at w (/home/tphilly/.vscode-server/extensions/eamodio.gitlens-14.4.1/dist/gitlens.js:1:1065459)
	at l (/home/tphilly/.vscode-server/extensions/eamodio.gitlens-14.4.1/dist/gitlens.js:1:1070087)
	at ActionRunners._updateContextKeys (/home/tphilly/.vscode-server/extensions/eamodio.gitlens-14.4.1/dist/gitlens.js:1:38822)
	at s (/home/tphilly/.vscode-server/extensions/eamodio.gitlens-14.4.1/dist/gitlens.js:1:37241)
	at RegisteredActionRunner.unregister (/home/tphilly/.vscode-server/extensions/eamodio.gitlens-14.4.1/dist/gitlens.js:1:37385)
	at RegisteredActionRunner.dispose (/home/tphilly/.vscode-server/extensions/eamodio.gitlens-14.4.1/dist/gitlens.js:1:36048)
	at Object.dispose (/home/tphilly/.vscode-server/extensions/eamodio.gitlens-14.4.1/dist/gitlens.js:1:37482)
	at w.<anonymous> (/home/tphilly/.vscode-server/bin/2b35e1e6d88f1ce073683991d1eff5284a32690f/out/vs/workbench/api/node/extensionHostProcess.js:121:3572)
	at w.dispose (/home/tphilly/.vscode-server/bin/2b35e1e6d88f1ce073683991d1eff5284a32690f/out/vs/workbench/api/node/extensionHostProcess.js:121:3669)
	at ug.dispose (/home/tphilly/.vscode-server/extensions/github.vscode-pull-request-github-0.76.1/dist/extension.js:1905:36255)
	at o (/home/tphilly/.vscode-server/bin/2b35e1e6d88f1ce073683991d1eff5284a32690f/out/vs/workbench/api/node/extensionHostProcess.js:30:754)
	at h.cb (/home/tphilly/.vscode-server/bin/2b35e1e6d88f1ce073683991d1eff5284a32690f/out/vs/workbench/api/node/extensionHostProcess.js:136:9843)
	at /home/tphilly/.vscode-server/bin/2b35e1e6d88f1ce073683991d1eff5284a32690f/out/vs/workbench/api/node/extensionHostProcess.js:136:7793
	at Array.map (<anonymous>)
	at h.Y (/home/tphilly/.vscode-server/bin/2b35e1e6d88f1ce073683991d1eff5284a32690f/out/vs/workbench/api/node/extensionHostProcess.js:136:7781)
	at h.terminate (/home/tphilly/.vscode-server/bin/2b35e1e6d88f1ce073683991d1eff5284a32690f/out/vs/workbench/api/node/extensionHostProcess.js:136:8051)
	at o.terminate (/home/tphilly/.vscode-server/bin/2b35e1e6d88f1ce073683991d1eff5284a32690f/out/vs/workbench/api/node/extensionHostProcess.js:140:1513)
	at a (/home/tphilly/.vscode-server/bin/2b35e1e6d88f1ce073683991d1eff5284a32690f/out/vs/workbench/api/node/extensionHostProcess.js:153:9817)
	at h.value (/home/tphilly/.vscode-server/bin/2b35e1e6d88f1ce073683991d1eff5284a32690f/out/vs/workbench/api/node/extensionHostProcess.js:153:7864)
	at c.y (/home/tphilly/.vscode-server/bin/2b35e1e6d88f1ce073683991d1eff5284a32690f/out/vs/workbench/api/node/extensionHostProcess.js:80:1902)
	at c.fire (/home/tphilly/.vscode-server/bin/2b35e1e6d88f1ce073683991d1eff5284a32690f/out/vs/workbench/api/node/extensionHostProcess.js:80:2119)
	at d.fire (/home/tphilly/.vscode-server/bin/2b35e1e6d88f1ce073683991d1eff5284a32690f/out/vs/workbench/api/node/extensionHostProcess.js:96:14047)
	at s.z (/home/tphilly/.vscode-server/bin/2b35e1e6d88f1ce073683991d1eff5284a32690f/out/vs/workbench/api/node/extensionHostProcess.js:96:17112)
	at h.value (/home/tphilly/.vscode-server/bin/2b35e1e6d88f1ce073683991d1eff5284a32690f/out/vs/workbench/api/node/extensionHostProcess.js:96:15564)
	at c.y (/home/tphilly/.vscode-server/bin/2b35e1e6d88f1ce073683991d1eff5284a32690f/out/vs/workbench/api/node/extensionHostProcess.js:80:1902)
	at c.fire (/home/tphilly/.vscode-server/bin/2b35e1e6d88f1ce073683991d1eff5284a32690f/out/vs/workbench/api/node/extensionHostProcess.js:80:2119)
	at h.acceptChunk (/home/tphilly/.vscode-server/bin/2b35e1e6d88f1ce073683991d1eff5284a32690f/out/vs/workbench/api/node/extensionHostProcess.js:96:11821)
	at h.value (/home/tphilly/.vscode-server/bin/2b35e1e6d88f1ce073683991d1eff5284a32690f/out/vs/workbench/api/node/extensionHostProcess.js:96:11108)
	at c.y (/home/tphilly/.vscode-server/bin/2b35e1e6d88f1ce073683991d1eff5284a32690f/out/vs/workbench/api/node/extensionHostProcess.js:80:1902)
	at c.fire (/home/tphilly/.vscode-server/bin/2b35e1e6d88f1ce073683991d1eff5284a32690f/out/vs/workbench/api/node/extensionHostProcess.js:80:2119)
	at c.z (/home/tphilly/.vscode-server/bin/2b35e1e6d88f1ce073683991d1eff5284a32690f/out/vs/workbench/api/node/extensionHostProcess.js:150:19408)
	at c.acceptFrame (/home/tphilly/.vscode-server/bin/2b35e1e6d88f1ce073683991d1eff5284a32690f/out/vs/workbench/api/node/extensionHostProcess.js:150:19214)
	at l.n (/home/tphilly/.vscode-server/bin/2b35e1e6d88f1ce073683991d1eff5284a32690f/out/vs/workbench/api/node/extensionHostProcess.js:150:17713)
	at /home/tphilly/.vscode-server/bin/2b35e1e6d88f1ce073683991d1eff5284a32690f/out/vs/workbench/api/node/extensionHostProcess.js:150:14933
	at Socket.p (/home/tphilly/.vscode-server/bin/2b35e1e6d88f1ce073683991d1eff5284a32690f/out/vs/workbench/api/node/extensionHostProcess.js:150:12838)
	at Socket.emit (node:events:513:28)
	at addChunk (node:internal/streams/readable:324:12)
	at readableAddChunk (node:internal/streams/readable:297:9)
	at Readable.push (node:internal/streams/readable:234:10)
	at TCP.onStreamRead (node:internal/stream_base_commons:190:23) setContext undefined
2023-11-09 20:51:28.150 [info] Extension host with pid 1508 exiting with code 0
