2023-10-05 12:03:16.344 [info] Log level: Info
2023-10-05 12:03:16.344 [info] Validating found git in: "git"
2023-10-05 12:03:16.344 [info] Using git "2.34.1" from "git"
2023-10-05 12:03:16.344 [info] > git rev-parse --show-toplevel [21ms]
2023-10-05 12:03:16.345 [info] > git rev-parse --git-dir --git-common-dir [7ms]
2023-10-05 12:03:16.345 [info] Open repository: /home/tphilly
2023-10-05 12:03:17.160 [info] > git check-ignore -v -z --stdin [261ms]
2023-10-05 12:03:17.180 [info] > git rev-parse --show-toplevel [817ms]
2023-10-05 12:03:17.183 [info] > git config --get commit.template [830ms]
2023-10-05 12:03:17.217 [info] No remotes found in the git config file.
2023-10-05 12:03:17.242 [info] > git rev-parse --show-toplevel [47ms]
2023-10-05 12:03:17.247 [info] > git show --textconv :Coursework/Block14/index.js [21ms]
2023-10-05 12:03:17.248 [info] > git ls-files --stage -- /home/tphilly/Coursework/Block14/index.js [8ms]
2023-10-05 12:03:17.250 [info] > git for-each-ref --format=%(refname)%00%(upstream:short)%00%(objectname)%00%(upstream:track)%00%(upstream:remotename)%00%(upstream:remoteref) refs/heads/master refs/remotes/master [33ms]
2023-10-05 12:03:17.634 [info] > git check-ignore -v -z --stdin [96ms]
2023-10-05 12:03:17.665 [info] > git status -z -uall [406ms] (cancelled)
2023-10-05 12:03:17.735 [info] > git config --local branch.master.github-pr-owner-number [17ms]
2023-10-05 12:03:17.766 [info] > git config --get commit.template [13ms]
2023-10-05 12:03:17.782 [info] No remotes found in the git config file.
2023-10-05 12:03:17.784 [info] > git for-each-ref --format=%(refname)%00%(upstream:short)%00%(objectname)%00%(upstream:track)%00%(upstream:remotename)%00%(upstream:remoteref) refs/heads/master refs/remotes/master [3ms]
2023-10-05 12:03:17.911 [info] > git status -z -uall [118ms] (cancelled)
2023-10-05 12:03:19.038 [info] > git config --get commit.template [19ms]
2023-10-05 12:03:19.050 [info] No remotes found in the git config file.
2023-10-05 12:03:19.051 [info] > git for-each-ref --format=%(refname)%00%(upstream:short)%00%(objectname)%00%(upstream:track)%00%(upstream:remotename)%00%(upstream:remoteref) refs/heads/master refs/remotes/master [2ms]
2023-10-05 12:03:19.263 [info] > git status -z -uall [203ms] (cancelled)
