2023-11-14 15:44:12.646 [info] Log level: Info
2023-11-14 15:44:12.646 [info] Validating found git in: "git"
2023-11-14 15:44:12.646 [info] Using git "2.34.1" from "git"
2023-11-14 15:44:12.646 [info] > git rev-parse --show-toplevel [4ms]
2023-11-14 15:44:12.646 [info] > git rev-parse --git-dir --git-common-dir [12ms]
2023-11-14 15:44:12.646 [info] Open repository: /home/tphilly
2023-11-14 15:44:12.646 [info] > git rev-parse --show-toplevel [9ms]
2023-11-14 15:44:12.646 [info] > git config --get commit.template [19ms]
2023-11-14 15:44:12.646 [info] > git rev-parse --show-toplevel [30ms]
2023-11-14 15:44:12.647 [info] > git for-each-ref --format=%(refname)%00%(upstream:short)%00%(objectname)%00%(upstream:track)%00%(upstream:remotename)%00%(upstream:remoteref) refs/heads/master refs/remotes/master [9ms]
2023-11-14 15:44:13.515 [info] > git check-ignore -v -z --stdin [27ms]
2023-11-14 15:44:13.543 [info] > git status -z -uall [891ms] (cancelled)
2023-11-14 15:44:14.447 [info] > git config --local branch.master.github-pr-owner-number [101ms]
2023-11-14 15:44:14.454 [info] > git config --get commit.template [1ms]
2023-11-14 15:44:14.461 [info] > git for-each-ref --format=%(refname)%00%(upstream:short)%00%(objectname)%00%(upstream:track)%00%(upstream:remotename)%00%(upstream:remoteref) refs/heads/master refs/remotes/master [1ms]
2023-11-14 15:44:14.594 [info] > git status -z -uall [128ms] (cancelled)
2023-11-14 15:44:16.127 [info] > git config --get commit.template [24ms]
2023-11-14 15:44:16.212 [info] > git for-each-ref --format=%(refname)%00%(upstream:short)%00%(objectname)%00%(upstream:track)%00%(upstream:remotename)%00%(upstream:remoteref) refs/heads/master refs/remotes/master [35ms]
2023-11-14 15:44:17.906 [info] > git status -z -uall [1682ms] (cancelled)
2023-11-14 15:46:33.622 [info] > git check-ignore -v -z --stdin [9ms]
2023-11-14 15:46:34.849 [info] > git show --textconv :Coursework/Block27app/src/App.jsx [37ms]
2023-11-14 15:46:34.849 [info] > git ls-files --stage -- /home/tphilly/Coursework/Block27app/src/App.jsx [26ms]
2023-11-14 15:49:14.013 [info] > git config --local branch.master.github-pr-owner-number [1ms]
2023-11-14 15:49:14.028 [info] > git config --get commit.template [7ms]
2023-11-14 15:49:14.029 [info] > git for-each-ref --format=%(refname)%00%(upstream:short)%00%(objectname)%00%(upstream:track)%00%(upstream:remotename)%00%(upstream:remoteref) refs/heads/master refs/remotes/master [2ms]
2023-11-14 15:49:15.778 [info] > git status -z -uall [1742ms] (cancelled)
2023-11-14 15:54:14.719 [info] > git config --local branch.master.github-pr-owner-number [1ms]
2023-11-14 15:54:14.734 [info] > git config --get commit.template [6ms]
2023-11-14 15:54:14.735 [info] > git for-each-ref --format=%(refname)%00%(upstream:short)%00%(objectname)%00%(upstream:track)%00%(upstream:remotename)%00%(upstream:remoteref) refs/heads/master refs/remotes/master [1ms]
2023-11-14 15:54:16.470 [info] > git status -z -uall [1728ms] (cancelled)
2023-11-14 15:54:53.418 [info] > git check-ignore -v -z --stdin [8ms]
2023-11-14 15:55:10.251 [info] > git add -A -- . [8835ms]
2023-11-14 15:55:10.251 [info] warning: adding embedded git repository: Coursework/Block27app
hint: You've added another git repository inside your current repository.
hint: Clones of the outer repository will not contain the contents of
hint: the embedded repository and will not know how to obtain it.
hint: If you meant to add a submodule, use:
hint: 
hint: 	git submodule add <url> Coursework/Block27app
hint: 
hint: If you added this path by mistake, you can remove it from the
hint: index with:
hint: 
hint: 	git rm --cached Coursework/Block27app
hint: 
hint: See "git help submodule" for more information.
warning: adding embedded git repository: Coursework/Color-picker/Unit3.ColorPicker.Starter-1
warning: adding embedded git repository: Coursework/Color-picker/Unit3.ColorPicker.Starter
warning: adding embedded git repository: Coursework/block26-contact-list
2023-11-14 15:55:10.510 [info] > git -c user.useConfigOnly=true commit --quiet --allow-empty-message --file - [252ms]
2023-11-14 15:55:10.519 [info] > git config --get commit.template [1ms]
2023-11-14 15:55:10.532 [info] > git config --get commit.template [3ms]
2023-11-14 15:55:10.544 [info] > git for-each-ref --format=%(refname)%00%(upstream:short)%00%(objectname)%00%(upstream:track)%00%(upstream:remotename)%00%(upstream:remoteref) refs/heads/master refs/remotes/master [1ms]
2023-11-14 15:55:10.668 [info] > git status -z -uall [116ms]
2023-11-14 15:55:12.075 [info] > git config --local branch.master.github-pr-owner-number [163ms]
2023-11-14 15:55:12.099 [info] > git config --get commit.template [34ms]
2023-11-14 15:55:12.102 [info] > git config --get commit.template [4ms]
2023-11-14 15:55:12.143 [info] > git for-each-ref --format=%(refname)%00%(upstream:short)%00%(objectname)%00%(upstream:track)%00%(upstream:remotename)%00%(upstream:remoteref) refs/heads/master refs/remotes/master [3ms]
2023-11-14 15:55:12.162 [info] > git for-each-ref --format=%(refname)%00%(upstream:short)%00%(objectname)%00%(upstream:track)%00%(upstream:remotename)%00%(upstream:remoteref) refs/heads/master refs/remotes/master [42ms]
2023-11-14 15:55:12.228 [info] > git ls-files --stage -- /home/tphilly/Coursework/Block27app/src/App.jsx [5ms]
2023-11-14 15:55:12.249 [info] > git show --textconv :Coursework/Block27app/src/App.jsx [4ms]
2023-11-14 15:55:12.284 [info] > git status -z -uall [123ms]
2023-11-14 15:55:12.978 [info] > git check-ignore -v -z --stdin [10ms]
2023-11-14 15:55:51.047 [info] > git config --get commit.template [8ms]
2023-11-14 15:55:51.055 [info] > git ls-files --stage -- /home/tphilly/Coursework/Block27app/src/App.jsx [9ms]
2023-11-14 15:55:51.057 [info] > git for-each-ref --format=%(refname)%00%(upstream:short)%00%(objectname)%00%(upstream:track)%00%(upstream:remotename)%00%(upstream:remoteref) refs/heads/master refs/remotes/master [4ms]
2023-11-14 15:55:51.081 [info] > git show --textconv :Coursework/Block27app/src/App.jsx [4ms]
2023-11-14 15:55:51.157 [info] > git status -z -uall [94ms]
2023-11-14 15:55:56.180 [info] > git config --get commit.template [8ms]
2023-11-14 15:55:56.181 [info] > git for-each-ref --format=%(refname)%00%(upstream:short)%00%(objectname)%00%(upstream:track)%00%(upstream:remotename)%00%(upstream:remoteref) refs/heads/master refs/remotes/master [2ms]
2023-11-14 15:55:56.271 [info] > git status -z -uall [85ms]
2023-11-14 15:56:01.281 [info] > git config --get commit.template [1ms]
2023-11-14 15:56:01.289 [info] > git for-each-ref --format=%(refname)%00%(upstream:short)%00%(objectname)%00%(upstream:track)%00%(upstream:remotename)%00%(upstream:remoteref) refs/heads/master refs/remotes/master [2ms]
2023-11-14 15:56:01.381 [info] > git status -z -uall [87ms]
2023-11-14 15:56:06.402 [info] > git config --get commit.template [9ms]
2023-11-14 15:56:06.402 [info] > git for-each-ref --format=%(refname)%00%(upstream:short)%00%(objectname)%00%(upstream:track)%00%(upstream:remotename)%00%(upstream:remoteref) refs/heads/master refs/remotes/master [2ms]
2023-11-14 15:56:06.492 [info] > git status -z -uall [84ms]
2023-11-14 15:56:11.511 [info] > git config --get commit.template [6ms]
2023-11-14 15:56:11.511 [info] > git for-each-ref --format=%(refname)%00%(upstream:short)%00%(objectname)%00%(upstream:track)%00%(upstream:remotename)%00%(upstream:remoteref) refs/heads/master refs/remotes/master [1ms]
2023-11-14 15:56:11.600 [info] > git status -z -uall [84ms]
2023-11-14 15:56:16.617 [info] > git config --get commit.template [7ms]
2023-11-14 15:56:16.618 [info] > git for-each-ref --format=%(refname)%00%(upstream:short)%00%(objectname)%00%(upstream:track)%00%(upstream:remotename)%00%(upstream:remoteref) refs/heads/master refs/remotes/master [1ms]
2023-11-14 15:56:16.709 [info] > git status -z -uall [85ms]
2023-11-14 15:56:21.727 [info] > git config --get commit.template [6ms]
2023-11-14 15:56:21.728 [info] > git for-each-ref --format=%(refname)%00%(upstream:short)%00%(objectname)%00%(upstream:track)%00%(upstream:remotename)%00%(upstream:remoteref) refs/heads/master refs/remotes/master [1ms]
2023-11-14 15:56:21.816 [info] > git status -z -uall [83ms]
2023-11-14 15:57:11.346 [info] > git config --get commit.template [1ms]
2023-11-14 15:57:11.355 [info] > git for-each-ref --format=%(refname)%00%(upstream:short)%00%(objectname)%00%(upstream:track)%00%(upstream:remotename)%00%(upstream:remoteref) refs/heads/master refs/remotes/master [2ms]
2023-11-14 15:57:11.448 [info] > git status -z -uall [87ms]
2023-11-14 15:57:12.071 [info] > git check-ignore -v -z --stdin [4ms]
2023-11-14 15:57:16.477 [info] > git config --get commit.template [2ms]
2023-11-14 15:57:16.491 [info] > git for-each-ref --format=%(refname)%00%(upstream:short)%00%(objectname)%00%(upstream:track)%00%(upstream:remotename)%00%(upstream:remoteref) refs/heads/master refs/remotes/master [2ms]
2023-11-14 15:57:16.594 [info] > git status -z -uall [95ms]
2023-11-14 15:57:21.606 [info] > git config --get commit.template [1ms]
2023-11-14 15:57:21.614 [info] > git for-each-ref --format=%(refname)%00%(upstream:short)%00%(objectname)%00%(upstream:track)%00%(upstream:remotename)%00%(upstream:remoteref) refs/heads/master refs/remotes/master [2ms]
2023-11-14 15:57:21.708 [info] > git status -z -uall [88ms]
2023-11-14 15:57:26.725 [info] > git config --get commit.template [6ms]
2023-11-14 15:57:26.725 [info] > git for-each-ref --format=%(refname)%00%(upstream:short)%00%(objectname)%00%(upstream:track)%00%(upstream:remotename)%00%(upstream:remoteref) refs/heads/master refs/remotes/master [1ms]
2023-11-14 15:57:26.818 [info] > git status -z -uall [88ms]
2023-11-14 15:57:31.840 [info] > git config --get commit.template [8ms]
2023-11-14 15:57:31.841 [info] > git for-each-ref --format=%(refname)%00%(upstream:short)%00%(objectname)%00%(upstream:track)%00%(upstream:remotename)%00%(upstream:remoteref) refs/heads/master refs/remotes/master [2ms]
2023-11-14 15:57:31.938 [info] > git status -z -uall [91ms]
2023-11-14 15:57:36.958 [info] > git config --get commit.template [7ms]
2023-11-14 15:57:36.959 [info] > git for-each-ref --format=%(refname)%00%(upstream:short)%00%(objectname)%00%(upstream:track)%00%(upstream:remotename)%00%(upstream:remoteref) refs/heads/master refs/remotes/master [1ms]
2023-11-14 15:57:37.054 [info] > git status -z -uall [88ms]
2023-11-14 15:57:42.067 [info] > git config --get commit.template [0ms]
2023-11-14 15:57:42.073 [info] > git for-each-ref --format=%(refname)%00%(upstream:short)%00%(objectname)%00%(upstream:track)%00%(upstream:remotename)%00%(upstream:remoteref) refs/heads/master refs/remotes/master [1ms]
2023-11-14 15:57:42.164 [info] > git status -z -uall [86ms]
2023-11-14 15:57:47.176 [info] > git config --get commit.template [1ms]
2023-11-14 15:57:47.183 [info] > git for-each-ref --format=%(refname)%00%(upstream:short)%00%(objectname)%00%(upstream:track)%00%(upstream:remotename)%00%(upstream:remoteref) refs/heads/master refs/remotes/master [2ms]
2023-11-14 15:57:47.274 [info] > git status -z -uall [85ms]
2023-11-14 15:57:52.295 [info] > git config --get commit.template [8ms]
2023-11-14 15:57:52.296 [info] > git for-each-ref --format=%(refname)%00%(upstream:short)%00%(objectname)%00%(upstream:track)%00%(upstream:remotename)%00%(upstream:remoteref) refs/heads/master refs/remotes/master [1ms]
2023-11-14 15:57:52.386 [info] > git status -z -uall [85ms]
2023-11-14 15:57:57.406 [info] > git config --get commit.template [7ms]
2023-11-14 15:57:57.406 [info] > git for-each-ref --format=%(refname)%00%(upstream:short)%00%(objectname)%00%(upstream:track)%00%(upstream:remotename)%00%(upstream:remoteref) refs/heads/master refs/remotes/master [1ms]
2023-11-14 15:57:57.499 [info] > git status -z -uall [87ms]
2023-11-14 15:58:02.522 [info] > git config --get commit.template [9ms]
2023-11-14 15:58:02.522 [info] > git for-each-ref --format=%(refname)%00%(upstream:short)%00%(objectname)%00%(upstream:track)%00%(upstream:remotename)%00%(upstream:remoteref) refs/heads/master refs/remotes/master [2ms]
2023-11-14 15:58:02.612 [info] > git status -z -uall [85ms]
2023-11-14 15:58:07.629 [info] > git config --get commit.template [5ms]
2023-11-14 15:58:07.630 [info] > git for-each-ref --format=%(refname)%00%(upstream:short)%00%(objectname)%00%(upstream:track)%00%(upstream:remotename)%00%(upstream:remoteref) refs/heads/master refs/remotes/master [1ms]
2023-11-14 15:58:07.725 [info] > git status -z -uall [87ms]
2023-11-14 15:58:12.741 [info] > git config --get commit.template [6ms]
2023-11-14 15:58:12.742 [info] > git for-each-ref --format=%(refname)%00%(upstream:short)%00%(objectname)%00%(upstream:track)%00%(upstream:remotename)%00%(upstream:remoteref) refs/heads/master refs/remotes/master [1ms]
2023-11-14 15:58:12.838 [info] > git status -z -uall [90ms]
2023-11-14 15:58:17.855 [info] > git config --get commit.template [7ms]
2023-11-14 15:58:17.856 [info] > git for-each-ref --format=%(refname)%00%(upstream:short)%00%(objectname)%00%(upstream:track)%00%(upstream:remotename)%00%(upstream:remoteref) refs/heads/master refs/remotes/master [1ms]
2023-11-14 15:58:17.949 [info] > git status -z -uall [88ms]
2023-11-14 15:58:52.829 [info] > git config --get commit.template [1ms]
2023-11-14 15:58:52.840 [info] > git for-each-ref --format=%(refname)%00%(upstream:short)%00%(objectname)%00%(upstream:track)%00%(upstream:remotename)%00%(upstream:remoteref) refs/heads/master refs/remotes/master [2ms]
2023-11-14 15:58:52.943 [info] > git status -z -uall [96ms]
2023-11-14 15:58:57.952 [info] > git config --get commit.template [1ms]
2023-11-14 15:58:57.960 [info] > git for-each-ref --format=%(refname)%00%(upstream:short)%00%(objectname)%00%(upstream:track)%00%(upstream:remotename)%00%(upstream:remoteref) refs/heads/master refs/remotes/master [2ms]
2023-11-14 15:58:58.052 [info] > git status -z -uall [87ms]
2023-11-14 15:59:03.070 [info] > git config --get commit.template [7ms]
2023-11-14 15:59:03.070 [info] > git for-each-ref --format=%(refname)%00%(upstream:short)%00%(objectname)%00%(upstream:track)%00%(upstream:remotename)%00%(upstream:remoteref) refs/heads/master refs/remotes/master [2ms]
2023-11-14 15:59:03.160 [info] > git status -z -uall [84ms]
2023-11-14 15:59:08.171 [info] > git config --get commit.template [1ms]
2023-11-14 15:59:08.177 [info] > git for-each-ref --format=%(refname)%00%(upstream:short)%00%(objectname)%00%(upstream:track)%00%(upstream:remotename)%00%(upstream:remoteref) refs/heads/master refs/remotes/master [1ms]
2023-11-14 15:59:08.266 [info] > git status -z -uall [84ms]
2023-11-14 15:59:13.283 [info] > git for-each-ref --format=%(refname)%00%(upstream:short)%00%(objectname)%00%(upstream:track)%00%(upstream:remotename)%00%(upstream:remoteref) refs/heads/master refs/remotes/master [1ms]
2023-11-14 15:59:13.283 [info] > git config --get commit.template [8ms]
2023-11-14 15:59:13.382 [info] > git status -z -uall [92ms]
2023-11-14 15:59:15.427 [info] > git config --local branch.master.github-pr-owner-number [1ms]
2023-11-14 15:59:15.441 [info] > git config --get commit.template [7ms]
2023-11-14 15:59:15.442 [info] > git for-each-ref --format=%(refname)%00%(upstream:short)%00%(objectname)%00%(upstream:track)%00%(upstream:remotename)%00%(upstream:remoteref) refs/heads/master refs/remotes/master [1ms]
2023-11-14 15:59:15.539 [info] > git status -z -uall [92ms]
2023-11-14 15:59:18.392 [info] > git config --get commit.template [1ms]
2023-11-14 15:59:18.399 [info] > git for-each-ref --format=%(refname)%00%(upstream:short)%00%(objectname)%00%(upstream:track)%00%(upstream:remotename)%00%(upstream:remoteref) refs/heads/master refs/remotes/master [1ms]
2023-11-14 15:59:18.491 [info] > git status -z -uall [87ms]
2023-11-14 15:59:23.508 [info] > git config --get commit.template [7ms]
2023-11-14 15:59:23.509 [info] > git for-each-ref --format=%(refname)%00%(upstream:short)%00%(objectname)%00%(upstream:track)%00%(upstream:remotename)%00%(upstream:remoteref) refs/heads/master refs/remotes/master [1ms]
2023-11-14 15:59:23.604 [info] > git status -z -uall [91ms]
2023-11-14 15:59:30.275 [info] > git config --get commit.template [1ms]
2023-11-14 15:59:30.284 [info] > git for-each-ref --format=%(refname)%00%(upstream:short)%00%(objectname)%00%(upstream:track)%00%(upstream:remotename)%00%(upstream:remoteref) refs/heads/master refs/remotes/master [1ms]
2023-11-14 15:59:30.375 [info] > git status -z -uall [85ms]
2023-11-14 15:59:35.393 [info] > git config --get commit.template [6ms]
2023-11-14 15:59:35.394 [info] > git for-each-ref --format=%(refname)%00%(upstream:short)%00%(objectname)%00%(upstream:track)%00%(upstream:remotename)%00%(upstream:remoteref) refs/heads/master refs/remotes/master [1ms]
2023-11-14 15:59:35.482 [info] > git status -z -uall [83ms]
2023-11-14 15:59:40.500 [info] > git config --get commit.template [7ms]
2023-11-14 15:59:40.501 [info] > git for-each-ref --format=%(refname)%00%(upstream:short)%00%(objectname)%00%(upstream:track)%00%(upstream:remotename)%00%(upstream:remoteref) refs/heads/master refs/remotes/master [1ms]
2023-11-14 15:59:40.591 [info] > git status -z -uall [86ms]
2023-11-14 15:59:45.607 [info] > git config --get commit.template [5ms]
2023-11-14 15:59:45.607 [info] > git for-each-ref --format=%(refname)%00%(upstream:short)%00%(objectname)%00%(upstream:track)%00%(upstream:remotename)%00%(upstream:remoteref) refs/heads/master refs/remotes/master [1ms]
2023-11-14 15:59:45.695 [info] > git status -z -uall [83ms]
2023-11-14 15:59:50.710 [info] > git config --get commit.template [5ms]
2023-11-14 15:59:50.711 [info] > git for-each-ref --format=%(refname)%00%(upstream:short)%00%(objectname)%00%(upstream:track)%00%(upstream:remotename)%00%(upstream:remoteref) refs/heads/master refs/remotes/master [1ms]
2023-11-14 15:59:50.804 [info] > git status -z -uall [87ms]
2023-11-14 15:59:55.815 [info] > git config --get commit.template [1ms]
2023-11-14 15:59:55.823 [info] > git for-each-ref --format=%(refname)%00%(upstream:short)%00%(objectname)%00%(upstream:track)%00%(upstream:remotename)%00%(upstream:remoteref) refs/heads/master refs/remotes/master [1ms]
2023-11-14 15:59:55.913 [info] > git status -z -uall [84ms]
2023-11-14 16:00:00.923 [info] > git config --get commit.template [1ms]
2023-11-14 16:00:00.930 [info] > git for-each-ref --format=%(refname)%00%(upstream:short)%00%(objectname)%00%(upstream:track)%00%(upstream:remotename)%00%(upstream:remoteref) refs/heads/master refs/remotes/master [2ms]
2023-11-14 16:00:01.028 [info] > git status -z -uall [93ms]
2023-11-14 16:00:06.045 [info] > git config --get commit.template [5ms]
2023-11-14 16:00:06.045 [info] > git for-each-ref --format=%(refname)%00%(upstream:short)%00%(objectname)%00%(upstream:track)%00%(upstream:remotename)%00%(upstream:remoteref) refs/heads/master refs/remotes/master [1ms]
2023-11-14 16:00:06.137 [info] > git status -z -uall [87ms]
2023-11-14 16:00:11.152 [info] > git config --get commit.template [6ms]
2023-11-14 16:00:11.152 [info] > git for-each-ref --format=%(refname)%00%(upstream:short)%00%(objectname)%00%(upstream:track)%00%(upstream:remotename)%00%(upstream:remoteref) refs/heads/master refs/remotes/master [1ms]
2023-11-14 16:00:11.241 [info] > git status -z -uall [84ms]
2023-11-14 16:00:16.276 [info] > git config --get commit.template [11ms]
2023-11-14 16:00:16.277 [info] > git for-each-ref --format=%(refname)%00%(upstream:short)%00%(objectname)%00%(upstream:track)%00%(upstream:remotename)%00%(upstream:remoteref) refs/heads/master refs/remotes/master [2ms]
2023-11-14 16:00:16.370 [info] > git status -z -uall [86ms]
2023-11-14 16:01:02.791 [info] > git config --get commit.template [1ms]
2023-11-14 16:01:02.800 [info] > git for-each-ref --format=%(refname)%00%(upstream:short)%00%(objectname)%00%(upstream:track)%00%(upstream:remotename)%00%(upstream:remoteref) refs/heads/master refs/remotes/master [2ms]
2023-11-14 16:01:02.896 [info] > git status -z -uall [86ms]
2023-11-14 16:01:32.613 [info] > git config --get commit.template [1ms]
2023-11-14 16:01:32.623 [info] > git for-each-ref --format=%(refname)%00%(upstream:short)%00%(objectname)%00%(upstream:track)%00%(upstream:remotename)%00%(upstream:remoteref) refs/heads/master refs/remotes/master [2ms]
2023-11-14 16:01:32.720 [info] > git status -z -uall [89ms]
2023-11-14 16:02:03.012 [info] > git check-ignore -v -z --stdin [4ms]
2023-11-14 16:02:25.916 [info] > git show --textconv :Coursework/Block27app/src/components/Authenticate.jsx [9ms]
2023-11-14 16:02:25.918 [info] > git ls-files --stage -- /home/tphilly/Coursework/Block27app/src/components/Authenticate.jsx [3ms]
2023-11-14 16:02:26.171 [info] > git check-ignore -v -z --stdin [4ms]
2023-11-14 16:02:37.992 [info] > git show --textconv :Coursework/Block27app/src/components/SignUpForm.jsx [8ms]
2023-11-14 16:02:37.996 [info] > git ls-files --stage -- /home/tphilly/Coursework/Block27app/src/components/SignUpForm.jsx [5ms]
2023-11-14 16:02:38.268 [info] > git check-ignore -v -z --stdin [4ms]
2023-11-14 16:02:58.281 [info] > git show --textconv :Coursework/Block27app/src/components/Authenticate.jsx [9ms]
2023-11-14 16:02:58.284 [info] > git ls-files --stage -- /home/tphilly/Coursework/Block27app/src/components/Authenticate.jsx [3ms]
2023-11-14 16:02:58.775 [info] > git show --textconv :Coursework/Block27app/src/components/SignUpForm.jsx [7ms]
2023-11-14 16:02:58.779 [info] > git ls-files --stage -- /home/tphilly/Coursework/Block27app/src/components/SignUpForm.jsx [5ms]
2023-11-14 16:03:01.822 [info] > git show --textconv :Coursework/Block27app/src/components/Authenticate.jsx [7ms]
2023-11-14 16:03:01.825 [info] > git ls-files --stage -- /home/tphilly/Coursework/Block27app/src/components/Authenticate.jsx [3ms]
2023-11-14 16:03:01.989 [info] > git config --get commit.template [1ms]
2023-11-14 16:03:01.998 [info] > git for-each-ref --format=%(refname)%00%(upstream:short)%00%(objectname)%00%(upstream:track)%00%(upstream:remotename)%00%(upstream:remoteref) refs/heads/master refs/remotes/master [2ms]
2023-11-14 16:03:02.090 [info] > git status -z -uall [86ms]
2023-11-14 16:03:03.920 [info] > git show --textconv :Coursework/Block27app/src/components/SignUpForm.jsx [8ms]
2023-11-14 16:03:03.923 [info] > git ls-files --stage -- /home/tphilly/Coursework/Block27app/src/components/SignUpForm.jsx [4ms]
2023-11-14 16:03:20.235 [info] > git show --textconv :Coursework/Block27app/src/App.jsx [11ms]
2023-11-14 16:03:20.236 [info] > git ls-files --stage -- /home/tphilly/Coursework/Block27app/src/App.jsx [3ms]
2023-11-14 16:03:59.691 [info] > git show --textconv :Coursework/Block27app/src/components/Authenticate.jsx [7ms]
2023-11-14 16:03:59.694 [info] > git ls-files --stage -- /home/tphilly/Coursework/Block27app/src/components/Authenticate.jsx [4ms]
2023-11-14 16:04:15.550 [info] > git config --local branch.master.github-pr-owner-number [1ms]
2023-11-14 16:04:15.557 [info] > git config --get commit.template [0ms]
2023-11-14 16:04:15.563 [info] > git for-each-ref --format=%(refname)%00%(upstream:short)%00%(objectname)%00%(upstream:track)%00%(upstream:remotename)%00%(upstream:remoteref) refs/heads/master refs/remotes/master [1ms]
2023-11-14 16:04:15.652 [info] > git status -z -uall [84ms]
2023-11-14 16:04:18.437 [info] > git show --textconv :Coursework/Block27app/src/main.jsx [8ms]
2023-11-14 16:04:18.440 [info] > git ls-files --stage -- /home/tphilly/Coursework/Block27app/src/main.jsx [4ms]
2023-11-14 16:04:23.751 [info] > git show --textconv :Coursework/Block27app/src/components/Authenticate.jsx [7ms]
2023-11-14 16:04:23.755 [info] > git ls-files --stage -- /home/tphilly/Coursework/Block27app/src/components/Authenticate.jsx [5ms]
2023-11-14 16:07:02.338 [info] > git show --textconv :Coursework/Block27app/src/components/SignUpForm.jsx [7ms]
2023-11-14 16:07:02.342 [info] > git ls-files --stage -- /home/tphilly/Coursework/Block27app/src/components/SignUpForm.jsx [3ms]
2023-11-14 16:08:59.262 [info] > git show --textconv :Coursework/Block27app/src/components/Authenticate.jsx [8ms]
2023-11-14 16:08:59.265 [info] > git ls-files --stage -- /home/tphilly/Coursework/Block27app/src/components/Authenticate.jsx [3ms]
2023-11-14 16:09:13.629 [info] > git show --textconv :Coursework/Block27app/src/App.jsx [7ms]
2023-11-14 16:09:13.633 [info] > git ls-files --stage -- /home/tphilly/Coursework/Block27app/src/App.jsx [4ms]
2023-11-14 16:09:15.663 [info] > git config --local branch.master.github-pr-owner-number [0ms]
2023-11-14 16:09:15.676 [info] > git config --get commit.template [7ms]
2023-11-14 16:09:15.676 [info] > git for-each-ref --format=%(refname)%00%(upstream:short)%00%(objectname)%00%(upstream:track)%00%(upstream:remotename)%00%(upstream:remoteref) refs/heads/master refs/remotes/master [1ms]
2023-11-14 16:09:15.769 [info] > git status -z -uall [87ms]
2023-11-14 16:09:50.417 [info] > git show --textconv :Coursework/Block27app/src/components/Authenticate.jsx [9ms]
2023-11-14 16:09:50.422 [info] > git ls-files --stage -- /home/tphilly/Coursework/Block27app/src/components/Authenticate.jsx [5ms]
2023-11-14 16:10:12.601 [info] > git show --textconv :Coursework/Block27app/src/App.jsx [9ms]
2023-11-14 16:10:12.604 [info] > git ls-files --stage -- /home/tphilly/Coursework/Block27app/src/App.jsx [4ms]
2023-11-14 16:10:16.566 [info] > git show --textconv :Coursework/Block27app/src/components/Authenticate.jsx [7ms]
2023-11-14 16:10:16.569 [info] > git ls-files --stage -- /home/tphilly/Coursework/Block27app/src/components/Authenticate.jsx [4ms]
2023-11-14 16:10:41.251 [info] > git show --textconv :Coursework/Block27app/src/components/SignUpForm.jsx [8ms]
2023-11-14 16:10:41.254 [info] > git ls-files --stage -- /home/tphilly/Coursework/Block27app/src/components/SignUpForm.jsx [3ms]
2023-11-14 16:11:31.029 [info] > git show --textconv :Coursework/Block27app/src/components/Authenticate.jsx [7ms]
2023-11-14 16:11:31.033 [info] > git ls-files --stage -- /home/tphilly/Coursework/Block27app/src/components/Authenticate.jsx [5ms]
2023-11-14 16:11:32.687 [info] > git show --textconv :Coursework/Block27app/src/App.jsx [11ms]
2023-11-14 16:11:32.691 [info] > git ls-files --stage -- /home/tphilly/Coursework/Block27app/src/App.jsx [5ms]
2023-11-14 16:11:34.280 [info] > git show --textconv :Coursework/Block27app/src/components/SignUpForm.jsx [7ms]
2023-11-14 16:11:34.283 [info] > git ls-files --stage -- /home/tphilly/Coursework/Block27app/src/components/SignUpForm.jsx [5ms]
2023-11-14 16:12:14.795 [info] > git show --textconv :Coursework/Block27app/src/App.jsx [8ms]
2023-11-14 16:12:14.799 [info] > git ls-files --stage -- /home/tphilly/Coursework/Block27app/src/App.jsx [5ms]
2023-11-14 16:12:29.979 [info] > git show --textconv :Coursework/Block27app/src/components/SignUpForm.jsx [8ms]
2023-11-14 16:12:29.982 [info] > git ls-files --stage -- /home/tphilly/Coursework/Block27app/src/components/SignUpForm.jsx [4ms]
2023-11-14 16:14:15.780 [info] > git config --local branch.master.github-pr-owner-number [0ms]
2023-11-14 16:14:15.787 [info] > git config --get commit.template [0ms]
2023-11-14 16:14:15.792 [info] > git for-each-ref --format=%(refname)%00%(upstream:short)%00%(objectname)%00%(upstream:track)%00%(upstream:remotename)%00%(upstream:remoteref) refs/heads/master refs/remotes/master [1ms]
2023-11-14 16:14:15.885 [info] > git status -z -uall [87ms]
2023-11-14 16:19:03.382 [info] > git show --textconv :Coursework/Block27app/src/components/Authenticate.jsx [12ms]
2023-11-14 16:19:03.387 [info] > git ls-files --stage -- /home/tphilly/Coursework/Block27app/src/components/Authenticate.jsx [5ms]
2023-11-14 16:19:06.395 [info] > git show --textconv :Coursework/Block27app/src/components/SignUpForm.jsx [12ms]
2023-11-14 16:19:06.399 [info] > git ls-files --stage -- /home/tphilly/Coursework/Block27app/src/components/SignUpForm.jsx [4ms]
2023-11-14 16:19:10.276 [info] > git show --textconv :Coursework/Block27app/src/components/Authenticate.jsx [10ms]
2023-11-14 16:19:10.279 [info] > git ls-files --stage -- /home/tphilly/Coursework/Block27app/src/components/Authenticate.jsx [4ms]
2023-11-14 16:19:15.896 [info] > git config --local branch.master.github-pr-owner-number [2ms]
2023-11-14 16:19:15.911 [info] > git config --get commit.template [7ms]
2023-11-14 16:19:15.912 [info] > git for-each-ref --format=%(refname)%00%(upstream:short)%00%(objectname)%00%(upstream:track)%00%(upstream:remotename)%00%(upstream:remoteref) refs/heads/master refs/remotes/master [1ms]
2023-11-14 16:19:16.005 [info] > git status -z -uall [88ms]
2023-11-14 16:19:16.372 [info] > git show --textconv :Coursework/Block27app/src/components/SignUpForm.jsx [9ms]
2023-11-14 16:19:16.375 [info] > git ls-files --stage -- /home/tphilly/Coursework/Block27app/src/components/SignUpForm.jsx [4ms]
2023-11-14 16:19:46.391 [info] > git show --textconv :Coursework/Block27app/src/components/Authenticate.jsx [12ms]
2023-11-14 16:19:46.398 [info] > git ls-files --stage -- /home/tphilly/Coursework/Block27app/src/components/Authenticate.jsx [8ms]
2023-11-14 16:21:36.062 [info] > git show --textconv :Coursework/Block27app/src/components/SignUpForm.jsx [9ms]
2023-11-14 16:21:36.066 [info] > git ls-files --stage -- /home/tphilly/Coursework/Block27app/src/components/SignUpForm.jsx [5ms]
2023-11-14 16:21:36.539 [info] > git show --textconv :Coursework/Block27app/src/App.jsx [8ms]
2023-11-14 16:21:36.542 [info] > git ls-files --stage -- /home/tphilly/Coursework/Block27app/src/App.jsx [4ms]
2023-11-14 16:24:16.016 [info] > git config --local branch.master.github-pr-owner-number [0ms]
2023-11-14 16:24:16.033 [info] > git config --get commit.template [8ms]
2023-11-14 16:24:16.033 [info] > git for-each-ref --format=%(refname)%00%(upstream:short)%00%(objectname)%00%(upstream:track)%00%(upstream:remotename)%00%(upstream:remoteref) refs/heads/master refs/remotes/master [1ms]
2023-11-14 16:24:16.144 [info] > git status -z -uall [106ms]
2023-11-14 16:24:37.735 [info] > git check-ignore -v -z --stdin [13ms]
2023-11-14 16:24:48.601 [info] > git add -A -- . [132ms]
2023-11-14 16:24:48.644 [info] > git -c user.useConfigOnly=true commit --quiet --allow-empty-message --file - [36ms]
2023-11-14 16:24:48.652 [info] > git config --get commit.template [1ms]
2023-11-14 16:24:48.662 [info] > git config --get commit.template [1ms]
2023-11-14 16:24:48.670 [info] > git for-each-ref --format=%(refname)%00%(upstream:short)%00%(objectname)%00%(upstream:track)%00%(upstream:remotename)%00%(upstream:remoteref) refs/heads/master refs/remotes/master [1ms]
2023-11-14 16:24:48.763 [info] > git status -z -uall [87ms]
2023-11-14 16:24:48.960 [info] > git config --local branch.master.github-pr-owner-number [6ms]
2023-11-14 16:24:48.976 [info] > git config --get commit.template [7ms]
2023-11-14 16:24:48.977 [info] > git config --get commit.template [2ms]
2023-11-14 16:24:49.000 [info] > git for-each-ref --format=%(refname)%00%(upstream:short)%00%(objectname)%00%(upstream:track)%00%(upstream:remotename)%00%(upstream:remoteref) refs/heads/master refs/remotes/master [16ms]
2023-11-14 16:24:49.003 [info] > git for-each-ref --format=%(refname)%00%(upstream:short)%00%(objectname)%00%(upstream:track)%00%(upstream:remotename)%00%(upstream:remoteref) refs/heads/master refs/remotes/master [11ms]
2023-11-14 16:24:49.103 [info] > git status -z -uall [90ms]
2023-11-14 16:24:49.152 [info] > git config --get commit.template [10ms]
2023-11-14 16:24:49.159 [info] > git for-each-ref --format=%(refname)%00%(upstream:short)%00%(objectname)%00%(upstream:track)%00%(upstream:remotename)%00%(upstream:remoteref) refs/heads/master refs/remotes/master [1ms]
2023-11-14 16:24:49.253 [info] > git status -z -uall [87ms]
2023-11-14 16:24:49.472 [info] > git check-ignore -v -z --stdin [5ms]
2023-11-14 16:24:50.004 [info] > git ls-files --stage -- /home/tphilly/Coursework/Block27app/src/App.jsx [4ms]
2023-11-14 16:24:50.017 [info] > git show --textconv :Coursework/Block27app/src/App.jsx [3ms]
2023-11-14 16:28:04.947 [info] > git add -A -- . [127ms]
2023-11-14 16:28:05.432 [info] > git show --textconv :.git/COMMIT_EDITMSG [7ms]
2023-11-14 16:28:05.436 [info] > git ls-files --stage -- /home/tphilly/.git/COMMIT_EDITMSG [4ms]
2023-11-14 16:28:05.691 [info] > git check-ignore -v -z --stdin [6ms]
2023-11-14 16:28:06.271 [info] > git ls-files --stage -- /home/tphilly/.git/COMMIT_EDITMSG [4ms]
2023-11-14 16:28:06.284 [info] > git show --textconv :.git/COMMIT_EDITMSG [3ms]
2023-11-14 16:28:17.339 [info] > git ls-files --stage -- /home/tphilly/.git/COMMIT_EDITMSG [5ms]
2023-11-14 16:28:17.352 [info] > git show --textconv :.git/COMMIT_EDITMSG [3ms]
2023-11-14 16:28:56.338 [info] > git ls-files --stage -- /home/tphilly/.git/COMMIT_EDITMSG [4ms]
2023-11-14 16:28:56.350 [info] > git show --textconv :.git/COMMIT_EDITMSG [3ms]
2023-11-14 16:28:59.561 [info] > git ls-files --stage -- /home/tphilly/.git/COMMIT_EDITMSG [3ms]
2023-11-14 16:28:59.577 [info] > git show --textconv :.git/COMMIT_EDITMSG [4ms]
2023-11-14 16:29:16.157 [info] > git config --local branch.master.github-pr-owner-number [1ms]
2023-11-14 16:29:16.165 [info] > git config --get commit.template [1ms]
2023-11-14 16:29:16.173 [info] > git for-each-ref --format=%(refname)%00%(upstream:short)%00%(objectname)%00%(upstream:track)%00%(upstream:remotename)%00%(upstream:remoteref) refs/heads/master refs/remotes/master [1ms]
2023-11-14 16:29:16.263 [info] > git status -z -uall [84ms]
2023-11-14 16:29:16.938 [info] > git check-ignore -v -z --stdin [13ms]
2023-11-14 16:29:30.697 [info] > git ls-files --stage -- /home/tphilly/.git/COMMIT_EDITMSG [4ms]
2023-11-14 16:29:30.713 [info] > git show --textconv :.git/COMMIT_EDITMSG [5ms]
2023-11-14 16:29:32.394 [info] > git ls-files --stage -- /home/tphilly/.git/COMMIT_EDITMSG [3ms]
2023-11-14 16:29:32.408 [info] > git show --textconv :.git/COMMIT_EDITMSG [4ms]
2023-11-14 16:32:20.824 [info] > git show --textconv :Coursework/Block27app/src/components/Authenticate.jsx [11ms]
2023-11-14 16:32:20.827 [info] > git ls-files --stage -- /home/tphilly/Coursework/Block27app/src/components/Authenticate.jsx [4ms]
2023-11-14 16:32:21.567 [info] > git show --textconv :Coursework/Block27app/src/components/SignUpForm.jsx [8ms]
2023-11-14 16:32:21.570 [info] > git ls-files --stage -- /home/tphilly/Coursework/Block27app/src/components/SignUpForm.jsx [3ms]
2023-11-14 16:32:22.211 [info] > git show --textconv :.git/COMMIT_EDITMSG [8ms]
2023-11-14 16:32:22.214 [info] > git ls-files --stage -- /home/tphilly/.git/COMMIT_EDITMSG [4ms]
2023-11-14 16:34:16.273 [info] > git config --local branch.master.github-pr-owner-number [1ms]
2023-11-14 16:34:16.287 [info] > git config --get commit.template [7ms]
2023-11-14 16:34:16.287 [info] > git for-each-ref --format=%(refname)%00%(upstream:short)%00%(objectname)%00%(upstream:track)%00%(upstream:remotename)%00%(upstream:remoteref) refs/heads/master refs/remotes/master [1ms]
2023-11-14 16:34:16.380 [info] > git status -z -uall [87ms]
2023-11-14 16:34:17.008 [info] > git check-ignore -v -z --stdin [6ms]
2023-11-14 16:39:16.392 [info] > git config --local branch.master.github-pr-owner-number [1ms]
2023-11-14 16:39:16.401 [info] > git config --get commit.template [2ms]
2023-11-14 16:39:16.408 [info] > git for-each-ref --format=%(refname)%00%(upstream:short)%00%(objectname)%00%(upstream:track)%00%(upstream:remotename)%00%(upstream:remoteref) refs/heads/master refs/remotes/master [2ms]
2023-11-14 16:39:16.505 [info] > git status -z -uall [89ms]
2023-11-14 16:39:32.538 [info] > git -c user.useConfigOnly=true commit --quiet [687585ms]
2023-11-14 16:39:32.549 [info] > git config --get commit.template [1ms]
2023-11-14 16:39:32.559 [info] > git for-each-ref --format=%(refname)%00%(upstream:short)%00%(objectname)%00%(upstream:track)%00%(upstream:remotename)%00%(upstream:remoteref) refs/heads/master refs/remotes/master [2ms]
2023-11-14 16:39:32.663 [info] > git status -z -uall [96ms]
2023-11-14 16:39:32.798 [info] > git config --get commit.template [5ms]
2023-11-14 16:39:32.808 [info] > git for-each-ref --format=%(refname)%00%(upstream:short)%00%(objectname)%00%(upstream:track)%00%(upstream:remotename)%00%(upstream:remoteref) refs/heads/master refs/remotes/master [1ms]
2023-11-14 16:39:32.854 [info] > git config --local branch.master.github-pr-owner-number [5ms]
2023-11-14 16:39:32.867 [info] > git status -z -uall [52ms] (cancelled)
2023-11-14 16:39:32.869 [info] > git config --get commit.template [3ms]
2023-11-14 16:39:32.892 [info] > git for-each-ref --format=%(refname)%00%(upstream:short)%00%(objectname)%00%(upstream:track)%00%(upstream:remotename)%00%(upstream:remoteref) refs/heads/master refs/remotes/master [3ms]
2023-11-14 16:39:33.019 [info] > git status -z -uall [118ms]
2023-11-14 16:39:33.124 [info] > git show --textconv :Coursework/Block27app/src/components/SignUpForm.jsx [12ms]
2023-11-14 16:39:33.128 [info] > git ls-files --stage -- /home/tphilly/Coursework/Block27app/src/components/SignUpForm.jsx [9ms]
2023-11-14 16:39:37.797 [info] > git ls-files --stage -- /home/tphilly/Coursework/Block27app/src/components/SignUpForm.jsx [12ms]
2023-11-14 16:39:37.798 [info] > git log --oneline --cherry master...master@{upstream} -- [2ms]
2023-11-14 16:39:37.874 [info] > git show --textconv :Coursework/Block27app/src/components/SignUpForm.jsx [4ms]
2023-11-14 16:39:38.429 [info] > git pull --tags origin master [623ms]
2023-11-14 16:39:38.429 [info] From https://github.com/TheTroyPhillips/tphilly
 * branch              master     -> FETCH_HEAD
2023-11-14 16:39:39.749 [info] > git ls-files --stage -- /home/tphilly/Coursework/Block27app/src/components/SignUpForm.jsx [7ms]
2023-11-14 16:39:39.783 [info] > git show --textconv :Coursework/Block27app/src/components/SignUpForm.jsx [4ms]
2023-11-14 16:42:12.208 [info] > git push origin master:master [153772ms]
2023-11-14 16:42:12.208 [info] remote: warning: See https://gh.io/lfs for more information.        
remote: warning: File .vscode-server/bin/1a5daa3a0231a0fbba4f14db7ec463cf99d7768e/node is 86.60 MB; this is larger than GitHub's recommended maximum file size of 50.00 MB        
remote: warning: GH001: Large files detected. You may want to try Git Large File Storage - https://git-lfs.github.com.        
To https://github.com/TheTroyPhillips/tphilly.git
   b5725bcd..71948a7c  master -> master
2023-11-14 16:42:12.227 [info] > git config --get commit.template [10ms]
2023-11-14 16:42:12.228 [info] > git for-each-ref --format=%(refname)%00%(upstream:short)%00%(objectname)%00%(upstream:track)%00%(upstream:remotename)%00%(upstream:remoteref) refs/heads/master refs/remotes/master [2ms]
2023-11-14 16:42:12.321 [info] > git status -z -uall [87ms]
2023-11-14 16:42:12.513 [info] > git config --local branch.master.github-pr-owner-number [114ms]
2023-11-14 16:42:12.523 [info] > git config --get commit.template [10ms]
2023-11-14 16:42:12.524 [info] > git config --get commit.template [2ms]
2023-11-14 16:42:12.539 [info] > git for-each-ref --format=%(refname)%00%(upstream:short)%00%(objectname)%00%(upstream:track)%00%(upstream:remotename)%00%(upstream:remoteref) refs/heads/master refs/remotes/master [9ms]
2023-11-14 16:42:12.542 [info] > git for-each-ref --format=%(refname)%00%(upstream:short)%00%(objectname)%00%(upstream:track)%00%(upstream:remotename)%00%(upstream:remoteref) refs/heads/master refs/remotes/master [3ms]
2023-11-14 16:42:12.637 [info] > git status -z -uall [88ms]
2023-11-14 16:42:13.614 [info] > git ls-files --stage -- /home/tphilly/Coursework/Block27app/src/components/SignUpForm.jsx [4ms]
2023-11-14 16:42:13.627 [info] > git show --textconv :Coursework/Block27app/src/components/SignUpForm.jsx [4ms]
2023-11-14 16:44:16.516 [info] > git config --local branch.master.github-pr-owner-number [1ms]
2023-11-14 16:44:16.528 [info] > git config --get commit.template [0ms]
2023-11-14 16:44:16.539 [info] > git for-each-ref --format=%(refname)%00%(upstream:short)%00%(objectname)%00%(upstream:track)%00%(upstream:remotename)%00%(upstream:remoteref) refs/heads/master refs/remotes/master [1ms]
2023-11-14 16:44:16.633 [info] > git status -z -uall [87ms]
