2023-11-01 21:54:35.706 [info] Activation> Extension version: 0.76.0
2023-11-01 21:54:36.063 [info] Looking for git repository
2023-11-01 21:54:36.063 [info] Found 0 repositories during activation
2023-11-01 21:54:36.063 [info] Git repository found, initializing review manager and pr tree view.
2023-11-01 21:54:36.066 [info] Registering git provider
2023-11-01 21:54:36.066 [info] Review> Validate state in progress
2023-11-01 21:54:36.066 [info] Review> Validating state...
2023-11-01 21:54:36.092 [info] Found GitHub remote for folder /home/tphilly/Coursework/puppy-bowl
2023-11-01 21:54:36.464 [info] Trying to use globalState for assignableUsers.
2023-11-01 21:54:36.612 [info] Repo state for file:///home/tphilly/Coursework/puppy-bowl changed.
2023-11-01 21:54:36.612 [info] Repo file:///home/tphilly/Coursework/puppy-bowl has already been setup.
2023-11-01 21:54:36.613 [info] Review> No matching pull request metadata found locally for current branch main
2023-11-01 21:54:36.645 [info] Using globalState assignableUsers for 1.
2023-11-01 21:54:37.041 [info] Found matching pull request metadata on GitHub for current branch main. Repo: Troy-Phillips-Puppy-Bowl/puppy-bowl PR: 1
2023-11-01 21:54:37.041 [info] PullRequestGitHelper> associate main with Pull Request #1
2023-11-01 21:54:37.078 [info] Review> Found matching pull request metadata for current branch main. Repo: Troy-Phillips-Puppy-Bowl/puppy-bowl PR: 1
2023-11-01 21:54:37.078 [info] Review> current branch main is associated with pull request #1
2023-11-01 21:54:37.078 [info] Review> Resolving pull request
2023-11-01 21:54:37.839 [info] Review> Resolved PR #1, state is 1
2023-11-01 21:54:38.309 [info] Found matching pull request metadata on GitHub for current branch main. Repo: Troy-Phillips-Puppy-Bowl/puppy-bowl PR: 1
2023-11-01 21:54:38.309 [info] PullRequestGitHelper> associate main with Pull Request #1
2023-11-01 21:54:38.360 [info] Review> Fetching pull request data
2023-11-01 21:54:38.360 [info] PullRequestTree> Adding PR #1 to tree
2023-11-01 21:54:38.427 [info] Review> Register comments provider
2023-11-01 21:54:38.428 [info] Review> Register in memory content provider
2023-11-01 21:54:39.094 [info] Review> Display pull request status bar indicator.
2023-11-01 21:54:39.094 [info] Review> Using focus mode = true.
2023-11-01 21:54:39.094 [info] Review> State validation silent = true.
2023-11-01 21:54:39.094 [info] Review> PR show should show = false.
2023-11-02 18:21:31.098 [info] Review> Validate state in progress
2023-11-02 18:21:31.099 [info] Review> Validating state...
2023-11-02 18:21:31.261 [info] Found GitHub remote for folder /home/tphilly/Coursework/puppy-bowl
2023-11-02 18:21:31.263 [info] Trying to use globalState for mentionableUsers.
2023-11-02 18:21:31.263 [info] Using in-memory cached assignable users.
2023-11-02 18:21:31.319 [info] GlobalState does not exist for mentionableUsers.
2023-11-02 18:21:31.402 [info] Review> Found matching pull request metadata for current branch main. Repo: Troy-Phillips-Puppy-Bowl/puppy-bowl PR: 1
2023-11-02 18:21:31.402 [info] Review> current branch main is associated with pull request #1
2023-11-02 18:21:31.402 [info] Review> Resolving pull request
2023-11-02 18:21:40.743 [info] Review> Queuing additional validate state
2023-11-02 18:23:31.099 [error] Review> Timeout occurred while validating state.
2023-11-02 18:23:31.099 [info] Review> Validating state...
2023-11-02 18:23:31.104 [info] Found GitHub remote for folder /home/tphilly/Coursework/puppy-bowl
2023-11-02 18:23:31.105 [info] Using in-memory cached mentionable users.
2023-11-02 18:23:31.105 [info] Using in-memory cached assignable users.
2023-11-02 18:23:31.252 [info] Review> Found matching pull request metadata for current branch main. Repo: Troy-Phillips-Puppy-Bowl/puppy-bowl PR: 1
2023-11-02 18:23:31.252 [info] Review> current branch main is associated with pull request #1
2023-11-02 18:23:31.252 [info] Review> Resolving pull request
2023-11-02 18:25:31.102 [error] Review> Timeout occurred while validating state.
