0 verbose cli /home/tphilly/.nvm/versions/node/v18.17.1/bin/node /home/tphilly/.nvm/versions/node/v18.17.1/bin/npm
1 info using npm@9.6.7
2 info using node@v18.17.1
3 timing npm:load:whichnode Completed in 2ms
4 timing config:load:defaults Completed in 2ms
5 timing config:load:file:/home/tphilly/.nvm/versions/node/v18.17.1/lib/node_modules/npm/npmrc Completed in 2ms
6 timing config:load:builtin Completed in 2ms
7 timing config:load:cli Completed in 1ms
8 timing config:load:env Completed in 0ms
9 timing config:load:file:/home/tphilly/.cache/typescript/5.2/.npmrc Completed in 0ms
10 timing config:load:project Completed in 2ms
11 timing config:load:file:/home/tphilly/.npmrc Completed in 0ms
12 timing config:load:user Completed in 0ms
13 timing config:load:file:/home/tphilly/.nvm/versions/node/v18.17.1/etc/npmrc Completed in 0ms
14 timing config:load:global Completed in 0ms
15 timing config:load:setEnvs Completed in 1ms
16 timing config:load Completed in 8ms
17 timing npm:load:configload Completed in 8ms
18 timing npm:load:mkdirpcache Completed in 0ms
19 timing npm:load:mkdirplogs Completed in 0ms
20 verbose title npm install @types/react@ts5.2 @types/react-dom@ts5.2 @types/eslint@ts5.2
21 verbose argv "install" "--ignore-scripts" "@types/react@ts5.2" "@types/react-dom@ts5.2" "@types/eslint@ts5.2" "--save-dev" "--user-agent" "typesInstaller/5.2.2"
22 timing npm:load:setTitle Completed in 0ms
23 timing config:load:flatten Completed in 2ms
24 timing npm:load:display Completed in 3ms
25 verbose logfile logs-max:10 dir:/home/tphilly/.npm/_logs/2023-11-14T20_46_36_862Z-
26 verbose logfile /home/tphilly/.npm/_logs/2023-11-14T20_46_36_862Z-debug-0.log
27 timing npm:load:logFile Completed in 6ms
28 timing npm:load:timers Completed in 0ms
29 timing npm:load:configScope Completed in 0ms
30 timing npm:load Completed in 21ms
31 timing arborist:ctor Completed in 1ms
32 silly logfile start cleaning logs, removing 1 files
33 silly logfile done cleaning log files
34 timing idealTree:init Completed in 27ms
35 timing arborist:ctor Completed in 0ms
36 http fetch GET 200 https://registry.npmjs.org/@types%2freact-dom 53ms (cache hit)
37 http fetch GET 200 https://registry.npmjs.org/@types%2freact 57ms (cache hit)
38 http fetch GET 200 https://registry.npmjs.org/@types%2feslint 164ms (cache revalidated)
39 timing idealTree:userRequests Completed in 167ms
40 silly idealTree buildDeps
41 silly fetch manifest @types/eslint@8.44.7
42 silly fetch manifest @types/react@18.2.37
43 silly fetch manifest @types/react-dom@18.2.15
44 silly placeDep ROOT @types/eslint@8.44.7 REPLACE for:  want: 8.44.7
45 silly placeDep ROOT @types/react@18.2.37 REPLACE for:  want: 18.2.37
46 silly placeDep ROOT @types/react-dom@18.2.15 REPLACE for:  want: 18.2.15
47 timing idealTree:#root Completed in 7ms
48 timing idealTree:node_modules/@types/eslint Completed in 0ms
49 timing idealTree:node_modules/@types/react Completed in 0ms
50 timing idealTree:node_modules/@types/react-dom Completed in 0ms
51 timing idealTree:buildDeps Completed in 9ms
52 timing idealTree:fixDepFlags Completed in 0ms
53 timing idealTree Completed in 205ms
54 timing reify:loadTrees Completed in 206ms
55 timing reify:diffTrees Completed in 1ms
56 silly reify moves {}
57 timing reify:retireShallow Completed in 1ms
58 timing reify:createSparse Completed in 0ms
59 timing reify:loadBundles Completed in 0ms
60 silly audit bulk request {
60 silly audit   '@babel/helper-string-parser': [ '7.22.5' ],
60 silly audit   '@babel/helper-validator-identifier': [ '7.22.20' ],
60 silly audit   '@babel/parser': [ '7.23.0' ],
60 silly audit   '@babel/types': [ '7.23.0' ],
60 silly audit   '@types/babel__code-frame': [ '7.0.6' ],
60 silly audit   '@types/babel__core': [ '7.20.4' ],
60 silly audit   '@types/babel__generator': [ '7.6.7' ],
60 silly audit   '@types/babel__template': [ '7.4.4' ],
60 silly audit   '@types/babel__traverse': [ '7.20.4' ],
60 silly audit   '@types/estree': [ '1.0.4' ],
60 silly audit   '@types/gensync': [ '1.0.3' ],
60 silly audit   '@types/json-schema': [ '7.0.14' ],
60 silly audit   '@types/node': [ '20.8.10' ],
60 silly audit   '@types/prop-types': [ '15.7.9' ],
60 silly audit   '@types/scheduler': [ '0.16.5' ],
60 silly audit   '@types/semver': [ '7.5.5' ],
60 silly audit   csstype: [ '3.1.2' ],
60 silly audit   'to-fast-properties': [ '2.0.0' ],
60 silly audit   'types-registry': [ '0.1.670' ],
60 silly audit   'undici-types': [ '5.26.5' ],
60 silly audit   '@types/eslint': [ '8.44.7' ],
60 silly audit   '@types/react': [ '18.2.37' ],
60 silly audit   '@types/react-dom': [ '18.2.15' ]
60 silly audit }
61 timing reify:unpack Completed in 0ms
62 timing reify:unretire Completed in 0ms
63 timing build:queue Completed in 0ms
64 timing build:deps Completed in 1ms
65 timing build Completed in 1ms
66 timing reify:build Completed in 1ms
67 timing reify:trash Completed in 0ms
68 timing reify:save Completed in 11ms
69 http fetch POST 200 https://registry.npmjs.org/-/npm/v1/security/advisories/bulk 409ms
70 timing auditReport:getReport Completed in 411ms
71 silly audit report {}
72 timing auditReport:init Completed in 0ms
73 timing reify:audit Completed in 412ms
74 timing reify Completed in 624ms
75 timing command:install Completed in 627ms
76 verbose exit 0
77 timing npm Completed in 761ms
78 info ok
