0 verbose cli /home/tphilly/.nvm/versions/node/v18.17.1/bin/node /home/tphilly/.nvm/versions/node/v18.17.1/bin/npm
1 info using npm@9.6.7
2 info using node@v18.17.1
3 timing npm:load:whichnode Completed in 3ms
4 timing config:load:defaults Completed in 2ms
5 timing config:load:file:/home/tphilly/.nvm/versions/node/v18.17.1/lib/node_modules/npm/npmrc Completed in 0ms
6 timing config:load:builtin Completed in 0ms
7 timing config:load:cli Completed in 2ms
8 timing config:load:env Completed in 0ms
9 timing config:load:file:/home/tphilly/.cache/typescript/5.1/.npmrc Completed in 0ms
10 timing config:load:project Completed in 3ms
11 timing config:load:file:/home/tphilly/.npmrc Completed in 0ms
12 timing config:load:user Completed in 0ms
13 timing config:load:file:/home/tphilly/.nvm/versions/node/v18.17.1/etc/npmrc Completed in 0ms
14 timing config:load:global Completed in 0ms
15 timing config:load:setEnvs Completed in 1ms
16 timing config:load Completed in 8ms
17 timing npm:load:configload Completed in 8ms
18 timing npm:load:mkdirpcache Completed in 0ms
19 timing npm:load:mkdirplogs Completed in 1ms
20 verbose title npm install types-registry@latest
21 verbose argv "install" "--ignore-scripts" "types-registry@latest"
22 timing npm:load:setTitle Completed in 1ms
23 timing config:load:flatten Completed in 2ms
24 timing npm:load:display Completed in 3ms
25 verbose logfile logs-max:10 dir:/home/tphilly/.npm/_logs/2023-08-17T00_15_01_890Z-
26 verbose logfile /home/tphilly/.npm/_logs/2023-08-17T00_15_01_890Z-debug-0.log
27 timing npm:load:logFile Completed in 7ms
28 timing npm:load:timers Completed in 0ms
29 timing npm:load:configScope Completed in 0ms
30 timing npm:load Completed in 23ms
31 timing arborist:ctor Completed in 0ms
32 silly logfile done cleaning log files
33 timing idealTree:init Completed in 17ms
34 timing arborist:ctor Completed in 0ms
35 http fetch GET 200 https://registry.npmjs.org/types-registry 16ms (cache hit)
36 timing idealTree:userRequests Completed in 24ms
37 silly idealTree buildDeps
38 silly fetch manifest types-registry@0.1.656
39 silly placeDep ROOT types-registry@0.1.656 REPLACE for:  want: 0.1.656
40 timing idealTree:#root Completed in 5ms
41 timing idealTree:node_modules/types-registry Completed in 0ms
42 timing idealTree:buildDeps Completed in 5ms
43 timing idealTree:fixDepFlags Completed in 0ms
44 timing idealTree Completed in 46ms
45 timing reify:loadTrees Completed in 47ms
46 timing reify:diffTrees Completed in 0ms
47 silly reify moves {}
48 timing reify:retireShallow Completed in 1ms
49 timing reify:createSparse Completed in 0ms
50 timing reify:loadBundles Completed in 0ms
51 silly audit bulk request { 'types-registry': [ '0.1.656' ] }
52 timing reify:unpack Completed in 1ms
53 timing reify:unretire Completed in 0ms
54 timing build:queue Completed in 0ms
55 timing build:deps Completed in 1ms
56 timing build Completed in 1ms
57 timing reify:build Completed in 1ms
58 timing reify:trash Completed in 0ms
59 timing reify:save Completed in 5ms
60 http fetch POST 200 https://registry.npmjs.org/-/npm/v1/security/advisories/bulk 240ms
61 timing auditReport:getReport Completed in 241ms
62 silly audit report {}
63 timing auditReport:init Completed in 0ms
64 timing reify:audit Completed in 242ms
65 timing reify Completed in 295ms
66 timing command:install Completed in 298ms
67 verbose exit 0
68 timing npm Completed in 447ms
69 info ok
