2023-11-02 16:27:27.631 [info] Activation> Extension version: 0.76.0
2023-11-02 16:27:27.825 [info] Looking for git repository
2023-11-02 16:27:27.825 [info] Found 0 repositories during activation
2023-11-02 16:27:27.825 [info] Git repository found, initializing review manager and pr tree view.
2023-11-02 16:27:27.827 [info] Registering git provider
2023-11-02 16:27:27.827 [info] Review> Validate state in progress
2023-11-02 16:27:27.827 [info] Review> Validating state...
2023-11-02 16:27:27.827 [warning] No remotes found. The following remotes are missing: origin, upstream
2023-11-02 16:27:27.827 [info] No GitHub remotes found for folder /home/tphilly
2023-11-02 16:27:28.493 [info] Repo state for file:///home/tphilly changed.
2023-11-02 16:27:28.493 [info] Repo file:///home/tphilly has already been setup.
2023-11-02 16:29:27.826 [error] Review> Timeout occurred while validating state.
2023-11-02 16:33:17.703 [info] Repository file:///home/tphilly/Coursework/vite-project has been opened
2023-11-02 16:33:17.703 [info] Repo file:///home/tphilly/Coursework/vite-project has already been setup.
2023-11-02 16:33:17.740 [info] Repo state for file:///home/tphilly/Coursework/vite-project changed.
2023-11-02 16:33:17.740 [info] Repo file:///home/tphilly/Coursework/vite-project has already been setup.
2023-11-02 16:37:24.815 [info] Review> Queuing additional validate state
2023-11-02 16:37:24.816 [info] Review> Validating state...
2023-11-02 16:37:24.818 [warning] No remotes found. The following remotes are missing: origin, upstream
2023-11-02 16:37:24.818 [info] No GitHub remotes found for folder /home/tphilly
2023-11-02 16:37:26.001 [info] Review> No matching pull request metadata found locally for current branch master
2023-11-02 16:37:26.578 [info] Review> Failed to get upstream for branch master from git config.
2023-11-02 16:37:26.579 [info] Review> No matching pull request metadata found on GitHub for current branch master
2023-11-02 16:37:50.088 [info] Review> Validate state in progress
2023-11-02 16:37:50.088 [info] Review> Validating state...
2023-11-02 16:37:51.148 [info] Found GitHub remote for folder /home/tphilly
2023-11-02 16:37:51.492 [info] Trying to use globalState for assignableUsers.
2023-11-02 16:37:52.171 [info] Review> No matching pull request metadata found locally for current branch master
2023-11-02 16:37:53.156 [info] No globalState for assignableUsers.
2023-11-02 16:37:53.755 [info] Review> Failed to get upstream for branch master from git config.
2023-11-02 16:37:53.756 [info] Review> No matching pull request metadata found on GitHub for current branch master
2023-11-02 16:40:13.509 [info] Review> Validate state in progress
2023-11-02 16:40:13.509 [info] Review> Validating state...
2023-11-02 16:40:14.499 [info] Found GitHub remote for folder /home/tphilly
2023-11-02 16:40:14.500 [info] Using in-memory cached assignable users.
2023-11-02 16:40:15.187 [info] Review> No matching pull request metadata found locally for current branch master
2023-11-02 16:40:16.459 [info] Review> No matching pull request metadata found on GitHub for current branch master
2023-11-02 18:21:10.111 [info] Review> No matching pull request metadata found locally for current branch master
