2023-11-02 19:40:44.086 [info] Activation> Extension version: 0.76.0
2023-11-02 19:40:44.281 [info] Looking for git repository
2023-11-02 19:40:44.281 [info] Found 0 repositories during activation
2023-11-02 19:40:44.282 [info] Git repository found, initializing review manager and pr tree view.
2023-11-02 19:40:44.284 [info] Registering git provider
2023-11-02 19:40:44.284 [info] Review> Validate state in progress
2023-11-02 19:40:44.284 [info] Review> Validating state...
2023-11-02 19:40:44.320 [info] Found GitHub remote for folder /home/tphilly
2023-11-02 19:40:44.669 [info] Trying to use globalState for assignableUsers.
2023-11-02 19:40:44.886 [info] Using globalState assignableUsers for 1.
2023-11-02 19:40:45.491 [info] Repo state for file:///home/tphilly changed.
2023-11-02 19:40:45.491 [info] Repo file:///home/tphilly has already been setup.
2023-11-02 19:42:44.284 [error] Review> Timeout occurred while validating state.
2023-11-02 20:17:39.672 [info] Review> Queuing additional validate state
2023-11-02 20:17:39.672 [info] Review> Validating state...
2023-11-02 20:17:40.587 [info] Found GitHub remote for folder /home/tphilly
2023-11-02 20:17:40.589 [info] Using in-memory cached assignable users.
2023-11-02 20:17:40.900 [info] Review> No matching pull request metadata found locally for current branch master
2023-11-02 20:17:41.211 [info] Review> No matching pull request metadata found on GitHub for current branch master
2023-11-02 21:31:24.706 [info] Review> No matching pull request metadata found locally for current branch master
