2023-10-05 12:05:39.209 [info] Log level: Info
2023-10-05 12:05:39.209 [info] Validating found git in: "git"
2023-10-05 12:05:39.209 [info] Using git "2.34.1" from "git"
2023-10-05 12:05:39.209 [info] > git rev-parse --show-toplevel [550ms]
2023-10-05 12:05:39.209 [info] > git rev-parse --git-dir --git-common-dir [184ms]
2023-10-05 12:05:39.209 [info] Open repository: /home/tphilly
2023-10-05 12:05:39.209 [info] > git rev-parse --show-toplevel [7ms]
2023-10-05 12:05:39.209 [info] > git config --get commit.template [19ms]
2023-10-05 12:05:39.258 [info] No remotes found in the git config file.
2023-10-05 12:05:39.344 [info] > git rev-parse --show-toplevel [119ms]
2023-10-05 12:05:39.456 [info] > git for-each-ref --format=%(refname)%00%(upstream:short)%00%(objectname)%00%(upstream:track)%00%(upstream:remotename)%00%(upstream:remoteref) refs/heads/master refs/remotes/master [199ms]
2023-10-05 12:05:39.489 [info] > git rev-parse --show-toplevel [45ms]
2023-10-05 12:05:39.640 [info] > git rev-parse --show-toplevel [106ms]
2023-10-05 12:05:39.690 [info] > git show --textconv :Coursework/Block13/index.js [87ms]
2023-10-05 12:05:39.691 [info] > git ls-files --stage -- /home/tphilly/Coursework/Block13/index.js [64ms]
2023-10-05 12:05:39.766 [info] > git rev-parse --show-toplevel [87ms]
2023-10-05 12:05:39.817 [info] > git check-ignore -v -z --stdin [41ms]
2023-10-05 12:05:39.927 [info] > git config --local branch.master.github-pr-owner-number [116ms]
2023-10-05 12:05:39.983 [info] > git status -z -uall [507ms] (cancelled)
2023-10-05 12:05:40.000 [info] > git config --get commit.template [21ms]
2023-10-05 12:05:40.001 [info] > git config --get commit.template [42ms]
2023-10-05 12:05:40.017 [info] No remotes found in the git config file.
2023-10-05 12:05:40.028 [info] No remotes found in the git config file.
2023-10-05 12:05:40.030 [info] > git for-each-ref --format=%(refname)%00%(upstream:short)%00%(objectname)%00%(upstream:track)%00%(upstream:remotename)%00%(upstream:remoteref) refs/heads/master refs/remotes/master [1ms]
2023-10-05 12:05:40.041 [info] > git for-each-ref --format=%(refname)%00%(upstream:short)%00%(objectname)%00%(upstream:track)%00%(upstream:remotename)%00%(upstream:remoteref) refs/heads/master refs/remotes/master [23ms]
2023-10-05 12:05:40.198 [info] > git status -z -uall [157ms] (cancelled)
2023-10-05 12:10:39.803 [info] > git config --local branch.master.github-pr-owner-number [2ms]
2023-10-05 12:10:39.823 [info] > git config --get commit.template [9ms]
2023-10-05 12:10:39.823 [info] No remotes found in the git config file.
2023-10-05 12:10:39.824 [info] > git for-each-ref --format=%(refname)%00%(upstream:short)%00%(objectname)%00%(upstream:track)%00%(upstream:remotename)%00%(upstream:remoteref) refs/heads/master refs/remotes/master [2ms]
2023-10-05 12:10:39.918 [info] > git status -z -uall [87ms] (cancelled)
