2023-10-10 18:34:38.105 [info] Log level: Info
2023-10-10 18:34:38.105 [info] Validating found git in: "git"
2023-10-10 18:34:38.105 [info] Using git "2.34.1" from "git"
2023-10-10 18:34:38.105 [info] > git rev-parse --show-toplevel [60ms]
2023-10-10 18:34:38.105 [info] > git rev-parse --git-dir --git-common-dir [5ms]
2023-10-10 18:34:38.105 [info] Open repository: /home/tphilly
2023-10-10 18:34:38.133 [info] > git rev-parse --show-toplevel [11ms]
2023-10-10 18:34:38.139 [info] > git config --get commit.template [23ms]
2023-10-10 18:34:38.155 [info] No remotes found in the git config file.
2023-10-10 18:34:38.158 [info] > git for-each-ref --format=%(refname)%00%(upstream:short)%00%(objectname)%00%(upstream:track)%00%(upstream:remotename)%00%(upstream:remoteref) refs/heads/master refs/remotes/master [4ms]
2023-10-10 18:34:39.262 [info] > git show --textconv :Coursework/Block14/index.js [74ms]
2023-10-10 18:34:39.262 [info] > git ls-files --stage -- /home/tphilly/Coursework/Block14/index.js [55ms]
2023-10-10 18:34:39.575 [info] > git check-ignore -v -z --stdin [19ms]
2023-10-10 18:34:39.675 [info] > git status -z -uall [1509ms] (cancelled)
2023-10-10 18:34:39.693 [info] > git config --local branch.master.github-pr-owner-number [22ms]
2023-10-10 18:34:39.787 [info] > git config --get commit.template [14ms]
2023-10-10 18:34:39.796 [info] No remotes found in the git config file.
2023-10-10 18:34:39.801 [info] > git for-each-ref --format=%(refname)%00%(upstream:short)%00%(objectname)%00%(upstream:track)%00%(upstream:remotename)%00%(upstream:remoteref) refs/heads/master refs/remotes/master [5ms]
2023-10-10 18:34:39.937 [info] > git status -z -uall [117ms] (cancelled)
2023-10-10 18:34:41.014 [info] > git config --get commit.template [933ms]
2023-10-10 18:34:41.101 [info] No remotes found in the git config file.
2023-10-10 18:34:41.102 [info] > git for-each-ref --format=%(refname)%00%(upstream:short)%00%(objectname)%00%(upstream:track)%00%(upstream:remotename)%00%(upstream:remoteref) refs/heads/master refs/remotes/master [2ms]
2023-10-10 18:34:41.319 [info] > git status -z -uall [208ms] (cancelled)
