2023-11-06 22:27:57.281 [info] Log level: Info
2023-11-06 22:27:57.281 [info] Validating found git in: "git"
2023-11-06 22:27:57.281 [info] Using git "2.34.1" from "git"
2023-11-06 22:27:57.281 [info] > git rev-parse --show-toplevel [6ms]
2023-11-06 22:27:57.978 [info] > git rev-parse --git-dir --git-common-dir [702ms]
2023-11-06 22:27:57.992 [info] Open repository: /home/tphilly/Coursework/puppy-bowl
2023-11-06 22:27:58.296 [info] > git config --get commit.template [267ms]
2023-11-06 22:27:58.405 [info] > git show --textconv :script.js [70ms]
2023-11-06 22:27:58.411 [info] > git for-each-ref --format=%(refname)%00%(upstream:short)%00%(objectname)%00%(upstream:track)%00%(upstream:remotename)%00%(upstream:remoteref) refs/heads/main refs/remotes/main [95ms]
2023-11-06 22:27:58.449 [info] > git status -z -uall [30ms]
2023-11-06 22:27:58.461 [info] > git ls-files --stage -- /home/tphilly/Coursework/puppy-bowl/script.js [114ms]
2023-11-06 22:27:58.587 [info] > git cat-file -s 254859f160e53e77d8698e79103d4e5ffdbfb2ea [117ms]
2023-11-06 22:27:58.610 [info] > git config --get commit.template [97ms]
2023-11-06 22:27:58.629 [info] > git check-ignore -v -z --stdin [28ms]
2023-11-06 22:27:58.692 [info] > git for-each-ref --format=%(refname)%00%(upstream:short)%00%(objectname)%00%(upstream:track)%00%(upstream:remotename)%00%(upstream:remoteref) refs/heads/main refs/remotes/main [32ms]
2023-11-06 22:27:58.762 [info] > git status -z -uall [56ms]
2023-11-06 22:27:59.483 [info] > git config --local branch.main.github-pr-owner-number [115ms]
2023-11-06 22:27:59.492 [info] > git config --get commit.template [1ms]
2023-11-06 22:27:59.504 [info] > git for-each-ref --format=%(refname)%00%(upstream:short)%00%(objectname)%00%(upstream:track)%00%(upstream:remotename)%00%(upstream:remoteref) refs/heads/main refs/remotes/main [5ms]
2023-11-06 22:27:59.541 [info] > git status -z -uall [32ms]
2023-11-06 22:28:00.740 [info] > git config --local branch.main.github-pr-owner-number Troy-Phillips-Puppy-Bowl#puppy-bowl#1 [3ms]
2023-11-06 22:28:00.748 [info] > git config --get commit.template [0ms]
2023-11-06 22:28:00.754 [info] > git for-each-ref --format=%(refname)%00%(upstream:short)%00%(objectname)%00%(upstream:track)%00%(upstream:remotename)%00%(upstream:remoteref) refs/heads/main refs/remotes/main [1ms]
2023-11-06 22:28:00.761 [info] > git status -z -uall [1ms]
2023-11-06 22:28:01.186 [info] > git fetch origin main [415ms]
2023-11-06 22:28:01.186 [info] From https://github.com/Troy-Phillips-Puppy-Bowl/puppy-bowl
 * branch            main       -> FETCH_HEAD
2023-11-06 22:28:01.202 [info] > git config --get commit.template [9ms]
2023-11-06 22:28:01.203 [info] > git for-each-ref --format=%(refname)%00%(upstream:short)%00%(objectname)%00%(upstream:track)%00%(upstream:remotename)%00%(upstream:remoteref) refs/heads/main refs/remotes/main [1ms]
2023-11-06 22:28:01.210 [info] > git status -z -uall [1ms]
2023-11-06 22:28:01.622 [info] > git show --textconv a2cc9d493fbccc2e4e4d274bdeb6ab73584050d9:index.html [93ms]
2023-11-06 22:28:02.283 [info] > git config --get commit.template [1ms]
2023-11-06 22:28:02.294 [info] > git for-each-ref --format=%(refname)%00%(upstream:short)%00%(objectname)%00%(upstream:track)%00%(upstream:remotename)%00%(upstream:remoteref) refs/heads/main refs/remotes/main [1ms]
2023-11-06 22:28:02.301 [info] > git status -z -uall [1ms]
2023-11-06 22:28:02.380 [info] > git ls-files --stage -- /home/tphilly/Coursework/puppy-bowl/script.js [1ms]
2023-11-06 22:28:02.387 [info] > git cat-file -s 254859f160e53e77d8698e79103d4e5ffdbfb2ea [1ms]
2023-11-06 22:28:02.397 [info] > git show --textconv :script.js [1ms]
2023-11-06 22:28:05.269 [info] > git show --textconv :styles.css [10ms]
2023-11-06 22:28:05.279 [info] > git ls-files --stage -- /home/tphilly/Coursework/puppy-bowl/styles.css [11ms]
2023-11-06 22:28:05.294 [info] > git cat-file -s 8b137891791fe96927ad78e64b0aad7bded08bdc [5ms]
2023-11-06 22:28:06.360 [info] > git show --textconv :script.js [9ms]
2023-11-06 22:28:06.361 [info] > git ls-files --stage -- /home/tphilly/Coursework/puppy-bowl/script.js [2ms]
2023-11-06 22:28:06.368 [info] > git cat-file -s 254859f160e53e77d8698e79103d4e5ffdbfb2ea [1ms]
2023-11-06 22:32:58.951 [info] > git config --local branch.main.github-pr-owner-number [2ms]
2023-11-06 22:32:58.965 [info] > git config --get commit.template [2ms]
2023-11-06 22:32:58.973 [info] > git for-each-ref --format=%(refname)%00%(upstream:short)%00%(objectname)%00%(upstream:track)%00%(upstream:remotename)%00%(upstream:remoteref) refs/heads/main refs/remotes/main [1ms]
2023-11-06 22:32:58.983 [info] > git status -z -uall [1ms]
2023-11-06 22:33:00.684 [info] > git show --textconv a2cc9d493fbccc2e4e4d274bdeb6ab73584050d9:index.html [51ms]
2023-11-06 22:35:47.451 [info] > git config --get commit.template [8ms]
2023-11-06 22:35:47.452 [info] > git for-each-ref --format=%(refname)%00%(upstream:short)%00%(objectname)%00%(upstream:track)%00%(upstream:remotename)%00%(upstream:remoteref) refs/heads/main refs/remotes/main [2ms]
2023-11-06 22:35:47.458 [info] > git status -z -uall [1ms]
2023-11-06 22:38:01.316 [info] > git config --local branch.main.github-pr-owner-number [0ms]
2023-11-06 22:38:01.325 [info] > git config --get commit.template [1ms]
2023-11-06 22:38:01.331 [info] > git for-each-ref --format=%(refname)%00%(upstream:short)%00%(objectname)%00%(upstream:track)%00%(upstream:remotename)%00%(upstream:remoteref) refs/heads/main refs/remotes/main [1ms]
2023-11-06 22:38:01.337 [info] > git status -z -uall [1ms]
2023-11-06 22:38:02.868 [info] > git show --textconv a2cc9d493fbccc2e4e4d274bdeb6ab73584050d9:index.html [50ms]
2023-11-06 22:38:15.386 [info] > git config --get commit.template [1ms]
2023-11-06 22:38:15.396 [info] > git for-each-ref --format=%(refname)%00%(upstream:short)%00%(objectname)%00%(upstream:track)%00%(upstream:remotename)%00%(upstream:remoteref) refs/heads/main refs/remotes/main [1ms]
2023-11-06 22:38:15.403 [info] > git status -z -uall [1ms]
2023-11-06 22:38:20.535 [info] > git config --get commit.template [0ms]
2023-11-06 22:38:20.542 [info] > git for-each-ref --format=%(refname)%00%(upstream:short)%00%(objectname)%00%(upstream:track)%00%(upstream:remotename)%00%(upstream:remoteref) refs/heads/main refs/remotes/main [1ms]
2023-11-06 22:38:20.551 [info] > git status -z -uall [2ms]
2023-11-06 22:39:37.962 [info] > git config --get commit.template [9ms]
2023-11-06 22:39:37.963 [info] > git for-each-ref --format=%(refname)%00%(upstream:short)%00%(objectname)%00%(upstream:track)%00%(upstream:remotename)%00%(upstream:remoteref) refs/heads/main refs/remotes/main [2ms]
2023-11-06 22:39:37.970 [info] > git status -z -uall [2ms]
2023-11-06 22:40:47.738 [info] > git config --get commit.template [8ms]
2023-11-06 22:40:47.739 [info] > git for-each-ref --format=%(refname)%00%(upstream:short)%00%(objectname)%00%(upstream:track)%00%(upstream:remotename)%00%(upstream:remoteref) refs/heads/main refs/remotes/main [1ms]
2023-11-06 22:40:47.745 [info] > git status -z -uall [1ms]
2023-11-06 22:40:56.961 [info] > git config --get commit.template [1ms]
2023-11-06 22:40:56.967 [info] > git for-each-ref --format=%(refname)%00%(upstream:short)%00%(objectname)%00%(upstream:track)%00%(upstream:remotename)%00%(upstream:remoteref) refs/heads/main refs/remotes/main [1ms]
2023-11-06 22:40:56.975 [info] > git status -z -uall [1ms]
2023-11-06 22:41:01.987 [info] > git config --get commit.template [1ms]
2023-11-06 22:41:01.994 [info] > git for-each-ref --format=%(refname)%00%(upstream:short)%00%(objectname)%00%(upstream:track)%00%(upstream:remotename)%00%(upstream:remoteref) refs/heads/main refs/remotes/main [1ms]
2023-11-06 22:41:02.000 [info] > git status -z -uall [1ms]
2023-11-06 22:41:07.017 [info] > git config --get commit.template [6ms]
2023-11-06 22:41:07.017 [info] > git for-each-ref --format=%(refname)%00%(upstream:short)%00%(objectname)%00%(upstream:track)%00%(upstream:remotename)%00%(upstream:remoteref) refs/heads/main refs/remotes/main [1ms]
2023-11-06 22:41:07.026 [info] > git status -z -uall [2ms]
2023-11-06 22:41:12.038 [info] > git config --get commit.template [0ms]
2023-11-06 22:41:12.045 [info] > git for-each-ref --format=%(refname)%00%(upstream:short)%00%(objectname)%00%(upstream:track)%00%(upstream:remotename)%00%(upstream:remoteref) refs/heads/main refs/remotes/main [1ms]
2023-11-06 22:41:12.052 [info] > git status -z -uall [1ms]
2023-11-06 22:41:25.236 [info] > git config --get commit.template [7ms]
2023-11-06 22:41:25.237 [info] > git for-each-ref --format=%(refname)%00%(upstream:short)%00%(objectname)%00%(upstream:track)%00%(upstream:remotename)%00%(upstream:remoteref) refs/heads/main refs/remotes/main [2ms]
2023-11-06 22:41:25.244 [info] > git status -z -uall [1ms]
2023-11-06 22:41:30.262 [info] > git config --get commit.template [8ms]
2023-11-06 22:41:30.262 [info] > git for-each-ref --format=%(refname)%00%(upstream:short)%00%(objectname)%00%(upstream:track)%00%(upstream:remotename)%00%(upstream:remoteref) refs/heads/main refs/remotes/main [1ms]
2023-11-06 22:41:30.268 [info] > git status -z -uall [1ms]
2023-11-06 22:41:35.289 [info] > git config --get commit.template [10ms]
2023-11-06 22:41:35.289 [info] > git for-each-ref --format=%(refname)%00%(upstream:short)%00%(objectname)%00%(upstream:track)%00%(upstream:remotename)%00%(upstream:remoteref) refs/heads/main refs/remotes/main [1ms]
2023-11-06 22:41:35.298 [info] > git status -z -uall [1ms]
2023-11-06 22:41:41.326 [info] > git config --get commit.template [0ms]
2023-11-06 22:41:41.333 [info] > git for-each-ref --format=%(refname)%00%(upstream:short)%00%(objectname)%00%(upstream:track)%00%(upstream:remotename)%00%(upstream:remoteref) refs/heads/main refs/remotes/main [1ms]
2023-11-06 22:41:41.340 [info] > git status -z -uall [1ms]
2023-11-06 22:41:46.359 [info] > git config --get commit.template [7ms]
2023-11-06 22:41:46.359 [info] > git for-each-ref --format=%(refname)%00%(upstream:short)%00%(objectname)%00%(upstream:track)%00%(upstream:remotename)%00%(upstream:remoteref) refs/heads/main refs/remotes/main [1ms]
2023-11-06 22:41:46.367 [info] > git status -z -uall [1ms]
2023-11-06 22:41:51.379 [info] > git config --get commit.template [1ms]
2023-11-06 22:41:51.387 [info] > git for-each-ref --format=%(refname)%00%(upstream:short)%00%(objectname)%00%(upstream:track)%00%(upstream:remotename)%00%(upstream:remoteref) refs/heads/main refs/remotes/main [2ms]
2023-11-06 22:41:51.394 [info] > git status -z -uall [1ms]
2023-11-06 22:42:26.479 [info] > git config --get commit.template [8ms]
2023-11-06 22:42:26.479 [info] > git for-each-ref --format=%(refname)%00%(upstream:short)%00%(objectname)%00%(upstream:track)%00%(upstream:remotename)%00%(upstream:remoteref) refs/heads/main refs/remotes/main [1ms]
2023-11-06 22:42:26.486 [info] > git status -z -uall [1ms]
2023-11-06 22:42:37.518 [info] > git config --get commit.template [7ms]
2023-11-06 22:42:37.519 [info] > git for-each-ref --format=%(refname)%00%(upstream:short)%00%(objectname)%00%(upstream:track)%00%(upstream:remotename)%00%(upstream:remoteref) refs/heads/main refs/remotes/main [1ms]
2023-11-06 22:42:37.528 [info] > git status -z -uall [1ms]
2023-11-06 22:42:48.089 [info] > git config --get commit.template [7ms]
2023-11-06 22:42:48.090 [info] > git for-each-ref --format=%(refname)%00%(upstream:short)%00%(objectname)%00%(upstream:track)%00%(upstream:remotename)%00%(upstream:remoteref) refs/heads/main refs/remotes/main [2ms]
2023-11-06 22:42:48.096 [info] > git status -z -uall [1ms]
2023-11-06 22:42:56.382 [info] > git config --get commit.template [0ms]
2023-11-06 22:42:56.390 [info] > git for-each-ref --format=%(refname)%00%(upstream:short)%00%(objectname)%00%(upstream:track)%00%(upstream:remotename)%00%(upstream:remoteref) refs/heads/main refs/remotes/main [1ms]
2023-11-06 22:42:56.397 [info] > git status -z -uall [1ms]
2023-11-06 22:43:01.417 [info] > git config --get commit.template [9ms]
2023-11-06 22:43:01.418 [info] > git for-each-ref --format=%(refname)%00%(upstream:short)%00%(objectname)%00%(upstream:track)%00%(upstream:remotename)%00%(upstream:remoteref) refs/heads/main refs/remotes/main [2ms]
2023-11-06 22:43:01.425 [info] > git status -z -uall [1ms]
2023-11-06 22:43:03.612 [info] > git config --local branch.main.github-pr-owner-number [1ms]
2023-11-06 22:43:03.626 [info] > git config --get commit.template [6ms]
2023-11-06 22:43:03.626 [info] > git for-each-ref --format=%(refname)%00%(upstream:short)%00%(objectname)%00%(upstream:track)%00%(upstream:remotename)%00%(upstream:remoteref) refs/heads/main refs/remotes/main [1ms]
2023-11-06 22:43:03.633 [info] > git status -z -uall [1ms]
2023-11-06 22:43:05.132 [info] > git show --textconv a2cc9d493fbccc2e4e4d274bdeb6ab73584050d9:index.html [50ms]
2023-11-06 22:43:06.445 [info] > git config --get commit.template [8ms]
2023-11-06 22:43:06.445 [info] > git for-each-ref --format=%(refname)%00%(upstream:short)%00%(objectname)%00%(upstream:track)%00%(upstream:remotename)%00%(upstream:remoteref) refs/heads/main refs/remotes/main [1ms]
2023-11-06 22:43:06.454 [info] > git status -z -uall [1ms]
2023-11-06 22:43:11.600 [info] > git config --get commit.template [7ms]
2023-11-06 22:43:11.601 [info] > git for-each-ref --format=%(refname)%00%(upstream:short)%00%(objectname)%00%(upstream:track)%00%(upstream:remotename)%00%(upstream:remoteref) refs/heads/main refs/remotes/main [1ms]
2023-11-06 22:43:11.608 [info] > git status -z -uall [1ms]
2023-11-06 22:43:19.588 [info] > git config --get commit.template [2ms]
2023-11-06 22:43:19.596 [info] > git for-each-ref --format=%(refname)%00%(upstream:short)%00%(objectname)%00%(upstream:track)%00%(upstream:remotename)%00%(upstream:remoteref) refs/heads/main refs/remotes/main [1ms]
2023-11-06 22:43:19.604 [info] > git status -z -uall [1ms]
2023-11-06 22:43:25.026 [info] > git config --get commit.template [8ms]
2023-11-06 22:43:25.027 [info] > git for-each-ref --format=%(refname)%00%(upstream:short)%00%(objectname)%00%(upstream:track)%00%(upstream:remotename)%00%(upstream:remoteref) refs/heads/main refs/remotes/main [1ms]
2023-11-06 22:43:25.034 [info] > git status -z -uall [1ms]
2023-11-06 22:43:32.118 [info] > git config --get commit.template [0ms]
2023-11-06 22:43:32.125 [info] > git for-each-ref --format=%(refname)%00%(upstream:short)%00%(objectname)%00%(upstream:track)%00%(upstream:remotename)%00%(upstream:remoteref) refs/heads/main refs/remotes/main [1ms]
2023-11-06 22:43:32.132 [info] > git status -z -uall [1ms]
2023-11-06 22:43:37.323 [info] > git config --get commit.template [10ms]
2023-11-06 22:43:37.324 [info] > git for-each-ref --format=%(refname)%00%(upstream:short)%00%(objectname)%00%(upstream:track)%00%(upstream:remotename)%00%(upstream:remoteref) refs/heads/main refs/remotes/main [2ms]
2023-11-06 22:43:37.333 [info] > git status -z -uall [1ms]
2023-11-06 22:43:42.344 [info] > git config --get commit.template [1ms]
2023-11-06 22:43:42.353 [info] > git for-each-ref --format=%(refname)%00%(upstream:short)%00%(objectname)%00%(upstream:track)%00%(upstream:remotename)%00%(upstream:remoteref) refs/heads/main refs/remotes/main [1ms]
2023-11-06 22:43:42.360 [info] > git status -z -uall [1ms]
2023-11-06 22:43:47.378 [info] > git config --get commit.template [7ms]
2023-11-06 22:43:47.379 [info] > git for-each-ref --format=%(refname)%00%(upstream:short)%00%(objectname)%00%(upstream:track)%00%(upstream:remotename)%00%(upstream:remoteref) refs/heads/main refs/remotes/main [1ms]
2023-11-06 22:43:47.385 [info] > git status -z -uall [1ms]
2023-11-06 22:43:52.396 [info] > git config --get commit.template [1ms]
2023-11-06 22:43:52.404 [info] > git for-each-ref --format=%(refname)%00%(upstream:short)%00%(objectname)%00%(upstream:track)%00%(upstream:remotename)%00%(upstream:remoteref) refs/heads/main refs/remotes/main [1ms]
2023-11-06 22:43:52.413 [info] > git status -z -uall [1ms]
2023-11-06 22:43:57.430 [info] > git config --get commit.template [7ms]
2023-11-06 22:43:57.431 [info] > git for-each-ref --format=%(refname)%00%(upstream:short)%00%(objectname)%00%(upstream:track)%00%(upstream:remotename)%00%(upstream:remoteref) refs/heads/main refs/remotes/main [2ms]
2023-11-06 22:43:57.440 [info] > git status -z -uall [1ms]
2023-11-06 22:44:02.459 [info] > git config --get commit.template [2ms]
2023-11-06 22:44:02.471 [info] > git for-each-ref --format=%(refname)%00%(upstream:short)%00%(objectname)%00%(upstream:track)%00%(upstream:remotename)%00%(upstream:remoteref) refs/heads/main refs/remotes/main [1ms]
2023-11-06 22:44:02.482 [info] > git status -z -uall [1ms]
2023-11-06 22:44:07.494 [info] > git config --get commit.template [0ms]
2023-11-06 22:44:07.503 [info] > git for-each-ref --format=%(refname)%00%(upstream:short)%00%(objectname)%00%(upstream:track)%00%(upstream:remotename)%00%(upstream:remoteref) refs/heads/main refs/remotes/main [1ms]
2023-11-06 22:44:07.511 [info] > git status -z -uall [0ms]
2023-11-06 22:44:12.522 [info] > git config --get commit.template [2ms]
2023-11-06 22:44:12.531 [info] > git for-each-ref --format=%(refname)%00%(upstream:short)%00%(objectname)%00%(upstream:track)%00%(upstream:remotename)%00%(upstream:remoteref) refs/heads/main refs/remotes/main [1ms]
2023-11-06 22:44:12.538 [info] > git status -z -uall [1ms]
2023-11-06 22:44:17.557 [info] > git config --get commit.template [7ms]
2023-11-06 22:44:17.557 [info] > git for-each-ref --format=%(refname)%00%(upstream:short)%00%(objectname)%00%(upstream:track)%00%(upstream:remotename)%00%(upstream:remoteref) refs/heads/main refs/remotes/main [1ms]
2023-11-06 22:44:17.565 [info] > git status -z -uall [1ms]
2023-11-06 22:44:22.577 [info] > git config --get commit.template [2ms]
2023-11-06 22:44:22.587 [info] > git for-each-ref --format=%(refname)%00%(upstream:short)%00%(objectname)%00%(upstream:track)%00%(upstream:remotename)%00%(upstream:remoteref) refs/heads/main refs/remotes/main [1ms]
2023-11-06 22:44:22.597 [info] > git status -z -uall [2ms]
2023-11-06 22:44:29.184 [info] > git config --get commit.template [8ms]
2023-11-06 22:44:29.184 [info] > git for-each-ref --format=%(refname)%00%(upstream:short)%00%(objectname)%00%(upstream:track)%00%(upstream:remotename)%00%(upstream:remoteref) refs/heads/main refs/remotes/main [0ms]
2023-11-06 22:44:29.193 [info] > git status -z -uall [1ms]
2023-11-06 22:44:34.206 [info] > git config --get commit.template [1ms]
2023-11-06 22:44:34.214 [info] > git for-each-ref --format=%(refname)%00%(upstream:short)%00%(objectname)%00%(upstream:track)%00%(upstream:remotename)%00%(upstream:remoteref) refs/heads/main refs/remotes/main [1ms]
2023-11-06 22:44:34.223 [info] > git status -z -uall [1ms]
2023-11-06 22:44:52.253 [info] > git config --get commit.template [1ms]
2023-11-06 22:44:52.262 [info] > git for-each-ref --format=%(refname)%00%(upstream:short)%00%(objectname)%00%(upstream:track)%00%(upstream:remotename)%00%(upstream:remoteref) refs/heads/main refs/remotes/main [1ms]
2023-11-06 22:44:52.270 [info] > git status -z -uall [1ms]
2023-11-06 22:45:39.320 [info] > git config --get commit.template [1ms]
2023-11-06 22:45:39.331 [info] > git for-each-ref --format=%(refname)%00%(upstream:short)%00%(objectname)%00%(upstream:track)%00%(upstream:remotename)%00%(upstream:remoteref) refs/heads/main refs/remotes/main [1ms]
2023-11-06 22:45:39.339 [info] > git status -z -uall [1ms]
2023-11-06 22:45:50.498 [info] > git config --get commit.template [7ms]
2023-11-06 22:45:50.499 [info] > git for-each-ref --format=%(refname)%00%(upstream:short)%00%(objectname)%00%(upstream:track)%00%(upstream:remotename)%00%(upstream:remoteref) refs/heads/main refs/remotes/main [1ms]
2023-11-06 22:45:50.505 [info] > git status -z -uall [1ms]
2023-11-06 22:46:20.171 [info] > git config --get commit.template [3ms]
2023-11-06 22:46:20.179 [info] > git for-each-ref --format=%(refname)%00%(upstream:short)%00%(objectname)%00%(upstream:track)%00%(upstream:remotename)%00%(upstream:remoteref) refs/heads/main refs/remotes/main [1ms]
2023-11-06 22:46:20.186 [info] > git status -z -uall [1ms]
2023-11-06 22:46:25.202 [info] > git config --get commit.template [6ms]
2023-11-06 22:46:25.203 [info] > git for-each-ref --format=%(refname)%00%(upstream:short)%00%(objectname)%00%(upstream:track)%00%(upstream:remotename)%00%(upstream:remoteref) refs/heads/main refs/remotes/main [1ms]
2023-11-06 22:46:25.209 [info] > git status -z -uall [1ms]
2023-11-06 22:46:30.227 [info] > git config --get commit.template [8ms]
2023-11-06 22:46:30.227 [info] > git for-each-ref --format=%(refname)%00%(upstream:short)%00%(objectname)%00%(upstream:track)%00%(upstream:remotename)%00%(upstream:remoteref) refs/heads/main refs/remotes/main [1ms]
2023-11-06 22:46:30.235 [info] > git status -z -uall [1ms]
2023-11-06 22:46:36.696 [info] > git config --get commit.template [7ms]
2023-11-06 22:46:36.696 [info] > git for-each-ref --format=%(refname)%00%(upstream:short)%00%(objectname)%00%(upstream:track)%00%(upstream:remotename)%00%(upstream:remoteref) refs/heads/main refs/remotes/main [1ms]
2023-11-06 22:46:36.704 [info] > git status -z -uall [1ms]
2023-11-06 22:46:42.787 [info] > git config --get commit.template [7ms]
2023-11-06 22:46:42.787 [info] > git for-each-ref --format=%(refname)%00%(upstream:short)%00%(objectname)%00%(upstream:track)%00%(upstream:remotename)%00%(upstream:remoteref) refs/heads/main refs/remotes/main [1ms]
2023-11-06 22:46:42.794 [info] > git status -z -uall [1ms]
2023-11-06 22:47:34.312 [info] > git config --get commit.template [8ms]
2023-11-06 22:47:34.312 [info] > git for-each-ref --format=%(refname)%00%(upstream:short)%00%(objectname)%00%(upstream:track)%00%(upstream:remotename)%00%(upstream:remoteref) refs/heads/main refs/remotes/main [1ms]
2023-11-06 22:47:34.319 [info] > git status -z -uall [1ms]
2023-11-06 22:47:39.337 [info] > git config --get commit.template [8ms]
2023-11-06 22:47:39.337 [info] > git for-each-ref --format=%(refname)%00%(upstream:short)%00%(objectname)%00%(upstream:track)%00%(upstream:remotename)%00%(upstream:remoteref) refs/heads/main refs/remotes/main [1ms]
2023-11-06 22:47:39.345 [info] > git status -z -uall [1ms]
2023-11-06 22:47:45.597 [info] > git config --get commit.template [1ms]
2023-11-06 22:47:45.605 [info] > git for-each-ref --format=%(refname)%00%(upstream:short)%00%(objectname)%00%(upstream:track)%00%(upstream:remotename)%00%(upstream:remoteref) refs/heads/main refs/remotes/main [1ms]
2023-11-06 22:47:45.612 [info] > git status -z -uall [1ms]
2023-11-06 22:47:50.631 [info] > git config --get commit.template [8ms]
2023-11-06 22:47:50.632 [info] > git for-each-ref --format=%(refname)%00%(upstream:short)%00%(objectname)%00%(upstream:track)%00%(upstream:remotename)%00%(upstream:remoteref) refs/heads/main refs/remotes/main [1ms]
2023-11-06 22:47:50.639 [info] > git status -z -uall [1ms]
2023-11-06 22:47:55.658 [info] > git config --get commit.template [8ms]
2023-11-06 22:47:55.658 [info] > git for-each-ref --format=%(refname)%00%(upstream:short)%00%(objectname)%00%(upstream:track)%00%(upstream:remotename)%00%(upstream:remoteref) refs/heads/main refs/remotes/main [1ms]
2023-11-06 22:47:55.666 [info] > git status -z -uall [1ms]
2023-11-06 22:48:05.232 [info] > git config --get commit.template [1ms]
2023-11-06 22:48:05.243 [info] > git for-each-ref --format=%(refname)%00%(upstream:short)%00%(objectname)%00%(upstream:track)%00%(upstream:remotename)%00%(upstream:remoteref) refs/heads/main refs/remotes/main [2ms]
2023-11-06 22:48:05.253 [info] > git status -z -uall [1ms]
2023-11-06 22:48:05.785 [info] > git config --local branch.main.github-pr-owner-number [0ms]
2023-11-06 22:48:05.798 [info] > git config --get commit.template [6ms]
2023-11-06 22:48:05.799 [info] > git for-each-ref --format=%(refname)%00%(upstream:short)%00%(objectname)%00%(upstream:track)%00%(upstream:remotename)%00%(upstream:remoteref) refs/heads/main refs/remotes/main [1ms]
2023-11-06 22:48:05.806 [info] > git status -z -uall [1ms]
2023-11-06 22:48:07.313 [info] > git show --textconv a2cc9d493fbccc2e4e4d274bdeb6ab73584050d9:index.html [49ms]
2023-11-06 22:48:10.271 [info] > git config --get commit.template [7ms]
2023-11-06 22:48:10.272 [info] > git for-each-ref --format=%(refname)%00%(upstream:short)%00%(objectname)%00%(upstream:track)%00%(upstream:remotename)%00%(upstream:remoteref) refs/heads/main refs/remotes/main [1ms]
2023-11-06 22:48:10.280 [info] > git status -z -uall [1ms]
2023-11-06 22:48:15.710 [info] > git config --get commit.template [10ms]
2023-11-06 22:48:15.710 [info] > git for-each-ref --format=%(refname)%00%(upstream:short)%00%(objectname)%00%(upstream:track)%00%(upstream:remotename)%00%(upstream:remoteref) refs/heads/main refs/remotes/main [1ms]
2023-11-06 22:48:15.718 [info] > git status -z -uall [0ms]
2023-11-06 22:48:20.731 [info] > git config --get commit.template [1ms]
2023-11-06 22:48:20.739 [info] > git for-each-ref --format=%(refname)%00%(upstream:short)%00%(objectname)%00%(upstream:track)%00%(upstream:remotename)%00%(upstream:remoteref) refs/heads/main refs/remotes/main [1ms]
2023-11-06 22:48:20.747 [info] > git status -z -uall [1ms]
2023-11-06 22:48:25.765 [info] > git config --get commit.template [8ms]
2023-11-06 22:48:25.766 [info] > git for-each-ref --format=%(refname)%00%(upstream:short)%00%(objectname)%00%(upstream:track)%00%(upstream:remotename)%00%(upstream:remoteref) refs/heads/main refs/remotes/main [2ms]
2023-11-06 22:48:25.773 [info] > git status -z -uall [1ms]
2023-11-06 22:48:30.792 [info] > git config --get commit.template [8ms]
2023-11-06 22:48:30.792 [info] > git for-each-ref --format=%(refname)%00%(upstream:short)%00%(objectname)%00%(upstream:track)%00%(upstream:remotename)%00%(upstream:remoteref) refs/heads/main refs/remotes/main [1ms]
2023-11-06 22:48:30.799 [info] > git status -z -uall [1ms]
2023-11-06 22:48:35.818 [info] > git config --get commit.template [8ms]
2023-11-06 22:48:35.818 [info] > git for-each-ref --format=%(refname)%00%(upstream:short)%00%(objectname)%00%(upstream:track)%00%(upstream:remotename)%00%(upstream:remoteref) refs/heads/main refs/remotes/main [1ms]
2023-11-06 22:48:35.826 [info] > git status -z -uall [1ms]
2023-11-06 22:49:03.512 [info] > git config --get commit.template [7ms]
2023-11-06 22:49:03.513 [info] > git for-each-ref --format=%(refname)%00%(upstream:short)%00%(objectname)%00%(upstream:track)%00%(upstream:remotename)%00%(upstream:remoteref) refs/heads/main refs/remotes/main [1ms]
2023-11-06 22:49:03.519 [info] > git status -z -uall [1ms]
2023-11-06 22:49:08.531 [info] > git config --get commit.template [0ms]
2023-11-06 22:49:08.538 [info] > git for-each-ref --format=%(refname)%00%(upstream:short)%00%(objectname)%00%(upstream:track)%00%(upstream:remotename)%00%(upstream:remoteref) refs/heads/main refs/remotes/main [0ms]
2023-11-06 22:49:08.545 [info] > git status -z -uall [1ms]
2023-11-06 22:49:14.416 [info] > git config --get commit.template [1ms]
2023-11-06 22:49:14.425 [info] > git for-each-ref --format=%(refname)%00%(upstream:short)%00%(objectname)%00%(upstream:track)%00%(upstream:remotename)%00%(upstream:remoteref) refs/heads/main refs/remotes/main [1ms]
2023-11-06 22:49:14.434 [info] > git status -z -uall [1ms]
2023-11-06 22:49:19.454 [info] > git config --get commit.template [10ms]
2023-11-06 22:49:19.454 [info] > git for-each-ref --format=%(refname)%00%(upstream:short)%00%(objectname)%00%(upstream:track)%00%(upstream:remotename)%00%(upstream:remoteref) refs/heads/main refs/remotes/main [1ms]
2023-11-06 22:49:19.463 [info] > git status -z -uall [1ms]
2023-11-06 22:49:24.477 [info] > git config --get commit.template [1ms]
2023-11-06 22:49:24.486 [info] > git for-each-ref --format=%(refname)%00%(upstream:short)%00%(objectname)%00%(upstream:track)%00%(upstream:remotename)%00%(upstream:remoteref) refs/heads/main refs/remotes/main [1ms]
2023-11-06 22:49:24.495 [info] > git status -z -uall [1ms]
2023-11-06 22:49:29.516 [info] > git config --get commit.template [11ms]
2023-11-06 22:49:29.516 [info] > git for-each-ref --format=%(refname)%00%(upstream:short)%00%(objectname)%00%(upstream:track)%00%(upstream:remotename)%00%(upstream:remoteref) refs/heads/main refs/remotes/main [1ms]
2023-11-06 22:49:29.524 [info] > git status -z -uall [1ms]
2023-11-06 22:49:34.536 [info] > git config --get commit.template [1ms]
2023-11-06 22:49:34.544 [info] > git for-each-ref --format=%(refname)%00%(upstream:short)%00%(objectname)%00%(upstream:track)%00%(upstream:remotename)%00%(upstream:remoteref) refs/heads/main refs/remotes/main [1ms]
2023-11-06 22:49:34.554 [info] > git status -z -uall [0ms]
2023-11-06 22:52:18.023 [info] > git config --get commit.template [1ms]
2023-11-06 22:52:18.030 [info] > git for-each-ref --format=%(refname)%00%(upstream:short)%00%(objectname)%00%(upstream:track)%00%(upstream:remotename)%00%(upstream:remoteref) refs/heads/main refs/remotes/main [1ms]
2023-11-06 22:52:18.039 [info] > git status -z -uall [0ms]
2023-11-06 22:52:23.159 [info] > git config --get commit.template [7ms]
2023-11-06 22:52:23.160 [info] > git for-each-ref --format=%(refname)%00%(upstream:short)%00%(objectname)%00%(upstream:track)%00%(upstream:remotename)%00%(upstream:remoteref) refs/heads/main refs/remotes/main [0ms]
2023-11-06 22:52:23.167 [info] > git status -z -uall [1ms]
2023-11-06 22:52:45.486 [info] > git config --get commit.template [3ms]
2023-11-06 22:52:45.498 [info] > git for-each-ref --format=%(refname)%00%(upstream:short)%00%(objectname)%00%(upstream:track)%00%(upstream:remotename)%00%(upstream:remoteref) refs/heads/main refs/remotes/main [1ms]
2023-11-06 22:52:45.510 [info] > git status -z -uall [2ms]
2023-11-06 22:52:50.524 [info] > git config --get commit.template [1ms]
2023-11-06 22:52:50.531 [info] > git for-each-ref --format=%(refname)%00%(upstream:short)%00%(objectname)%00%(upstream:track)%00%(upstream:remotename)%00%(upstream:remoteref) refs/heads/main refs/remotes/main [0ms]
2023-11-06 22:52:50.540 [info] > git status -z -uall [1ms]
2023-11-06 22:53:07.963 [info] > git config --local branch.main.github-pr-owner-number [1ms]
2023-11-06 22:53:07.979 [info] > git config --get commit.template [7ms]
2023-11-06 22:53:07.980 [info] > git for-each-ref --format=%(refname)%00%(upstream:short)%00%(objectname)%00%(upstream:track)%00%(upstream:remotename)%00%(upstream:remoteref) refs/heads/main refs/remotes/main [0ms]
2023-11-06 22:53:07.987 [info] > git status -z -uall [1ms]
2023-11-06 22:53:09.444 [info] > git show --textconv a2cc9d493fbccc2e4e4d274bdeb6ab73584050d9:index.html [50ms]
2023-11-06 22:54:36.223 [info] > git config --get commit.template [8ms]
2023-11-06 22:54:36.223 [info] > git for-each-ref --format=%(refname)%00%(upstream:short)%00%(objectname)%00%(upstream:track)%00%(upstream:remotename)%00%(upstream:remoteref) refs/heads/main refs/remotes/main [1ms]
2023-11-06 22:54:36.231 [info] > git status -z -uall [1ms]
2023-11-06 22:54:41.251 [info] > git config --get commit.template [8ms]
2023-11-06 22:54:41.252 [info] > git for-each-ref --format=%(refname)%00%(upstream:short)%00%(objectname)%00%(upstream:track)%00%(upstream:remotename)%00%(upstream:remoteref) refs/heads/main refs/remotes/main [0ms]
2023-11-06 22:54:41.259 [info] > git status -z -uall [1ms]
2023-11-06 22:54:46.280 [info] > git config --get commit.template [10ms]
2023-11-06 22:54:46.281 [info] > git for-each-ref --format=%(refname)%00%(upstream:short)%00%(objectname)%00%(upstream:track)%00%(upstream:remotename)%00%(upstream:remoteref) refs/heads/main refs/remotes/main [1ms]
2023-11-06 22:54:46.289 [info] > git status -z -uall [1ms]
2023-11-06 22:54:51.309 [info] > git config --get commit.template [8ms]
2023-11-06 22:54:51.309 [info] > git for-each-ref --format=%(refname)%00%(upstream:short)%00%(objectname)%00%(upstream:track)%00%(upstream:remotename)%00%(upstream:remoteref) refs/heads/main refs/remotes/main [1ms]
2023-11-06 22:54:51.317 [info] > git status -z -uall [1ms]
2023-11-06 22:54:56.329 [info] > git config --get commit.template [2ms]
2023-11-06 22:54:56.338 [info] > git for-each-ref --format=%(refname)%00%(upstream:short)%00%(objectname)%00%(upstream:track)%00%(upstream:remotename)%00%(upstream:remoteref) refs/heads/main refs/remotes/main [1ms]
2023-11-06 22:54:56.346 [info] > git status -z -uall [1ms]
2023-11-06 22:55:01.360 [info] > git config --get commit.template [1ms]
2023-11-06 22:55:01.369 [info] > git for-each-ref --format=%(refname)%00%(upstream:short)%00%(objectname)%00%(upstream:track)%00%(upstream:remotename)%00%(upstream:remoteref) refs/heads/main refs/remotes/main [0ms]
2023-11-06 22:55:01.377 [info] > git status -z -uall [1ms]
2023-11-06 22:55:06.642 [info] > git config --get commit.template [10ms]
2023-11-06 22:55:06.642 [info] > git for-each-ref --format=%(refname)%00%(upstream:short)%00%(objectname)%00%(upstream:track)%00%(upstream:remotename)%00%(upstream:remoteref) refs/heads/main refs/remotes/main [1ms]
2023-11-06 22:55:06.651 [info] > git status -z -uall [1ms]
2023-11-06 22:56:00.944 [info] > git config --get commit.template [9ms]
2023-11-06 22:56:00.944 [info] > git for-each-ref --format=%(refname)%00%(upstream:short)%00%(objectname)%00%(upstream:track)%00%(upstream:remotename)%00%(upstream:remoteref) refs/heads/main refs/remotes/main [1ms]
2023-11-06 22:56:00.954 [info] > git status -z -uall [2ms]
2023-11-06 22:56:13.951 [info] > git config --get commit.template [2ms]
2023-11-06 22:56:13.960 [info] > git for-each-ref --format=%(refname)%00%(upstream:short)%00%(objectname)%00%(upstream:track)%00%(upstream:remotename)%00%(upstream:remoteref) refs/heads/main refs/remotes/main [1ms]
2023-11-06 22:56:13.968 [info] > git status -z -uall [1ms]
2023-11-06 22:56:18.986 [info] > git config --get commit.template [2ms]
2023-11-06 22:56:18.999 [info] > git for-each-ref --format=%(refname)%00%(upstream:short)%00%(objectname)%00%(upstream:track)%00%(upstream:remotename)%00%(upstream:remoteref) refs/heads/main refs/remotes/main [2ms]
2023-11-06 22:56:19.012 [info] > git status -z -uall [2ms]
2023-11-06 22:56:24.034 [info] > git config --get commit.template [9ms]
2023-11-06 22:56:24.035 [info] > git for-each-ref --format=%(refname)%00%(upstream:short)%00%(objectname)%00%(upstream:track)%00%(upstream:remotename)%00%(upstream:remoteref) refs/heads/main refs/remotes/main [2ms]
2023-11-06 22:56:24.043 [info] > git status -z -uall [1ms]
2023-11-06 22:56:29.061 [info] > git config --get commit.template [7ms]
2023-11-06 22:56:29.061 [info] > git for-each-ref --format=%(refname)%00%(upstream:short)%00%(objectname)%00%(upstream:track)%00%(upstream:remotename)%00%(upstream:remoteref) refs/heads/main refs/remotes/main [1ms]
2023-11-06 22:56:29.069 [info] > git status -z -uall [1ms]
2023-11-06 22:56:34.710 [info] > git config --get commit.template [4ms]
2023-11-06 22:56:34.723 [info] > git for-each-ref --format=%(refname)%00%(upstream:short)%00%(objectname)%00%(upstream:track)%00%(upstream:remotename)%00%(upstream:remoteref) refs/heads/main refs/remotes/main [2ms]
2023-11-06 22:56:34.735 [info] > git status -z -uall [2ms]
2023-11-06 22:56:39.755 [info] > git config --get commit.template [1ms]
2023-11-06 22:56:39.767 [info] > git for-each-ref --format=%(refname)%00%(upstream:short)%00%(objectname)%00%(upstream:track)%00%(upstream:remotename)%00%(upstream:remoteref) refs/heads/main refs/remotes/main [1ms]
2023-11-06 22:56:39.778 [info] > git status -z -uall [2ms]
2023-11-06 22:56:44.789 [info] > git config --get commit.template [0ms]
2023-11-06 22:56:44.798 [info] > git for-each-ref --format=%(refname)%00%(upstream:short)%00%(objectname)%00%(upstream:track)%00%(upstream:remotename)%00%(upstream:remoteref) refs/heads/main refs/remotes/main [0ms]
2023-11-06 22:56:44.806 [info] > git status -z -uall [1ms]
2023-11-06 22:56:49.824 [info] > git config --get commit.template [7ms]
2023-11-06 22:56:49.825 [info] > git for-each-ref --format=%(refname)%00%(upstream:short)%00%(objectname)%00%(upstream:track)%00%(upstream:remotename)%00%(upstream:remoteref) refs/heads/main refs/remotes/main [1ms]
2023-11-06 22:56:49.833 [info] > git status -z -uall [0ms]
2023-11-06 22:56:55.929 [info] > git config --get commit.template [1ms]
2023-11-06 22:56:55.940 [info] > git for-each-ref --format=%(refname)%00%(upstream:short)%00%(objectname)%00%(upstream:track)%00%(upstream:remotename)%00%(upstream:remoteref) refs/heads/main refs/remotes/main [0ms]
2023-11-06 22:56:55.951 [info] > git status -z -uall [1ms]
2023-11-06 22:57:00.970 [info] > git config --get commit.template [7ms]
2023-11-06 22:57:00.971 [info] > git for-each-ref --format=%(refname)%00%(upstream:short)%00%(objectname)%00%(upstream:track)%00%(upstream:remotename)%00%(upstream:remoteref) refs/heads/main refs/remotes/main [2ms]
2023-11-06 22:57:00.978 [info] > git status -z -uall [1ms]
2023-11-06 22:57:05.992 [info] > git config --get commit.template [1ms]
2023-11-06 22:57:06.001 [info] > git for-each-ref --format=%(refname)%00%(upstream:short)%00%(objectname)%00%(upstream:track)%00%(upstream:remotename)%00%(upstream:remoteref) refs/heads/main refs/remotes/main [1ms]
2023-11-06 22:57:06.010 [info] > git status -z -uall [1ms]
2023-11-06 22:57:12.319 [info] > git config --get commit.template [1ms]
2023-11-06 22:57:12.329 [info] > git for-each-ref --format=%(refname)%00%(upstream:short)%00%(objectname)%00%(upstream:track)%00%(upstream:remotename)%00%(upstream:remoteref) refs/heads/main refs/remotes/main [1ms]
2023-11-06 22:57:12.339 [info] > git status -z -uall [1ms]
2023-11-06 22:57:21.045 [info] > git config --get commit.template [2ms]
2023-11-06 22:57:21.056 [info] > git for-each-ref --format=%(refname)%00%(upstream:short)%00%(objectname)%00%(upstream:track)%00%(upstream:remotename)%00%(upstream:remoteref) refs/heads/main refs/remotes/main [2ms]
2023-11-06 22:57:21.068 [info] > git status -z -uall [1ms]
2023-11-06 22:57:26.088 [info] > git config --get commit.template [8ms]
2023-11-06 22:57:26.088 [info] > git for-each-ref --format=%(refname)%00%(upstream:short)%00%(objectname)%00%(upstream:track)%00%(upstream:remotename)%00%(upstream:remoteref) refs/heads/main refs/remotes/main [1ms]
2023-11-06 22:57:26.096 [info] > git status -z -uall [1ms]
2023-11-06 22:58:10.072 [info] > git config --local branch.main.github-pr-owner-number [1ms]
2023-11-06 22:58:10.086 [info] > git config --get commit.template [7ms]
2023-11-06 22:58:10.087 [info] > git for-each-ref --format=%(refname)%00%(upstream:short)%00%(objectname)%00%(upstream:track)%00%(upstream:remotename)%00%(upstream:remoteref) refs/heads/main refs/remotes/main [1ms]
2023-11-06 22:58:10.093 [info] > git status -z -uall [1ms]
2023-11-06 22:58:11.571 [info] > git show --textconv a2cc9d493fbccc2e4e4d274bdeb6ab73584050d9:index.html [49ms]
2023-11-06 22:58:32.494 [info] > git config --get commit.template [9ms]
2023-11-06 22:58:32.494 [info] > git for-each-ref --format=%(refname)%00%(upstream:short)%00%(objectname)%00%(upstream:track)%00%(upstream:remotename)%00%(upstream:remoteref) refs/heads/main refs/remotes/main [1ms]
2023-11-06 22:58:32.503 [info] > git status -z -uall [1ms]
2023-11-06 22:58:57.230 [info] > git config --get commit.template [1ms]
2023-11-06 22:58:57.247 [info] > git for-each-ref --format=%(refname)%00%(upstream:short)%00%(objectname)%00%(upstream:track)%00%(upstream:remotename)%00%(upstream:remoteref) refs/heads/main refs/remotes/main [3ms]
2023-11-06 22:58:57.267 [info] > git status -z -uall [2ms]
2023-11-06 22:59:04.726 [info] > git config --get commit.template [2ms]
2023-11-06 22:59:04.738 [info] > git for-each-ref --format=%(refname)%00%(upstream:short)%00%(objectname)%00%(upstream:track)%00%(upstream:remotename)%00%(upstream:remoteref) refs/heads/main refs/remotes/main [1ms]
2023-11-06 22:59:04.747 [info] > git status -z -uall [1ms]
2023-11-06 22:59:09.759 [info] > git config --get commit.template [0ms]
2023-11-06 22:59:09.768 [info] > git for-each-ref --format=%(refname)%00%(upstream:short)%00%(objectname)%00%(upstream:track)%00%(upstream:remotename)%00%(upstream:remoteref) refs/heads/main refs/remotes/main [1ms]
2023-11-06 22:59:09.775 [info] > git status -z -uall [1ms]
2023-11-06 23:00:05.634 [info] > git config --get commit.template [1ms]
2023-11-06 23:00:05.646 [info] > git for-each-ref --format=%(refname)%00%(upstream:short)%00%(objectname)%00%(upstream:track)%00%(upstream:remotename)%00%(upstream:remoteref) refs/heads/main refs/remotes/main [1ms]
2023-11-06 23:00:05.656 [info] > git status -z -uall [2ms]
2023-11-06 23:00:10.671 [info] > git config --get commit.template [1ms]
2023-11-06 23:00:10.680 [info] > git for-each-ref --format=%(refname)%00%(upstream:short)%00%(objectname)%00%(upstream:track)%00%(upstream:remotename)%00%(upstream:remoteref) refs/heads/main refs/remotes/main [1ms]
2023-11-06 23:00:10.687 [info] > git status -z -uall [1ms]
2023-11-06 23:00:15.700 [info] > git config --get commit.template [2ms]
2023-11-06 23:00:15.707 [info] > git for-each-ref --format=%(refname)%00%(upstream:short)%00%(objectname)%00%(upstream:track)%00%(upstream:remotename)%00%(upstream:remoteref) refs/heads/main refs/remotes/main [1ms]
2023-11-06 23:00:15.715 [info] > git status -z -uall [1ms]
2023-11-06 23:01:06.523 [info] > git config --get commit.template [6ms]
2023-11-06 23:01:06.524 [info] > git for-each-ref --format=%(refname)%00%(upstream:short)%00%(objectname)%00%(upstream:track)%00%(upstream:remotename)%00%(upstream:remoteref) refs/heads/main refs/remotes/main [1ms]
2023-11-06 23:01:06.531 [info] > git status -z -uall [1ms]
2023-11-06 23:01:11.550 [info] > git config --get commit.template [8ms]
2023-11-06 23:01:11.550 [info] > git for-each-ref --format=%(refname)%00%(upstream:short)%00%(objectname)%00%(upstream:track)%00%(upstream:remotename)%00%(upstream:remoteref) refs/heads/main refs/remotes/main [1ms]
2023-11-06 23:01:11.558 [info] > git status -z -uall [1ms]
2023-11-06 23:01:19.877 [info] > git config --get commit.template [7ms]
2023-11-06 23:01:19.877 [info] > git for-each-ref --format=%(refname)%00%(upstream:short)%00%(objectname)%00%(upstream:track)%00%(upstream:remotename)%00%(upstream:remoteref) refs/heads/main refs/remotes/main [1ms]
2023-11-06 23:01:19.884 [info] > git status -z -uall [1ms]
2023-11-06 23:02:35.960 [info] > git config --get commit.template [1ms]
2023-11-06 23:02:35.971 [info] > git for-each-ref --format=%(refname)%00%(upstream:short)%00%(objectname)%00%(upstream:track)%00%(upstream:remotename)%00%(upstream:remoteref) refs/heads/main refs/remotes/main [3ms]
2023-11-06 23:02:35.979 [info] > git status -z -uall [1ms]
2023-11-06 23:02:49.145 [info] > git config --get commit.template [1ms]
2023-11-06 23:02:49.152 [info] > git for-each-ref --format=%(refname)%00%(upstream:short)%00%(objectname)%00%(upstream:track)%00%(upstream:remotename)%00%(upstream:remoteref) refs/heads/main refs/remotes/main [1ms]
2023-11-06 23:02:49.160 [info] > git status -z -uall [1ms]
2023-11-06 23:03:05.684 [info] > git config --get commit.template [6ms]
2023-11-06 23:03:05.684 [info] > git for-each-ref --format=%(refname)%00%(upstream:short)%00%(objectname)%00%(upstream:track)%00%(upstream:remotename)%00%(upstream:remoteref) refs/heads/main refs/remotes/main [1ms]
2023-11-06 23:03:05.693 [info] > git status -z -uall [1ms]
2023-11-06 23:03:12.260 [info] > git config --local branch.main.github-pr-owner-number [0ms]
2023-11-06 23:03:12.269 [info] > git config --get commit.template [1ms]
2023-11-06 23:03:12.277 [info] > git for-each-ref --format=%(refname)%00%(upstream:short)%00%(objectname)%00%(upstream:track)%00%(upstream:remotename)%00%(upstream:remoteref) refs/heads/main refs/remotes/main [1ms]
2023-11-06 23:03:12.284 [info] > git status -z -uall [1ms]
2023-11-06 23:03:13.909 [info] > git show --textconv a2cc9d493fbccc2e4e4d274bdeb6ab73584050d9:index.html [53ms]
2023-11-06 23:03:14.718 [info] > git config --get commit.template [2ms]
2023-11-06 23:03:14.728 [info] > git for-each-ref --format=%(refname)%00%(upstream:short)%00%(objectname)%00%(upstream:track)%00%(upstream:remotename)%00%(upstream:remoteref) refs/heads/main refs/remotes/main [1ms]
2023-11-06 23:03:14.736 [info] > git status -z -uall [1ms]
2023-11-06 23:03:25.330 [info] > git config --get commit.template [1ms]
2023-11-06 23:03:25.341 [info] > git for-each-ref --format=%(refname)%00%(upstream:short)%00%(objectname)%00%(upstream:track)%00%(upstream:remotename)%00%(upstream:remoteref) refs/heads/main refs/remotes/main [0ms]
2023-11-06 23:03:25.348 [info] > git status -z -uall [1ms]
2023-11-06 23:05:52.775 [info] > git config --get commit.template [1ms]
2023-11-06 23:05:52.784 [info] > git for-each-ref --format=%(refname)%00%(upstream:short)%00%(objectname)%00%(upstream:track)%00%(upstream:remotename)%00%(upstream:remoteref) refs/heads/main refs/remotes/main [0ms]
2023-11-06 23:05:52.798 [info] > git status -z -uall [8ms]
