2023-10-05 12:17:19.561 [info] Log level: Info
2023-10-05 12:17:19.561 [info] Validating found git in: "git"
2023-10-05 12:17:19.561 [info] Using git "2.34.1" from "git"
2023-10-05 12:17:19.561 [info] > git rev-parse --show-toplevel [62ms]
2023-10-05 12:17:19.562 [info] > git rev-parse --git-dir --git-common-dir [9ms]
2023-10-05 12:17:19.562 [info] Open repository: /home/tphilly
2023-10-05 12:17:19.562 [info] > git rev-parse --show-toplevel [10ms]
2023-10-05 12:17:19.562 [info] > git config --get commit.template [29ms]
2023-10-05 12:17:19.581 [info] No remotes found in the git config file.
2023-10-05 12:17:19.582 [info] > git for-each-ref --format=%(refname)%00%(upstream:short)%00%(objectname)%00%(upstream:track)%00%(upstream:remotename)%00%(upstream:remoteref) refs/heads/master refs/remotes/master [2ms]
2023-10-05 12:17:19.591 [info] > git rev-parse --show-toplevel [22ms]
2023-10-05 12:17:20.514 [info] > git show --textconv :Coursework/js-demo-loops/index.js [19ms]
2023-10-05 12:17:20.515 [info] > git ls-files --stage -- /home/tphilly/Coursework/js-demo-loops/index.js [13ms]
2023-10-05 12:17:20.648 [info] > git status -z -uall [1058ms] (cancelled)
2023-10-05 12:17:20.772 [info] > git check-ignore -v -z --stdin [4ms]
2023-10-05 12:17:20.800 [info] > git config --local branch.master.github-pr-owner-number [1ms]
2023-10-05 12:17:20.864 [info] > git config --get commit.template [53ms]
2023-10-05 12:17:20.875 [info] No remotes found in the git config file.
2023-10-05 12:17:20.894 [info] > git for-each-ref --format=%(refname)%00%(upstream:short)%00%(objectname)%00%(upstream:track)%00%(upstream:remotename)%00%(upstream:remoteref) refs/heads/master refs/remotes/master [19ms]
2023-10-05 12:17:20.995 [info] > git status -z -uall [93ms] (cancelled)
2023-10-05 12:17:22.013 [info] > git config --get commit.template [50ms]
2023-10-05 12:17:22.025 [info] No remotes found in the git config file.
2023-10-05 12:17:22.025 [info] > git for-each-ref --format=%(refname)%00%(upstream:short)%00%(objectname)%00%(upstream:track)%00%(upstream:remotename)%00%(upstream:remoteref) refs/heads/master refs/remotes/master [1ms]
2023-10-05 12:17:22.278 [info] > git status -z -uall [244ms] (cancelled)
