2023-11-02 19:40:42.330 [info] Log level: Info
2023-11-02 19:40:42.330 [info] Validating found git in: "git"
2023-11-02 19:40:42.330 [info] Using git "2.34.1" from "git"
2023-11-02 19:40:42.330 [info] > git rev-parse --show-toplevel [3ms]
2023-11-02 19:40:42.330 [info] > git rev-parse --git-dir --git-common-dir [2ms]
2023-11-02 19:40:42.330 [info] Open repository: /home/tphilly
2023-11-02 19:40:42.330 [info] > git rev-parse --show-toplevel [5ms]
2023-11-02 19:40:42.330 [info] > git config --get commit.template [9ms]
2023-11-02 19:40:42.330 [info] > git rev-parse --show-toplevel [11ms]
2023-11-02 19:40:42.331 [info] > git for-each-ref --format=%(refname)%00%(upstream:short)%00%(objectname)%00%(upstream:track)%00%(upstream:remotename)%00%(upstream:remoteref) refs/heads/master refs/remotes/master [10ms]
2023-11-02 19:40:42.825 [info] > git check-ignore -v -z --stdin [12ms]
2023-11-02 19:40:43.948 [info] > git status -z -uall [1610ms] (cancelled)
2023-11-02 19:40:44.817 [info] > git config --local branch.master.github-pr-owner-number [136ms]
2023-11-02 19:40:44.854 [info] > git config --get commit.template [24ms]
2023-11-02 19:40:44.863 [info] > git for-each-ref --format=%(refname)%00%(upstream:short)%00%(objectname)%00%(upstream:track)%00%(upstream:remotename)%00%(upstream:remoteref) refs/heads/master refs/remotes/master [2ms]
2023-11-02 19:40:45.030 [info] > git status -z -uall [161ms] (cancelled)
2023-11-02 19:40:46.619 [info] > git config --get commit.template [126ms]
2023-11-02 19:40:46.693 [info] > git for-each-ref --format=%(refname)%00%(upstream:short)%00%(objectname)%00%(upstream:track)%00%(upstream:remotename)%00%(upstream:remoteref) refs/heads/master refs/remotes/master [43ms]
2023-11-02 19:40:48.463 [info] > git status -z -uall [1756ms] (cancelled)
2023-11-02 19:48:23.093 [info] > git show --textconv :Coursework/vite-demo/package.json [41ms]
2023-11-02 19:48:23.112 [info] > git ls-files --stage -- /home/tphilly/Coursework/vite-demo/package.json [52ms]
2023-11-02 19:48:27.464 [info] > git show --textconv :Coursework/vite-demo/index.html [13ms]
2023-11-02 19:48:27.471 [info] > git ls-files --stage -- /home/tphilly/Coursework/vite-demo/index.html [7ms]
2023-11-02 19:48:42.524 [info] > git check-ignore -v -z --stdin [6ms]
2023-11-02 19:48:47.973 [info] > git show --textconv :Coursework/vite-demo/src/main.jsx [23ms]
2023-11-02 19:48:47.980 [info] > git ls-files --stage -- /home/tphilly/Coursework/vite-demo/src/main.jsx [9ms]
2023-11-02 19:48:52.186 [info] > git show --textconv :Coursework/vite-demo/src/App.jsx [12ms]
2023-11-02 19:48:52.189 [info] > git ls-files --stage -- /home/tphilly/Coursework/vite-demo/src/App.jsx [4ms]
2023-11-02 19:48:54.017 [info] > git show --textconv :Coursework/vite-demo/src/main.jsx [10ms]
2023-11-02 19:48:54.019 [info] > git ls-files --stage -- /home/tphilly/Coursework/vite-demo/src/main.jsx [3ms]
2023-11-02 19:50:04.389 [info] > git show --textconv :Coursework/vite-demo/src/index.css [18ms]
2023-11-02 19:50:04.395 [info] > git ls-files --stage -- /home/tphilly/Coursework/vite-demo/src/index.css [8ms]
2023-11-02 19:50:21.663 [info] > git show --textconv :Coursework/vite-demo/src/App.jsx [11ms]
2023-11-02 19:50:21.665 [info] > git ls-files --stage -- /home/tphilly/Coursework/vite-demo/src/App.jsx [4ms]
2023-11-02 19:52:22.302 [info] > git check-ignore -v -z --stdin [5ms]
2023-11-02 19:52:37.043 [info] > git check-ignore -v -z --stdin [7ms]
2023-11-02 19:56:33.869 [info] > git show --textconv :Coursework/vite-demo/src/data.js [14ms]
2023-11-02 19:56:33.871 [info] > git ls-files --stage -- /home/tphilly/Coursework/vite-demo/src/data.js [4ms]
2023-11-02 19:56:34.122 [info] > git check-ignore -v -z --stdin [6ms]
2023-11-02 19:57:52.104 [info] > git show --textconv :Coursework/vite-demo/src/App.jsx [10ms]
2023-11-02 19:57:52.107 [info] > git ls-files --stage -- /home/tphilly/Coursework/vite-demo/src/App.jsx [3ms]
2023-11-02 20:17:13.127 [info] > git check-ignore -v -z --stdin [17ms]
2023-11-02 20:17:39.049 [info] > git add -A -- . [4623ms]
2023-11-02 20:17:39.049 [info] warning: adding embedded git repository: Coursework/puppy-bowl
hint: You've added another git repository inside your current repository.
hint: Clones of the outer repository will not contain the contents of
hint: the embedded repository and will not know how to obtain it.
hint: If you meant to add a submodule, use:
hint: 
hint: 	git submodule add <url> Coursework/puppy-bowl
hint: 
hint: If you added this path by mistake, you can remove it from the
hint: index with:
hint: 
hint: 	git rm --cached Coursework/puppy-bowl
hint: 
hint: See "git help submodule" for more information.
warning: adding embedded git repository: Coursework/troys-puppy-bowl/troyspuppybowl
warning: adding embedded git repository: Coursework/vite-project
2023-11-02 20:17:39.341 [info] > git -c user.useConfigOnly=true commit --quiet --allow-empty-message --file - [279ms]
2023-11-02 20:17:39.354 [info] > git config --get commit.template [1ms]
2023-11-02 20:17:39.370 [info] > git config --get commit.template [2ms]
2023-11-02 20:17:39.382 [info] > git for-each-ref --format=%(refname)%00%(upstream:short)%00%(objectname)%00%(upstream:track)%00%(upstream:remotename)%00%(upstream:remoteref) refs/heads/master refs/remotes/master [2ms]
2023-11-02 20:17:39.486 [info] > git status -z -uall [95ms]
2023-11-02 20:17:40.714 [info] > git config --local branch.master.github-pr-owner-number [110ms]
2023-11-02 20:17:40.736 [info] > git config --get commit.template [11ms]
2023-11-02 20:17:40.747 [info] > git config --get commit.template [12ms]
2023-11-02 20:17:40.758 [info] > git for-each-ref --format=%(refname)%00%(upstream:short)%00%(objectname)%00%(upstream:track)%00%(upstream:remotename)%00%(upstream:remoteref) refs/heads/master refs/remotes/master [12ms]
2023-11-02 20:17:40.761 [info] > git for-each-ref --format=%(refname)%00%(upstream:short)%00%(objectname)%00%(upstream:track)%00%(upstream:remotename)%00%(upstream:remoteref) refs/heads/master refs/remotes/master [4ms]
2023-11-02 20:17:40.898 [info] > git status -z -uall [108ms]
2023-11-02 20:17:40.963 [info] > git ls-files --stage -- /home/tphilly/Coursework/vite-demo/src/App.jsx [4ms]
2023-11-02 20:17:40.976 [info] > git cat-file -s 5dda349ff2659c0b23bf5e4c2c97ebea3c89f44f [1ms]
2023-11-02 20:17:41.009 [info] > git show --textconv :Coursework/vite-demo/src/App.jsx [11ms]
2023-11-02 20:17:41.546 [info] > git check-ignore -v -z --stdin [9ms]
2023-11-02 20:20:44.298 [info] > git config --local branch.master.github-pr-owner-number [1ms]
2023-11-02 20:20:44.310 [info] > git config --get commit.template [1ms]
2023-11-02 20:20:44.322 [info] > git for-each-ref --format=%(refname)%00%(upstream:short)%00%(objectname)%00%(upstream:track)%00%(upstream:remotename)%00%(upstream:remoteref) refs/heads/master refs/remotes/master [1ms]
2023-11-02 20:20:44.422 [info] > git status -z -uall [89ms]
2023-11-02 20:25:44.438 [info] > git config --local branch.master.github-pr-owner-number [1ms]
2023-11-02 20:25:44.449 [info] > git config --get commit.template [1ms]
2023-11-02 20:25:44.464 [info] > git for-each-ref --format=%(refname)%00%(upstream:short)%00%(objectname)%00%(upstream:track)%00%(upstream:remotename)%00%(upstream:remoteref) refs/heads/master refs/remotes/master [3ms]
2023-11-02 20:25:44.580 [info] > git status -z -uall [105ms]
2023-11-02 20:25:45.216 [info] > git check-ignore -v -z --stdin [5ms]
2023-11-02 20:30:44.594 [info] > git config --local branch.master.github-pr-owner-number [1ms]
2023-11-02 20:30:44.606 [info] > git config --get commit.template [1ms]
2023-11-02 20:30:44.617 [info] > git for-each-ref --format=%(refname)%00%(upstream:short)%00%(objectname)%00%(upstream:track)%00%(upstream:remotename)%00%(upstream:remoteref) refs/heads/master refs/remotes/master [2ms]
2023-11-02 20:30:44.727 [info] > git status -z -uall [101ms]
2023-11-02 20:30:45.360 [info] > git check-ignore -v -z --stdin [9ms]
2023-11-02 20:35:44.741 [info] > git config --local branch.master.github-pr-owner-number [0ms]
2023-11-02 20:35:44.763 [info] > git config --get commit.template [10ms]
2023-11-02 20:35:44.764 [info] > git for-each-ref --format=%(refname)%00%(upstream:short)%00%(objectname)%00%(upstream:track)%00%(upstream:remotename)%00%(upstream:remoteref) refs/heads/master refs/remotes/master [2ms]
2023-11-02 20:35:44.860 [info] > git status -z -uall [87ms]
2023-11-02 20:35:45.504 [info] > git check-ignore -v -z --stdin [7ms]
2023-11-02 20:40:44.885 [info] > git config --local branch.master.github-pr-owner-number [1ms]
2023-11-02 20:40:44.908 [info] > git config --get commit.template [12ms]
2023-11-02 20:40:44.910 [info] > git for-each-ref --format=%(refname)%00%(upstream:short)%00%(objectname)%00%(upstream:track)%00%(upstream:remotename)%00%(upstream:remoteref) refs/heads/master refs/remotes/master [1ms]
2023-11-02 20:40:45.010 [info] > git status -z -uall [90ms]
2023-11-02 20:40:45.643 [info] > git check-ignore -v -z --stdin [6ms]
2023-11-02 20:45:45.026 [info] > git config --local branch.master.github-pr-owner-number [0ms]
2023-11-02 20:45:45.038 [info] > git config --get commit.template [1ms]
2023-11-02 20:45:45.051 [info] > git for-each-ref --format=%(refname)%00%(upstream:short)%00%(objectname)%00%(upstream:track)%00%(upstream:remotename)%00%(upstream:remoteref) refs/heads/master refs/remotes/master [1ms]
2023-11-02 20:45:45.157 [info] > git status -z -uall [94ms]
2023-11-02 20:45:45.797 [info] > git check-ignore -v -z --stdin [6ms]
2023-11-02 20:50:45.170 [info] > git config --local branch.master.github-pr-owner-number [0ms]
2023-11-02 20:50:45.182 [info] > git config --get commit.template [0ms]
2023-11-02 20:50:45.192 [info] > git for-each-ref --format=%(refname)%00%(upstream:short)%00%(objectname)%00%(upstream:track)%00%(upstream:remotename)%00%(upstream:remoteref) refs/heads/master refs/remotes/master [1ms]
2023-11-02 20:50:45.298 [info] > git status -z -uall [95ms]
2023-11-02 20:50:45.930 [info] > git check-ignore -v -z --stdin [5ms]
2023-11-02 20:55:45.314 [info] > git config --local branch.master.github-pr-owner-number [1ms]
2023-11-02 20:55:45.337 [info] > git config --get commit.template [10ms]
2023-11-02 20:55:45.338 [info] > git for-each-ref --format=%(refname)%00%(upstream:short)%00%(objectname)%00%(upstream:track)%00%(upstream:remotename)%00%(upstream:remoteref) refs/heads/master refs/remotes/master [2ms]
2023-11-02 20:55:45.447 [info] > git status -z -uall [98ms]
2023-11-02 21:00:45.461 [info] > git config --local branch.master.github-pr-owner-number [1ms]
2023-11-02 21:00:45.472 [info] > git config --get commit.template [1ms]
2023-11-02 21:00:45.481 [info] > git for-each-ref --format=%(refname)%00%(upstream:short)%00%(objectname)%00%(upstream:track)%00%(upstream:remotename)%00%(upstream:remoteref) refs/heads/master refs/remotes/master [2ms]
2023-11-02 21:00:45.573 [info] > git status -z -uall [84ms]
2023-11-02 21:02:13.532 [info] > git show --textconv :Coursework/vite-demo/src/index.css [11ms]
2023-11-02 21:02:13.536 [info] > git ls-files --stage -- /home/tphilly/Coursework/vite-demo/src/index.css [4ms]
2023-11-02 21:02:13.545 [info] > git cat-file -s e69de29bb2d1d6434b8b29ae775ad8c2e48c5391 [1ms]
2023-11-02 21:02:15.021 [info] > git show --textconv :Coursework/vite-demo/src/App.jsx [15ms]
2023-11-02 21:02:15.025 [info] > git ls-files --stage -- /home/tphilly/Coursework/vite-demo/src/App.jsx [5ms]
2023-11-02 21:02:15.040 [info] > git cat-file -s 5dda349ff2659c0b23bf5e4c2c97ebea3c89f44f [2ms]
2023-11-02 21:02:15.347 [info] > git check-ignore -v -z --stdin [6ms]
2023-11-02 21:02:26.552 [info] > git show --textconv :Coursework/vite-demo/src/index.css [12ms]
2023-11-02 21:02:26.565 [info] > git ls-files --stage -- /home/tphilly/Coursework/vite-demo/src/index.css [13ms]
2023-11-02 21:02:26.576 [info] > git cat-file -s e69de29bb2d1d6434b8b29ae775ad8c2e48c5391 [1ms]
2023-11-02 21:02:27.826 [info] > git show --textconv :Coursework/vite-demo/src/App.css [10ms]
2023-11-02 21:02:27.828 [info] > git ls-files --stage -- /home/tphilly/Coursework/vite-demo/src/App.css [3ms]
2023-11-02 21:02:27.839 [info] > git cat-file -s b9d355df2a5956b526c004531b7b0ffe412461e0 [1ms]
2023-11-02 21:02:47.975 [info] > git show --textconv :Coursework/vite-demo/src/App.jsx [15ms]
2023-11-02 21:02:47.979 [info] > git ls-files --stage -- /home/tphilly/Coursework/vite-demo/src/App.jsx [7ms]
2023-11-02 21:02:47.994 [info] > git cat-file -s 5dda349ff2659c0b23bf5e4c2c97ebea3c89f44f [1ms]
2023-11-02 21:05:45.587 [info] > git config --local branch.master.github-pr-owner-number [1ms]
2023-11-02 21:05:45.598 [info] > git config --get commit.template [1ms]
2023-11-02 21:05:45.608 [info] > git for-each-ref --format=%(refname)%00%(upstream:short)%00%(objectname)%00%(upstream:track)%00%(upstream:remotename)%00%(upstream:remoteref) refs/heads/master refs/remotes/master [1ms]
2023-11-02 21:05:45.712 [info] > git status -z -uall [85ms]
2023-11-02 21:10:45.727 [info] > git config --local branch.master.github-pr-owner-number [1ms]
2023-11-02 21:10:45.736 [info] > git config --get commit.template [1ms]
2023-11-02 21:10:45.745 [info] > git for-each-ref --format=%(refname)%00%(upstream:short)%00%(objectname)%00%(upstream:track)%00%(upstream:remotename)%00%(upstream:remoteref) refs/heads/master refs/remotes/master [1ms]
2023-11-02 21:10:45.843 [info] > git status -z -uall [88ms]
2023-11-02 21:15:45.857 [info] > git config --local branch.master.github-pr-owner-number [1ms]
2023-11-02 21:15:45.867 [info] > git config --get commit.template [1ms]
2023-11-02 21:15:45.878 [info] > git for-each-ref --format=%(refname)%00%(upstream:short)%00%(objectname)%00%(upstream:track)%00%(upstream:remotename)%00%(upstream:remoteref) refs/heads/master refs/remotes/master [2ms]
2023-11-02 21:15:46.001 [info] > git status -z -uall [102ms]
2023-11-02 21:20:46.013 [info] > git config --local branch.master.github-pr-owner-number [1ms]
2023-11-02 21:20:46.024 [info] > git config --get commit.template [1ms]
2023-11-02 21:20:46.038 [info] > git for-each-ref --format=%(refname)%00%(upstream:short)%00%(objectname)%00%(upstream:track)%00%(upstream:remotename)%00%(upstream:remoteref) refs/heads/master refs/remotes/master [1ms]
2023-11-02 21:20:46.150 [info] > git status -z -uall [92ms]
2023-11-02 21:25:46.167 [info] > git config --local branch.master.github-pr-owner-number [1ms]
2023-11-02 21:25:46.177 [info] > git config --get commit.template [0ms]
2023-11-02 21:25:46.187 [info] > git for-each-ref --format=%(refname)%00%(upstream:short)%00%(objectname)%00%(upstream:track)%00%(upstream:remotename)%00%(upstream:remoteref) refs/heads/master refs/remotes/master [1ms]
2023-11-02 21:25:46.289 [info] > git status -z -uall [89ms]
2023-11-02 21:30:46.302 [info] > git config --local branch.master.github-pr-owner-number [1ms]
2023-11-02 21:30:46.336 [info] > git config --get commit.template [25ms]
2023-11-02 21:30:46.336 [info] > git for-each-ref --format=%(refname)%00%(upstream:short)%00%(objectname)%00%(upstream:track)%00%(upstream:remotename)%00%(upstream:remoteref) refs/heads/master refs/remotes/master [2ms]
2023-11-02 21:30:46.439 [info] > git status -z -uall [86ms]
