2023-09-28 18:54:39.521 [info] Extension host with pid 126552 started
2023-09-28 18:54:39.550 [info] Lock '/home/tphilly/.vscode-server/data/User/workspaceStorage/dc3c7b4fd6c4f34336972c7bd4e236e8/vscode.lock': Lock acquired.
2023-09-28 18:54:39.654 [info] ExtensionService#_doActivateExtension vscode.git-base, startup: true, activationEvent: '*', root cause: vscode.git
2023-09-28 18:54:39.704 [info] ExtensionService#_doActivateExtension vscode.git, startup: true, activationEvent: '*'
2023-09-28 18:54:39.705 [info] ExtensionService#_doActivateExtension vscode.github, startup: true, activationEvent: '*'
2023-09-28 18:54:39.993 [info] Eager extensions activated
2023-09-28 18:54:39.994 [info] ExtensionService#_doActivateExtension vscode.debug-auto-launch, startup: false, activationEvent: 'onStartupFinished'
2023-09-28 18:54:39.994 [info] ExtensionService#_doActivateExtension vscode.merge-conflict, startup: false, activationEvent: 'onStartupFinished'
2023-09-28 18:54:39.994 [info] ExtensionService#_doActivateExtension dbaeumer.vscode-eslint, startup: false, activationEvent: 'onStartupFinished'
2023-09-28 18:54:39.994 [info] ExtensionService#_doActivateExtension eamodio.gitlens, startup: false, activationEvent: 'onStartupFinished'
2023-09-28 18:54:39.994 [info] ExtensionService#_doActivateExtension esbenp.prettier-vscode, startup: false, activationEvent: 'onStartupFinished'
2023-09-28 18:54:40.669 [info] ExtensionService#_doActivateExtension ms-vsliveshare.vsliveshare, startup: false, activationEvent: 'api', root cause: eamodio.gitlens
2023-09-28 18:54:41.232 [info] ExtensionService#_doActivateExtension GitHub.vscode-pull-request-github, startup: false, activationEvent: 'onStartupFinished'
2023-09-28 18:54:43.148 [info] ExtensionService#_doActivateExtension vscode.typescript-language-features, startup: false, activationEvent: 'onLanguage:javascript'
2023-09-28 18:54:43.148 [info] ExtensionService#_doActivateExtension vscode.emmet, startup: false, activationEvent: 'onLanguage'
2023-09-28 18:56:24.265 [info] ExtensionService#_doActivateExtension vscode.npm, startup: false, activationEvent: 'onTerminalQuickFixRequest:ms-vscode.npm-command'
2023-09-29 00:38:58.189 [info] Extension host terminating: received terminate message from renderer
2023-09-29 00:38:58.193 [info] Lock '/home/tphilly/.vscode-server/data/User/workspaceStorage/dc3c7b4fd6c4f34336972c7bd4e236e8/vscode.lock': Marking the lockfile as scheduled to be released in 6000 ms.
2023-09-29 00:38:58.356 [error] Canceled: Canceled
	at new h (/home/tphilly/.vscode-server/bin/6509174151d557a81c9d0b5f8a5a1e9274db5585/out/vs/workbench/api/node/extensionHostProcess.js:108:57382)
	at i.O (/home/tphilly/.vscode-server/bin/6509174151d557a81c9d0b5f8a5a1e9274db5585/out/vs/workbench/api/node/extensionHostProcess.js:117:10850)
	at j.<computed>.T.charCodeAt.j.<computed> (/home/tphilly/.vscode-server/bin/6509174151d557a81c9d0b5f8a5a1e9274db5585/out/vs/workbench/api/node/extensionHostProcess.js:117:8289)
	at r.g (/home/tphilly/.vscode-server/bin/6509174151d557a81c9d0b5f8a5a1e9274db5585/out/vs/workbench/api/node/extensionHostProcess.js:108:82208)
	at r.executeCommand (/home/tphilly/.vscode-server/bin/6509174151d557a81c9d0b5f8a5a1e9274db5585/out/vs/workbench/api/node/extensionHostProcess.js:108:81646)
	at u.registerCommand.description (/home/tphilly/.vscode-server/bin/6509174151d557a81c9d0b5f8a5a1e9274db5585/out/vs/workbench/api/node/extensionHostProcess.js:108:80967)
	at r.h (/home/tphilly/.vscode-server/bin/6509174151d557a81c9d0b5f8a5a1e9274db5585/out/vs/workbench/api/node/extensionHostProcess.js:108:82744)
	at r.g (/home/tphilly/.vscode-server/bin/6509174151d557a81c9d0b5f8a5a1e9274db5585/out/vs/workbench/api/node/extensionHostProcess.js:108:81739)
	at r.executeCommand (/home/tphilly/.vscode-server/bin/6509174151d557a81c9d0b5f8a5a1e9274db5585/out/vs/workbench/api/node/extensionHostProcess.js:108:81646)
	at Object.executeCommand (/home/tphilly/.vscode-server/bin/6509174151d557a81c9d0b5f8a5a1e9274db5585/out/vs/workbench/api/node/extensionHostProcess.js:123:21247)
	at w (/home/tphilly/.vscode-server/extensions/eamodio.gitlens-14.3.0/dist/gitlens.js:1:964665)
	at c (/home/tphilly/.vscode-server/extensions/eamodio.gitlens-14.3.0/dist/gitlens.js:1:969293)
	at ActionRunners._updateContextKeys (/home/tphilly/.vscode-server/extensions/eamodio.gitlens-14.3.0/dist/gitlens.js:1:38220)
	at s (/home/tphilly/.vscode-server/extensions/eamodio.gitlens-14.3.0/dist/gitlens.js:1:36639)
	at RegisteredActionRunner.unregister (/home/tphilly/.vscode-server/extensions/eamodio.gitlens-14.3.0/dist/gitlens.js:1:36783)
	at RegisteredActionRunner.dispose (/home/tphilly/.vscode-server/extensions/eamodio.gitlens-14.3.0/dist/gitlens.js:1:35446)
	at ActionRunners.dispose (/home/tphilly/.vscode-server/extensions/eamodio.gitlens-14.3.0/dist/gitlens.js:1:36225)
	at /home/tphilly/.vscode-server/extensions/eamodio.gitlens-14.3.0/dist/gitlens.js:1:685881
	at Array.forEach (<anonymous>)
	at Object.dispose (/home/tphilly/.vscode-server/extensions/eamodio.gitlens-14.3.0/dist/gitlens.js:1:685866)
	at k (/home/tphilly/.vscode-server/bin/6509174151d557a81c9d0b5f8a5a1e9274db5585/out/vs/workbench/api/node/extensionHostProcess.js:13:11730)
	at n.Z (/home/tphilly/.vscode-server/bin/6509174151d557a81c9d0b5f8a5a1e9274db5585/out/vs/workbench/api/node/extensionHostProcess.js:119:9652)
	at /home/tphilly/.vscode-server/bin/6509174151d557a81c9d0b5f8a5a1e9274db5585/out/vs/workbench/api/node/extensionHostProcess.js:119:7585
	at Array.map (<anonymous>)
	at n.S (/home/tphilly/.vscode-server/bin/6509174151d557a81c9d0b5f8a5a1e9274db5585/out/vs/workbench/api/node/extensionHostProcess.js:119:7572)
	at n.terminate (/home/tphilly/.vscode-server/bin/6509174151d557a81c9d0b5f8a5a1e9274db5585/out/vs/workbench/api/node/extensionHostProcess.js:119:7844)
	at o.terminate (/home/tphilly/.vscode-server/bin/6509174151d557a81c9d0b5f8a5a1e9274db5585/out/vs/workbench/api/node/extensionHostProcess.js:123:1513)
	at D (/home/tphilly/.vscode-server/bin/6509174151d557a81c9d0b5f8a5a1e9274db5585/out/vs/workbench/api/node/extensionHostProcess.js:136:9800)
	at n.value (/home/tphilly/.vscode-server/bin/6509174151d557a81c9d0b5f8a5a1e9274db5585/out/vs/workbench/api/node/extensionHostProcess.js:136:7847)
	at m.w (/home/tphilly/.vscode-server/bin/6509174151d557a81c9d0b5f8a5a1e9274db5585/out/vs/workbench/api/node/extensionHostProcess.js:63:1902)
	at m.fire (/home/tphilly/.vscode-server/bin/6509174151d557a81c9d0b5f8a5a1e9274db5585/out/vs/workbench/api/node/extensionHostProcess.js:63:2119)
	at v.fire (/home/tphilly/.vscode-server/bin/6509174151d557a81c9d0b5f8a5a1e9274db5585/out/vs/workbench/api/node/extensionHostProcess.js:79:13940)
	at s.z (/home/tphilly/.vscode-server/bin/6509174151d557a81c9d0b5f8a5a1e9274db5585/out/vs/workbench/api/node/extensionHostProcess.js:79:17005)
	at n.value (/home/tphilly/.vscode-server/bin/6509174151d557a81c9d0b5f8a5a1e9274db5585/out/vs/workbench/api/node/extensionHostProcess.js:79:16410)
	at m.w (/home/tphilly/.vscode-server/bin/6509174151d557a81c9d0b5f8a5a1e9274db5585/out/vs/workbench/api/node/extensionHostProcess.js:63:1902)
	at m.fire (/home/tphilly/.vscode-server/bin/6509174151d557a81c9d0b5f8a5a1e9274db5585/out/vs/workbench/api/node/extensionHostProcess.js:63:2119)
	at n.acceptChunk (/home/tphilly/.vscode-server/bin/6509174151d557a81c9d0b5f8a5a1e9274db5585/out/vs/workbench/api/node/extensionHostProcess.js:79:11714)
	at n.value (/home/tphilly/.vscode-server/bin/6509174151d557a81c9d0b5f8a5a1e9274db5585/out/vs/workbench/api/node/extensionHostProcess.js:79:11001)
	at m.w (/home/tphilly/.vscode-server/bin/6509174151d557a81c9d0b5f8a5a1e9274db5585/out/vs/workbench/api/node/extensionHostProcess.js:63:1902)
	at m.fire (/home/tphilly/.vscode-server/bin/6509174151d557a81c9d0b5f8a5a1e9274db5585/out/vs/workbench/api/node/extensionHostProcess.js:63:2119)
	at m.u (/home/tphilly/.vscode-server/bin/6509174151d557a81c9d0b5f8a5a1e9274db5585/out/vs/workbench/api/node/extensionHostProcess.js:133:19093)
	at m.acceptFrame (/home/tphilly/.vscode-server/bin/6509174151d557a81c9d0b5f8a5a1e9274db5585/out/vs/workbench/api/node/extensionHostProcess.js:133:18899)
	at a.l (/home/tphilly/.vscode-server/bin/6509174151d557a81c9d0b5f8a5a1e9274db5585/out/vs/workbench/api/node/extensionHostProcess.js:133:17532)
	at /home/tphilly/.vscode-server/bin/6509174151d557a81c9d0b5f8a5a1e9274db5585/out/vs/workbench/api/node/extensionHostProcess.js:133:14879
	at Socket.p (/home/tphilly/.vscode-server/bin/6509174151d557a81c9d0b5f8a5a1e9274db5585/out/vs/workbench/api/node/extensionHostProcess.js:133:12793)
	at Socket.emit (node:events:513:28)
	at addChunk (node:internal/streams/readable:324:12)
	at readableAddChunk (node:internal/streams/readable:297:9)
	at Readable.push (node:internal/streams/readable:234:10)
	at TCP.onStreamRead (node:internal/stream_base_commons:190:23) setContext undefined
2023-09-29 00:38:58.357 [error] Canceled: Canceled
	at new h (/home/tphilly/.vscode-server/bin/6509174151d557a81c9d0b5f8a5a1e9274db5585/out/vs/workbench/api/node/extensionHostProcess.js:108:57382)
	at i.O (/home/tphilly/.vscode-server/bin/6509174151d557a81c9d0b5f8a5a1e9274db5585/out/vs/workbench/api/node/extensionHostProcess.js:117:10850)
	at j.<computed>.T.charCodeAt.j.<computed> (/home/tphilly/.vscode-server/bin/6509174151d557a81c9d0b5f8a5a1e9274db5585/out/vs/workbench/api/node/extensionHostProcess.js:117:8289)
	at r.g (/home/tphilly/.vscode-server/bin/6509174151d557a81c9d0b5f8a5a1e9274db5585/out/vs/workbench/api/node/extensionHostProcess.js:108:82208)
	at r.executeCommand (/home/tphilly/.vscode-server/bin/6509174151d557a81c9d0b5f8a5a1e9274db5585/out/vs/workbench/api/node/extensionHostProcess.js:108:81646)
	at u.registerCommand.description (/home/tphilly/.vscode-server/bin/6509174151d557a81c9d0b5f8a5a1e9274db5585/out/vs/workbench/api/node/extensionHostProcess.js:108:80967)
	at r.h (/home/tphilly/.vscode-server/bin/6509174151d557a81c9d0b5f8a5a1e9274db5585/out/vs/workbench/api/node/extensionHostProcess.js:108:82744)
	at r.g (/home/tphilly/.vscode-server/bin/6509174151d557a81c9d0b5f8a5a1e9274db5585/out/vs/workbench/api/node/extensionHostProcess.js:108:81739)
	at r.executeCommand (/home/tphilly/.vscode-server/bin/6509174151d557a81c9d0b5f8a5a1e9274db5585/out/vs/workbench/api/node/extensionHostProcess.js:108:81646)
	at Object.executeCommand (/home/tphilly/.vscode-server/bin/6509174151d557a81c9d0b5f8a5a1e9274db5585/out/vs/workbench/api/node/extensionHostProcess.js:123:21247)
	at w (/home/tphilly/.vscode-server/extensions/eamodio.gitlens-14.3.0/dist/gitlens.js:1:964665)
	at c (/home/tphilly/.vscode-server/extensions/eamodio.gitlens-14.3.0/dist/gitlens.js:1:969293)
	at ActionRunners._updateContextKeys (/home/tphilly/.vscode-server/extensions/eamodio.gitlens-14.3.0/dist/gitlens.js:1:38220)
	at s (/home/tphilly/.vscode-server/extensions/eamodio.gitlens-14.3.0/dist/gitlens.js:1:36639)
	at RegisteredActionRunner.unregister (/home/tphilly/.vscode-server/extensions/eamodio.gitlens-14.3.0/dist/gitlens.js:1:36783)
	at RegisteredActionRunner.dispose (/home/tphilly/.vscode-server/extensions/eamodio.gitlens-14.3.0/dist/gitlens.js:1:35446)
	at ActionRunners.dispose (/home/tphilly/.vscode-server/extensions/eamodio.gitlens-14.3.0/dist/gitlens.js:1:36225)
	at /home/tphilly/.vscode-server/extensions/eamodio.gitlens-14.3.0/dist/gitlens.js:1:685881
	at Array.forEach (<anonymous>)
	at Object.dispose (/home/tphilly/.vscode-server/extensions/eamodio.gitlens-14.3.0/dist/gitlens.js:1:685866)
	at k (/home/tphilly/.vscode-server/bin/6509174151d557a81c9d0b5f8a5a1e9274db5585/out/vs/workbench/api/node/extensionHostProcess.js:13:11730)
	at n.Z (/home/tphilly/.vscode-server/bin/6509174151d557a81c9d0b5f8a5a1e9274db5585/out/vs/workbench/api/node/extensionHostProcess.js:119:9652)
	at /home/tphilly/.vscode-server/bin/6509174151d557a81c9d0b5f8a5a1e9274db5585/out/vs/workbench/api/node/extensionHostProcess.js:119:7585
	at Array.map (<anonymous>)
	at n.S (/home/tphilly/.vscode-server/bin/6509174151d557a81c9d0b5f8a5a1e9274db5585/out/vs/workbench/api/node/extensionHostProcess.js:119:7572)
	at n.terminate (/home/tphilly/.vscode-server/bin/6509174151d557a81c9d0b5f8a5a1e9274db5585/out/vs/workbench/api/node/extensionHostProcess.js:119:7844)
	at o.terminate (/home/tphilly/.vscode-server/bin/6509174151d557a81c9d0b5f8a5a1e9274db5585/out/vs/workbench/api/node/extensionHostProcess.js:123:1513)
	at D (/home/tphilly/.vscode-server/bin/6509174151d557a81c9d0b5f8a5a1e9274db5585/out/vs/workbench/api/node/extensionHostProcess.js:136:9800)
	at n.value (/home/tphilly/.vscode-server/bin/6509174151d557a81c9d0b5f8a5a1e9274db5585/out/vs/workbench/api/node/extensionHostProcess.js:136:7847)
	at m.w (/home/tphilly/.vscode-server/bin/6509174151d557a81c9d0b5f8a5a1e9274db5585/out/vs/workbench/api/node/extensionHostProcess.js:63:1902)
	at m.fire (/home/tphilly/.vscode-server/bin/6509174151d557a81c9d0b5f8a5a1e9274db5585/out/vs/workbench/api/node/extensionHostProcess.js:63:2119)
	at v.fire (/home/tphilly/.vscode-server/bin/6509174151d557a81c9d0b5f8a5a1e9274db5585/out/vs/workbench/api/node/extensionHostProcess.js:79:13940)
	at s.z (/home/tphilly/.vscode-server/bin/6509174151d557a81c9d0b5f8a5a1e9274db5585/out/vs/workbench/api/node/extensionHostProcess.js:79:17005)
	at n.value (/home/tphilly/.vscode-server/bin/6509174151d557a81c9d0b5f8a5a1e9274db5585/out/vs/workbench/api/node/extensionHostProcess.js:79:16410)
	at m.w (/home/tphilly/.vscode-server/bin/6509174151d557a81c9d0b5f8a5a1e9274db5585/out/vs/workbench/api/node/extensionHostProcess.js:63:1902)
	at m.fire (/home/tphilly/.vscode-server/bin/6509174151d557a81c9d0b5f8a5a1e9274db5585/out/vs/workbench/api/node/extensionHostProcess.js:63:2119)
	at n.acceptChunk (/home/tphilly/.vscode-server/bin/6509174151d557a81c9d0b5f8a5a1e9274db5585/out/vs/workbench/api/node/extensionHostProcess.js:79:11714)
	at n.value (/home/tphilly/.vscode-server/bin/6509174151d557a81c9d0b5f8a5a1e9274db5585/out/vs/workbench/api/node/extensionHostProcess.js:79:11001)
	at m.w (/home/tphilly/.vscode-server/bin/6509174151d557a81c9d0b5f8a5a1e9274db5585/out/vs/workbench/api/node/extensionHostProcess.js:63:1902)
	at m.fire (/home/tphilly/.vscode-server/bin/6509174151d557a81c9d0b5f8a5a1e9274db5585/out/vs/workbench/api/node/extensionHostProcess.js:63:2119)
	at m.u (/home/tphilly/.vscode-server/bin/6509174151d557a81c9d0b5f8a5a1e9274db5585/out/vs/workbench/api/node/extensionHostProcess.js:133:19093)
	at m.acceptFrame (/home/tphilly/.vscode-server/bin/6509174151d557a81c9d0b5f8a5a1e9274db5585/out/vs/workbench/api/node/extensionHostProcess.js:133:18899)
	at a.l (/home/tphilly/.vscode-server/bin/6509174151d557a81c9d0b5f8a5a1e9274db5585/out/vs/workbench/api/node/extensionHostProcess.js:133:17532)
	at /home/tphilly/.vscode-server/bin/6509174151d557a81c9d0b5f8a5a1e9274db5585/out/vs/workbench/api/node/extensionHostProcess.js:133:14879
	at Socket.p (/home/tphilly/.vscode-server/bin/6509174151d557a81c9d0b5f8a5a1e9274db5585/out/vs/workbench/api/node/extensionHostProcess.js:133:12793)
	at Socket.emit (node:events:513:28)
	at addChunk (node:internal/streams/readable:324:12)
	at readableAddChunk (node:internal/streams/readable:297:9)
	at Readable.push (node:internal/streams/readable:234:10)
	at TCP.onStreamRead (node:internal/stream_base_commons:190:23) setContext undefined
2023-09-29 00:38:58.358 [error] Canceled: Canceled
	at new h (/home/tphilly/.vscode-server/bin/6509174151d557a81c9d0b5f8a5a1e9274db5585/out/vs/workbench/api/node/extensionHostProcess.js:108:57382)
	at i.O (/home/tphilly/.vscode-server/bin/6509174151d557a81c9d0b5f8a5a1e9274db5585/out/vs/workbench/api/node/extensionHostProcess.js:117:10850)
	at j.<computed>.T.charCodeAt.j.<computed> (/home/tphilly/.vscode-server/bin/6509174151d557a81c9d0b5f8a5a1e9274db5585/out/vs/workbench/api/node/extensionHostProcess.js:117:8289)
	at r.g (/home/tphilly/.vscode-server/bin/6509174151d557a81c9d0b5f8a5a1e9274db5585/out/vs/workbench/api/node/extensionHostProcess.js:108:82208)
	at r.executeCommand (/home/tphilly/.vscode-server/bin/6509174151d557a81c9d0b5f8a5a1e9274db5585/out/vs/workbench/api/node/extensionHostProcess.js:108:81646)
	at u.registerCommand.description (/home/tphilly/.vscode-server/bin/6509174151d557a81c9d0b5f8a5a1e9274db5585/out/vs/workbench/api/node/extensionHostProcess.js:108:80967)
	at r.h (/home/tphilly/.vscode-server/bin/6509174151d557a81c9d0b5f8a5a1e9274db5585/out/vs/workbench/api/node/extensionHostProcess.js:108:82744)
	at r.g (/home/tphilly/.vscode-server/bin/6509174151d557a81c9d0b5f8a5a1e9274db5585/out/vs/workbench/api/node/extensionHostProcess.js:108:81739)
	at r.executeCommand (/home/tphilly/.vscode-server/bin/6509174151d557a81c9d0b5f8a5a1e9274db5585/out/vs/workbench/api/node/extensionHostProcess.js:108:81646)
	at Object.executeCommand (/home/tphilly/.vscode-server/bin/6509174151d557a81c9d0b5f8a5a1e9274db5585/out/vs/workbench/api/node/extensionHostProcess.js:123:21247)
	at w (/home/tphilly/.vscode-server/extensions/eamodio.gitlens-14.3.0/dist/gitlens.js:1:964665)
	at c (/home/tphilly/.vscode-server/extensions/eamodio.gitlens-14.3.0/dist/gitlens.js:1:969293)
	at ActionRunners._updateContextKeys (/home/tphilly/.vscode-server/extensions/eamodio.gitlens-14.3.0/dist/gitlens.js:1:38220)
	at s (/home/tphilly/.vscode-server/extensions/eamodio.gitlens-14.3.0/dist/gitlens.js:1:36639)
	at RegisteredActionRunner.unregister (/home/tphilly/.vscode-server/extensions/eamodio.gitlens-14.3.0/dist/gitlens.js:1:36783)
	at RegisteredActionRunner.dispose (/home/tphilly/.vscode-server/extensions/eamodio.gitlens-14.3.0/dist/gitlens.js:1:35446)
	at Object.dispose (/home/tphilly/.vscode-server/extensions/eamodio.gitlens-14.3.0/dist/gitlens.js:1:36880)
	at k (/home/tphilly/.vscode-server/bin/6509174151d557a81c9d0b5f8a5a1e9274db5585/out/vs/workbench/api/node/extensionHostProcess.js:13:11730)
	at n.Z (/home/tphilly/.vscode-server/bin/6509174151d557a81c9d0b5f8a5a1e9274db5585/out/vs/workbench/api/node/extensionHostProcess.js:119:9652)
	at /home/tphilly/.vscode-server/bin/6509174151d557a81c9d0b5f8a5a1e9274db5585/out/vs/workbench/api/node/extensionHostProcess.js:119:7585
	at Array.map (<anonymous>)
	at n.S (/home/tphilly/.vscode-server/bin/6509174151d557a81c9d0b5f8a5a1e9274db5585/out/vs/workbench/api/node/extensionHostProcess.js:119:7572)
	at n.terminate (/home/tphilly/.vscode-server/bin/6509174151d557a81c9d0b5f8a5a1e9274db5585/out/vs/workbench/api/node/extensionHostProcess.js:119:7844)
	at o.terminate (/home/tphilly/.vscode-server/bin/6509174151d557a81c9d0b5f8a5a1e9274db5585/out/vs/workbench/api/node/extensionHostProcess.js:123:1513)
	at D (/home/tphilly/.vscode-server/bin/6509174151d557a81c9d0b5f8a5a1e9274db5585/out/vs/workbench/api/node/extensionHostProcess.js:136:9800)
	at n.value (/home/tphilly/.vscode-server/bin/6509174151d557a81c9d0b5f8a5a1e9274db5585/out/vs/workbench/api/node/extensionHostProcess.js:136:7847)
	at m.w (/home/tphilly/.vscode-server/bin/6509174151d557a81c9d0b5f8a5a1e9274db5585/out/vs/workbench/api/node/extensionHostProcess.js:63:1902)
	at m.fire (/home/tphilly/.vscode-server/bin/6509174151d557a81c9d0b5f8a5a1e9274db5585/out/vs/workbench/api/node/extensionHostProcess.js:63:2119)
	at v.fire (/home/tphilly/.vscode-server/bin/6509174151d557a81c9d0b5f8a5a1e9274db5585/out/vs/workbench/api/node/extensionHostProcess.js:79:13940)
	at s.z (/home/tphilly/.vscode-server/bin/6509174151d557a81c9d0b5f8a5a1e9274db5585/out/vs/workbench/api/node/extensionHostProcess.js:79:17005)
	at n.value (/home/tphilly/.vscode-server/bin/6509174151d557a81c9d0b5f8a5a1e9274db5585/out/vs/workbench/api/node/extensionHostProcess.js:79:16410)
	at m.w (/home/tphilly/.vscode-server/bin/6509174151d557a81c9d0b5f8a5a1e9274db5585/out/vs/workbench/api/node/extensionHostProcess.js:63:1902)
	at m.fire (/home/tphilly/.vscode-server/bin/6509174151d557a81c9d0b5f8a5a1e9274db5585/out/vs/workbench/api/node/extensionHostProcess.js:63:2119)
	at n.acceptChunk (/home/tphilly/.vscode-server/bin/6509174151d557a81c9d0b5f8a5a1e9274db5585/out/vs/workbench/api/node/extensionHostProcess.js:79:11714)
	at n.value (/home/tphilly/.vscode-server/bin/6509174151d557a81c9d0b5f8a5a1e9274db5585/out/vs/workbench/api/node/extensionHostProcess.js:79:11001)
	at m.w (/home/tphilly/.vscode-server/bin/6509174151d557a81c9d0b5f8a5a1e9274db5585/out/vs/workbench/api/node/extensionHostProcess.js:63:1902)
	at m.fire (/home/tphilly/.vscode-server/bin/6509174151d557a81c9d0b5f8a5a1e9274db5585/out/vs/workbench/api/node/extensionHostProcess.js:63:2119)
	at m.u (/home/tphilly/.vscode-server/bin/6509174151d557a81c9d0b5f8a5a1e9274db5585/out/vs/workbench/api/node/extensionHostProcess.js:133:19093)
	at m.acceptFrame (/home/tphilly/.vscode-server/bin/6509174151d557a81c9d0b5f8a5a1e9274db5585/out/vs/workbench/api/node/extensionHostProcess.js:133:18899)
	at a.l (/home/tphilly/.vscode-server/bin/6509174151d557a81c9d0b5f8a5a1e9274db5585/out/vs/workbench/api/node/extensionHostProcess.js:133:17532)
	at /home/tphilly/.vscode-server/bin/6509174151d557a81c9d0b5f8a5a1e9274db5585/out/vs/workbench/api/node/extensionHostProcess.js:133:14879
	at Socket.p (/home/tphilly/.vscode-server/bin/6509174151d557a81c9d0b5f8a5a1e9274db5585/out/vs/workbench/api/node/extensionHostProcess.js:133:12793)
	at Socket.emit (node:events:513:28)
	at addChunk (node:internal/streams/readable:324:12)
	at readableAddChunk (node:internal/streams/readable:297:9)
	at Readable.push (node:internal/streams/readable:234:10)
	at TCP.onStreamRead (node:internal/stream_base_commons:190:23) setContext undefined
2023-09-29 00:38:58.358 [error] Canceled: Canceled
	at new h (/home/tphilly/.vscode-server/bin/6509174151d557a81c9d0b5f8a5a1e9274db5585/out/vs/workbench/api/node/extensionHostProcess.js:108:57382)
	at i.O (/home/tphilly/.vscode-server/bin/6509174151d557a81c9d0b5f8a5a1e9274db5585/out/vs/workbench/api/node/extensionHostProcess.js:117:10850)
	at j.<computed>.T.charCodeAt.j.<computed> (/home/tphilly/.vscode-server/bin/6509174151d557a81c9d0b5f8a5a1e9274db5585/out/vs/workbench/api/node/extensionHostProcess.js:117:8289)
	at r.g (/home/tphilly/.vscode-server/bin/6509174151d557a81c9d0b5f8a5a1e9274db5585/out/vs/workbench/api/node/extensionHostProcess.js:108:82208)
	at r.executeCommand (/home/tphilly/.vscode-server/bin/6509174151d557a81c9d0b5f8a5a1e9274db5585/out/vs/workbench/api/node/extensionHostProcess.js:108:81646)
	at u.registerCommand.description (/home/tphilly/.vscode-server/bin/6509174151d557a81c9d0b5f8a5a1e9274db5585/out/vs/workbench/api/node/extensionHostProcess.js:108:80967)
	at r.h (/home/tphilly/.vscode-server/bin/6509174151d557a81c9d0b5f8a5a1e9274db5585/out/vs/workbench/api/node/extensionHostProcess.js:108:82744)
	at r.g (/home/tphilly/.vscode-server/bin/6509174151d557a81c9d0b5f8a5a1e9274db5585/out/vs/workbench/api/node/extensionHostProcess.js:108:81739)
	at r.executeCommand (/home/tphilly/.vscode-server/bin/6509174151d557a81c9d0b5f8a5a1e9274db5585/out/vs/workbench/api/node/extensionHostProcess.js:108:81646)
	at Object.executeCommand (/home/tphilly/.vscode-server/bin/6509174151d557a81c9d0b5f8a5a1e9274db5585/out/vs/workbench/api/node/extensionHostProcess.js:123:21247)
	at w (/home/tphilly/.vscode-server/extensions/eamodio.gitlens-14.3.0/dist/gitlens.js:1:964665)
	at c (/home/tphilly/.vscode-server/extensions/eamodio.gitlens-14.3.0/dist/gitlens.js:1:969293)
	at ActionRunners._updateContextKeys (/home/tphilly/.vscode-server/extensions/eamodio.gitlens-14.3.0/dist/gitlens.js:1:38220)
	at s (/home/tphilly/.vscode-server/extensions/eamodio.gitlens-14.3.0/dist/gitlens.js:1:36639)
	at RegisteredActionRunner.unregister (/home/tphilly/.vscode-server/extensions/eamodio.gitlens-14.3.0/dist/gitlens.js:1:36783)
	at RegisteredActionRunner.dispose (/home/tphilly/.vscode-server/extensions/eamodio.gitlens-14.3.0/dist/gitlens.js:1:35446)
	at Object.dispose (/home/tphilly/.vscode-server/extensions/eamodio.gitlens-14.3.0/dist/gitlens.js:1:36880)
	at k (/home/tphilly/.vscode-server/bin/6509174151d557a81c9d0b5f8a5a1e9274db5585/out/vs/workbench/api/node/extensionHostProcess.js:13:11730)
	at n.Z (/home/tphilly/.vscode-server/bin/6509174151d557a81c9d0b5f8a5a1e9274db5585/out/vs/workbench/api/node/extensionHostProcess.js:119:9652)
	at /home/tphilly/.vscode-server/bin/6509174151d557a81c9d0b5f8a5a1e9274db5585/out/vs/workbench/api/node/extensionHostProcess.js:119:7585
	at Array.map (<anonymous>)
	at n.S (/home/tphilly/.vscode-server/bin/6509174151d557a81c9d0b5f8a5a1e9274db5585/out/vs/workbench/api/node/extensionHostProcess.js:119:7572)
	at n.terminate (/home/tphilly/.vscode-server/bin/6509174151d557a81c9d0b5f8a5a1e9274db5585/out/vs/workbench/api/node/extensionHostProcess.js:119:7844)
	at o.terminate (/home/tphilly/.vscode-server/bin/6509174151d557a81c9d0b5f8a5a1e9274db5585/out/vs/workbench/api/node/extensionHostProcess.js:123:1513)
	at D (/home/tphilly/.vscode-server/bin/6509174151d557a81c9d0b5f8a5a1e9274db5585/out/vs/workbench/api/node/extensionHostProcess.js:136:9800)
	at n.value (/home/tphilly/.vscode-server/bin/6509174151d557a81c9d0b5f8a5a1e9274db5585/out/vs/workbench/api/node/extensionHostProcess.js:136:7847)
	at m.w (/home/tphilly/.vscode-server/bin/6509174151d557a81c9d0b5f8a5a1e9274db5585/out/vs/workbench/api/node/extensionHostProcess.js:63:1902)
	at m.fire (/home/tphilly/.vscode-server/bin/6509174151d557a81c9d0b5f8a5a1e9274db5585/out/vs/workbench/api/node/extensionHostProcess.js:63:2119)
	at v.fire (/home/tphilly/.vscode-server/bin/6509174151d557a81c9d0b5f8a5a1e9274db5585/out/vs/workbench/api/node/extensionHostProcess.js:79:13940)
	at s.z (/home/tphilly/.vscode-server/bin/6509174151d557a81c9d0b5f8a5a1e9274db5585/out/vs/workbench/api/node/extensionHostProcess.js:79:17005)
	at n.value (/home/tphilly/.vscode-server/bin/6509174151d557a81c9d0b5f8a5a1e9274db5585/out/vs/workbench/api/node/extensionHostProcess.js:79:16410)
	at m.w (/home/tphilly/.vscode-server/bin/6509174151d557a81c9d0b5f8a5a1e9274db5585/out/vs/workbench/api/node/extensionHostProcess.js:63:1902)
	at m.fire (/home/tphilly/.vscode-server/bin/6509174151d557a81c9d0b5f8a5a1e9274db5585/out/vs/workbench/api/node/extensionHostProcess.js:63:2119)
	at n.acceptChunk (/home/tphilly/.vscode-server/bin/6509174151d557a81c9d0b5f8a5a1e9274db5585/out/vs/workbench/api/node/extensionHostProcess.js:79:11714)
	at n.value (/home/tphilly/.vscode-server/bin/6509174151d557a81c9d0b5f8a5a1e9274db5585/out/vs/workbench/api/node/extensionHostProcess.js:79:11001)
	at m.w (/home/tphilly/.vscode-server/bin/6509174151d557a81c9d0b5f8a5a1e9274db5585/out/vs/workbench/api/node/extensionHostProcess.js:63:1902)
	at m.fire (/home/tphilly/.vscode-server/bin/6509174151d557a81c9d0b5f8a5a1e9274db5585/out/vs/workbench/api/node/extensionHostProcess.js:63:2119)
	at m.u (/home/tphilly/.vscode-server/bin/6509174151d557a81c9d0b5f8a5a1e9274db5585/out/vs/workbench/api/node/extensionHostProcess.js:133:19093)
	at m.acceptFrame (/home/tphilly/.vscode-server/bin/6509174151d557a81c9d0b5f8a5a1e9274db5585/out/vs/workbench/api/node/extensionHostProcess.js:133:18899)
	at a.l (/home/tphilly/.vscode-server/bin/6509174151d557a81c9d0b5f8a5a1e9274db5585/out/vs/workbench/api/node/extensionHostProcess.js:133:17532)
	at /home/tphilly/.vscode-server/bin/6509174151d557a81c9d0b5f8a5a1e9274db5585/out/vs/workbench/api/node/extensionHostProcess.js:133:14879
	at Socket.p (/home/tphilly/.vscode-server/bin/6509174151d557a81c9d0b5f8a5a1e9274db5585/out/vs/workbench/api/node/extensionHostProcess.js:133:12793)
	at Socket.emit (node:events:513:28)
	at addChunk (node:internal/streams/readable:324:12)
	at readableAddChunk (node:internal/streams/readable:297:9)
	at Readable.push (node:internal/streams/readable:234:10)
	at TCP.onStreamRead (node:internal/stream_base_commons:190:23) setContext undefined
2023-09-29 00:38:58.359 [error] Canceled: Canceled
	at new h (/home/tphilly/.vscode-server/bin/6509174151d557a81c9d0b5f8a5a1e9274db5585/out/vs/workbench/api/node/extensionHostProcess.js:108:57382)
	at i.O (/home/tphilly/.vscode-server/bin/6509174151d557a81c9d0b5f8a5a1e9274db5585/out/vs/workbench/api/node/extensionHostProcess.js:117:10850)
	at j.<computed>.T.charCodeAt.j.<computed> (/home/tphilly/.vscode-server/bin/6509174151d557a81c9d0b5f8a5a1e9274db5585/out/vs/workbench/api/node/extensionHostProcess.js:117:8289)
	at r.g (/home/tphilly/.vscode-server/bin/6509174151d557a81c9d0b5f8a5a1e9274db5585/out/vs/workbench/api/node/extensionHostProcess.js:108:82208)
	at r.executeCommand (/home/tphilly/.vscode-server/bin/6509174151d557a81c9d0b5f8a5a1e9274db5585/out/vs/workbench/api/node/extensionHostProcess.js:108:81646)
	at u.registerCommand.description (/home/tphilly/.vscode-server/bin/6509174151d557a81c9d0b5f8a5a1e9274db5585/out/vs/workbench/api/node/extensionHostProcess.js:108:80967)
	at r.h (/home/tphilly/.vscode-server/bin/6509174151d557a81c9d0b5f8a5a1e9274db5585/out/vs/workbench/api/node/extensionHostProcess.js:108:82744)
	at r.g (/home/tphilly/.vscode-server/bin/6509174151d557a81c9d0b5f8a5a1e9274db5585/out/vs/workbench/api/node/extensionHostProcess.js:108:81739)
	at r.executeCommand (/home/tphilly/.vscode-server/bin/6509174151d557a81c9d0b5f8a5a1e9274db5585/out/vs/workbench/api/node/extensionHostProcess.js:108:81646)
	at Object.executeCommand (/home/tphilly/.vscode-server/bin/6509174151d557a81c9d0b5f8a5a1e9274db5585/out/vs/workbench/api/node/extensionHostProcess.js:123:21247)
	at w (/home/tphilly/.vscode-server/extensions/eamodio.gitlens-14.3.0/dist/gitlens.js:1:964665)
	at c (/home/tphilly/.vscode-server/extensions/eamodio.gitlens-14.3.0/dist/gitlens.js:1:969293)
	at ActionRunners._updateContextKeys (/home/tphilly/.vscode-server/extensions/eamodio.gitlens-14.3.0/dist/gitlens.js:1:38220)
	at s (/home/tphilly/.vscode-server/extensions/eamodio.gitlens-14.3.0/dist/gitlens.js:1:36639)
	at RegisteredActionRunner.unregister (/home/tphilly/.vscode-server/extensions/eamodio.gitlens-14.3.0/dist/gitlens.js:1:36783)
	at RegisteredActionRunner.dispose (/home/tphilly/.vscode-server/extensions/eamodio.gitlens-14.3.0/dist/gitlens.js:1:35446)
	at Object.dispose (/home/tphilly/.vscode-server/extensions/eamodio.gitlens-14.3.0/dist/gitlens.js:1:36880)
	at k (/home/tphilly/.vscode-server/bin/6509174151d557a81c9d0b5f8a5a1e9274db5585/out/vs/workbench/api/node/extensionHostProcess.js:13:11730)
	at n.Z (/home/tphilly/.vscode-server/bin/6509174151d557a81c9d0b5f8a5a1e9274db5585/out/vs/workbench/api/node/extensionHostProcess.js:119:9652)
	at /home/tphilly/.vscode-server/bin/6509174151d557a81c9d0b5f8a5a1e9274db5585/out/vs/workbench/api/node/extensionHostProcess.js:119:7585
	at Array.map (<anonymous>)
	at n.S (/home/tphilly/.vscode-server/bin/6509174151d557a81c9d0b5f8a5a1e9274db5585/out/vs/workbench/api/node/extensionHostProcess.js:119:7572)
	at n.terminate (/home/tphilly/.vscode-server/bin/6509174151d557a81c9d0b5f8a5a1e9274db5585/out/vs/workbench/api/node/extensionHostProcess.js:119:7844)
	at o.terminate (/home/tphilly/.vscode-server/bin/6509174151d557a81c9d0b5f8a5a1e9274db5585/out/vs/workbench/api/node/extensionHostProcess.js:123:1513)
	at D (/home/tphilly/.vscode-server/bin/6509174151d557a81c9d0b5f8a5a1e9274db5585/out/vs/workbench/api/node/extensionHostProcess.js:136:9800)
	at n.value (/home/tphilly/.vscode-server/bin/6509174151d557a81c9d0b5f8a5a1e9274db5585/out/vs/workbench/api/node/extensionHostProcess.js:136:7847)
	at m.w (/home/tphilly/.vscode-server/bin/6509174151d557a81c9d0b5f8a5a1e9274db5585/out/vs/workbench/api/node/extensionHostProcess.js:63:1902)
	at m.fire (/home/tphilly/.vscode-server/bin/6509174151d557a81c9d0b5f8a5a1e9274db5585/out/vs/workbench/api/node/extensionHostProcess.js:63:2119)
	at v.fire (/home/tphilly/.vscode-server/bin/6509174151d557a81c9d0b5f8a5a1e9274db5585/out/vs/workbench/api/node/extensionHostProcess.js:79:13940)
	at s.z (/home/tphilly/.vscode-server/bin/6509174151d557a81c9d0b5f8a5a1e9274db5585/out/vs/workbench/api/node/extensionHostProcess.js:79:17005)
	at n.value (/home/tphilly/.vscode-server/bin/6509174151d557a81c9d0b5f8a5a1e9274db5585/out/vs/workbench/api/node/extensionHostProcess.js:79:16410)
	at m.w (/home/tphilly/.vscode-server/bin/6509174151d557a81c9d0b5f8a5a1e9274db5585/out/vs/workbench/api/node/extensionHostProcess.js:63:1902)
	at m.fire (/home/tphilly/.vscode-server/bin/6509174151d557a81c9d0b5f8a5a1e9274db5585/out/vs/workbench/api/node/extensionHostProcess.js:63:2119)
	at n.acceptChunk (/home/tphilly/.vscode-server/bin/6509174151d557a81c9d0b5f8a5a1e9274db5585/out/vs/workbench/api/node/extensionHostProcess.js:79:11714)
	at n.value (/home/tphilly/.vscode-server/bin/6509174151d557a81c9d0b5f8a5a1e9274db5585/out/vs/workbench/api/node/extensionHostProcess.js:79:11001)
	at m.w (/home/tphilly/.vscode-server/bin/6509174151d557a81c9d0b5f8a5a1e9274db5585/out/vs/workbench/api/node/extensionHostProcess.js:63:1902)
	at m.fire (/home/tphilly/.vscode-server/bin/6509174151d557a81c9d0b5f8a5a1e9274db5585/out/vs/workbench/api/node/extensionHostProcess.js:63:2119)
	at m.u (/home/tphilly/.vscode-server/bin/6509174151d557a81c9d0b5f8a5a1e9274db5585/out/vs/workbench/api/node/extensionHostProcess.js:133:19093)
	at m.acceptFrame (/home/tphilly/.vscode-server/bin/6509174151d557a81c9d0b5f8a5a1e9274db5585/out/vs/workbench/api/node/extensionHostProcess.js:133:18899)
	at a.l (/home/tphilly/.vscode-server/bin/6509174151d557a81c9d0b5f8a5a1e9274db5585/out/vs/workbench/api/node/extensionHostProcess.js:133:17532)
	at /home/tphilly/.vscode-server/bin/6509174151d557a81c9d0b5f8a5a1e9274db5585/out/vs/workbench/api/node/extensionHostProcess.js:133:14879
	at Socket.p (/home/tphilly/.vscode-server/bin/6509174151d557a81c9d0b5f8a5a1e9274db5585/out/vs/workbench/api/node/extensionHostProcess.js:133:12793)
	at Socket.emit (node:events:513:28)
	at addChunk (node:internal/streams/readable:324:12)
	at readableAddChunk (node:internal/streams/readable:297:9)
	at Readable.push (node:internal/streams/readable:234:10)
	at TCP.onStreamRead (node:internal/stream_base_commons:190:23) setContext undefined
2023-09-29 00:38:58.360 [error] Canceled: Canceled
	at new h (/home/tphilly/.vscode-server/bin/6509174151d557a81c9d0b5f8a5a1e9274db5585/out/vs/workbench/api/node/extensionHostProcess.js:108:57382)
	at i.O (/home/tphilly/.vscode-server/bin/6509174151d557a81c9d0b5f8a5a1e9274db5585/out/vs/workbench/api/node/extensionHostProcess.js:117:10850)
	at j.<computed>.T.charCodeAt.j.<computed> (/home/tphilly/.vscode-server/bin/6509174151d557a81c9d0b5f8a5a1e9274db5585/out/vs/workbench/api/node/extensionHostProcess.js:117:8289)
	at r.g (/home/tphilly/.vscode-server/bin/6509174151d557a81c9d0b5f8a5a1e9274db5585/out/vs/workbench/api/node/extensionHostProcess.js:108:82208)
	at r.executeCommand (/home/tphilly/.vscode-server/bin/6509174151d557a81c9d0b5f8a5a1e9274db5585/out/vs/workbench/api/node/extensionHostProcess.js:108:81646)
	at u.registerCommand.description (/home/tphilly/.vscode-server/bin/6509174151d557a81c9d0b5f8a5a1e9274db5585/out/vs/workbench/api/node/extensionHostProcess.js:108:80967)
	at r.h (/home/tphilly/.vscode-server/bin/6509174151d557a81c9d0b5f8a5a1e9274db5585/out/vs/workbench/api/node/extensionHostProcess.js:108:82744)
	at r.g (/home/tphilly/.vscode-server/bin/6509174151d557a81c9d0b5f8a5a1e9274db5585/out/vs/workbench/api/node/extensionHostProcess.js:108:81739)
	at r.executeCommand (/home/tphilly/.vscode-server/bin/6509174151d557a81c9d0b5f8a5a1e9274db5585/out/vs/workbench/api/node/extensionHostProcess.js:108:81646)
	at Object.executeCommand (/home/tphilly/.vscode-server/bin/6509174151d557a81c9d0b5f8a5a1e9274db5585/out/vs/workbench/api/node/extensionHostProcess.js:123:21247)
	at e0.reset (/home/tphilly/.vscode-server/extensions/github.vscode-pull-request-github-0.72.0/dist/extension.js:1805:3944)
	at e0.dispose (/home/tphilly/.vscode-server/extensions/github.vscode-pull-request-github-0.72.0/dist/extension.js:1805:4183)
	at k (/home/tphilly/.vscode-server/bin/6509174151d557a81c9d0b5f8a5a1e9274db5585/out/vs/workbench/api/node/extensionHostProcess.js:13:11730)
	at n.Z (/home/tphilly/.vscode-server/bin/6509174151d557a81c9d0b5f8a5a1e9274db5585/out/vs/workbench/api/node/extensionHostProcess.js:119:9652)
	at /home/tphilly/.vscode-server/bin/6509174151d557a81c9d0b5f8a5a1e9274db5585/out/vs/workbench/api/node/extensionHostProcess.js:119:7585
	at Array.map (<anonymous>)
	at n.S (/home/tphilly/.vscode-server/bin/6509174151d557a81c9d0b5f8a5a1e9274db5585/out/vs/workbench/api/node/extensionHostProcess.js:119:7572)
	at n.terminate (/home/tphilly/.vscode-server/bin/6509174151d557a81c9d0b5f8a5a1e9274db5585/out/vs/workbench/api/node/extensionHostProcess.js:119:7844)
	at o.terminate (/home/tphilly/.vscode-server/bin/6509174151d557a81c9d0b5f8a5a1e9274db5585/out/vs/workbench/api/node/extensionHostProcess.js:123:1513)
	at D (/home/tphilly/.vscode-server/bin/6509174151d557a81c9d0b5f8a5a1e9274db5585/out/vs/workbench/api/node/extensionHostProcess.js:136:9800)
	at n.value (/home/tphilly/.vscode-server/bin/6509174151d557a81c9d0b5f8a5a1e9274db5585/out/vs/workbench/api/node/extensionHostProcess.js:136:7847)
	at m.w (/home/tphilly/.vscode-server/bin/6509174151d557a81c9d0b5f8a5a1e9274db5585/out/vs/workbench/api/node/extensionHostProcess.js:63:1902)
	at m.fire (/home/tphilly/.vscode-server/bin/6509174151d557a81c9d0b5f8a5a1e9274db5585/out/vs/workbench/api/node/extensionHostProcess.js:63:2119)
	at v.fire (/home/tphilly/.vscode-server/bin/6509174151d557a81c9d0b5f8a5a1e9274db5585/out/vs/workbench/api/node/extensionHostProcess.js:79:13940)
	at s.z (/home/tphilly/.vscode-server/bin/6509174151d557a81c9d0b5f8a5a1e9274db5585/out/vs/workbench/api/node/extensionHostProcess.js:79:17005)
	at n.value (/home/tphilly/.vscode-server/bin/6509174151d557a81c9d0b5f8a5a1e9274db5585/out/vs/workbench/api/node/extensionHostProcess.js:79:16410)
	at m.w (/home/tphilly/.vscode-server/bin/6509174151d557a81c9d0b5f8a5a1e9274db5585/out/vs/workbench/api/node/extensionHostProcess.js:63:1902)
	at m.fire (/home/tphilly/.vscode-server/bin/6509174151d557a81c9d0b5f8a5a1e9274db5585/out/vs/workbench/api/node/extensionHostProcess.js:63:2119)
	at n.acceptChunk (/home/tphilly/.vscode-server/bin/6509174151d557a81c9d0b5f8a5a1e9274db5585/out/vs/workbench/api/node/extensionHostProcess.js:79:11714)
	at n.value (/home/tphilly/.vscode-server/bin/6509174151d557a81c9d0b5f8a5a1e9274db5585/out/vs/workbench/api/node/extensionHostProcess.js:79:11001)
	at m.w (/home/tphilly/.vscode-server/bin/6509174151d557a81c9d0b5f8a5a1e9274db5585/out/vs/workbench/api/node/extensionHostProcess.js:63:1902)
	at m.fire (/home/tphilly/.vscode-server/bin/6509174151d557a81c9d0b5f8a5a1e9274db5585/out/vs/workbench/api/node/extensionHostProcess.js:63:2119)
	at m.u (/home/tphilly/.vscode-server/bin/6509174151d557a81c9d0b5f8a5a1e9274db5585/out/vs/workbench/api/node/extensionHostProcess.js:133:19093)
	at m.acceptFrame (/home/tphilly/.vscode-server/bin/6509174151d557a81c9d0b5f8a5a1e9274db5585/out/vs/workbench/api/node/extensionHostProcess.js:133:18899)
	at a.l (/home/tphilly/.vscode-server/bin/6509174151d557a81c9d0b5f8a5a1e9274db5585/out/vs/workbench/api/node/extensionHostProcess.js:133:17532)
	at /home/tphilly/.vscode-server/bin/6509174151d557a81c9d0b5f8a5a1e9274db5585/out/vs/workbench/api/node/extensionHostProcess.js:133:14879
	at Socket.p (/home/tphilly/.vscode-server/bin/6509174151d557a81c9d0b5f8a5a1e9274db5585/out/vs/workbench/api/node/extensionHostProcess.js:133:12793)
	at Socket.emit (node:events:513:28)
	at addChunk (node:internal/streams/readable:324:12)
	at readableAddChunk (node:internal/streams/readable:297:9)
	at Readable.push (node:internal/streams/readable:234:10)
	at TCP.onStreamRead (node:internal/stream_base_commons:190:23) setContext undefined
2023-09-29 00:38:58.360 [error] Canceled: Canceled
	at new h (/home/tphilly/.vscode-server/bin/6509174151d557a81c9d0b5f8a5a1e9274db5585/out/vs/workbench/api/node/extensionHostProcess.js:108:57382)
	at i.O (/home/tphilly/.vscode-server/bin/6509174151d557a81c9d0b5f8a5a1e9274db5585/out/vs/workbench/api/node/extensionHostProcess.js:117:10850)
	at j.<computed>.T.charCodeAt.j.<computed> (/home/tphilly/.vscode-server/bin/6509174151d557a81c9d0b5f8a5a1e9274db5585/out/vs/workbench/api/node/extensionHostProcess.js:117:8289)
	at r.g (/home/tphilly/.vscode-server/bin/6509174151d557a81c9d0b5f8a5a1e9274db5585/out/vs/workbench/api/node/extensionHostProcess.js:108:82208)
	at r.executeCommand (/home/tphilly/.vscode-server/bin/6509174151d557a81c9d0b5f8a5a1e9274db5585/out/vs/workbench/api/node/extensionHostProcess.js:108:81646)
	at u.registerCommand.description (/home/tphilly/.vscode-server/bin/6509174151d557a81c9d0b5f8a5a1e9274db5585/out/vs/workbench/api/node/extensionHostProcess.js:108:80967)
	at r.h (/home/tphilly/.vscode-server/bin/6509174151d557a81c9d0b5f8a5a1e9274db5585/out/vs/workbench/api/node/extensionHostProcess.js:108:82744)
	at r.g (/home/tphilly/.vscode-server/bin/6509174151d557a81c9d0b5f8a5a1e9274db5585/out/vs/workbench/api/node/extensionHostProcess.js:108:81739)
	at r.executeCommand (/home/tphilly/.vscode-server/bin/6509174151d557a81c9d0b5f8a5a1e9274db5585/out/vs/workbench/api/node/extensionHostProcess.js:108:81646)
	at Object.executeCommand (/home/tphilly/.vscode-server/bin/6509174151d557a81c9d0b5f8a5a1e9274db5585/out/vs/workbench/api/node/extensionHostProcess.js:123:21247)
	at w (/home/tphilly/.vscode-server/extensions/eamodio.gitlens-14.3.0/dist/gitlens.js:1:964665)
	at c (/home/tphilly/.vscode-server/extensions/eamodio.gitlens-14.3.0/dist/gitlens.js:1:969293)
	at ActionRunners._updateContextKeys (/home/tphilly/.vscode-server/extensions/eamodio.gitlens-14.3.0/dist/gitlens.js:1:38220)
	at s (/home/tphilly/.vscode-server/extensions/eamodio.gitlens-14.3.0/dist/gitlens.js:1:36639)
	at RegisteredActionRunner.unregister (/home/tphilly/.vscode-server/extensions/eamodio.gitlens-14.3.0/dist/gitlens.js:1:36783)
	at RegisteredActionRunner.dispose (/home/tphilly/.vscode-server/extensions/eamodio.gitlens-14.3.0/dist/gitlens.js:1:35446)
	at Object.dispose (/home/tphilly/.vscode-server/extensions/eamodio.gitlens-14.3.0/dist/gitlens.js:1:36880)
	at E.<anonymous> (/home/tphilly/.vscode-server/bin/6509174151d557a81c9d0b5f8a5a1e9274db5585/out/vs/workbench/api/node/extensionHostProcess.js:104:3484)
	at E.dispose (/home/tphilly/.vscode-server/bin/6509174151d557a81c9d0b5f8a5a1e9274db5585/out/vs/workbench/api/node/extensionHostProcess.js:104:3581)
	at gg.dispose (/home/tphilly/.vscode-server/extensions/github.vscode-pull-request-github-0.72.0/dist/extension.js:1772:35985)
	at k (/home/tphilly/.vscode-server/bin/6509174151d557a81c9d0b5f8a5a1e9274db5585/out/vs/workbench/api/node/extensionHostProcess.js:13:11730)
	at n.Z (/home/tphilly/.vscode-server/bin/6509174151d557a81c9d0b5f8a5a1e9274db5585/out/vs/workbench/api/node/extensionHostProcess.js:119:9652)
	at /home/tphilly/.vscode-server/bin/6509174151d557a81c9d0b5f8a5a1e9274db5585/out/vs/workbench/api/node/extensionHostProcess.js:119:7585
	at Array.map (<anonymous>)
	at n.S (/home/tphilly/.vscode-server/bin/6509174151d557a81c9d0b5f8a5a1e9274db5585/out/vs/workbench/api/node/extensionHostProcess.js:119:7572)
	at n.terminate (/home/tphilly/.vscode-server/bin/6509174151d557a81c9d0b5f8a5a1e9274db5585/out/vs/workbench/api/node/extensionHostProcess.js:119:7844)
	at o.terminate (/home/tphilly/.vscode-server/bin/6509174151d557a81c9d0b5f8a5a1e9274db5585/out/vs/workbench/api/node/extensionHostProcess.js:123:1513)
	at D (/home/tphilly/.vscode-server/bin/6509174151d557a81c9d0b5f8a5a1e9274db5585/out/vs/workbench/api/node/extensionHostProcess.js:136:9800)
	at n.value (/home/tphilly/.vscode-server/bin/6509174151d557a81c9d0b5f8a5a1e9274db5585/out/vs/workbench/api/node/extensionHostProcess.js:136:7847)
	at m.w (/home/tphilly/.vscode-server/bin/6509174151d557a81c9d0b5f8a5a1e9274db5585/out/vs/workbench/api/node/extensionHostProcess.js:63:1902)
	at m.fire (/home/tphilly/.vscode-server/bin/6509174151d557a81c9d0b5f8a5a1e9274db5585/out/vs/workbench/api/node/extensionHostProcess.js:63:2119)
	at v.fire (/home/tphilly/.vscode-server/bin/6509174151d557a81c9d0b5f8a5a1e9274db5585/out/vs/workbench/api/node/extensionHostProcess.js:79:13940)
	at s.z (/home/tphilly/.vscode-server/bin/6509174151d557a81c9d0b5f8a5a1e9274db5585/out/vs/workbench/api/node/extensionHostProcess.js:79:17005)
	at n.value (/home/tphilly/.vscode-server/bin/6509174151d557a81c9d0b5f8a5a1e9274db5585/out/vs/workbench/api/node/extensionHostProcess.js:79:16410)
	at m.w (/home/tphilly/.vscode-server/bin/6509174151d557a81c9d0b5f8a5a1e9274db5585/out/vs/workbench/api/node/extensionHostProcess.js:63:1902)
	at m.fire (/home/tphilly/.vscode-server/bin/6509174151d557a81c9d0b5f8a5a1e9274db5585/out/vs/workbench/api/node/extensionHostProcess.js:63:2119)
	at n.acceptChunk (/home/tphilly/.vscode-server/bin/6509174151d557a81c9d0b5f8a5a1e9274db5585/out/vs/workbench/api/node/extensionHostProcess.js:79:11714)
	at n.value (/home/tphilly/.vscode-server/bin/6509174151d557a81c9d0b5f8a5a1e9274db5585/out/vs/workbench/api/node/extensionHostProcess.js:79:11001)
	at m.w (/home/tphilly/.vscode-server/bin/6509174151d557a81c9d0b5f8a5a1e9274db5585/out/vs/workbench/api/node/extensionHostProcess.js:63:1902)
	at m.fire (/home/tphilly/.vscode-server/bin/6509174151d557a81c9d0b5f8a5a1e9274db5585/out/vs/workbench/api/node/extensionHostProcess.js:63:2119)
	at m.u (/home/tphilly/.vscode-server/bin/6509174151d557a81c9d0b5f8a5a1e9274db5585/out/vs/workbench/api/node/extensionHostProcess.js:133:19093)
	at m.acceptFrame (/home/tphilly/.vscode-server/bin/6509174151d557a81c9d0b5f8a5a1e9274db5585/out/vs/workbench/api/node/extensionHostProcess.js:133:18899)
	at a.l (/home/tphilly/.vscode-server/bin/6509174151d557a81c9d0b5f8a5a1e9274db5585/out/vs/workbench/api/node/extensionHostProcess.js:133:17532)
	at /home/tphilly/.vscode-server/bin/6509174151d557a81c9d0b5f8a5a1e9274db5585/out/vs/workbench/api/node/extensionHostProcess.js:133:14879
	at Socket.p (/home/tphilly/.vscode-server/bin/6509174151d557a81c9d0b5f8a5a1e9274db5585/out/vs/workbench/api/node/extensionHostProcess.js:133:12793)
	at Socket.emit (node:events:513:28)
	at addChunk (node:internal/streams/readable:324:12)
	at readableAddChunk (node:internal/streams/readable:297:9)
	at Readable.push (node:internal/streams/readable:234:10)
	at TCP.onStreamRead (node:internal/stream_base_commons:190:23) setContext undefined
