2023-10-05 11:50:01.255 [info] Looking for git repository
2023-10-05 11:50:01.255 [info] Found 0 repositories during activation
2023-10-05 11:50:01.255 [info] Git repository found, initializing review manager and pr tree view.
2023-10-05 11:50:01.263 [info] Registering git provider
2023-10-05 11:50:01.263 [info] Review> Validate state in progress
2023-10-05 11:50:01.263 [info] Review> Validating state...
2023-10-05 11:50:01.263 [info] Review> Validate state in progress
2023-10-05 11:50:01.263 [info] Review> Validating state...
2023-10-05 11:50:01.263 [warning] No remotes found. The following remotes are missing: origin, upstream
2023-10-05 11:50:01.263 [info] No GitHub remotes found for folder /home/tphilly
2023-10-05 11:50:01.264 [info] Trying to use globalState for assignableUsers.
2023-10-05 11:50:01.348 [info] Found GitHub remote for folder /home/tphilly/Coursework/Coffee-menu/coffeedata
2023-10-05 11:50:01.350 [info] Trying to use globalState for assignableUsers.
2023-10-05 11:50:01.360 [info] Repo state for file:///home/tphilly/Coursework/Coffee-menu/coffeedata changed.
2023-10-05 11:50:01.360 [info] Repo file:///home/tphilly/Coursework/Coffee-menu/coffeedata has already been setup.
2023-10-05 11:50:01.365 [info] GlobalState does not exist for assignableUsers.
2023-10-05 11:50:01.441 [info] GlobalState does not exist for assignableUsers.
2023-10-05 11:50:01.457 [info] Review> No matching pull request metadata found locally for current branch main
2023-10-05 11:50:01.457 [info] Review> no matching pull request metadata found for current branch main
2023-10-05 11:50:01.458 [info] Review> No matching pull request metadata found on GitHub for current branch main
2023-10-05 11:50:01.762 [info] Repo state for file:///home/tphilly changed.
2023-10-05 11:50:01.762 [info] Repo file:///home/tphilly has already been setup.
2023-10-05 11:50:09.074 [info] Review> No matching pull request metadata found locally for current branch master
2023-10-05 11:50:09.074 [info] Review> no matching pull request metadata found for current branch master
2023-10-05 11:50:09.074 [info] Review> No matching pull request metadata found on GitHub for current branch master
