2023-10-26 19:27:39.167 [info] Log level: Info
2023-10-26 19:27:39.167 [info] Validating found git in: "git"
2023-10-26 19:27:39.167 [info] Using git "2.34.1" from "git"
2023-10-26 19:27:39.167 [info] > git rev-parse --show-toplevel [5ms]
2023-10-26 19:27:39.167 [info] > git rev-parse --git-dir --git-common-dir [20ms]
2023-10-26 19:27:39.167 [info] Open repository: /home/tphilly/Coursework/puppy-bowl
2023-10-26 19:27:39.168 [info] > git config --get commit.template [2ms]
2023-10-26 19:27:39.174 [info] > git for-each-ref --format=%(refname)%00%(upstream:short)%00%(objectname)%00%(upstream:track)%00%(upstream:remotename)%00%(upstream:remoteref) refs/heads/main refs/remotes/main [1ms]
2023-10-26 19:27:39.643 [info] > git status -z -uall [463ms]
2023-10-26 19:27:39.732 [info] > git config --get commit.template [41ms]
2023-10-26 19:27:39.851 [info] > git for-each-ref --format=%(refname)%00%(upstream:short)%00%(objectname)%00%(upstream:track)%00%(upstream:remotename)%00%(upstream:remoteref) refs/heads/main refs/remotes/main [3ms]
2023-10-26 19:27:39.892 [info] > git status -z -uall [29ms]
2023-10-26 19:27:40.209 [info] > git check-ignore -v -z --stdin [38ms]
2023-10-26 19:27:40.263 [info] > git config --local branch.main.github-pr-owner-number [12ms]
2023-10-26 19:27:40.283 [info] > git config --get commit.template [8ms]
2023-10-26 19:27:40.292 [info] > git for-each-ref --format=%(refname)%00%(upstream:short)%00%(objectname)%00%(upstream:track)%00%(upstream:remotename)%00%(upstream:remoteref) refs/heads/main refs/remotes/main [2ms]
2023-10-26 19:27:40.304 [info] > git status -z -uall [6ms]
2023-10-26 19:28:11.545 [info] > git show --textconv :README.md [12ms]
2023-10-26 19:28:11.695 [info] > git ls-files --stage -- /home/tphilly/Coursework/puppy-bowl/README.md [155ms]
2023-10-26 19:28:11.730 [info] > git cat-file -s fef949f96cc7f9abc740d578059fae2b84149fed [28ms]
2023-10-26 19:28:23.834 [info] > git config --get commit.template [1ms]
2023-10-26 19:28:23.841 [info] > git for-each-ref --format=%(refname)%00%(upstream:short)%00%(objectname)%00%(upstream:track)%00%(upstream:remotename)%00%(upstream:remoteref) refs/heads/main refs/remotes/main [1ms]
2023-10-26 19:28:23.847 [info] > git status -z -uall [1ms]
2023-10-26 19:28:34.514 [info] > git add -A -- . [2ms]
2023-10-26 19:28:34.528 [info] > git -c user.useConfigOnly=true commit --quiet --allow-empty-message --file - [6ms]
2023-10-26 19:28:34.540 [info] > git config --get commit.template [3ms]
2023-10-26 19:28:34.550 [info] > git config --get commit.template [0ms]
2023-10-26 19:28:34.560 [info] > git for-each-ref --format=%(refname)%00%(upstream:short)%00%(objectname)%00%(upstream:track)%00%(upstream:remotename)%00%(upstream:remoteref) refs/heads/main refs/remotes/main [1ms]
2023-10-26 19:28:34.565 [info] > git status -z -uall [1ms]
2023-10-26 19:28:34.623 [info] > git config --local branch.main.github-pr-owner-number [1ms]
2023-10-26 19:28:34.631 [info] > git config --get commit.template [1ms]
2023-10-26 19:28:34.656 [info] > git for-each-ref --format=%(refname)%00%(upstream:short)%00%(objectname)%00%(upstream:track)%00%(upstream:remotename)%00%(upstream:remoteref) refs/heads/main refs/remotes/main [15ms]
2023-10-26 19:28:34.658 [info] > git config --get commit.template [2ms]
2023-10-26 19:28:34.664 [info] > git for-each-ref --format=%(refname)%00%(upstream:short)%00%(objectname)%00%(upstream:track)%00%(upstream:remotename)%00%(upstream:remoteref) refs/heads/main refs/remotes/main [1ms]
2023-10-26 19:28:34.673 [info] > git status -z -uall [1ms]
2023-10-26 19:28:35.755 [info] > git ls-files --stage -- /home/tphilly/Coursework/puppy-bowl/README.md [1ms]
2023-10-26 19:28:35.763 [info] > git cat-file -s 8e85f5f6f618493594a78a78978092cf7cff1d41 [1ms]
2023-10-26 19:28:35.774 [info] > git show --textconv :README.md [1ms]
2023-10-26 19:28:53.492 [info] > git log --oneline --cherry main...main@{upstream} -- [1ms]
2023-10-26 19:28:54.081 [info] > git pull --tags origin main [580ms]
2023-10-26 19:28:54.081 [info] From https://github.com/Troy-Phillips-Puppy-Bowl/puppy-bowl
 * branch            main       -> FETCH_HEAD
2023-10-26 19:28:57.478 [info] > git ls-files --stage -- /home/tphilly/Coursework/puppy-bowl/README.md [1ms]
2023-10-26 19:28:57.484 [info] > git cat-file -s 8e85f5f6f618493594a78a78978092cf7cff1d41 [1ms]
2023-10-26 19:28:57.549 [info] > git show --textconv :README.md [1ms]
2023-10-26 19:29:37.153 [info] > git config --local branch.main.github-pr-owner-number [4ms]
2023-10-26 19:29:37.199 [info] > git config --get commit.template [7ms]
2023-10-26 19:29:37.209 [info] > git for-each-ref --format=%(refname)%00%(upstream:short)%00%(objectname)%00%(upstream:track)%00%(upstream:remotename)%00%(upstream:remoteref) refs/heads/main refs/remotes/main [1ms]
2023-10-26 19:29:37.215 [info] > git status -z -uall [1ms]
2023-10-26 19:29:37.365 [info] > git push origin main:main [43276ms]
2023-10-26 19:29:37.365 [info] To https://github.com/Troy-Phillips-Puppy-Bowl/puppy-bowl.git
   193c475..8a3ea81  main -> main
2023-10-26 19:29:37.377 [info] > git config --get commit.template [6ms]
2023-10-26 19:29:37.386 [info] > git for-each-ref --format=%(refname)%00%(upstream:short)%00%(objectname)%00%(upstream:track)%00%(upstream:remotename)%00%(upstream:remoteref) refs/heads/main refs/remotes/main [2ms]
2023-10-26 19:29:37.393 [info] > git status -z -uall [1ms]
2023-10-26 19:29:37.813 [info] > git config --local branch.main.github-pr-owner-number [96ms]
2023-10-26 19:29:37.873 [info] > git config --get commit.template [47ms]
2023-10-26 19:29:37.885 [info] > git for-each-ref --format=%(refname)%00%(upstream:short)%00%(objectname)%00%(upstream:track)%00%(upstream:remotename)%00%(upstream:remoteref) refs/heads/main refs/remotes/main [5ms]
2023-10-26 19:29:37.898 [info] > git status -z -uall [2ms]
2023-10-26 19:29:38.471 [info] > git ls-files --stage -- /home/tphilly/Coursework/puppy-bowl/README.md [1ms]
2023-10-26 19:29:38.478 [info] > git cat-file -s 8e85f5f6f618493594a78a78978092cf7cff1d41 [1ms]
2023-10-26 19:29:38.488 [info] > git show --textconv :README.md [1ms]
2023-10-26 19:30:11.184 [info] > git config --get commit.template [9ms]
2023-10-26 19:30:11.184 [info] > git for-each-ref --format=%(refname)%00%(upstream:short)%00%(objectname)%00%(upstream:track)%00%(upstream:remotename)%00%(upstream:remoteref) refs/heads/main refs/remotes/main [2ms]
2023-10-26 19:30:11.192 [info] > git status -z -uall [1ms]
2023-10-26 19:30:14.612 [info] > git add -A -- . [2ms]
2023-10-26 19:30:14.982 [info] > git show --textconv :.git/COMMIT_EDITMSG [7ms]
2023-10-26 19:30:14.983 [info] > git ls-files --stage -- /home/tphilly/Coursework/puppy-bowl/.git/COMMIT_EDITMSG [2ms]
2023-10-26 19:30:15.240 [info] > git check-ignore -v -z --stdin [1ms]
2023-10-26 19:30:15.824 [info] > git ls-files --stage -- /home/tphilly/Coursework/puppy-bowl/.git/COMMIT_EDITMSG [1ms]
2023-10-26 19:30:15.837 [info] > git show --textconv :.git/COMMIT_EDITMSG [1ms]
2023-10-26 19:30:23.063 [info] > git -c user.useConfigOnly=true commit --quiet [8444ms]
2023-10-26 19:30:23.063 [info] Aborting commit due to empty commit message.
2023-10-26 19:30:23.075 [info] > git config --get commit.template [1ms]
2023-10-26 19:30:23.085 [info] > git for-each-ref --format=%(refname)%00%(upstream:short)%00%(objectname)%00%(upstream:track)%00%(upstream:remotename)%00%(upstream:remoteref) refs/heads/main refs/remotes/main [1ms]
2023-10-26 19:30:23.093 [info] > git status -z -uall [1ms]
2023-10-26 19:30:23.475 [info] > git show --textconv :README.md [12ms]
2023-10-26 19:30:23.475 [info] > git ls-files --stage -- /home/tphilly/Coursework/puppy-bowl/README.md [2ms]
2023-10-26 19:30:23.489 [info] > git cat-file -s fef949f96cc7f9abc740d578059fae2b84149fed [1ms]
2023-10-26 19:30:26.788 [info] > git -c user.useConfigOnly=true commit --quiet --allow-empty-message --file - [6ms]
2023-10-26 19:30:26.794 [info] > git config --get commit.template [1ms]
2023-10-26 19:30:26.805 [info] > git config --get commit.template [1ms]
2023-10-26 19:30:26.812 [info] > git for-each-ref --format=%(refname)%00%(upstream:short)%00%(objectname)%00%(upstream:track)%00%(upstream:remotename)%00%(upstream:remoteref) refs/heads/main refs/remotes/main [1ms]
2023-10-26 19:30:26.820 [info] > git status -z -uall [1ms]
2023-10-26 19:30:26.987 [info] > git config --local branch.main.github-pr-owner-number [13ms]
2023-10-26 19:30:26.995 [info] > git config --get commit.template [9ms]
2023-10-26 19:30:26.996 [info] > git config --get commit.template [2ms]
2023-10-26 19:30:27.009 [info] > git for-each-ref --format=%(refname)%00%(upstream:short)%00%(objectname)%00%(upstream:track)%00%(upstream:remotename)%00%(upstream:remoteref) refs/heads/main refs/remotes/main [7ms]
2023-10-26 19:30:27.010 [info] > git for-each-ref --format=%(refname)%00%(upstream:short)%00%(objectname)%00%(upstream:track)%00%(upstream:remotename)%00%(upstream:remoteref) refs/heads/main refs/remotes/main [2ms]
2023-10-26 19:30:27.019 [info] > git status -z -uall [1ms]
2023-10-26 19:30:28.052 [info] > git ls-files --stage -- /home/tphilly/Coursework/puppy-bowl/README.md [1ms]
2023-10-26 19:30:28.061 [info] > git cat-file -s fef949f96cc7f9abc740d578059fae2b84149fed [1ms]
2023-10-26 19:30:28.073 [info] > git show --textconv :README.md [1ms]
2023-10-26 19:30:35.843 [info] > git log --oneline --cherry main...main@{upstream} -- [2ms]
2023-10-26 19:30:36.204 [info] > git pull --tags origin main [354ms]
2023-10-26 19:30:36.204 [info] From https://github.com/Troy-Phillips-Puppy-Bowl/puppy-bowl
 * branch            main       -> FETCH_HEAD
2023-10-26 19:30:37.143 [info] > git push origin main:main [933ms]
2023-10-26 19:30:37.143 [info] To https://github.com/Troy-Phillips-Puppy-Bowl/puppy-bowl.git
   8a3ea81..a2cc9d4  main -> main
2023-10-26 19:30:37.157 [info] > git for-each-ref --format=%(refname)%00%(upstream:short)%00%(objectname)%00%(upstream:track)%00%(upstream:remotename)%00%(upstream:remoteref) refs/heads/main refs/remotes/main [2ms]
2023-10-26 19:30:37.157 [info] > git config --get commit.template [8ms]
2023-10-26 19:30:37.164 [info] > git status -z -uall [1ms]
2023-10-26 19:30:37.309 [info] > git config --local branch.main.github-pr-owner-number [112ms]
2023-10-26 19:30:37.321 [info] > git config --get commit.template [1ms]
2023-10-26 19:30:37.328 [info] > git for-each-ref --format=%(refname)%00%(upstream:short)%00%(objectname)%00%(upstream:track)%00%(upstream:remotename)%00%(upstream:remoteref) refs/heads/main refs/remotes/main [1ms]
2023-10-26 19:30:37.335 [info] > git status -z -uall [1ms]
2023-10-26 19:30:38.415 [info] > git ls-files --stage -- /home/tphilly/Coursework/puppy-bowl/README.md [1ms]
2023-10-26 19:30:38.422 [info] > git cat-file -s fef949f96cc7f9abc740d578059fae2b84149fed [1ms]
2023-10-26 19:30:38.434 [info] > git show --textconv :README.md [1ms]
2023-10-26 19:32:40.231 [info] > git config --local branch.main.github-pr-owner-number [0ms]
2023-10-26 19:32:40.242 [info] > git config --get commit.template [1ms]
2023-10-26 19:32:40.249 [info] > git for-each-ref --format=%(refname)%00%(upstream:short)%00%(objectname)%00%(upstream:track)%00%(upstream:remotename)%00%(upstream:remoteref) refs/heads/main refs/remotes/main [1ms]
2023-10-26 19:32:40.255 [info] > git status -z -uall [1ms]
2023-10-26 19:37:40.266 [info] > git config --local branch.main.github-pr-owner-number [1ms]
2023-10-26 19:37:40.274 [info] > git config --get commit.template [2ms]
2023-10-26 19:37:40.280 [info] > git for-each-ref --format=%(refname)%00%(upstream:short)%00%(objectname)%00%(upstream:track)%00%(upstream:remotename)%00%(upstream:remoteref) refs/heads/main refs/remotes/main [1ms]
2023-10-26 19:37:40.292 [info] > git status -z -uall [1ms]
2023-10-26 19:42:40.304 [info] > git config --local branch.main.github-pr-owner-number [1ms]
2023-10-26 19:42:40.316 [info] > git config --get commit.template [1ms]
2023-10-26 19:42:40.324 [info] > git for-each-ref --format=%(refname)%00%(upstream:short)%00%(objectname)%00%(upstream:track)%00%(upstream:remotename)%00%(upstream:remoteref) refs/heads/main refs/remotes/main [1ms]
2023-10-26 19:42:40.331 [info] > git status -z -uall [2ms]
2023-10-26 19:47:40.343 [info] > git config --local branch.main.github-pr-owner-number [1ms]
2023-10-26 19:47:40.351 [info] > git config --get commit.template [1ms]
2023-10-26 19:47:40.359 [info] > git for-each-ref --format=%(refname)%00%(upstream:short)%00%(objectname)%00%(upstream:track)%00%(upstream:remotename)%00%(upstream:remoteref) refs/heads/main refs/remotes/main [2ms]
2023-10-26 19:47:40.365 [info] > git status -z -uall [1ms]
2023-10-26 19:52:40.374 [info] > git config --local branch.main.github-pr-owner-number [1ms]
2023-10-26 19:52:40.389 [info] > git config --get commit.template [7ms]
2023-10-26 19:52:40.389 [info] > git for-each-ref --format=%(refname)%00%(upstream:short)%00%(objectname)%00%(upstream:track)%00%(upstream:remotename)%00%(upstream:remoteref) refs/heads/main refs/remotes/main [2ms]
2023-10-26 19:52:40.396 [info] > git status -z -uall [1ms]
2023-10-26 19:57:40.407 [info] > git config --local branch.main.github-pr-owner-number [1ms]
2023-10-26 19:57:40.415 [info] > git config --get commit.template [1ms]
2023-10-26 19:57:40.422 [info] > git for-each-ref --format=%(refname)%00%(upstream:short)%00%(objectname)%00%(upstream:track)%00%(upstream:remotename)%00%(upstream:remoteref) refs/heads/main refs/remotes/main [1ms]
2023-10-26 19:57:40.439 [info] > git status -z -uall [1ms]
2023-10-26 20:02:40.451 [info] > git config --local branch.main.github-pr-owner-number [1ms]
2023-10-26 20:02:40.463 [info] > git config --get commit.template [1ms]
2023-10-26 20:02:40.471 [info] > git for-each-ref --format=%(refname)%00%(upstream:short)%00%(objectname)%00%(upstream:track)%00%(upstream:remotename)%00%(upstream:remoteref) refs/heads/main refs/remotes/main [1ms]
2023-10-26 20:02:40.486 [info] > git status -z -uall [1ms]
2023-10-26 20:07:40.497 [info] > git config --local branch.main.github-pr-owner-number [1ms]
2023-10-26 20:07:40.509 [info] > git config --get commit.template [1ms]
2023-10-26 20:07:40.522 [info] > git for-each-ref --format=%(refname)%00%(upstream:short)%00%(objectname)%00%(upstream:track)%00%(upstream:remotename)%00%(upstream:remoteref) refs/heads/main refs/remotes/main [1ms]
2023-10-26 20:07:40.540 [info] > git status -z -uall [2ms]
2023-10-26 20:12:40.552 [info] > git config --local branch.main.github-pr-owner-number [1ms]
2023-10-26 20:12:40.562 [info] > git config --get commit.template [2ms]
2023-10-26 20:12:40.577 [info] > git for-each-ref --format=%(refname)%00%(upstream:short)%00%(objectname)%00%(upstream:track)%00%(upstream:remotename)%00%(upstream:remoteref) refs/heads/main refs/remotes/main [1ms]
2023-10-26 20:12:40.598 [info] > git status -z -uall [1ms]
2023-10-26 20:15:47.880 [info] > git show --textconv :index.html [17ms]
2023-10-26 20:15:47.886 [info] > git ls-files --stage -- /home/tphilly/Coursework/puppy-bowl/index.html [7ms]
2023-10-26 20:15:47.922 [info] > git cat-file -s 8b137891791fe96927ad78e64b0aad7bded08bdc [14ms]
2023-10-26 20:15:53.240 [info] > git config --get commit.template [9ms]
2023-10-26 20:15:53.240 [info] > git for-each-ref --format=%(refname)%00%(upstream:short)%00%(objectname)%00%(upstream:track)%00%(upstream:remotename)%00%(upstream:remoteref) refs/heads/main refs/remotes/main [1ms]
2023-10-26 20:15:53.249 [info] > git status -z -uall [2ms]
2023-10-26 20:15:58.263 [info] > git config --get commit.template [1ms]
2023-10-26 20:15:58.272 [info] > git for-each-ref --format=%(refname)%00%(upstream:short)%00%(objectname)%00%(upstream:track)%00%(upstream:remotename)%00%(upstream:remoteref) refs/heads/main refs/remotes/main [1ms]
2023-10-26 20:15:58.278 [info] > git status -z -uall [1ms]
2023-10-26 20:17:40.610 [info] > git config --local branch.main.github-pr-owner-number [0ms]
2023-10-26 20:17:40.617 [info] > git config --get commit.template [1ms]
2023-10-26 20:17:40.624 [info] > git for-each-ref --format=%(refname)%00%(upstream:short)%00%(objectname)%00%(upstream:track)%00%(upstream:remotename)%00%(upstream:remoteref) refs/heads/main refs/remotes/main [1ms]
2023-10-26 20:17:40.634 [info] > git status -z -uall [1ms]
2023-10-26 20:22:40.643 [info] > git config --local branch.main.github-pr-owner-number [1ms]
2023-10-26 20:22:40.651 [info] > git config --get commit.template [2ms]
2023-10-26 20:22:40.659 [info] > git for-each-ref --format=%(refname)%00%(upstream:short)%00%(objectname)%00%(upstream:track)%00%(upstream:remotename)%00%(upstream:remoteref) refs/heads/main refs/remotes/main [1ms]
2023-10-26 20:22:40.674 [info] > git status -z -uall [1ms]
2023-10-26 20:23:25.692 [info] > git add -A -- . [3ms]
2023-10-26 20:23:25.710 [info] > git -c user.useConfigOnly=true commit --quiet --allow-empty-message --file - [11ms]
2023-10-26 20:23:25.722 [info] > git config --get commit.template [1ms]
2023-10-26 20:23:25.734 [info] > git config --get commit.template [1ms]
2023-10-26 20:23:25.745 [info] > git for-each-ref --format=%(refname)%00%(upstream:short)%00%(objectname)%00%(upstream:track)%00%(upstream:remotename)%00%(upstream:remoteref) refs/heads/main refs/remotes/main [1ms]
2023-10-26 20:23:25.758 [info] > git status -z -uall [2ms]
2023-10-26 20:23:25.928 [info] > git config --local branch.main.github-pr-owner-number [8ms]
2023-10-26 20:23:25.948 [info] > git config --get commit.template [2ms]
2023-10-26 20:23:25.949 [info] > git config --get commit.template [11ms]
2023-10-26 20:23:25.969 [info] > git for-each-ref --format=%(refname)%00%(upstream:short)%00%(objectname)%00%(upstream:track)%00%(upstream:remotename)%00%(upstream:remoteref) refs/heads/main refs/remotes/main [11ms]
2023-10-26 20:23:25.971 [info] > git for-each-ref --format=%(refname)%00%(upstream:short)%00%(objectname)%00%(upstream:track)%00%(upstream:remotename)%00%(upstream:remoteref) refs/heads/main refs/remotes/main [3ms]
2023-10-26 20:23:25.983 [info] > git status -z -uall [1ms]
2023-10-26 20:23:26.999 [info] > git ls-files --stage -- /home/tphilly/Coursework/puppy-bowl/index.html [1ms]
2023-10-26 20:23:27.008 [info] > git cat-file -s bd2bde6112ee63a5667aa63851006f1b9a8a2d46 [1ms]
2023-10-26 20:23:27.018 [info] > git show --textconv :index.html [1ms]
2023-10-26 20:24:09.505 [info] > git log --oneline --cherry main...main@{upstream} -- [1ms]
2023-10-26 20:24:09.947 [info] > git pull --tags origin main [429ms]
2023-10-26 20:24:09.947 [info] From https://github.com/Troy-Phillips-Puppy-Bowl/puppy-bowl
 * branch            main       -> FETCH_HEAD
2023-10-26 20:24:11.072 [info] > git push origin main:main [1119ms]
2023-10-26 20:24:11.072 [info] remote: Bypassed rule violations for refs/heads/main:        
remote: 
remote: - Changes must be made through a pull request.        
remote: 
To https://github.com/Troy-Phillips-Puppy-Bowl/puppy-bowl.git
   a2cc9d4..f821788  main -> main
2023-10-26 20:24:11.088 [info] > git config --get commit.template [7ms]
2023-10-26 20:24:11.088 [info] > git for-each-ref --format=%(refname)%00%(upstream:short)%00%(objectname)%00%(upstream:track)%00%(upstream:remotename)%00%(upstream:remoteref) refs/heads/main refs/remotes/main [2ms]
2023-10-26 20:24:11.097 [info] > git status -z -uall [1ms]
2023-10-26 20:24:11.258 [info] > git config --local branch.main.github-pr-owner-number [122ms]
2023-10-26 20:24:11.277 [info] > git config --get commit.template [10ms]
2023-10-26 20:24:11.277 [info] > git ls-files --stage -- /home/tphilly/Coursework/puppy-bowl/index.html [1ms]
2023-10-26 20:24:11.290 [info] > git cat-file -s bd2bde6112ee63a5667aa63851006f1b9a8a2d46 [7ms]
2023-10-26 20:24:11.291 [info] > git for-each-ref --format=%(refname)%00%(upstream:short)%00%(objectname)%00%(upstream:track)%00%(upstream:remotename)%00%(upstream:remoteref) refs/heads/main refs/remotes/main [2ms]
2023-10-26 20:24:11.316 [info] > git status -z -uall [2ms]
2023-10-26 20:24:11.352 [info] > git show --textconv :index.html [1ms]
2023-10-26 20:26:20.509 [info] > git ls-files --stage -- /home/tphilly/Coursework/puppy-bowl/index.html [1ms]
2023-10-26 20:26:20.516 [info] > git cat-file -s bd2bde6112ee63a5667aa63851006f1b9a8a2d46 [1ms]
2023-10-26 20:26:20.533 [info] > git show --textconv :index.html [0ms]
2023-10-26 20:27:40.702 [info] > git config --local branch.main.github-pr-owner-number [2ms]
2023-10-26 20:27:40.723 [info] > git config --get commit.template [9ms]
2023-10-26 20:27:40.723 [info] > git for-each-ref --format=%(refname)%00%(upstream:short)%00%(objectname)%00%(upstream:track)%00%(upstream:remotename)%00%(upstream:remoteref) refs/heads/main refs/remotes/main [1ms]
2023-10-26 20:27:40.734 [info] > git status -z -uall [1ms]
2023-10-26 20:32:40.743 [info] > git config --local branch.main.github-pr-owner-number [1ms]
2023-10-26 20:32:40.757 [info] > git config --get commit.template [6ms]
2023-10-26 20:32:40.757 [info] > git for-each-ref --format=%(refname)%00%(upstream:short)%00%(objectname)%00%(upstream:track)%00%(upstream:remotename)%00%(upstream:remoteref) refs/heads/main refs/remotes/main [1ms]
2023-10-26 20:32:40.766 [info] > git status -z -uall [1ms]
2023-10-26 20:37:40.779 [info] > git config --local branch.main.github-pr-owner-number [0ms]
2023-10-26 20:37:40.787 [info] > git config --get commit.template [1ms]
2023-10-26 20:37:40.794 [info] > git for-each-ref --format=%(refname)%00%(upstream:short)%00%(objectname)%00%(upstream:track)%00%(upstream:remotename)%00%(upstream:remoteref) refs/heads/main refs/remotes/main [1ms]
2023-10-26 20:37:40.801 [info] > git status -z -uall [1ms]
2023-10-26 20:42:40.816 [info] > git config --local branch.main.github-pr-owner-number [2ms]
2023-10-26 20:42:40.835 [info] > git config --get commit.template [12ms]
2023-10-26 20:42:40.835 [info] > git for-each-ref --format=%(refname)%00%(upstream:short)%00%(objectname)%00%(upstream:track)%00%(upstream:remotename)%00%(upstream:remoteref) refs/heads/main refs/remotes/main [1ms]
2023-10-26 20:42:40.860 [info] > git status -z -uall [1ms]
2023-10-26 20:47:40.872 [info] > git config --local branch.main.github-pr-owner-number [1ms]
2023-10-26 20:47:40.880 [info] > git config --get commit.template [0ms]
2023-10-26 20:47:40.889 [info] > git for-each-ref --format=%(refname)%00%(upstream:short)%00%(objectname)%00%(upstream:track)%00%(upstream:remotename)%00%(upstream:remoteref) refs/heads/main refs/remotes/main [1ms]
2023-10-26 20:47:40.897 [info] > git status -z -uall [1ms]
2023-10-26 20:52:40.906 [info] > git config --local branch.main.github-pr-owner-number [1ms]
2023-10-26 20:52:40.920 [info] > git config --get commit.template [7ms]
2023-10-26 20:52:40.920 [info] > git for-each-ref --format=%(refname)%00%(upstream:short)%00%(objectname)%00%(upstream:track)%00%(upstream:remotename)%00%(upstream:remoteref) refs/heads/main refs/remotes/main [1ms]
2023-10-26 20:52:40.933 [info] > git status -z -uall [1ms]
2023-10-26 20:57:40.947 [info] > git config --local branch.main.github-pr-owner-number [0ms]
2023-10-26 20:57:40.957 [info] > git config --get commit.template [1ms]
2023-10-26 20:57:40.966 [info] > git for-each-ref --format=%(refname)%00%(upstream:short)%00%(objectname)%00%(upstream:track)%00%(upstream:remotename)%00%(upstream:remoteref) refs/heads/main refs/remotes/main [1ms]
2023-10-26 20:57:40.986 [info] > git status -z -uall [1ms]
2023-10-26 21:02:41.009 [info] > git config --local branch.main.github-pr-owner-number [1ms]
2023-10-26 21:02:41.017 [info] > git config --get commit.template [1ms]
2023-10-26 21:02:41.023 [info] > git for-each-ref --format=%(refname)%00%(upstream:short)%00%(objectname)%00%(upstream:track)%00%(upstream:remotename)%00%(upstream:remoteref) refs/heads/main refs/remotes/main [1ms]
2023-10-26 21:02:41.041 [info] > git status -z -uall [11ms]
2023-10-26 21:07:41.054 [info] > git config --local branch.main.github-pr-owner-number [1ms]
2023-10-26 21:07:41.074 [info] > git config --get commit.template [11ms]
2023-10-26 21:07:41.074 [info] > git for-each-ref --format=%(refname)%00%(upstream:short)%00%(objectname)%00%(upstream:track)%00%(upstream:remotename)%00%(upstream:remoteref) refs/heads/main refs/remotes/main [1ms]
2023-10-26 21:07:41.085 [info] > git status -z -uall [1ms]
2023-10-26 21:12:41.097 [info] > git config --local branch.main.github-pr-owner-number [1ms]
2023-10-26 21:12:41.118 [info] > git config --get commit.template [12ms]
2023-10-26 21:12:41.119 [info] > git for-each-ref --format=%(refname)%00%(upstream:short)%00%(objectname)%00%(upstream:track)%00%(upstream:remotename)%00%(upstream:remoteref) refs/heads/main refs/remotes/main [1ms]
2023-10-26 21:12:41.143 [info] > git status -z -uall [1ms]
2023-10-26 21:17:41.165 [info] > git config --local branch.main.github-pr-owner-number [1ms]
2023-10-26 21:17:41.174 [info] > git config --get commit.template [1ms]
2023-10-26 21:17:41.181 [info] > git for-each-ref --format=%(refname)%00%(upstream:short)%00%(objectname)%00%(upstream:track)%00%(upstream:remotename)%00%(upstream:remoteref) refs/heads/main refs/remotes/main [2ms]
2023-10-26 21:17:41.187 [info] > git status -z -uall [1ms]
2023-10-26 21:22:41.201 [info] > git config --local branch.main.github-pr-owner-number [2ms]
2023-10-26 21:22:41.236 [info] > git config --get commit.template [17ms]
2023-10-26 21:22:41.237 [info] > git for-each-ref --format=%(refname)%00%(upstream:short)%00%(objectname)%00%(upstream:track)%00%(upstream:remotename)%00%(upstream:remoteref) refs/heads/main refs/remotes/main [3ms]
2023-10-26 21:22:41.260 [info] > git status -z -uall [2ms]
2023-10-26 21:27:41.272 [info] > git config --local branch.main.github-pr-owner-number [1ms]
2023-10-26 21:27:41.289 [info] > git config --get commit.template [8ms]
2023-10-26 21:27:41.289 [info] > git for-each-ref --format=%(refname)%00%(upstream:short)%00%(objectname)%00%(upstream:track)%00%(upstream:remotename)%00%(upstream:remoteref) refs/heads/main refs/remotes/main [1ms]
2023-10-26 21:27:41.296 [info] > git status -z -uall [1ms]
2023-10-26 21:32:41.307 [info] > git config --local branch.main.github-pr-owner-number [1ms]
2023-10-26 21:32:41.317 [info] > git config --get commit.template [1ms]
2023-10-26 21:32:41.326 [info] > git for-each-ref --format=%(refname)%00%(upstream:short)%00%(objectname)%00%(upstream:track)%00%(upstream:remotename)%00%(upstream:remoteref) refs/heads/main refs/remotes/main [1ms]
2023-10-26 21:32:41.338 [info] > git status -z -uall [2ms]
2023-10-26 21:37:41.346 [info] > git config --local branch.main.github-pr-owner-number [1ms]
2023-10-26 21:37:41.363 [info] > git config --get commit.template [7ms]
2023-10-26 21:37:41.363 [info] > git for-each-ref --format=%(refname)%00%(upstream:short)%00%(objectname)%00%(upstream:track)%00%(upstream:remotename)%00%(upstream:remoteref) refs/heads/main refs/remotes/main [1ms]
2023-10-26 21:37:41.371 [info] > git status -z -uall [1ms]
2023-10-26 21:42:41.382 [info] > git config --local branch.main.github-pr-owner-number [1ms]
2023-10-26 21:42:41.391 [info] > git config --get commit.template [1ms]
2023-10-26 21:42:41.402 [info] > git for-each-ref --format=%(refname)%00%(upstream:short)%00%(objectname)%00%(upstream:track)%00%(upstream:remotename)%00%(upstream:remoteref) refs/heads/main refs/remotes/main [1ms]
2023-10-26 21:42:41.411 [info] > git status -z -uall [1ms]
2023-10-26 21:47:41.423 [info] > git config --local branch.main.github-pr-owner-number [1ms]
2023-10-26 21:47:41.431 [info] > git config --get commit.template [1ms]
2023-10-26 21:47:41.441 [info] > git for-each-ref --format=%(refname)%00%(upstream:short)%00%(objectname)%00%(upstream:track)%00%(upstream:remotename)%00%(upstream:remoteref) refs/heads/main refs/remotes/main [1ms]
2023-10-26 21:47:41.450 [info] > git status -z -uall [1ms]
2023-10-26 21:52:41.460 [info] > git config --local branch.main.github-pr-owner-number [1ms]
2023-10-26 21:52:41.470 [info] > git config --get commit.template [1ms]
2023-10-26 21:52:41.480 [info] > git for-each-ref --format=%(refname)%00%(upstream:short)%00%(objectname)%00%(upstream:track)%00%(upstream:remotename)%00%(upstream:remoteref) refs/heads/main refs/remotes/main [2ms]
2023-10-26 21:52:41.490 [info] > git status -z -uall [1ms]
2023-10-26 21:57:41.500 [info] > git config --local branch.main.github-pr-owner-number [1ms]
2023-10-26 21:57:41.517 [info] > git config --get commit.template [8ms]
2023-10-26 21:57:41.518 [info] > git for-each-ref --format=%(refname)%00%(upstream:short)%00%(objectname)%00%(upstream:track)%00%(upstream:remotename)%00%(upstream:remoteref) refs/heads/main refs/remotes/main [1ms]
2023-10-26 21:57:41.527 [info] > git status -z -uall [1ms]
2023-10-26 22:02:41.538 [info] > git config --local branch.main.github-pr-owner-number [1ms]
2023-10-26 22:02:41.555 [info] > git config --get commit.template [8ms]
2023-10-26 22:02:41.555 [info] > git for-each-ref --format=%(refname)%00%(upstream:short)%00%(objectname)%00%(upstream:track)%00%(upstream:remotename)%00%(upstream:remoteref) refs/heads/main refs/remotes/main [1ms]
2023-10-26 22:02:41.562 [info] > git status -z -uall [1ms]
2023-10-26 22:07:41.574 [info] > git config --local branch.main.github-pr-owner-number [1ms]
2023-10-26 22:07:41.591 [info] > git config --get commit.template [10ms]
2023-10-26 22:07:41.591 [info] > git for-each-ref --format=%(refname)%00%(upstream:short)%00%(objectname)%00%(upstream:track)%00%(upstream:remotename)%00%(upstream:remoteref) refs/heads/main refs/remotes/main [1ms]
2023-10-26 22:07:41.599 [info] > git status -z -uall [1ms]
2023-10-26 22:12:41.608 [info] > git config --local branch.main.github-pr-owner-number [1ms]
2023-10-26 22:12:41.617 [info] > git config --get commit.template [1ms]
2023-10-26 22:12:41.625 [info] > git for-each-ref --format=%(refname)%00%(upstream:short)%00%(objectname)%00%(upstream:track)%00%(upstream:remotename)%00%(upstream:remoteref) refs/heads/main refs/remotes/main [1ms]
2023-10-26 22:12:41.639 [info] > git status -z -uall [1ms]
2023-10-26 22:17:41.649 [info] > git config --local branch.main.github-pr-owner-number [1ms]
2023-10-26 22:17:41.657 [info] > git config --get commit.template [1ms]
2023-10-26 22:17:41.665 [info] > git for-each-ref --format=%(refname)%00%(upstream:short)%00%(objectname)%00%(upstream:track)%00%(upstream:remotename)%00%(upstream:remoteref) refs/heads/main refs/remotes/main [1ms]
2023-10-26 22:17:41.674 [info] > git status -z -uall [1ms]
2023-10-26 22:22:41.686 [info] > git config --local branch.main.github-pr-owner-number [1ms]
2023-10-26 22:22:41.695 [info] > git config --get commit.template [1ms]
2023-10-26 22:22:41.704 [info] > git for-each-ref --format=%(refname)%00%(upstream:short)%00%(objectname)%00%(upstream:track)%00%(upstream:remotename)%00%(upstream:remoteref) refs/heads/main refs/remotes/main [1ms]
2023-10-26 22:22:41.712 [info] > git status -z -uall [1ms]
2023-10-26 22:27:41.723 [info] > git config --local branch.main.github-pr-owner-number [1ms]
2023-10-26 22:27:41.738 [info] > git config --get commit.template [6ms]
2023-10-26 22:27:41.739 [info] > git for-each-ref --format=%(refname)%00%(upstream:short)%00%(objectname)%00%(upstream:track)%00%(upstream:remotename)%00%(upstream:remoteref) refs/heads/main refs/remotes/main [1ms]
2023-10-26 22:27:41.749 [info] > git status -z -uall [1ms]
2023-10-26 22:32:41.760 [info] > git config --local branch.main.github-pr-owner-number [1ms]
2023-10-26 22:32:41.781 [info] > git config --get commit.template [12ms]
2023-10-26 22:32:41.782 [info] > git for-each-ref --format=%(refname)%00%(upstream:short)%00%(objectname)%00%(upstream:track)%00%(upstream:remotename)%00%(upstream:remoteref) refs/heads/main refs/remotes/main [2ms]
2023-10-26 22:32:41.793 [info] > git status -z -uall [1ms]
2023-10-26 22:37:41.806 [info] > git config --local branch.main.github-pr-owner-number [1ms]
2023-10-26 22:37:41.818 [info] > git config --get commit.template [1ms]
2023-10-26 22:37:41.825 [info] > git for-each-ref --format=%(refname)%00%(upstream:short)%00%(objectname)%00%(upstream:track)%00%(upstream:remotename)%00%(upstream:remoteref) refs/heads/main refs/remotes/main [1ms]
2023-10-26 22:37:41.834 [info] > git status -z -uall [1ms]
2023-10-26 22:42:41.844 [info] > git config --local branch.main.github-pr-owner-number [1ms]
2023-10-26 22:42:41.854 [info] > git config --get commit.template [0ms]
2023-10-26 22:42:41.862 [info] > git for-each-ref --format=%(refname)%00%(upstream:short)%00%(objectname)%00%(upstream:track)%00%(upstream:remotename)%00%(upstream:remoteref) refs/heads/main refs/remotes/main [1ms]
2023-10-26 22:42:41.870 [info] > git status -z -uall [1ms]
2023-10-26 22:47:41.882 [info] > git config --local branch.main.github-pr-owner-number [2ms]
2023-10-26 22:47:41.892 [info] > git config --get commit.template [1ms]
2023-10-26 22:47:41.902 [info] > git for-each-ref --format=%(refname)%00%(upstream:short)%00%(objectname)%00%(upstream:track)%00%(upstream:remotename)%00%(upstream:remoteref) refs/heads/main refs/remotes/main [1ms]
2023-10-26 22:47:41.911 [info] > git status -z -uall [2ms]
2023-10-26 22:52:41.921 [info] > git config --local branch.main.github-pr-owner-number [1ms]
2023-10-26 22:52:41.930 [info] > git config --get commit.template [1ms]
2023-10-26 22:52:41.938 [info] > git for-each-ref --format=%(refname)%00%(upstream:short)%00%(objectname)%00%(upstream:track)%00%(upstream:remotename)%00%(upstream:remoteref) refs/heads/main refs/remotes/main [1ms]
2023-10-26 22:52:41.948 [info] > git status -z -uall [1ms]
2023-10-26 22:57:41.961 [info] > git config --local branch.main.github-pr-owner-number [1ms]
2023-10-26 22:57:41.975 [info] > git config --get commit.template [2ms]
2023-10-26 22:57:41.983 [info] > git for-each-ref --format=%(refname)%00%(upstream:short)%00%(objectname)%00%(upstream:track)%00%(upstream:remotename)%00%(upstream:remoteref) refs/heads/main refs/remotes/main [1ms]
2023-10-26 22:57:41.991 [info] > git status -z -uall [0ms]
2023-10-26 23:02:42.011 [info] > git config --local branch.main.github-pr-owner-number [2ms]
2023-10-26 23:02:42.029 [info] > git config --get commit.template [9ms]
2023-10-26 23:02:42.030 [info] > git for-each-ref --format=%(refname)%00%(upstream:short)%00%(objectname)%00%(upstream:track)%00%(upstream:remotename)%00%(upstream:remoteref) refs/heads/main refs/remotes/main [2ms]
2023-10-26 23:02:42.046 [info] > git status -z -uall [1ms]
2023-10-26 23:07:42.060 [info] > git config --local branch.main.github-pr-owner-number [1ms]
2023-10-26 23:07:42.079 [info] > git config --get commit.template [9ms]
2023-10-26 23:07:42.079 [info] > git for-each-ref --format=%(refname)%00%(upstream:short)%00%(objectname)%00%(upstream:track)%00%(upstream:remotename)%00%(upstream:remoteref) refs/heads/main refs/remotes/main [1ms]
2023-10-26 23:07:42.090 [info] > git status -z -uall [2ms]
2023-10-26 23:12:42.100 [info] > git config --local branch.main.github-pr-owner-number [0ms]
2023-10-26 23:12:42.113 [info] > git config --get commit.template [7ms]
2023-10-26 23:12:42.114 [info] > git for-each-ref --format=%(refname)%00%(upstream:short)%00%(objectname)%00%(upstream:track)%00%(upstream:remotename)%00%(upstream:remoteref) refs/heads/main refs/remotes/main [1ms]
2023-10-26 23:12:42.133 [info] > git status -z -uall [1ms]
2023-10-26 23:17:42.144 [info] > git config --local branch.main.github-pr-owner-number [1ms]
2023-10-26 23:17:42.154 [info] > git config --get commit.template [0ms]
2023-10-26 23:17:42.159 [info] > git for-each-ref --format=%(refname)%00%(upstream:short)%00%(objectname)%00%(upstream:track)%00%(upstream:remotename)%00%(upstream:remoteref) refs/heads/main refs/remotes/main [1ms]
2023-10-26 23:17:42.166 [info] > git status -z -uall [1ms]
2023-10-26 23:22:42.176 [info] > git config --local branch.main.github-pr-owner-number [1ms]
2023-10-26 23:22:42.185 [info] > git config --get commit.template [1ms]
2023-10-26 23:22:42.191 [info] > git for-each-ref --format=%(refname)%00%(upstream:short)%00%(objectname)%00%(upstream:track)%00%(upstream:remotename)%00%(upstream:remoteref) refs/heads/main refs/remotes/main [1ms]
2023-10-26 23:22:42.200 [info] > git status -z -uall [1ms]
2023-10-26 23:27:42.209 [info] > git config --local branch.main.github-pr-owner-number [1ms]
2023-10-26 23:27:42.225 [info] > git config --get commit.template [9ms]
2023-10-26 23:27:42.225 [info] > git for-each-ref --format=%(refname)%00%(upstream:short)%00%(objectname)%00%(upstream:track)%00%(upstream:remotename)%00%(upstream:remoteref) refs/heads/main refs/remotes/main [1ms]
2023-10-26 23:27:42.242 [info] > git status -z -uall [1ms]
2023-10-26 23:32:42.254 [info] > git config --local branch.main.github-pr-owner-number [0ms]
2023-10-26 23:32:42.261 [info] > git config --get commit.template [1ms]
2023-10-26 23:32:42.270 [info] > git for-each-ref --format=%(refname)%00%(upstream:short)%00%(objectname)%00%(upstream:track)%00%(upstream:remotename)%00%(upstream:remoteref) refs/heads/main refs/remotes/main [1ms]
2023-10-26 23:32:42.277 [info] > git status -z -uall [1ms]
