2023-10-05 12:03:14.944 [info] Extension host with pid 381195 started
2023-10-05 12:03:14.975 [info] Lock '/home/tphilly/.vscode-server/data/User/workspaceStorage/c8dea61d86bff5dca7ea980ccf1258e2/vscode.lock': Lock acquired.
2023-10-05 12:03:15.036 [info] ExtensionService#_doActivateExtension vscode.typescript-language-features, startup: false, activationEvent: 'onLanguage:javascript'
2023-10-05 12:03:15.038 [info] ExtensionService#_doActivateExtension vscode.emmet, startup: false, activationEvent: 'onLanguage'
2023-10-05 12:03:15.362 [info] ExtensionService#_doActivateExtension vscode.git-base, startup: true, activationEvent: '*', root cause: vscode.git
2023-10-05 12:03:15.549 [info] ExtensionService#_doActivateExtension vscode.git, startup: true, activationEvent: '*'
2023-10-05 12:03:15.550 [info] ExtensionService#_doActivateExtension vscode.github, startup: true, activationEvent: '*'
2023-10-05 12:03:15.884 [info] Eager extensions activated
2023-10-05 12:03:15.885 [info] ExtensionService#_doActivateExtension vscode.debug-auto-launch, startup: false, activationEvent: 'onStartupFinished'
2023-10-05 12:03:15.887 [info] ExtensionService#_doActivateExtension vscode.merge-conflict, startup: false, activationEvent: 'onStartupFinished'
2023-10-05 12:03:15.888 [info] ExtensionService#_doActivateExtension dbaeumer.vscode-eslint, startup: false, activationEvent: 'onStartupFinished'
2023-10-05 12:03:15.889 [info] ExtensionService#_doActivateExtension eamodio.gitlens, startup: false, activationEvent: 'onStartupFinished'
2023-10-05 12:03:15.889 [info] ExtensionService#_doActivateExtension esbenp.prettier-vscode, startup: false, activationEvent: 'onStartupFinished'
2023-10-05 12:03:16.500 [info] ExtensionService#_doActivateExtension ms-vsliveshare.vsliveshare, startup: false, activationEvent: 'api', root cause: eamodio.gitlens
2023-10-05 12:03:17.061 [info] ExtensionService#_doActivateExtension GitHub.vscode-pull-request-github, startup: false, activationEvent: 'onStartupFinished'
2023-10-05 12:03:18.114 [warning] [Decorations] CAPPING events from decorations provider vscode.git 10000
2023-10-05 12:03:19.241 [warning] [Decorations] CAPPING events from decorations provider vscode.git 10005
2023-10-05 12:03:37.272 [info] Extension host terminating: received terminate message from renderer
2023-10-05 12:03:37.273 [info] Lock '/home/tphilly/.vscode-server/data/User/workspaceStorage/c8dea61d86bff5dca7ea980ccf1258e2/vscode.lock': Marking the lockfile as scheduled to be released in 6000 ms.
2023-10-05 12:03:37.342 [error] Canceled: Canceled
	at new h (/home/tphilly/.vscode-server/bin/abd2f3db4bdb28f9e95536dfa84d8479f1eb312d/out/vs/workbench/api/node/extensionHostProcess.js:108:57382)
	at i.O (/home/tphilly/.vscode-server/bin/abd2f3db4bdb28f9e95536dfa84d8479f1eb312d/out/vs/workbench/api/node/extensionHostProcess.js:117:10850)
	at j.<computed>.T.charCodeAt.j.<computed> (/home/tphilly/.vscode-server/bin/abd2f3db4bdb28f9e95536dfa84d8479f1eb312d/out/vs/workbench/api/node/extensionHostProcess.js:117:8289)
	at r.g (/home/tphilly/.vscode-server/bin/abd2f3db4bdb28f9e95536dfa84d8479f1eb312d/out/vs/workbench/api/node/extensionHostProcess.js:108:82208)
	at r.executeCommand (/home/tphilly/.vscode-server/bin/abd2f3db4bdb28f9e95536dfa84d8479f1eb312d/out/vs/workbench/api/node/extensionHostProcess.js:108:81646)
	at u.registerCommand.description (/home/tphilly/.vscode-server/bin/abd2f3db4bdb28f9e95536dfa84d8479f1eb312d/out/vs/workbench/api/node/extensionHostProcess.js:108:80967)
	at r.h (/home/tphilly/.vscode-server/bin/abd2f3db4bdb28f9e95536dfa84d8479f1eb312d/out/vs/workbench/api/node/extensionHostProcess.js:108:82744)
	at r.g (/home/tphilly/.vscode-server/bin/abd2f3db4bdb28f9e95536dfa84d8479f1eb312d/out/vs/workbench/api/node/extensionHostProcess.js:108:81739)
	at r.executeCommand (/home/tphilly/.vscode-server/bin/abd2f3db4bdb28f9e95536dfa84d8479f1eb312d/out/vs/workbench/api/node/extensionHostProcess.js:108:81646)
	at Object.executeCommand (/home/tphilly/.vscode-server/bin/abd2f3db4bdb28f9e95536dfa84d8479f1eb312d/out/vs/workbench/api/node/extensionHostProcess.js:123:21247)
	at n.D [as value] (/home/tphilly/.vscode-server/bin/abd2f3db4bdb28f9e95536dfa84d8479f1eb312d/extensions/git/dist/main.js:2:1309000)
	at m.w (/home/tphilly/.vscode-server/bin/abd2f3db4bdb28f9e95536dfa84d8479f1eb312d/out/vs/workbench/api/node/extensionHostProcess.js:63:1902)
	at m.x (/home/tphilly/.vscode-server/bin/abd2f3db4bdb28f9e95536dfa84d8479f1eb312d/out/vs/workbench/api/node/extensionHostProcess.js:63:1972)
	at m.fire (/home/tphilly/.vscode-server/bin/abd2f3db4bdb28f9e95536dfa84d8479f1eb312d/out/vs/workbench/api/node/extensionHostProcess.js:63:2188)
	at Object.m [as dispose] (/home/tphilly/.vscode-server/bin/abd2f3db4bdb28f9e95536dfa84d8479f1eb312d/extensions/git/dist/main.js:2:1324784)
	at /home/tphilly/.vscode-server/bin/abd2f3db4bdb28f9e95536dfa84d8479f1eb312d/extensions/git/dist/main.js:2:1329625
	at Array.forEach (<anonymous>)
	at g.dispose (/home/tphilly/.vscode-server/bin/abd2f3db4bdb28f9e95536dfa84d8479f1eb312d/extensions/git/dist/main.js:2:1329611)
	at E.<anonymous> (/home/tphilly/.vscode-server/bin/abd2f3db4bdb28f9e95536dfa84d8479f1eb312d/out/vs/workbench/api/node/extensionHostProcess.js:104:3484)
	at E.dispose (/home/tphilly/.vscode-server/bin/abd2f3db4bdb28f9e95536dfa84d8479f1eb312d/out/vs/workbench/api/node/extensionHostProcess.js:104:3581)
	at E.<anonymous> (/home/tphilly/.vscode-server/bin/abd2f3db4bdb28f9e95536dfa84d8479f1eb312d/extensions/git/dist/main.js:2:1311012)
	at E.dispose (/home/tphilly/.vscode-server/bin/abd2f3db4bdb28f9e95536dfa84d8479f1eb312d/out/vs/workbench/api/node/extensionHostProcess.js:104:3581)
	at k (/home/tphilly/.vscode-server/bin/abd2f3db4bdb28f9e95536dfa84d8479f1eb312d/out/vs/workbench/api/node/extensionHostProcess.js:13:11730)
	at n.Z (/home/tphilly/.vscode-server/bin/abd2f3db4bdb28f9e95536dfa84d8479f1eb312d/out/vs/workbench/api/node/extensionHostProcess.js:119:9652)
	at /home/tphilly/.vscode-server/bin/abd2f3db4bdb28f9e95536dfa84d8479f1eb312d/out/vs/workbench/api/node/extensionHostProcess.js:119:7585
	at Array.map (<anonymous>)
	at n.S (/home/tphilly/.vscode-server/bin/abd2f3db4bdb28f9e95536dfa84d8479f1eb312d/out/vs/workbench/api/node/extensionHostProcess.js:119:7572)
	at n.terminate (/home/tphilly/.vscode-server/bin/abd2f3db4bdb28f9e95536dfa84d8479f1eb312d/out/vs/workbench/api/node/extensionHostProcess.js:119:7844)
	at o.terminate (/home/tphilly/.vscode-server/bin/abd2f3db4bdb28f9e95536dfa84d8479f1eb312d/out/vs/workbench/api/node/extensionHostProcess.js:123:1513)
	at D (/home/tphilly/.vscode-server/bin/abd2f3db4bdb28f9e95536dfa84d8479f1eb312d/out/vs/workbench/api/node/extensionHostProcess.js:136:9800)
	at n.value (/home/tphilly/.vscode-server/bin/abd2f3db4bdb28f9e95536dfa84d8479f1eb312d/out/vs/workbench/api/node/extensionHostProcess.js:136:7847)
	at m.w (/home/tphilly/.vscode-server/bin/abd2f3db4bdb28f9e95536dfa84d8479f1eb312d/out/vs/workbench/api/node/extensionHostProcess.js:63:1902)
	at m.fire (/home/tphilly/.vscode-server/bin/abd2f3db4bdb28f9e95536dfa84d8479f1eb312d/out/vs/workbench/api/node/extensionHostProcess.js:63:2119)
	at v.fire (/home/tphilly/.vscode-server/bin/abd2f3db4bdb28f9e95536dfa84d8479f1eb312d/out/vs/workbench/api/node/extensionHostProcess.js:79:13940)
	at s.z (/home/tphilly/.vscode-server/bin/abd2f3db4bdb28f9e95536dfa84d8479f1eb312d/out/vs/workbench/api/node/extensionHostProcess.js:79:17005)
	at n.value (/home/tphilly/.vscode-server/bin/abd2f3db4bdb28f9e95536dfa84d8479f1eb312d/out/vs/workbench/api/node/extensionHostProcess.js:79:15457)
	at m.w (/home/tphilly/.vscode-server/bin/abd2f3db4bdb28f9e95536dfa84d8479f1eb312d/out/vs/workbench/api/node/extensionHostProcess.js:63:1902)
	at m.fire (/home/tphilly/.vscode-server/bin/abd2f3db4bdb28f9e95536dfa84d8479f1eb312d/out/vs/workbench/api/node/extensionHostProcess.js:63:2119)
	at n.acceptChunk (/home/tphilly/.vscode-server/bin/abd2f3db4bdb28f9e95536dfa84d8479f1eb312d/out/vs/workbench/api/node/extensionHostProcess.js:79:11714)
	at n.value (/home/tphilly/.vscode-server/bin/abd2f3db4bdb28f9e95536dfa84d8479f1eb312d/out/vs/workbench/api/node/extensionHostProcess.js:79:11001)
	at m.w (/home/tphilly/.vscode-server/bin/abd2f3db4bdb28f9e95536dfa84d8479f1eb312d/out/vs/workbench/api/node/extensionHostProcess.js:63:1902)
	at m.fire (/home/tphilly/.vscode-server/bin/abd2f3db4bdb28f9e95536dfa84d8479f1eb312d/out/vs/workbench/api/node/extensionHostProcess.js:63:2119)
	at m.u (/home/tphilly/.vscode-server/bin/abd2f3db4bdb28f9e95536dfa84d8479f1eb312d/out/vs/workbench/api/node/extensionHostProcess.js:133:19093)
	at m.acceptFrame (/home/tphilly/.vscode-server/bin/abd2f3db4bdb28f9e95536dfa84d8479f1eb312d/out/vs/workbench/api/node/extensionHostProcess.js:133:18899)
	at a.l (/home/tphilly/.vscode-server/bin/abd2f3db4bdb28f9e95536dfa84d8479f1eb312d/out/vs/workbench/api/node/extensionHostProcess.js:133:17532)
	at /home/tphilly/.vscode-server/bin/abd2f3db4bdb28f9e95536dfa84d8479f1eb312d/out/vs/workbench/api/node/extensionHostProcess.js:133:14879
	at Socket.p (/home/tphilly/.vscode-server/bin/abd2f3db4bdb28f9e95536dfa84d8479f1eb312d/out/vs/workbench/api/node/extensionHostProcess.js:133:12793)
	at Socket.emit (node:events:513:28)
	at addChunk (node:internal/streams/readable:324:12)
	at readableAddChunk (node:internal/streams/readable:297:9)
	at Readable.push (node:internal/streams/readable:234:10)
	at TCP.onStreamRead (node:internal/stream_base_commons:190:23) setContext undefined
2023-10-05 12:03:37.343 [error] Canceled: Canceled
	at new h (/home/tphilly/.vscode-server/bin/abd2f3db4bdb28f9e95536dfa84d8479f1eb312d/out/vs/workbench/api/node/extensionHostProcess.js:108:57382)
	at i.O (/home/tphilly/.vscode-server/bin/abd2f3db4bdb28f9e95536dfa84d8479f1eb312d/out/vs/workbench/api/node/extensionHostProcess.js:117:10850)
	at j.<computed>.T.charCodeAt.j.<computed> (/home/tphilly/.vscode-server/bin/abd2f3db4bdb28f9e95536dfa84d8479f1eb312d/out/vs/workbench/api/node/extensionHostProcess.js:117:8289)
	at r.g (/home/tphilly/.vscode-server/bin/abd2f3db4bdb28f9e95536dfa84d8479f1eb312d/out/vs/workbench/api/node/extensionHostProcess.js:108:82208)
	at r.executeCommand (/home/tphilly/.vscode-server/bin/abd2f3db4bdb28f9e95536dfa84d8479f1eb312d/out/vs/workbench/api/node/extensionHostProcess.js:108:81646)
	at u.registerCommand.description (/home/tphilly/.vscode-server/bin/abd2f3db4bdb28f9e95536dfa84d8479f1eb312d/out/vs/workbench/api/node/extensionHostProcess.js:108:80967)
	at r.h (/home/tphilly/.vscode-server/bin/abd2f3db4bdb28f9e95536dfa84d8479f1eb312d/out/vs/workbench/api/node/extensionHostProcess.js:108:82744)
	at r.g (/home/tphilly/.vscode-server/bin/abd2f3db4bdb28f9e95536dfa84d8479f1eb312d/out/vs/workbench/api/node/extensionHostProcess.js:108:81739)
	at r.executeCommand (/home/tphilly/.vscode-server/bin/abd2f3db4bdb28f9e95536dfa84d8479f1eb312d/out/vs/workbench/api/node/extensionHostProcess.js:108:81646)
	at Object.executeCommand (/home/tphilly/.vscode-server/bin/abd2f3db4bdb28f9e95536dfa84d8479f1eb312d/out/vs/workbench/api/node/extensionHostProcess.js:123:21247)
	at set b [as b] (/home/tphilly/.vscode-server/bin/abd2f3db4bdb28f9e95536dfa84d8479f1eb312d/extensions/github/dist/extension.js:2:714434)
	at /home/tphilly/.vscode-server/bin/abd2f3db4bdb28f9e95536dfa84d8479f1eb312d/extensions/github/dist/extension.js:2:715075
	at n.value (/home/tphilly/.vscode-server/bin/abd2f3db4bdb28f9e95536dfa84d8479f1eb312d/extensions/git/dist/main.js:2:1396602)
	at m.w (/home/tphilly/.vscode-server/bin/abd2f3db4bdb28f9e95536dfa84d8479f1eb312d/out/vs/workbench/api/node/extensionHostProcess.js:63:1902)
	at m.x (/home/tphilly/.vscode-server/bin/abd2f3db4bdb28f9e95536dfa84d8479f1eb312d/out/vs/workbench/api/node/extensionHostProcess.js:63:1972)
	at m.fire (/home/tphilly/.vscode-server/bin/abd2f3db4bdb28f9e95536dfa84d8479f1eb312d/out/vs/workbench/api/node/extensionHostProcess.js:63:2188)
	at Object.m [as dispose] (/home/tphilly/.vscode-server/bin/abd2f3db4bdb28f9e95536dfa84d8479f1eb312d/extensions/git/dist/main.js:2:1324784)
	at /home/tphilly/.vscode-server/bin/abd2f3db4bdb28f9e95536dfa84d8479f1eb312d/extensions/git/dist/main.js:2:1329625
	at Array.forEach (<anonymous>)
	at g.dispose (/home/tphilly/.vscode-server/bin/abd2f3db4bdb28f9e95536dfa84d8479f1eb312d/extensions/git/dist/main.js:2:1329611)
	at E.<anonymous> (/home/tphilly/.vscode-server/bin/abd2f3db4bdb28f9e95536dfa84d8479f1eb312d/out/vs/workbench/api/node/extensionHostProcess.js:104:3484)
	at E.dispose (/home/tphilly/.vscode-server/bin/abd2f3db4bdb28f9e95536dfa84d8479f1eb312d/out/vs/workbench/api/node/extensionHostProcess.js:104:3581)
	at E.<anonymous> (/home/tphilly/.vscode-server/bin/abd2f3db4bdb28f9e95536dfa84d8479f1eb312d/extensions/git/dist/main.js:2:1311012)
	at E.dispose (/home/tphilly/.vscode-server/bin/abd2f3db4bdb28f9e95536dfa84d8479f1eb312d/out/vs/workbench/api/node/extensionHostProcess.js:104:3581)
	at k (/home/tphilly/.vscode-server/bin/abd2f3db4bdb28f9e95536dfa84d8479f1eb312d/out/vs/workbench/api/node/extensionHostProcess.js:13:11730)
	at n.Z (/home/tphilly/.vscode-server/bin/abd2f3db4bdb28f9e95536dfa84d8479f1eb312d/out/vs/workbench/api/node/extensionHostProcess.js:119:9652)
	at /home/tphilly/.vscode-server/bin/abd2f3db4bdb28f9e95536dfa84d8479f1eb312d/out/vs/workbench/api/node/extensionHostProcess.js:119:7585
	at Array.map (<anonymous>)
	at n.S (/home/tphilly/.vscode-server/bin/abd2f3db4bdb28f9e95536dfa84d8479f1eb312d/out/vs/workbench/api/node/extensionHostProcess.js:119:7572)
	at n.terminate (/home/tphilly/.vscode-server/bin/abd2f3db4bdb28f9e95536dfa84d8479f1eb312d/out/vs/workbench/api/node/extensionHostProcess.js:119:7844)
	at o.terminate (/home/tphilly/.vscode-server/bin/abd2f3db4bdb28f9e95536dfa84d8479f1eb312d/out/vs/workbench/api/node/extensionHostProcess.js:123:1513)
	at D (/home/tphilly/.vscode-server/bin/abd2f3db4bdb28f9e95536dfa84d8479f1eb312d/out/vs/workbench/api/node/extensionHostProcess.js:136:9800)
	at n.value (/home/tphilly/.vscode-server/bin/abd2f3db4bdb28f9e95536dfa84d8479f1eb312d/out/vs/workbench/api/node/extensionHostProcess.js:136:7847)
	at m.w (/home/tphilly/.vscode-server/bin/abd2f3db4bdb28f9e95536dfa84d8479f1eb312d/out/vs/workbench/api/node/extensionHostProcess.js:63:1902)
	at m.fire (/home/tphilly/.vscode-server/bin/abd2f3db4bdb28f9e95536dfa84d8479f1eb312d/out/vs/workbench/api/node/extensionHostProcess.js:63:2119)
	at v.fire (/home/tphilly/.vscode-server/bin/abd2f3db4bdb28f9e95536dfa84d8479f1eb312d/out/vs/workbench/api/node/extensionHostProcess.js:79:13940)
	at s.z (/home/tphilly/.vscode-server/bin/abd2f3db4bdb28f9e95536dfa84d8479f1eb312d/out/vs/workbench/api/node/extensionHostProcess.js:79:17005)
	at n.value (/home/tphilly/.vscode-server/bin/abd2f3db4bdb28f9e95536dfa84d8479f1eb312d/out/vs/workbench/api/node/extensionHostProcess.js:79:15457)
	at m.w (/home/tphilly/.vscode-server/bin/abd2f3db4bdb28f9e95536dfa84d8479f1eb312d/out/vs/workbench/api/node/extensionHostProcess.js:63:1902)
	at m.fire (/home/tphilly/.vscode-server/bin/abd2f3db4bdb28f9e95536dfa84d8479f1eb312d/out/vs/workbench/api/node/extensionHostProcess.js:63:2119)
	at n.acceptChunk (/home/tphilly/.vscode-server/bin/abd2f3db4bdb28f9e95536dfa84d8479f1eb312d/out/vs/workbench/api/node/extensionHostProcess.js:79:11714)
	at n.value (/home/tphilly/.vscode-server/bin/abd2f3db4bdb28f9e95536dfa84d8479f1eb312d/out/vs/workbench/api/node/extensionHostProcess.js:79:11001)
	at m.w (/home/tphilly/.vscode-server/bin/abd2f3db4bdb28f9e95536dfa84d8479f1eb312d/out/vs/workbench/api/node/extensionHostProcess.js:63:1902)
	at m.fire (/home/tphilly/.vscode-server/bin/abd2f3db4bdb28f9e95536dfa84d8479f1eb312d/out/vs/workbench/api/node/extensionHostProcess.js:63:2119)
	at m.u (/home/tphilly/.vscode-server/bin/abd2f3db4bdb28f9e95536dfa84d8479f1eb312d/out/vs/workbench/api/node/extensionHostProcess.js:133:19093)
	at m.acceptFrame (/home/tphilly/.vscode-server/bin/abd2f3db4bdb28f9e95536dfa84d8479f1eb312d/out/vs/workbench/api/node/extensionHostProcess.js:133:18899)
	at a.l (/home/tphilly/.vscode-server/bin/abd2f3db4bdb28f9e95536dfa84d8479f1eb312d/out/vs/workbench/api/node/extensionHostProcess.js:133:17532)
	at /home/tphilly/.vscode-server/bin/abd2f3db4bdb28f9e95536dfa84d8479f1eb312d/out/vs/workbench/api/node/extensionHostProcess.js:133:14879
	at Socket.p (/home/tphilly/.vscode-server/bin/abd2f3db4bdb28f9e95536dfa84d8479f1eb312d/out/vs/workbench/api/node/extensionHostProcess.js:133:12793)
	at Socket.emit (node:events:513:28)
	at addChunk (node:internal/streams/readable:324:12)
	at readableAddChunk (node:internal/streams/readable:297:9)
	at Readable.push (node:internal/streams/readable:234:10)
	at TCP.onStreamRead (node:internal/stream_base_commons:190:23) setContext undefined
2023-10-05 12:03:37.344 [error] Canceled: Canceled
	at new h (/home/tphilly/.vscode-server/bin/abd2f3db4bdb28f9e95536dfa84d8479f1eb312d/out/vs/workbench/api/node/extensionHostProcess.js:108:57382)
	at i.O (/home/tphilly/.vscode-server/bin/abd2f3db4bdb28f9e95536dfa84d8479f1eb312d/out/vs/workbench/api/node/extensionHostProcess.js:117:10850)
	at j.<computed>.T.charCodeAt.j.<computed> (/home/tphilly/.vscode-server/bin/abd2f3db4bdb28f9e95536dfa84d8479f1eb312d/out/vs/workbench/api/node/extensionHostProcess.js:117:8289)
	at r.g (/home/tphilly/.vscode-server/bin/abd2f3db4bdb28f9e95536dfa84d8479f1eb312d/out/vs/workbench/api/node/extensionHostProcess.js:108:82208)
	at r.executeCommand (/home/tphilly/.vscode-server/bin/abd2f3db4bdb28f9e95536dfa84d8479f1eb312d/out/vs/workbench/api/node/extensionHostProcess.js:108:81646)
	at u.registerCommand.description (/home/tphilly/.vscode-server/bin/abd2f3db4bdb28f9e95536dfa84d8479f1eb312d/out/vs/workbench/api/node/extensionHostProcess.js:108:80967)
	at r.h (/home/tphilly/.vscode-server/bin/abd2f3db4bdb28f9e95536dfa84d8479f1eb312d/out/vs/workbench/api/node/extensionHostProcess.js:108:82744)
	at r.g (/home/tphilly/.vscode-server/bin/abd2f3db4bdb28f9e95536dfa84d8479f1eb312d/out/vs/workbench/api/node/extensionHostProcess.js:108:81739)
	at r.executeCommand (/home/tphilly/.vscode-server/bin/abd2f3db4bdb28f9e95536dfa84d8479f1eb312d/out/vs/workbench/api/node/extensionHostProcess.js:108:81646)
	at Object.executeCommand (/home/tphilly/.vscode-server/bin/abd2f3db4bdb28f9e95536dfa84d8479f1eb312d/out/vs/workbench/api/node/extensionHostProcess.js:123:21247)
	at e (/home/tphilly/.vscode-server/extensions/github.vscode-pull-request-github-0.72.0/dist/extension.js:1655:1445)
	at Object.n [as setContext] (/home/tphilly/.vscode-server/extensions/github.vscode-pull-request-github-0.72.0/dist/extension.js:1655:1560)
	at hp.updateActiveReviewCount (/home/tphilly/.vscode-server/extensions/github.vscode-pull-request-github-0.72.0/dist/extension.js:1772:22546)
	at hp.removeRepo (/home/tphilly/.vscode-server/extensions/github.vscode-pull-request-github-0.72.0/dist/extension.js:1772:23673)
	at n.value (/home/tphilly/.vscode-server/extensions/github.vscode-pull-request-github-0.72.0/dist/extension.js:1818:4126)
	at m.w (/home/tphilly/.vscode-server/bin/abd2f3db4bdb28f9e95536dfa84d8479f1eb312d/out/vs/workbench/api/node/extensionHostProcess.js:63:1902)
	at m.x (/home/tphilly/.vscode-server/bin/abd2f3db4bdb28f9e95536dfa84d8479f1eb312d/out/vs/workbench/api/node/extensionHostProcess.js:63:1972)
	at m.fire (/home/tphilly/.vscode-server/bin/abd2f3db4bdb28f9e95536dfa84d8479f1eb312d/out/vs/workbench/api/node/extensionHostProcess.js:63:2188)
	at n.value (/home/tphilly/.vscode-server/extensions/github.vscode-pull-request-github-0.72.0/dist/extension.js:1624:461993)
	at m.w (/home/tphilly/.vscode-server/bin/abd2f3db4bdb28f9e95536dfa84d8479f1eb312d/out/vs/workbench/api/node/extensionHostProcess.js:63:1902)
	at m.fire (/home/tphilly/.vscode-server/bin/abd2f3db4bdb28f9e95536dfa84d8479f1eb312d/out/vs/workbench/api/node/extensionHostProcess.js:63:2119)
	at /home/tphilly/.vscode-server/extensions/github.vscode-pull-request-github-0.72.0/dist/extension.js:1772:27387
	at n.value (/home/tphilly/.vscode-server/bin/abd2f3db4bdb28f9e95536dfa84d8479f1eb312d/extensions/git/dist/main.js:2:1396602)
	at m.w (/home/tphilly/.vscode-server/bin/abd2f3db4bdb28f9e95536dfa84d8479f1eb312d/out/vs/workbench/api/node/extensionHostProcess.js:63:1902)
	at m.x (/home/tphilly/.vscode-server/bin/abd2f3db4bdb28f9e95536dfa84d8479f1eb312d/out/vs/workbench/api/node/extensionHostProcess.js:63:1972)
	at m.fire (/home/tphilly/.vscode-server/bin/abd2f3db4bdb28f9e95536dfa84d8479f1eb312d/out/vs/workbench/api/node/extensionHostProcess.js:63:2188)
	at Object.m [as dispose] (/home/tphilly/.vscode-server/bin/abd2f3db4bdb28f9e95536dfa84d8479f1eb312d/extensions/git/dist/main.js:2:1324784)
	at /home/tphilly/.vscode-server/bin/abd2f3db4bdb28f9e95536dfa84d8479f1eb312d/extensions/git/dist/main.js:2:1329625
	at Array.forEach (<anonymous>)
	at g.dispose (/home/tphilly/.vscode-server/bin/abd2f3db4bdb28f9e95536dfa84d8479f1eb312d/extensions/git/dist/main.js:2:1329611)
	at E.<anonymous> (/home/tphilly/.vscode-server/bin/abd2f3db4bdb28f9e95536dfa84d8479f1eb312d/out/vs/workbench/api/node/extensionHostProcess.js:104:3484)
	at E.dispose (/home/tphilly/.vscode-server/bin/abd2f3db4bdb28f9e95536dfa84d8479f1eb312d/out/vs/workbench/api/node/extensionHostProcess.js:104:3581)
	at E.<anonymous> (/home/tphilly/.vscode-server/bin/abd2f3db4bdb28f9e95536dfa84d8479f1eb312d/extensions/git/dist/main.js:2:1311012)
	at E.dispose (/home/tphilly/.vscode-server/bin/abd2f3db4bdb28f9e95536dfa84d8479f1eb312d/out/vs/workbench/api/node/extensionHostProcess.js:104:3581)
	at k (/home/tphilly/.vscode-server/bin/abd2f3db4bdb28f9e95536dfa84d8479f1eb312d/out/vs/workbench/api/node/extensionHostProcess.js:13:11730)
	at n.Z (/home/tphilly/.vscode-server/bin/abd2f3db4bdb28f9e95536dfa84d8479f1eb312d/out/vs/workbench/api/node/extensionHostProcess.js:119:9652)
	at /home/tphilly/.vscode-server/bin/abd2f3db4bdb28f9e95536dfa84d8479f1eb312d/out/vs/workbench/api/node/extensionHostProcess.js:119:7585
	at Array.map (<anonymous>)
	at n.S (/home/tphilly/.vscode-server/bin/abd2f3db4bdb28f9e95536dfa84d8479f1eb312d/out/vs/workbench/api/node/extensionHostProcess.js:119:7572)
	at n.terminate (/home/tphilly/.vscode-server/bin/abd2f3db4bdb28f9e95536dfa84d8479f1eb312d/out/vs/workbench/api/node/extensionHostProcess.js:119:7844)
	at o.terminate (/home/tphilly/.vscode-server/bin/abd2f3db4bdb28f9e95536dfa84d8479f1eb312d/out/vs/workbench/api/node/extensionHostProcess.js:123:1513)
	at D (/home/tphilly/.vscode-server/bin/abd2f3db4bdb28f9e95536dfa84d8479f1eb312d/out/vs/workbench/api/node/extensionHostProcess.js:136:9800)
	at n.value (/home/tphilly/.vscode-server/bin/abd2f3db4bdb28f9e95536dfa84d8479f1eb312d/out/vs/workbench/api/node/extensionHostProcess.js:136:7847)
	at m.w (/home/tphilly/.vscode-server/bin/abd2f3db4bdb28f9e95536dfa84d8479f1eb312d/out/vs/workbench/api/node/extensionHostProcess.js:63:1902)
	at m.fire (/home/tphilly/.vscode-server/bin/abd2f3db4bdb28f9e95536dfa84d8479f1eb312d/out/vs/workbench/api/node/extensionHostProcess.js:63:2119)
	at v.fire (/home/tphilly/.vscode-server/bin/abd2f3db4bdb28f9e95536dfa84d8479f1eb312d/out/vs/workbench/api/node/extensionHostProcess.js:79:13940)
	at s.z (/home/tphilly/.vscode-server/bin/abd2f3db4bdb28f9e95536dfa84d8479f1eb312d/out/vs/workbench/api/node/extensionHostProcess.js:79:17005)
	at n.value (/home/tphilly/.vscode-server/bin/abd2f3db4bdb28f9e95536dfa84d8479f1eb312d/out/vs/workbench/api/node/extensionHostProcess.js:79:15457)
	at m.w (/home/tphilly/.vscode-server/bin/abd2f3db4bdb28f9e95536dfa84d8479f1eb312d/out/vs/workbench/api/node/extensionHostProcess.js:63:1902)
	at m.fire (/home/tphilly/.vscode-server/bin/abd2f3db4bdb28f9e95536dfa84d8479f1eb312d/out/vs/workbench/api/node/extensionHostProcess.js:63:2119)
	at n.acceptChunk (/home/tphilly/.vscode-server/bin/abd2f3db4bdb28f9e95536dfa84d8479f1eb312d/out/vs/workbench/api/node/extensionHostProcess.js:79:11714)
	at n.value (/home/tphilly/.vscode-server/bin/abd2f3db4bdb28f9e95536dfa84d8479f1eb312d/out/vs/workbench/api/node/extensionHostProcess.js:79:11001)
	at m.w (/home/tphilly/.vscode-server/bin/abd2f3db4bdb28f9e95536dfa84d8479f1eb312d/out/vs/workbench/api/node/extensionHostProcess.js:63:1902)
	at m.fire (/home/tphilly/.vscode-server/bin/abd2f3db4bdb28f9e95536dfa84d8479f1eb312d/out/vs/workbench/api/node/extensionHostProcess.js:63:2119)
	at m.u (/home/tphilly/.vscode-server/bin/abd2f3db4bdb28f9e95536dfa84d8479f1eb312d/out/vs/workbench/api/node/extensionHostProcess.js:133:19093)
	at m.acceptFrame (/home/tphilly/.vscode-server/bin/abd2f3db4bdb28f9e95536dfa84d8479f1eb312d/out/vs/workbench/api/node/extensionHostProcess.js:133:18899)
	at a.l (/home/tphilly/.vscode-server/bin/abd2f3db4bdb28f9e95536dfa84d8479f1eb312d/out/vs/workbench/api/node/extensionHostProcess.js:133:17532)
	at /home/tphilly/.vscode-server/bin/abd2f3db4bdb28f9e95536dfa84d8479f1eb312d/out/vs/workbench/api/node/extensionHostProcess.js:133:14879
	at Socket.p (/home/tphilly/.vscode-server/bin/abd2f3db4bdb28f9e95536dfa84d8479f1eb312d/out/vs/workbench/api/node/extensionHostProcess.js:133:12793)
	at Socket.emit (node:events:513:28)
	at addChunk (node:internal/streams/readable:324:12)
	at readableAddChunk (node:internal/streams/readable:297:9)
	at Readable.push (node:internal/streams/readable:234:10)
	at TCP.onStreamRead (node:internal/stream_base_commons:190:23) setContext undefined
2023-10-05 12:03:37.345 [error] Canceled: Canceled
	at new h (/home/tphilly/.vscode-server/bin/abd2f3db4bdb28f9e95536dfa84d8479f1eb312d/out/vs/workbench/api/node/extensionHostProcess.js:108:57382)
	at i.O (/home/tphilly/.vscode-server/bin/abd2f3db4bdb28f9e95536dfa84d8479f1eb312d/out/vs/workbench/api/node/extensionHostProcess.js:117:10850)
	at j.<computed>.T.charCodeAt.j.<computed> (/home/tphilly/.vscode-server/bin/abd2f3db4bdb28f9e95536dfa84d8479f1eb312d/out/vs/workbench/api/node/extensionHostProcess.js:117:8289)
	at r.g (/home/tphilly/.vscode-server/bin/abd2f3db4bdb28f9e95536dfa84d8479f1eb312d/out/vs/workbench/api/node/extensionHostProcess.js:108:82208)
	at r.executeCommand (/home/tphilly/.vscode-server/bin/abd2f3db4bdb28f9e95536dfa84d8479f1eb312d/out/vs/workbench/api/node/extensionHostProcess.js:108:81646)
	at u.registerCommand.description (/home/tphilly/.vscode-server/bin/abd2f3db4bdb28f9e95536dfa84d8479f1eb312d/out/vs/workbench/api/node/extensionHostProcess.js:108:80967)
	at r.h (/home/tphilly/.vscode-server/bin/abd2f3db4bdb28f9e95536dfa84d8479f1eb312d/out/vs/workbench/api/node/extensionHostProcess.js:108:82744)
	at r.g (/home/tphilly/.vscode-server/bin/abd2f3db4bdb28f9e95536dfa84d8479f1eb312d/out/vs/workbench/api/node/extensionHostProcess.js:108:81739)
	at r.executeCommand (/home/tphilly/.vscode-server/bin/abd2f3db4bdb28f9e95536dfa84d8479f1eb312d/out/vs/workbench/api/node/extensionHostProcess.js:108:81646)
	at Object.executeCommand (/home/tphilly/.vscode-server/bin/abd2f3db4bdb28f9e95536dfa84d8479f1eb312d/out/vs/workbench/api/node/extensionHostProcess.js:123:21247)
	at w (/home/tphilly/.vscode-server/extensions/eamodio.gitlens-14.3.0/dist/gitlens.js:1:964665)
	at c (/home/tphilly/.vscode-server/extensions/eamodio.gitlens-14.3.0/dist/gitlens.js:1:969293)
	at ActionRunners._updateContextKeys (/home/tphilly/.vscode-server/extensions/eamodio.gitlens-14.3.0/dist/gitlens.js:1:38220)
	at s (/home/tphilly/.vscode-server/extensions/eamodio.gitlens-14.3.0/dist/gitlens.js:1:36639)
	at RegisteredActionRunner.unregister (/home/tphilly/.vscode-server/extensions/eamodio.gitlens-14.3.0/dist/gitlens.js:1:36783)
	at RegisteredActionRunner.dispose (/home/tphilly/.vscode-server/extensions/eamodio.gitlens-14.3.0/dist/gitlens.js:1:35446)
	at ActionRunners.dispose (/home/tphilly/.vscode-server/extensions/eamodio.gitlens-14.3.0/dist/gitlens.js:1:36225)
	at /home/tphilly/.vscode-server/extensions/eamodio.gitlens-14.3.0/dist/gitlens.js:1:685881
	at Array.forEach (<anonymous>)
	at Object.dispose (/home/tphilly/.vscode-server/extensions/eamodio.gitlens-14.3.0/dist/gitlens.js:1:685866)
	at k (/home/tphilly/.vscode-server/bin/abd2f3db4bdb28f9e95536dfa84d8479f1eb312d/out/vs/workbench/api/node/extensionHostProcess.js:13:11730)
	at n.Z (/home/tphilly/.vscode-server/bin/abd2f3db4bdb28f9e95536dfa84d8479f1eb312d/out/vs/workbench/api/node/extensionHostProcess.js:119:9652)
	at /home/tphilly/.vscode-server/bin/abd2f3db4bdb28f9e95536dfa84d8479f1eb312d/out/vs/workbench/api/node/extensionHostProcess.js:119:7585
	at Array.map (<anonymous>)
	at n.S (/home/tphilly/.vscode-server/bin/abd2f3db4bdb28f9e95536dfa84d8479f1eb312d/out/vs/workbench/api/node/extensionHostProcess.js:119:7572)
	at n.terminate (/home/tphilly/.vscode-server/bin/abd2f3db4bdb28f9e95536dfa84d8479f1eb312d/out/vs/workbench/api/node/extensionHostProcess.js:119:7844)
	at o.terminate (/home/tphilly/.vscode-server/bin/abd2f3db4bdb28f9e95536dfa84d8479f1eb312d/out/vs/workbench/api/node/extensionHostProcess.js:123:1513)
	at D (/home/tphilly/.vscode-server/bin/abd2f3db4bdb28f9e95536dfa84d8479f1eb312d/out/vs/workbench/api/node/extensionHostProcess.js:136:9800)
	at n.value (/home/tphilly/.vscode-server/bin/abd2f3db4bdb28f9e95536dfa84d8479f1eb312d/out/vs/workbench/api/node/extensionHostProcess.js:136:7847)
	at m.w (/home/tphilly/.vscode-server/bin/abd2f3db4bdb28f9e95536dfa84d8479f1eb312d/out/vs/workbench/api/node/extensionHostProcess.js:63:1902)
	at m.fire (/home/tphilly/.vscode-server/bin/abd2f3db4bdb28f9e95536dfa84d8479f1eb312d/out/vs/workbench/api/node/extensionHostProcess.js:63:2119)
	at v.fire (/home/tphilly/.vscode-server/bin/abd2f3db4bdb28f9e95536dfa84d8479f1eb312d/out/vs/workbench/api/node/extensionHostProcess.js:79:13940)
	at s.z (/home/tphilly/.vscode-server/bin/abd2f3db4bdb28f9e95536dfa84d8479f1eb312d/out/vs/workbench/api/node/extensionHostProcess.js:79:17005)
	at n.value (/home/tphilly/.vscode-server/bin/abd2f3db4bdb28f9e95536dfa84d8479f1eb312d/out/vs/workbench/api/node/extensionHostProcess.js:79:15457)
	at m.w (/home/tphilly/.vscode-server/bin/abd2f3db4bdb28f9e95536dfa84d8479f1eb312d/out/vs/workbench/api/node/extensionHostProcess.js:63:1902)
	at m.fire (/home/tphilly/.vscode-server/bin/abd2f3db4bdb28f9e95536dfa84d8479f1eb312d/out/vs/workbench/api/node/extensionHostProcess.js:63:2119)
	at n.acceptChunk (/home/tphilly/.vscode-server/bin/abd2f3db4bdb28f9e95536dfa84d8479f1eb312d/out/vs/workbench/api/node/extensionHostProcess.js:79:11714)
	at n.value (/home/tphilly/.vscode-server/bin/abd2f3db4bdb28f9e95536dfa84d8479f1eb312d/out/vs/workbench/api/node/extensionHostProcess.js:79:11001)
	at m.w (/home/tphilly/.vscode-server/bin/abd2f3db4bdb28f9e95536dfa84d8479f1eb312d/out/vs/workbench/api/node/extensionHostProcess.js:63:1902)
	at m.fire (/home/tphilly/.vscode-server/bin/abd2f3db4bdb28f9e95536dfa84d8479f1eb312d/out/vs/workbench/api/node/extensionHostProcess.js:63:2119)
	at m.u (/home/tphilly/.vscode-server/bin/abd2f3db4bdb28f9e95536dfa84d8479f1eb312d/out/vs/workbench/api/node/extensionHostProcess.js:133:19093)
	at m.acceptFrame (/home/tphilly/.vscode-server/bin/abd2f3db4bdb28f9e95536dfa84d8479f1eb312d/out/vs/workbench/api/node/extensionHostProcess.js:133:18899)
	at a.l (/home/tphilly/.vscode-server/bin/abd2f3db4bdb28f9e95536dfa84d8479f1eb312d/out/vs/workbench/api/node/extensionHostProcess.js:133:17532)
	at /home/tphilly/.vscode-server/bin/abd2f3db4bdb28f9e95536dfa84d8479f1eb312d/out/vs/workbench/api/node/extensionHostProcess.js:133:14879
	at Socket.p (/home/tphilly/.vscode-server/bin/abd2f3db4bdb28f9e95536dfa84d8479f1eb312d/out/vs/workbench/api/node/extensionHostProcess.js:133:12793)
	at Socket.emit (node:events:513:28)
	at addChunk (node:internal/streams/readable:324:12)
	at readableAddChunk (node:internal/streams/readable:297:9)
	at Readable.push (node:internal/streams/readable:234:10)
	at TCP.onStreamRead (node:internal/stream_base_commons:190:23) setContext undefined
2023-10-05 12:03:37.346 [error] Canceled: Canceled
	at new h (/home/tphilly/.vscode-server/bin/abd2f3db4bdb28f9e95536dfa84d8479f1eb312d/out/vs/workbench/api/node/extensionHostProcess.js:108:57382)
	at i.O (/home/tphilly/.vscode-server/bin/abd2f3db4bdb28f9e95536dfa84d8479f1eb312d/out/vs/workbench/api/node/extensionHostProcess.js:117:10850)
	at j.<computed>.T.charCodeAt.j.<computed> (/home/tphilly/.vscode-server/bin/abd2f3db4bdb28f9e95536dfa84d8479f1eb312d/out/vs/workbench/api/node/extensionHostProcess.js:117:8289)
	at r.g (/home/tphilly/.vscode-server/bin/abd2f3db4bdb28f9e95536dfa84d8479f1eb312d/out/vs/workbench/api/node/extensionHostProcess.js:108:82208)
	at r.executeCommand (/home/tphilly/.vscode-server/bin/abd2f3db4bdb28f9e95536dfa84d8479f1eb312d/out/vs/workbench/api/node/extensionHostProcess.js:108:81646)
	at u.registerCommand.description (/home/tphilly/.vscode-server/bin/abd2f3db4bdb28f9e95536dfa84d8479f1eb312d/out/vs/workbench/api/node/extensionHostProcess.js:108:80967)
	at r.h (/home/tphilly/.vscode-server/bin/abd2f3db4bdb28f9e95536dfa84d8479f1eb312d/out/vs/workbench/api/node/extensionHostProcess.js:108:82744)
	at r.g (/home/tphilly/.vscode-server/bin/abd2f3db4bdb28f9e95536dfa84d8479f1eb312d/out/vs/workbench/api/node/extensionHostProcess.js:108:81739)
	at r.executeCommand (/home/tphilly/.vscode-server/bin/abd2f3db4bdb28f9e95536dfa84d8479f1eb312d/out/vs/workbench/api/node/extensionHostProcess.js:108:81646)
	at Object.executeCommand (/home/tphilly/.vscode-server/bin/abd2f3db4bdb28f9e95536dfa84d8479f1eb312d/out/vs/workbench/api/node/extensionHostProcess.js:123:21247)
	at w (/home/tphilly/.vscode-server/extensions/eamodio.gitlens-14.3.0/dist/gitlens.js:1:964665)
	at c (/home/tphilly/.vscode-server/extensions/eamodio.gitlens-14.3.0/dist/gitlens.js:1:969293)
	at ActionRunners._updateContextKeys (/home/tphilly/.vscode-server/extensions/eamodio.gitlens-14.3.0/dist/gitlens.js:1:38220)
	at s (/home/tphilly/.vscode-server/extensions/eamodio.gitlens-14.3.0/dist/gitlens.js:1:36639)
	at RegisteredActionRunner.unregister (/home/tphilly/.vscode-server/extensions/eamodio.gitlens-14.3.0/dist/gitlens.js:1:36783)
	at RegisteredActionRunner.dispose (/home/tphilly/.vscode-server/extensions/eamodio.gitlens-14.3.0/dist/gitlens.js:1:35446)
	at ActionRunners.dispose (/home/tphilly/.vscode-server/extensions/eamodio.gitlens-14.3.0/dist/gitlens.js:1:36225)
	at /home/tphilly/.vscode-server/extensions/eamodio.gitlens-14.3.0/dist/gitlens.js:1:685881
	at Array.forEach (<anonymous>)
	at Object.dispose (/home/tphilly/.vscode-server/extensions/eamodio.gitlens-14.3.0/dist/gitlens.js:1:685866)
	at k (/home/tphilly/.vscode-server/bin/abd2f3db4bdb28f9e95536dfa84d8479f1eb312d/out/vs/workbench/api/node/extensionHostProcess.js:13:11730)
	at n.Z (/home/tphilly/.vscode-server/bin/abd2f3db4bdb28f9e95536dfa84d8479f1eb312d/out/vs/workbench/api/node/extensionHostProcess.js:119:9652)
	at /home/tphilly/.vscode-server/bin/abd2f3db4bdb28f9e95536dfa84d8479f1eb312d/out/vs/workbench/api/node/extensionHostProcess.js:119:7585
	at Array.map (<anonymous>)
	at n.S (/home/tphilly/.vscode-server/bin/abd2f3db4bdb28f9e95536dfa84d8479f1eb312d/out/vs/workbench/api/node/extensionHostProcess.js:119:7572)
	at n.terminate (/home/tphilly/.vscode-server/bin/abd2f3db4bdb28f9e95536dfa84d8479f1eb312d/out/vs/workbench/api/node/extensionHostProcess.js:119:7844)
	at o.terminate (/home/tphilly/.vscode-server/bin/abd2f3db4bdb28f9e95536dfa84d8479f1eb312d/out/vs/workbench/api/node/extensionHostProcess.js:123:1513)
	at D (/home/tphilly/.vscode-server/bin/abd2f3db4bdb28f9e95536dfa84d8479f1eb312d/out/vs/workbench/api/node/extensionHostProcess.js:136:9800)
	at n.value (/home/tphilly/.vscode-server/bin/abd2f3db4bdb28f9e95536dfa84d8479f1eb312d/out/vs/workbench/api/node/extensionHostProcess.js:136:7847)
	at m.w (/home/tphilly/.vscode-server/bin/abd2f3db4bdb28f9e95536dfa84d8479f1eb312d/out/vs/workbench/api/node/extensionHostProcess.js:63:1902)
	at m.fire (/home/tphilly/.vscode-server/bin/abd2f3db4bdb28f9e95536dfa84d8479f1eb312d/out/vs/workbench/api/node/extensionHostProcess.js:63:2119)
	at v.fire (/home/tphilly/.vscode-server/bin/abd2f3db4bdb28f9e95536dfa84d8479f1eb312d/out/vs/workbench/api/node/extensionHostProcess.js:79:13940)
	at s.z (/home/tphilly/.vscode-server/bin/abd2f3db4bdb28f9e95536dfa84d8479f1eb312d/out/vs/workbench/api/node/extensionHostProcess.js:79:17005)
	at n.value (/home/tphilly/.vscode-server/bin/abd2f3db4bdb28f9e95536dfa84d8479f1eb312d/out/vs/workbench/api/node/extensionHostProcess.js:79:15457)
	at m.w (/home/tphilly/.vscode-server/bin/abd2f3db4bdb28f9e95536dfa84d8479f1eb312d/out/vs/workbench/api/node/extensionHostProcess.js:63:1902)
	at m.fire (/home/tphilly/.vscode-server/bin/abd2f3db4bdb28f9e95536dfa84d8479f1eb312d/out/vs/workbench/api/node/extensionHostProcess.js:63:2119)
	at n.acceptChunk (/home/tphilly/.vscode-server/bin/abd2f3db4bdb28f9e95536dfa84d8479f1eb312d/out/vs/workbench/api/node/extensionHostProcess.js:79:11714)
	at n.value (/home/tphilly/.vscode-server/bin/abd2f3db4bdb28f9e95536dfa84d8479f1eb312d/out/vs/workbench/api/node/extensionHostProcess.js:79:11001)
	at m.w (/home/tphilly/.vscode-server/bin/abd2f3db4bdb28f9e95536dfa84d8479f1eb312d/out/vs/workbench/api/node/extensionHostProcess.js:63:1902)
	at m.fire (/home/tphilly/.vscode-server/bin/abd2f3db4bdb28f9e95536dfa84d8479f1eb312d/out/vs/workbench/api/node/extensionHostProcess.js:63:2119)
	at m.u (/home/tphilly/.vscode-server/bin/abd2f3db4bdb28f9e95536dfa84d8479f1eb312d/out/vs/workbench/api/node/extensionHostProcess.js:133:19093)
	at m.acceptFrame (/home/tphilly/.vscode-server/bin/abd2f3db4bdb28f9e95536dfa84d8479f1eb312d/out/vs/workbench/api/node/extensionHostProcess.js:133:18899)
	at a.l (/home/tphilly/.vscode-server/bin/abd2f3db4bdb28f9e95536dfa84d8479f1eb312d/out/vs/workbench/api/node/extensionHostProcess.js:133:17532)
	at /home/tphilly/.vscode-server/bin/abd2f3db4bdb28f9e95536dfa84d8479f1eb312d/out/vs/workbench/api/node/extensionHostProcess.js:133:14879
	at Socket.p (/home/tphilly/.vscode-server/bin/abd2f3db4bdb28f9e95536dfa84d8479f1eb312d/out/vs/workbench/api/node/extensionHostProcess.js:133:12793)
	at Socket.emit (node:events:513:28)
	at addChunk (node:internal/streams/readable:324:12)
	at readableAddChunk (node:internal/streams/readable:297:9)
	at Readable.push (node:internal/streams/readable:234:10)
	at TCP.onStreamRead (node:internal/stream_base_commons:190:23) setContext undefined
2023-10-05 12:03:37.347 [error] Canceled: Canceled
	at new h (/home/tphilly/.vscode-server/bin/abd2f3db4bdb28f9e95536dfa84d8479f1eb312d/out/vs/workbench/api/node/extensionHostProcess.js:108:57382)
	at i.O (/home/tphilly/.vscode-server/bin/abd2f3db4bdb28f9e95536dfa84d8479f1eb312d/out/vs/workbench/api/node/extensionHostProcess.js:117:10850)
	at j.<computed>.T.charCodeAt.j.<computed> (/home/tphilly/.vscode-server/bin/abd2f3db4bdb28f9e95536dfa84d8479f1eb312d/out/vs/workbench/api/node/extensionHostProcess.js:117:8289)
	at r.g (/home/tphilly/.vscode-server/bin/abd2f3db4bdb28f9e95536dfa84d8479f1eb312d/out/vs/workbench/api/node/extensionHostProcess.js:108:82208)
	at r.executeCommand (/home/tphilly/.vscode-server/bin/abd2f3db4bdb28f9e95536dfa84d8479f1eb312d/out/vs/workbench/api/node/extensionHostProcess.js:108:81646)
	at u.registerCommand.description (/home/tphilly/.vscode-server/bin/abd2f3db4bdb28f9e95536dfa84d8479f1eb312d/out/vs/workbench/api/node/extensionHostProcess.js:108:80967)
	at r.h (/home/tphilly/.vscode-server/bin/abd2f3db4bdb28f9e95536dfa84d8479f1eb312d/out/vs/workbench/api/node/extensionHostProcess.js:108:82744)
	at r.g (/home/tphilly/.vscode-server/bin/abd2f3db4bdb28f9e95536dfa84d8479f1eb312d/out/vs/workbench/api/node/extensionHostProcess.js:108:81739)
	at r.executeCommand (/home/tphilly/.vscode-server/bin/abd2f3db4bdb28f9e95536dfa84d8479f1eb312d/out/vs/workbench/api/node/extensionHostProcess.js:108:81646)
	at Object.executeCommand (/home/tphilly/.vscode-server/bin/abd2f3db4bdb28f9e95536dfa84d8479f1eb312d/out/vs/workbench/api/node/extensionHostProcess.js:123:21247)
	at w (/home/tphilly/.vscode-server/extensions/eamodio.gitlens-14.3.0/dist/gitlens.js:1:964665)
	at c (/home/tphilly/.vscode-server/extensions/eamodio.gitlens-14.3.0/dist/gitlens.js:1:969293)
	at ActionRunners._updateContextKeys (/home/tphilly/.vscode-server/extensions/eamodio.gitlens-14.3.0/dist/gitlens.js:1:38220)
	at s (/home/tphilly/.vscode-server/extensions/eamodio.gitlens-14.3.0/dist/gitlens.js:1:36639)
	at RegisteredActionRunner.unregister (/home/tphilly/.vscode-server/extensions/eamodio.gitlens-14.3.0/dist/gitlens.js:1:36783)
	at RegisteredActionRunner.dispose (/home/tphilly/.vscode-server/extensions/eamodio.gitlens-14.3.0/dist/gitlens.js:1:35446)
	at Object.dispose (/home/tphilly/.vscode-server/extensions/eamodio.gitlens-14.3.0/dist/gitlens.js:1:36880)
	at k (/home/tphilly/.vscode-server/bin/abd2f3db4bdb28f9e95536dfa84d8479f1eb312d/out/vs/workbench/api/node/extensionHostProcess.js:13:11730)
	at n.Z (/home/tphilly/.vscode-server/bin/abd2f3db4bdb28f9e95536dfa84d8479f1eb312d/out/vs/workbench/api/node/extensionHostProcess.js:119:9652)
	at /home/tphilly/.vscode-server/bin/abd2f3db4bdb28f9e95536dfa84d8479f1eb312d/out/vs/workbench/api/node/extensionHostProcess.js:119:7585
	at Array.map (<anonymous>)
	at n.S (/home/tphilly/.vscode-server/bin/abd2f3db4bdb28f9e95536dfa84d8479f1eb312d/out/vs/workbench/api/node/extensionHostProcess.js:119:7572)
	at n.terminate (/home/tphilly/.vscode-server/bin/abd2f3db4bdb28f9e95536dfa84d8479f1eb312d/out/vs/workbench/api/node/extensionHostProcess.js:119:7844)
	at o.terminate (/home/tphilly/.vscode-server/bin/abd2f3db4bdb28f9e95536dfa84d8479f1eb312d/out/vs/workbench/api/node/extensionHostProcess.js:123:1513)
	at D (/home/tphilly/.vscode-server/bin/abd2f3db4bdb28f9e95536dfa84d8479f1eb312d/out/vs/workbench/api/node/extensionHostProcess.js:136:9800)
	at n.value (/home/tphilly/.vscode-server/bin/abd2f3db4bdb28f9e95536dfa84d8479f1eb312d/out/vs/workbench/api/node/extensionHostProcess.js:136:7847)
	at m.w (/home/tphilly/.vscode-server/bin/abd2f3db4bdb28f9e95536dfa84d8479f1eb312d/out/vs/workbench/api/node/extensionHostProcess.js:63:1902)
	at m.fire (/home/tphilly/.vscode-server/bin/abd2f3db4bdb28f9e95536dfa84d8479f1eb312d/out/vs/workbench/api/node/extensionHostProcess.js:63:2119)
	at v.fire (/home/tphilly/.vscode-server/bin/abd2f3db4bdb28f9e95536dfa84d8479f1eb312d/out/vs/workbench/api/node/extensionHostProcess.js:79:13940)
	at s.z (/home/tphilly/.vscode-server/bin/abd2f3db4bdb28f9e95536dfa84d8479f1eb312d/out/vs/workbench/api/node/extensionHostProcess.js:79:17005)
	at n.value (/home/tphilly/.vscode-server/bin/abd2f3db4bdb28f9e95536dfa84d8479f1eb312d/out/vs/workbench/api/node/extensionHostProcess.js:79:15457)
	at m.w (/home/tphilly/.vscode-server/bin/abd2f3db4bdb28f9e95536dfa84d8479f1eb312d/out/vs/workbench/api/node/extensionHostProcess.js:63:1902)
	at m.fire (/home/tphilly/.vscode-server/bin/abd2f3db4bdb28f9e95536dfa84d8479f1eb312d/out/vs/workbench/api/node/extensionHostProcess.js:63:2119)
	at n.acceptChunk (/home/tphilly/.vscode-server/bin/abd2f3db4bdb28f9e95536dfa84d8479f1eb312d/out/vs/workbench/api/node/extensionHostProcess.js:79:11714)
	at n.value (/home/tphilly/.vscode-server/bin/abd2f3db4bdb28f9e95536dfa84d8479f1eb312d/out/vs/workbench/api/node/extensionHostProcess.js:79:11001)
	at m.w (/home/tphilly/.vscode-server/bin/abd2f3db4bdb28f9e95536dfa84d8479f1eb312d/out/vs/workbench/api/node/extensionHostProcess.js:63:1902)
	at m.fire (/home/tphilly/.vscode-server/bin/abd2f3db4bdb28f9e95536dfa84d8479f1eb312d/out/vs/workbench/api/node/extensionHostProcess.js:63:2119)
	at m.u (/home/tphilly/.vscode-server/bin/abd2f3db4bdb28f9e95536dfa84d8479f1eb312d/out/vs/workbench/api/node/extensionHostProcess.js:133:19093)
	at m.acceptFrame (/home/tphilly/.vscode-server/bin/abd2f3db4bdb28f9e95536dfa84d8479f1eb312d/out/vs/workbench/api/node/extensionHostProcess.js:133:18899)
	at a.l (/home/tphilly/.vscode-server/bin/abd2f3db4bdb28f9e95536dfa84d8479f1eb312d/out/vs/workbench/api/node/extensionHostProcess.js:133:17532)
	at /home/tphilly/.vscode-server/bin/abd2f3db4bdb28f9e95536dfa84d8479f1eb312d/out/vs/workbench/api/node/extensionHostProcess.js:133:14879
	at Socket.p (/home/tphilly/.vscode-server/bin/abd2f3db4bdb28f9e95536dfa84d8479f1eb312d/out/vs/workbench/api/node/extensionHostProcess.js:133:12793)
	at Socket.emit (node:events:513:28)
	at addChunk (node:internal/streams/readable:324:12)
	at readableAddChunk (node:internal/streams/readable:297:9)
	at Readable.push (node:internal/streams/readable:234:10)
	at TCP.onStreamRead (node:internal/stream_base_commons:190:23) setContext undefined
2023-10-05 12:03:37.347 [error] Canceled: Canceled
	at new h (/home/tphilly/.vscode-server/bin/abd2f3db4bdb28f9e95536dfa84d8479f1eb312d/out/vs/workbench/api/node/extensionHostProcess.js:108:57382)
	at i.O (/home/tphilly/.vscode-server/bin/abd2f3db4bdb28f9e95536dfa84d8479f1eb312d/out/vs/workbench/api/node/extensionHostProcess.js:117:10850)
	at j.<computed>.T.charCodeAt.j.<computed> (/home/tphilly/.vscode-server/bin/abd2f3db4bdb28f9e95536dfa84d8479f1eb312d/out/vs/workbench/api/node/extensionHostProcess.js:117:8289)
	at r.g (/home/tphilly/.vscode-server/bin/abd2f3db4bdb28f9e95536dfa84d8479f1eb312d/out/vs/workbench/api/node/extensionHostProcess.js:108:82208)
	at r.executeCommand (/home/tphilly/.vscode-server/bin/abd2f3db4bdb28f9e95536dfa84d8479f1eb312d/out/vs/workbench/api/node/extensionHostProcess.js:108:81646)
	at u.registerCommand.description (/home/tphilly/.vscode-server/bin/abd2f3db4bdb28f9e95536dfa84d8479f1eb312d/out/vs/workbench/api/node/extensionHostProcess.js:108:80967)
	at r.h (/home/tphilly/.vscode-server/bin/abd2f3db4bdb28f9e95536dfa84d8479f1eb312d/out/vs/workbench/api/node/extensionHostProcess.js:108:82744)
	at r.g (/home/tphilly/.vscode-server/bin/abd2f3db4bdb28f9e95536dfa84d8479f1eb312d/out/vs/workbench/api/node/extensionHostProcess.js:108:81739)
	at r.executeCommand (/home/tphilly/.vscode-server/bin/abd2f3db4bdb28f9e95536dfa84d8479f1eb312d/out/vs/workbench/api/node/extensionHostProcess.js:108:81646)
	at Object.executeCommand (/home/tphilly/.vscode-server/bin/abd2f3db4bdb28f9e95536dfa84d8479f1eb312d/out/vs/workbench/api/node/extensionHostProcess.js:123:21247)
	at w (/home/tphilly/.vscode-server/extensions/eamodio.gitlens-14.3.0/dist/gitlens.js:1:964665)
	at c (/home/tphilly/.vscode-server/extensions/eamodio.gitlens-14.3.0/dist/gitlens.js:1:969293)
	at ActionRunners._updateContextKeys (/home/tphilly/.vscode-server/extensions/eamodio.gitlens-14.3.0/dist/gitlens.js:1:38220)
	at s (/home/tphilly/.vscode-server/extensions/eamodio.gitlens-14.3.0/dist/gitlens.js:1:36639)
	at RegisteredActionRunner.unregister (/home/tphilly/.vscode-server/extensions/eamodio.gitlens-14.3.0/dist/gitlens.js:1:36783)
	at RegisteredActionRunner.dispose (/home/tphilly/.vscode-server/extensions/eamodio.gitlens-14.3.0/dist/gitlens.js:1:35446)
	at Object.dispose (/home/tphilly/.vscode-server/extensions/eamodio.gitlens-14.3.0/dist/gitlens.js:1:36880)
	at k (/home/tphilly/.vscode-server/bin/abd2f3db4bdb28f9e95536dfa84d8479f1eb312d/out/vs/workbench/api/node/extensionHostProcess.js:13:11730)
	at n.Z (/home/tphilly/.vscode-server/bin/abd2f3db4bdb28f9e95536dfa84d8479f1eb312d/out/vs/workbench/api/node/extensionHostProcess.js:119:9652)
	at /home/tphilly/.vscode-server/bin/abd2f3db4bdb28f9e95536dfa84d8479f1eb312d/out/vs/workbench/api/node/extensionHostProcess.js:119:7585
	at Array.map (<anonymous>)
	at n.S (/home/tphilly/.vscode-server/bin/abd2f3db4bdb28f9e95536dfa84d8479f1eb312d/out/vs/workbench/api/node/extensionHostProcess.js:119:7572)
	at n.terminate (/home/tphilly/.vscode-server/bin/abd2f3db4bdb28f9e95536dfa84d8479f1eb312d/out/vs/workbench/api/node/extensionHostProcess.js:119:7844)
	at o.terminate (/home/tphilly/.vscode-server/bin/abd2f3db4bdb28f9e95536dfa84d8479f1eb312d/out/vs/workbench/api/node/extensionHostProcess.js:123:1513)
	at D (/home/tphilly/.vscode-server/bin/abd2f3db4bdb28f9e95536dfa84d8479f1eb312d/out/vs/workbench/api/node/extensionHostProcess.js:136:9800)
	at n.value (/home/tphilly/.vscode-server/bin/abd2f3db4bdb28f9e95536dfa84d8479f1eb312d/out/vs/workbench/api/node/extensionHostProcess.js:136:7847)
	at m.w (/home/tphilly/.vscode-server/bin/abd2f3db4bdb28f9e95536dfa84d8479f1eb312d/out/vs/workbench/api/node/extensionHostProcess.js:63:1902)
	at m.fire (/home/tphilly/.vscode-server/bin/abd2f3db4bdb28f9e95536dfa84d8479f1eb312d/out/vs/workbench/api/node/extensionHostProcess.js:63:2119)
	at v.fire (/home/tphilly/.vscode-server/bin/abd2f3db4bdb28f9e95536dfa84d8479f1eb312d/out/vs/workbench/api/node/extensionHostProcess.js:79:13940)
	at s.z (/home/tphilly/.vscode-server/bin/abd2f3db4bdb28f9e95536dfa84d8479f1eb312d/out/vs/workbench/api/node/extensionHostProcess.js:79:17005)
	at n.value (/home/tphilly/.vscode-server/bin/abd2f3db4bdb28f9e95536dfa84d8479f1eb312d/out/vs/workbench/api/node/extensionHostProcess.js:79:15457)
	at m.w (/home/tphilly/.vscode-server/bin/abd2f3db4bdb28f9e95536dfa84d8479f1eb312d/out/vs/workbench/api/node/extensionHostProcess.js:63:1902)
	at m.fire (/home/tphilly/.vscode-server/bin/abd2f3db4bdb28f9e95536dfa84d8479f1eb312d/out/vs/workbench/api/node/extensionHostProcess.js:63:2119)
	at n.acceptChunk (/home/tphilly/.vscode-server/bin/abd2f3db4bdb28f9e95536dfa84d8479f1eb312d/out/vs/workbench/api/node/extensionHostProcess.js:79:11714)
	at n.value (/home/tphilly/.vscode-server/bin/abd2f3db4bdb28f9e95536dfa84d8479f1eb312d/out/vs/workbench/api/node/extensionHostProcess.js:79:11001)
	at m.w (/home/tphilly/.vscode-server/bin/abd2f3db4bdb28f9e95536dfa84d8479f1eb312d/out/vs/workbench/api/node/extensionHostProcess.js:63:1902)
	at m.fire (/home/tphilly/.vscode-server/bin/abd2f3db4bdb28f9e95536dfa84d8479f1eb312d/out/vs/workbench/api/node/extensionHostProcess.js:63:2119)
	at m.u (/home/tphilly/.vscode-server/bin/abd2f3db4bdb28f9e95536dfa84d8479f1eb312d/out/vs/workbench/api/node/extensionHostProcess.js:133:19093)
	at m.acceptFrame (/home/tphilly/.vscode-server/bin/abd2f3db4bdb28f9e95536dfa84d8479f1eb312d/out/vs/workbench/api/node/extensionHostProcess.js:133:18899)
	at a.l (/home/tphilly/.vscode-server/bin/abd2f3db4bdb28f9e95536dfa84d8479f1eb312d/out/vs/workbench/api/node/extensionHostProcess.js:133:17532)
	at /home/tphilly/.vscode-server/bin/abd2f3db4bdb28f9e95536dfa84d8479f1eb312d/out/vs/workbench/api/node/extensionHostProcess.js:133:14879
	at Socket.p (/home/tphilly/.vscode-server/bin/abd2f3db4bdb28f9e95536dfa84d8479f1eb312d/out/vs/workbench/api/node/extensionHostProcess.js:133:12793)
	at Socket.emit (node:events:513:28)
	at addChunk (node:internal/streams/readable:324:12)
	at readableAddChunk (node:internal/streams/readable:297:9)
	at Readable.push (node:internal/streams/readable:234:10)
	at TCP.onStreamRead (node:internal/stream_base_commons:190:23) setContext undefined
2023-10-05 12:03:37.348 [error] Canceled: Canceled
	at new h (/home/tphilly/.vscode-server/bin/abd2f3db4bdb28f9e95536dfa84d8479f1eb312d/out/vs/workbench/api/node/extensionHostProcess.js:108:57382)
	at i.O (/home/tphilly/.vscode-server/bin/abd2f3db4bdb28f9e95536dfa84d8479f1eb312d/out/vs/workbench/api/node/extensionHostProcess.js:117:10850)
	at j.<computed>.T.charCodeAt.j.<computed> (/home/tphilly/.vscode-server/bin/abd2f3db4bdb28f9e95536dfa84d8479f1eb312d/out/vs/workbench/api/node/extensionHostProcess.js:117:8289)
	at r.g (/home/tphilly/.vscode-server/bin/abd2f3db4bdb28f9e95536dfa84d8479f1eb312d/out/vs/workbench/api/node/extensionHostProcess.js:108:82208)
	at r.executeCommand (/home/tphilly/.vscode-server/bin/abd2f3db4bdb28f9e95536dfa84d8479f1eb312d/out/vs/workbench/api/node/extensionHostProcess.js:108:81646)
	at u.registerCommand.description (/home/tphilly/.vscode-server/bin/abd2f3db4bdb28f9e95536dfa84d8479f1eb312d/out/vs/workbench/api/node/extensionHostProcess.js:108:80967)
	at r.h (/home/tphilly/.vscode-server/bin/abd2f3db4bdb28f9e95536dfa84d8479f1eb312d/out/vs/workbench/api/node/extensionHostProcess.js:108:82744)
	at r.g (/home/tphilly/.vscode-server/bin/abd2f3db4bdb28f9e95536dfa84d8479f1eb312d/out/vs/workbench/api/node/extensionHostProcess.js:108:81739)
	at r.executeCommand (/home/tphilly/.vscode-server/bin/abd2f3db4bdb28f9e95536dfa84d8479f1eb312d/out/vs/workbench/api/node/extensionHostProcess.js:108:81646)
	at Object.executeCommand (/home/tphilly/.vscode-server/bin/abd2f3db4bdb28f9e95536dfa84d8479f1eb312d/out/vs/workbench/api/node/extensionHostProcess.js:123:21247)
	at w (/home/tphilly/.vscode-server/extensions/eamodio.gitlens-14.3.0/dist/gitlens.js:1:964665)
	at c (/home/tphilly/.vscode-server/extensions/eamodio.gitlens-14.3.0/dist/gitlens.js:1:969293)
	at ActionRunners._updateContextKeys (/home/tphilly/.vscode-server/extensions/eamodio.gitlens-14.3.0/dist/gitlens.js:1:38220)
	at s (/home/tphilly/.vscode-server/extensions/eamodio.gitlens-14.3.0/dist/gitlens.js:1:36639)
	at RegisteredActionRunner.unregister (/home/tphilly/.vscode-server/extensions/eamodio.gitlens-14.3.0/dist/gitlens.js:1:36783)
	at RegisteredActionRunner.dispose (/home/tphilly/.vscode-server/extensions/eamodio.gitlens-14.3.0/dist/gitlens.js:1:35446)
	at Object.dispose (/home/tphilly/.vscode-server/extensions/eamodio.gitlens-14.3.0/dist/gitlens.js:1:36880)
	at k (/home/tphilly/.vscode-server/bin/abd2f3db4bdb28f9e95536dfa84d8479f1eb312d/out/vs/workbench/api/node/extensionHostProcess.js:13:11730)
	at n.Z (/home/tphilly/.vscode-server/bin/abd2f3db4bdb28f9e95536dfa84d8479f1eb312d/out/vs/workbench/api/node/extensionHostProcess.js:119:9652)
	at /home/tphilly/.vscode-server/bin/abd2f3db4bdb28f9e95536dfa84d8479f1eb312d/out/vs/workbench/api/node/extensionHostProcess.js:119:7585
	at Array.map (<anonymous>)
	at n.S (/home/tphilly/.vscode-server/bin/abd2f3db4bdb28f9e95536dfa84d8479f1eb312d/out/vs/workbench/api/node/extensionHostProcess.js:119:7572)
	at n.terminate (/home/tphilly/.vscode-server/bin/abd2f3db4bdb28f9e95536dfa84d8479f1eb312d/out/vs/workbench/api/node/extensionHostProcess.js:119:7844)
	at o.terminate (/home/tphilly/.vscode-server/bin/abd2f3db4bdb28f9e95536dfa84d8479f1eb312d/out/vs/workbench/api/node/extensionHostProcess.js:123:1513)
	at D (/home/tphilly/.vscode-server/bin/abd2f3db4bdb28f9e95536dfa84d8479f1eb312d/out/vs/workbench/api/node/extensionHostProcess.js:136:9800)
	at n.value (/home/tphilly/.vscode-server/bin/abd2f3db4bdb28f9e95536dfa84d8479f1eb312d/out/vs/workbench/api/node/extensionHostProcess.js:136:7847)
	at m.w (/home/tphilly/.vscode-server/bin/abd2f3db4bdb28f9e95536dfa84d8479f1eb312d/out/vs/workbench/api/node/extensionHostProcess.js:63:1902)
	at m.fire (/home/tphilly/.vscode-server/bin/abd2f3db4bdb28f9e95536dfa84d8479f1eb312d/out/vs/workbench/api/node/extensionHostProcess.js:63:2119)
	at v.fire (/home/tphilly/.vscode-server/bin/abd2f3db4bdb28f9e95536dfa84d8479f1eb312d/out/vs/workbench/api/node/extensionHostProcess.js:79:13940)
	at s.z (/home/tphilly/.vscode-server/bin/abd2f3db4bdb28f9e95536dfa84d8479f1eb312d/out/vs/workbench/api/node/extensionHostProcess.js:79:17005)
	at n.value (/home/tphilly/.vscode-server/bin/abd2f3db4bdb28f9e95536dfa84d8479f1eb312d/out/vs/workbench/api/node/extensionHostProcess.js:79:15457)
	at m.w (/home/tphilly/.vscode-server/bin/abd2f3db4bdb28f9e95536dfa84d8479f1eb312d/out/vs/workbench/api/node/extensionHostProcess.js:63:1902)
	at m.fire (/home/tphilly/.vscode-server/bin/abd2f3db4bdb28f9e95536dfa84d8479f1eb312d/out/vs/workbench/api/node/extensionHostProcess.js:63:2119)
	at n.acceptChunk (/home/tphilly/.vscode-server/bin/abd2f3db4bdb28f9e95536dfa84d8479f1eb312d/out/vs/workbench/api/node/extensionHostProcess.js:79:11714)
	at n.value (/home/tphilly/.vscode-server/bin/abd2f3db4bdb28f9e95536dfa84d8479f1eb312d/out/vs/workbench/api/node/extensionHostProcess.js:79:11001)
	at m.w (/home/tphilly/.vscode-server/bin/abd2f3db4bdb28f9e95536dfa84d8479f1eb312d/out/vs/workbench/api/node/extensionHostProcess.js:63:1902)
	at m.fire (/home/tphilly/.vscode-server/bin/abd2f3db4bdb28f9e95536dfa84d8479f1eb312d/out/vs/workbench/api/node/extensionHostProcess.js:63:2119)
	at m.u (/home/tphilly/.vscode-server/bin/abd2f3db4bdb28f9e95536dfa84d8479f1eb312d/out/vs/workbench/api/node/extensionHostProcess.js:133:19093)
	at m.acceptFrame (/home/tphilly/.vscode-server/bin/abd2f3db4bdb28f9e95536dfa84d8479f1eb312d/out/vs/workbench/api/node/extensionHostProcess.js:133:18899)
	at a.l (/home/tphilly/.vscode-server/bin/abd2f3db4bdb28f9e95536dfa84d8479f1eb312d/out/vs/workbench/api/node/extensionHostProcess.js:133:17532)
	at /home/tphilly/.vscode-server/bin/abd2f3db4bdb28f9e95536dfa84d8479f1eb312d/out/vs/workbench/api/node/extensionHostProcess.js:133:14879
	at Socket.p (/home/tphilly/.vscode-server/bin/abd2f3db4bdb28f9e95536dfa84d8479f1eb312d/out/vs/workbench/api/node/extensionHostProcess.js:133:12793)
	at Socket.emit (node:events:513:28)
	at addChunk (node:internal/streams/readable:324:12)
	at readableAddChunk (node:internal/streams/readable:297:9)
	at Readable.push (node:internal/streams/readable:234:10)
	at TCP.onStreamRead (node:internal/stream_base_commons:190:23) setContext undefined
2023-10-05 12:03:37.348 [error] Canceled: Canceled
	at new h (/home/tphilly/.vscode-server/bin/abd2f3db4bdb28f9e95536dfa84d8479f1eb312d/out/vs/workbench/api/node/extensionHostProcess.js:108:57382)
	at i.O (/home/tphilly/.vscode-server/bin/abd2f3db4bdb28f9e95536dfa84d8479f1eb312d/out/vs/workbench/api/node/extensionHostProcess.js:117:10850)
	at j.<computed>.T.charCodeAt.j.<computed> (/home/tphilly/.vscode-server/bin/abd2f3db4bdb28f9e95536dfa84d8479f1eb312d/out/vs/workbench/api/node/extensionHostProcess.js:117:8289)
	at r.g (/home/tphilly/.vscode-server/bin/abd2f3db4bdb28f9e95536dfa84d8479f1eb312d/out/vs/workbench/api/node/extensionHostProcess.js:108:82208)
	at r.executeCommand (/home/tphilly/.vscode-server/bin/abd2f3db4bdb28f9e95536dfa84d8479f1eb312d/out/vs/workbench/api/node/extensionHostProcess.js:108:81646)
	at u.registerCommand.description (/home/tphilly/.vscode-server/bin/abd2f3db4bdb28f9e95536dfa84d8479f1eb312d/out/vs/workbench/api/node/extensionHostProcess.js:108:80967)
	at r.h (/home/tphilly/.vscode-server/bin/abd2f3db4bdb28f9e95536dfa84d8479f1eb312d/out/vs/workbench/api/node/extensionHostProcess.js:108:82744)
	at r.g (/home/tphilly/.vscode-server/bin/abd2f3db4bdb28f9e95536dfa84d8479f1eb312d/out/vs/workbench/api/node/extensionHostProcess.js:108:81739)
	at r.executeCommand (/home/tphilly/.vscode-server/bin/abd2f3db4bdb28f9e95536dfa84d8479f1eb312d/out/vs/workbench/api/node/extensionHostProcess.js:108:81646)
	at Object.executeCommand (/home/tphilly/.vscode-server/bin/abd2f3db4bdb28f9e95536dfa84d8479f1eb312d/out/vs/workbench/api/node/extensionHostProcess.js:123:21247)
	at e0.reset (/home/tphilly/.vscode-server/extensions/github.vscode-pull-request-github-0.72.0/dist/extension.js:1805:3944)
	at e0.dispose (/home/tphilly/.vscode-server/extensions/github.vscode-pull-request-github-0.72.0/dist/extension.js:1805:4183)
	at k (/home/tphilly/.vscode-server/bin/abd2f3db4bdb28f9e95536dfa84d8479f1eb312d/out/vs/workbench/api/node/extensionHostProcess.js:13:11730)
	at n.Z (/home/tphilly/.vscode-server/bin/abd2f3db4bdb28f9e95536dfa84d8479f1eb312d/out/vs/workbench/api/node/extensionHostProcess.js:119:9652)
	at /home/tphilly/.vscode-server/bin/abd2f3db4bdb28f9e95536dfa84d8479f1eb312d/out/vs/workbench/api/node/extensionHostProcess.js:119:7585
	at Array.map (<anonymous>)
	at n.S (/home/tphilly/.vscode-server/bin/abd2f3db4bdb28f9e95536dfa84d8479f1eb312d/out/vs/workbench/api/node/extensionHostProcess.js:119:7572)
	at n.terminate (/home/tphilly/.vscode-server/bin/abd2f3db4bdb28f9e95536dfa84d8479f1eb312d/out/vs/workbench/api/node/extensionHostProcess.js:119:7844)
	at o.terminate (/home/tphilly/.vscode-server/bin/abd2f3db4bdb28f9e95536dfa84d8479f1eb312d/out/vs/workbench/api/node/extensionHostProcess.js:123:1513)
	at D (/home/tphilly/.vscode-server/bin/abd2f3db4bdb28f9e95536dfa84d8479f1eb312d/out/vs/workbench/api/node/extensionHostProcess.js:136:9800)
	at n.value (/home/tphilly/.vscode-server/bin/abd2f3db4bdb28f9e95536dfa84d8479f1eb312d/out/vs/workbench/api/node/extensionHostProcess.js:136:7847)
	at m.w (/home/tphilly/.vscode-server/bin/abd2f3db4bdb28f9e95536dfa84d8479f1eb312d/out/vs/workbench/api/node/extensionHostProcess.js:63:1902)
	at m.fire (/home/tphilly/.vscode-server/bin/abd2f3db4bdb28f9e95536dfa84d8479f1eb312d/out/vs/workbench/api/node/extensionHostProcess.js:63:2119)
	at v.fire (/home/tphilly/.vscode-server/bin/abd2f3db4bdb28f9e95536dfa84d8479f1eb312d/out/vs/workbench/api/node/extensionHostProcess.js:79:13940)
	at s.z (/home/tphilly/.vscode-server/bin/abd2f3db4bdb28f9e95536dfa84d8479f1eb312d/out/vs/workbench/api/node/extensionHostProcess.js:79:17005)
	at n.value (/home/tphilly/.vscode-server/bin/abd2f3db4bdb28f9e95536dfa84d8479f1eb312d/out/vs/workbench/api/node/extensionHostProcess.js:79:15457)
	at m.w (/home/tphilly/.vscode-server/bin/abd2f3db4bdb28f9e95536dfa84d8479f1eb312d/out/vs/workbench/api/node/extensionHostProcess.js:63:1902)
	at m.fire (/home/tphilly/.vscode-server/bin/abd2f3db4bdb28f9e95536dfa84d8479f1eb312d/out/vs/workbench/api/node/extensionHostProcess.js:63:2119)
	at n.acceptChunk (/home/tphilly/.vscode-server/bin/abd2f3db4bdb28f9e95536dfa84d8479f1eb312d/out/vs/workbench/api/node/extensionHostProcess.js:79:11714)
	at n.value (/home/tphilly/.vscode-server/bin/abd2f3db4bdb28f9e95536dfa84d8479f1eb312d/out/vs/workbench/api/node/extensionHostProcess.js:79:11001)
	at m.w (/home/tphilly/.vscode-server/bin/abd2f3db4bdb28f9e95536dfa84d8479f1eb312d/out/vs/workbench/api/node/extensionHostProcess.js:63:1902)
	at m.fire (/home/tphilly/.vscode-server/bin/abd2f3db4bdb28f9e95536dfa84d8479f1eb312d/out/vs/workbench/api/node/extensionHostProcess.js:63:2119)
	at m.u (/home/tphilly/.vscode-server/bin/abd2f3db4bdb28f9e95536dfa84d8479f1eb312d/out/vs/workbench/api/node/extensionHostProcess.js:133:19093)
	at m.acceptFrame (/home/tphilly/.vscode-server/bin/abd2f3db4bdb28f9e95536dfa84d8479f1eb312d/out/vs/workbench/api/node/extensionHostProcess.js:133:18899)
	at a.l (/home/tphilly/.vscode-server/bin/abd2f3db4bdb28f9e95536dfa84d8479f1eb312d/out/vs/workbench/api/node/extensionHostProcess.js:133:17532)
	at /home/tphilly/.vscode-server/bin/abd2f3db4bdb28f9e95536dfa84d8479f1eb312d/out/vs/workbench/api/node/extensionHostProcess.js:133:14879
	at Socket.p (/home/tphilly/.vscode-server/bin/abd2f3db4bdb28f9e95536dfa84d8479f1eb312d/out/vs/workbench/api/node/extensionHostProcess.js:133:12793)
	at Socket.emit (node:events:513:28)
	at addChunk (node:internal/streams/readable:324:12)
	at readableAddChunk (node:internal/streams/readable:297:9)
	at Readable.push (node:internal/streams/readable:234:10)
	at TCP.onStreamRead (node:internal/stream_base_commons:190:23) setContext undefined
2023-10-05 12:03:37.349 [error] Canceled: Canceled
	at new h (/home/tphilly/.vscode-server/bin/abd2f3db4bdb28f9e95536dfa84d8479f1eb312d/out/vs/workbench/api/node/extensionHostProcess.js:108:57382)
	at i.O (/home/tphilly/.vscode-server/bin/abd2f3db4bdb28f9e95536dfa84d8479f1eb312d/out/vs/workbench/api/node/extensionHostProcess.js:117:10850)
	at j.<computed>.T.charCodeAt.j.<computed> (/home/tphilly/.vscode-server/bin/abd2f3db4bdb28f9e95536dfa84d8479f1eb312d/out/vs/workbench/api/node/extensionHostProcess.js:117:8289)
	at r.g (/home/tphilly/.vscode-server/bin/abd2f3db4bdb28f9e95536dfa84d8479f1eb312d/out/vs/workbench/api/node/extensionHostProcess.js:108:82208)
	at r.executeCommand (/home/tphilly/.vscode-server/bin/abd2f3db4bdb28f9e95536dfa84d8479f1eb312d/out/vs/workbench/api/node/extensionHostProcess.js:108:81646)
	at u.registerCommand.description (/home/tphilly/.vscode-server/bin/abd2f3db4bdb28f9e95536dfa84d8479f1eb312d/out/vs/workbench/api/node/extensionHostProcess.js:108:80967)
	at r.h (/home/tphilly/.vscode-server/bin/abd2f3db4bdb28f9e95536dfa84d8479f1eb312d/out/vs/workbench/api/node/extensionHostProcess.js:108:82744)
	at r.g (/home/tphilly/.vscode-server/bin/abd2f3db4bdb28f9e95536dfa84d8479f1eb312d/out/vs/workbench/api/node/extensionHostProcess.js:108:81739)
	at r.executeCommand (/home/tphilly/.vscode-server/bin/abd2f3db4bdb28f9e95536dfa84d8479f1eb312d/out/vs/workbench/api/node/extensionHostProcess.js:108:81646)
	at Object.executeCommand (/home/tphilly/.vscode-server/bin/abd2f3db4bdb28f9e95536dfa84d8479f1eb312d/out/vs/workbench/api/node/extensionHostProcess.js:123:21247)
	at w (/home/tphilly/.vscode-server/extensions/eamodio.gitlens-14.3.0/dist/gitlens.js:1:964665)
	at c (/home/tphilly/.vscode-server/extensions/eamodio.gitlens-14.3.0/dist/gitlens.js:1:969293)
	at ActionRunners._updateContextKeys (/home/tphilly/.vscode-server/extensions/eamodio.gitlens-14.3.0/dist/gitlens.js:1:38220)
	at s (/home/tphilly/.vscode-server/extensions/eamodio.gitlens-14.3.0/dist/gitlens.js:1:36639)
	at RegisteredActionRunner.unregister (/home/tphilly/.vscode-server/extensions/eamodio.gitlens-14.3.0/dist/gitlens.js:1:36783)
	at RegisteredActionRunner.dispose (/home/tphilly/.vscode-server/extensions/eamodio.gitlens-14.3.0/dist/gitlens.js:1:35446)
	at Object.dispose (/home/tphilly/.vscode-server/extensions/eamodio.gitlens-14.3.0/dist/gitlens.js:1:36880)
	at E.<anonymous> (/home/tphilly/.vscode-server/bin/abd2f3db4bdb28f9e95536dfa84d8479f1eb312d/out/vs/workbench/api/node/extensionHostProcess.js:104:3484)
	at E.dispose (/home/tphilly/.vscode-server/bin/abd2f3db4bdb28f9e95536dfa84d8479f1eb312d/out/vs/workbench/api/node/extensionHostProcess.js:104:3581)
	at gg.dispose (/home/tphilly/.vscode-server/extensions/github.vscode-pull-request-github-0.72.0/dist/extension.js:1772:35985)
	at k (/home/tphilly/.vscode-server/bin/abd2f3db4bdb28f9e95536dfa84d8479f1eb312d/out/vs/workbench/api/node/extensionHostProcess.js:13:11730)
	at n.Z (/home/tphilly/.vscode-server/bin/abd2f3db4bdb28f9e95536dfa84d8479f1eb312d/out/vs/workbench/api/node/extensionHostProcess.js:119:9652)
	at /home/tphilly/.vscode-server/bin/abd2f3db4bdb28f9e95536dfa84d8479f1eb312d/out/vs/workbench/api/node/extensionHostProcess.js:119:7585
	at Array.map (<anonymous>)
	at n.S (/home/tphilly/.vscode-server/bin/abd2f3db4bdb28f9e95536dfa84d8479f1eb312d/out/vs/workbench/api/node/extensionHostProcess.js:119:7572)
	at n.terminate (/home/tphilly/.vscode-server/bin/abd2f3db4bdb28f9e95536dfa84d8479f1eb312d/out/vs/workbench/api/node/extensionHostProcess.js:119:7844)
	at o.terminate (/home/tphilly/.vscode-server/bin/abd2f3db4bdb28f9e95536dfa84d8479f1eb312d/out/vs/workbench/api/node/extensionHostProcess.js:123:1513)
	at D (/home/tphilly/.vscode-server/bin/abd2f3db4bdb28f9e95536dfa84d8479f1eb312d/out/vs/workbench/api/node/extensionHostProcess.js:136:9800)
	at n.value (/home/tphilly/.vscode-server/bin/abd2f3db4bdb28f9e95536dfa84d8479f1eb312d/out/vs/workbench/api/node/extensionHostProcess.js:136:7847)
	at m.w (/home/tphilly/.vscode-server/bin/abd2f3db4bdb28f9e95536dfa84d8479f1eb312d/out/vs/workbench/api/node/extensionHostProcess.js:63:1902)
	at m.fire (/home/tphilly/.vscode-server/bin/abd2f3db4bdb28f9e95536dfa84d8479f1eb312d/out/vs/workbench/api/node/extensionHostProcess.js:63:2119)
	at v.fire (/home/tphilly/.vscode-server/bin/abd2f3db4bdb28f9e95536dfa84d8479f1eb312d/out/vs/workbench/api/node/extensionHostProcess.js:79:13940)
	at s.z (/home/tphilly/.vscode-server/bin/abd2f3db4bdb28f9e95536dfa84d8479f1eb312d/out/vs/workbench/api/node/extensionHostProcess.js:79:17005)
	at n.value (/home/tphilly/.vscode-server/bin/abd2f3db4bdb28f9e95536dfa84d8479f1eb312d/out/vs/workbench/api/node/extensionHostProcess.js:79:15457)
	at m.w (/home/tphilly/.vscode-server/bin/abd2f3db4bdb28f9e95536dfa84d8479f1eb312d/out/vs/workbench/api/node/extensionHostProcess.js:63:1902)
	at m.fire (/home/tphilly/.vscode-server/bin/abd2f3db4bdb28f9e95536dfa84d8479f1eb312d/out/vs/workbench/api/node/extensionHostProcess.js:63:2119)
	at n.acceptChunk (/home/tphilly/.vscode-server/bin/abd2f3db4bdb28f9e95536dfa84d8479f1eb312d/out/vs/workbench/api/node/extensionHostProcess.js:79:11714)
	at n.value (/home/tphilly/.vscode-server/bin/abd2f3db4bdb28f9e95536dfa84d8479f1eb312d/out/vs/workbench/api/node/extensionHostProcess.js:79:11001)
	at m.w (/home/tphilly/.vscode-server/bin/abd2f3db4bdb28f9e95536dfa84d8479f1eb312d/out/vs/workbench/api/node/extensionHostProcess.js:63:1902)
	at m.fire (/home/tphilly/.vscode-server/bin/abd2f3db4bdb28f9e95536dfa84d8479f1eb312d/out/vs/workbench/api/node/extensionHostProcess.js:63:2119)
	at m.u (/home/tphilly/.vscode-server/bin/abd2f3db4bdb28f9e95536dfa84d8479f1eb312d/out/vs/workbench/api/node/extensionHostProcess.js:133:19093)
	at m.acceptFrame (/home/tphilly/.vscode-server/bin/abd2f3db4bdb28f9e95536dfa84d8479f1eb312d/out/vs/workbench/api/node/extensionHostProcess.js:133:18899)
	at a.l (/home/tphilly/.vscode-server/bin/abd2f3db4bdb28f9e95536dfa84d8479f1eb312d/out/vs/workbench/api/node/extensionHostProcess.js:133:17532)
	at /home/tphilly/.vscode-server/bin/abd2f3db4bdb28f9e95536dfa84d8479f1eb312d/out/vs/workbench/api/node/extensionHostProcess.js:133:14879
	at Socket.p (/home/tphilly/.vscode-server/bin/abd2f3db4bdb28f9e95536dfa84d8479f1eb312d/out/vs/workbench/api/node/extensionHostProcess.js:133:12793)
	at Socket.emit (node:events:513:28)
	at addChunk (node:internal/streams/readable:324:12)
	at readableAddChunk (node:internal/streams/readable:297:9)
	at Readable.push (node:internal/streams/readable:234:10)
	at TCP.onStreamRead (node:internal/stream_base_commons:190:23) setContext undefined
2023-10-05 12:03:37.352 [error] Canceled: Canceled
	at new h (/home/tphilly/.vscode-server/bin/abd2f3db4bdb28f9e95536dfa84d8479f1eb312d/out/vs/workbench/api/node/extensionHostProcess.js:108:57382)
	at i.O (/home/tphilly/.vscode-server/bin/abd2f3db4bdb28f9e95536dfa84d8479f1eb312d/out/vs/workbench/api/node/extensionHostProcess.js:117:10850)
	at j.<computed>.T.charCodeAt.j.<computed> (/home/tphilly/.vscode-server/bin/abd2f3db4bdb28f9e95536dfa84d8479f1eb312d/out/vs/workbench/api/node/extensionHostProcess.js:117:8289)
	at r.g (/home/tphilly/.vscode-server/bin/abd2f3db4bdb28f9e95536dfa84d8479f1eb312d/out/vs/workbench/api/node/extensionHostProcess.js:108:82208)
	at r.executeCommand (/home/tphilly/.vscode-server/bin/abd2f3db4bdb28f9e95536dfa84d8479f1eb312d/out/vs/workbench/api/node/extensionHostProcess.js:108:81646)
	at u.registerCommand.description (/home/tphilly/.vscode-server/bin/abd2f3db4bdb28f9e95536dfa84d8479f1eb312d/out/vs/workbench/api/node/extensionHostProcess.js:108:80967)
	at r.h (/home/tphilly/.vscode-server/bin/abd2f3db4bdb28f9e95536dfa84d8479f1eb312d/out/vs/workbench/api/node/extensionHostProcess.js:108:82744)
	at r.g (/home/tphilly/.vscode-server/bin/abd2f3db4bdb28f9e95536dfa84d8479f1eb312d/out/vs/workbench/api/node/extensionHostProcess.js:108:81739)
	at r.executeCommand (/home/tphilly/.vscode-server/bin/abd2f3db4bdb28f9e95536dfa84d8479f1eb312d/out/vs/workbench/api/node/extensionHostProcess.js:108:81646)
	at Object.executeCommand (/home/tphilly/.vscode-server/bin/abd2f3db4bdb28f9e95536dfa84d8479f1eb312d/out/vs/workbench/api/node/extensionHostProcess.js:123:21247)
	at e (/home/tphilly/.vscode-server/extensions/github.vscode-pull-request-github-0.72.0/dist/extension.js:1655:1445)
	at Object.n [as setContext] (/home/tphilly/.vscode-server/extensions/github.vscode-pull-request-github-0.72.0/dist/extension.js:1655:1560)
	at Cp.setReviewModeContexts (/home/tphilly/.vscode-server/extensions/github.vscode-pull-request-github-0.72.0/dist/extension.js:1805:16276)
	at Cp.removePrFromView (/home/tphilly/.vscode-server/extensions/github.vscode-pull-request-github-0.72.0/dist/extension.js:1805:16925)
	at zi.clear (/home/tphilly/.vscode-server/extensions/github.vscode-pull-request-github-0.72.0/dist/extension.js:1753:23612)
	at zi.validateState (/home/tphilly/.vscode-server/extensions/github.vscode-pull-request-github-0.72.0/dist/extension.js:1753:9185)
	at process.processTicksAndRejections (node:internal/process/task_queues:95:5)
	at async zi.validateStatueAndSetContext (/home/tphilly/.vscode-server/extensions/github.vscode-pull-request-github-0.72.0/dist/extension.js:1753:6459) setContext undefined
2023-10-05 12:03:42.334 [info] Extension host with pid 381195 exiting with code 0
