2023-10-26 19:27:40.218 [info] Looking for git repository
2023-10-26 19:27:40.218 [info] Found 0 repositories during activation
2023-10-26 19:27:40.218 [info] Git repository found, initializing review manager and pr tree view.
2023-10-26 19:27:40.223 [info] Registering git provider
2023-10-26 19:27:40.223 [info] Review> Validate state in progress
2023-10-26 19:27:40.223 [info] Review> Validating state...
2023-10-26 19:27:40.234 [info] Found GitHub remote for folder /home/tphilly/Coursework/puppy-bowl
2023-10-26 19:27:40.237 [info] Trying to use globalState for assignableUsers.
2023-10-26 19:27:40.291 [info] GlobalState does not exist for assignableUsers.
2023-10-26 19:27:40.306 [info] Repo state for file:///home/tphilly/Coursework/puppy-bowl changed.
2023-10-26 19:27:40.306 [info] Repo file:///home/tphilly/Coursework/puppy-bowl has already been setup.
2023-10-26 19:27:40.306 [info] Review> No matching pull request metadata found locally for current branch main
2023-10-26 19:27:40.306 [info] Review> no matching pull request metadata found for current branch main
2023-10-26 19:27:40.307 [info] Review> No matching pull request metadata found on GitHub for current branch main
2023-10-26 19:28:34.570 [info] Review> Validate state in progress
2023-10-26 19:28:34.570 [info] Review> Validating state...
2023-10-26 19:28:34.612 [info] Found GitHub remote for folder /home/tphilly/Coursework/puppy-bowl
2023-10-26 19:28:34.613 [info] Using in-memory cached assignable users.
2023-10-26 19:28:34.657 [info] Review> No matching pull request metadata found locally for current branch main
2023-10-26 19:28:34.657 [info] Review> no matching pull request metadata found for current branch main
2023-10-26 19:28:34.657 [info] Review> No matching pull request metadata found on GitHub for current branch main
2023-10-26 19:29:36.786 [info] Review> Validate state in progress
2023-10-26 19:29:36.786 [info] Review> Validating state...
2023-10-26 19:29:36.791 [info] Found GitHub remote for folder /home/tphilly/Coursework/puppy-bowl
2023-10-26 19:29:37.136 [info] Trying to use globalState for assignableUsers.
2023-10-26 19:29:37.140 [info] Found GitHub remote for folder /home/tphilly/Coursework/puppy-bowl
2023-10-26 19:29:37.141 [info] Trying to use globalState for assignableUsers.
2023-10-26 19:29:37.154 [info] GlobalState does not exist for assignableUsers.
2023-10-26 19:29:37.200 [info] GlobalState does not exist for assignableUsers.
2023-10-26 19:29:37.223 [info] Review> No matching pull request metadata found locally for current branch main
2023-10-26 19:29:37.223 [info] Review> no matching pull request metadata found for current branch main
2023-10-26 19:29:37.397 [info] Review> Queuing additional validate state
2023-10-26 19:29:37.638 [info] Review> No matching pull request metadata found on GitHub for current branch main
2023-10-26 19:29:37.655 [info] Review> Validating state...
2023-10-26 19:29:37.702 [info] Found GitHub remote for folder /home/tphilly/Coursework/puppy-bowl
2023-10-26 19:29:37.703 [info] Using in-memory cached assignable users.
2023-10-26 19:29:37.900 [info] Review> No matching pull request metadata found locally for current branch main
2023-10-26 19:29:37.900 [info] Review> no matching pull request metadata found for current branch main
2023-10-26 19:29:38.287 [info] Review> No matching pull request metadata found on GitHub for current branch main
2023-10-26 19:30:26.824 [info] Review> Validate state in progress
2023-10-26 19:30:26.824 [info] Review> Validating state...
2023-10-26 19:30:26.963 [info] Found GitHub remote for folder /home/tphilly/Coursework/puppy-bowl
2023-10-26 19:30:26.964 [info] Using in-memory cached assignable users.
2023-10-26 19:30:27.022 [info] Review> No matching pull request metadata found locally for current branch main
2023-10-26 19:30:27.022 [info] Review> no matching pull request metadata found for current branch main
2023-10-26 19:30:27.319 [info] Review> No matching pull request metadata found on GitHub for current branch main
2023-10-26 19:30:37.167 [info] Review> Validate state in progress
2023-10-26 19:30:37.167 [info] Review> Validating state...
2023-10-26 19:30:37.185 [info] Found GitHub remote for folder /home/tphilly/Coursework/puppy-bowl
2023-10-26 19:30:37.185 [info] Using in-memory cached assignable users.
2023-10-26 19:30:37.336 [info] Review> No matching pull request metadata found locally for current branch main
2023-10-26 19:30:37.336 [info] Review> no matching pull request metadata found for current branch main
2023-10-26 19:30:37.700 [info] Review> No matching pull request metadata found on GitHub for current branch main
2023-10-26 20:23:25.763 [info] Review> Validate state in progress
2023-10-26 20:23:25.763 [info] Review> Validating state...
2023-10-26 20:23:25.910 [info] Found GitHub remote for folder /home/tphilly/Coursework/puppy-bowl
2023-10-26 20:23:25.911 [info] Using in-memory cached assignable users.
2023-10-26 20:23:25.987 [info] Review> No matching pull request metadata found locally for current branch main
2023-10-26 20:23:25.987 [info] Review> no matching pull request metadata found for current branch main
2023-10-26 20:23:26.294 [info] Review> No matching pull request metadata found on GitHub for current branch main
2023-10-26 20:24:11.100 [info] Review> Validate state in progress
2023-10-26 20:24:11.101 [info] Review> Validating state...
2023-10-26 20:24:11.126 [info] Found GitHub remote for folder /home/tphilly/Coursework/puppy-bowl
2023-10-26 20:24:11.127 [info] Using in-memory cached assignable users.
2023-10-26 20:24:11.318 [info] Review> No matching pull request metadata found locally for current branch main
2023-10-26 20:24:11.318 [info] Review> no matching pull request metadata found for current branch main
2023-10-26 20:24:11.626 [info] Review> No matching pull request metadata found on GitHub for current branch main
