2023-10-30 22:31:08.121 [info] Log level: Info
2023-10-30 22:31:08.121 [info] Validating found git in: "git"
2023-10-30 22:31:08.121 [info] Using git "2.34.1" from "git"
2023-10-30 22:31:08.121 [info] > git rev-parse --show-toplevel [6ms]
2023-10-30 22:31:08.121 [info] > git rev-parse --git-dir --git-common-dir [15ms]
2023-10-30 22:31:08.121 [info] Open repository: /home/tphilly
2023-10-30 22:31:08.123 [info] > git config --get commit.template [1ms]
2023-10-30 22:31:08.131 [info] No remotes found in the git config file.
2023-10-30 22:31:08.132 [info] > git for-each-ref --format=%(refname)%00%(upstream:short)%00%(objectname)%00%(upstream:track)%00%(upstream:remotename)%00%(upstream:remoteref) refs/heads/master refs/remotes/master [2ms]
2023-10-30 22:31:08.909 [info] > git status -z -uall [771ms]
2023-10-30 22:31:09.138 [info] > git config --get commit.template [33ms]
2023-10-30 22:31:09.152 [info] No remotes found in the git config file.
2023-10-30 22:31:09.218 [info] > git for-each-ref --format=%(refname)%00%(upstream:short)%00%(objectname)%00%(upstream:track)%00%(upstream:remotename)%00%(upstream:remoteref) refs/heads/master refs/remotes/master [66ms]
2023-10-30 22:31:09.363 [info] > git status -z -uall [116ms]
2023-10-30 22:31:09.536 [info] > git config --local branch.master.github-pr-owner-number [1ms]
2023-10-30 22:31:09.553 [info] > git config --get commit.template [10ms]
2023-10-30 22:31:09.564 [info] No remotes found in the git config file.
2023-10-30 22:31:09.566 [info] > git for-each-ref --format=%(refname)%00%(upstream:short)%00%(objectname)%00%(upstream:track)%00%(upstream:remotename)%00%(upstream:remoteref) refs/heads/master refs/remotes/master [2ms]
2023-10-30 22:31:09.682 [info] > git status -z -uall [104ms]
2023-10-30 22:31:28.969 [info] > git show --textconv :Coursework/api-practice/index.html [9ms]
2023-10-30 22:31:28.972 [info] > git ls-files --stage -- /home/tphilly/Coursework/api-practice/index.html [4ms]
2023-10-30 22:31:29.176 [info] > git check-ignore -v -z --stdin [8ms]
2023-10-30 22:31:40.237 [info] > git show --textconv :Coursework/api-practice/script.js [10ms]
2023-10-30 22:31:40.239 [info] > git ls-files --stage -- /home/tphilly/Coursework/api-practice/script.js [4ms]
2023-10-30 22:31:40.391 [info] > git check-ignore -v -z --stdin [7ms]
2023-10-30 22:31:41.399 [info] > git show --textconv :Coursework/api-practice/index.html [13ms]
2023-10-30 22:31:41.406 [info] > git ls-files --stage -- /home/tphilly/Coursework/api-practice/index.html [8ms]
2023-10-30 22:33:03.965 [info] > git show --textconv :Coursework/api-practice/script.js [12ms]
2023-10-30 22:33:03.968 [info] > git ls-files --stage -- /home/tphilly/Coursework/api-practice/script.js [4ms]
2023-10-30 22:36:09.538 [info] > git config --local branch.master.github-pr-owner-number [1ms]
2023-10-30 22:36:09.545 [info] > git config --get commit.template [1ms]
2023-10-30 22:36:09.551 [info] No remotes found in the git config file.
2023-10-30 22:36:09.552 [info] > git for-each-ref --format=%(refname)%00%(upstream:short)%00%(objectname)%00%(upstream:track)%00%(upstream:remotename)%00%(upstream:remoteref) refs/heads/master refs/remotes/master [1ms]
2023-10-30 22:36:09.642 [info] > git status -z -uall [85ms]
2023-10-30 22:40:02.032 [info] > git show --textconv :Coursework/api-practice/guided-practice.js [7ms]
2023-10-30 22:40:02.036 [info] > git ls-files --stage -- /home/tphilly/Coursework/api-practice/guided-practice.js [4ms]
2023-10-30 22:40:02.300 [info] > git check-ignore -v -z --stdin [5ms]
2023-10-30 22:40:04.780 [info] > git show --textconv :Coursework/api-practice/index.html [8ms]
2023-10-30 22:40:04.784 [info] > git ls-files --stage -- /home/tphilly/Coursework/api-practice/index.html [5ms]
2023-10-30 22:40:10.815 [info] > git show --textconv :Coursework/api-practice/guided-practice.js [9ms]
2023-10-30 22:40:10.818 [info] > git ls-files --stage -- /home/tphilly/Coursework/api-practice/guided-practice.js [4ms]
2023-10-30 22:41:09.664 [info] > git config --local branch.master.github-pr-owner-number [1ms]
2023-10-30 22:41:09.676 [info] > git config --get commit.template [6ms]
2023-10-30 22:41:09.677 [info] No remotes found in the git config file.
2023-10-30 22:41:09.677 [info] > git for-each-ref --format=%(refname)%00%(upstream:short)%00%(objectname)%00%(upstream:track)%00%(upstream:remotename)%00%(upstream:remoteref) refs/heads/master refs/remotes/master [2ms]
2023-10-30 22:41:09.765 [info] > git status -z -uall [83ms]
2023-10-30 22:42:08.010 [info] > git show --textconv :Coursework/api-practice/index.html [10ms]
2023-10-30 22:42:08.013 [info] > git ls-files --stage -- /home/tphilly/Coursework/api-practice/index.html [4ms]
2023-10-30 22:43:27.826 [info] > git show --textconv :Coursework/api-practice/guided-practice.js [8ms]
2023-10-30 22:43:27.830 [info] > git ls-files --stage -- /home/tphilly/Coursework/api-practice/guided-practice.js [5ms]
2023-10-30 22:46:09.784 [info] > git config --local branch.master.github-pr-owner-number [0ms]
2023-10-30 22:46:09.798 [info] > git config --get commit.template [6ms]
2023-10-30 22:46:09.798 [info] No remotes found in the git config file.
2023-10-30 22:46:09.798 [info] > git for-each-ref --format=%(refname)%00%(upstream:short)%00%(objectname)%00%(upstream:track)%00%(upstream:remotename)%00%(upstream:remoteref) refs/heads/master refs/remotes/master [1ms]
2023-10-30 22:46:09.892 [info] > git status -z -uall [86ms]
2023-10-30 22:48:16.624 [info] > git show --textconv :Coursework/api-practice/index.html [10ms]
2023-10-30 22:48:16.627 [info] > git ls-files --stage -- /home/tphilly/Coursework/api-practice/index.html [3ms]
2023-10-30 22:48:18.736 [info] > git show --textconv :Coursework/api-practice/guided-practice.js [10ms]
2023-10-30 22:48:18.738 [info] > git ls-files --stage -- /home/tphilly/Coursework/api-practice/guided-practice.js [3ms]
2023-10-30 22:51:09.909 [info] > git config --local branch.master.github-pr-owner-number [1ms]
2023-10-30 22:51:09.923 [info] No remotes found in the git config file.
2023-10-30 22:51:09.924 [info] > git config --get commit.template [6ms]
2023-10-30 22:51:09.924 [info] > git for-each-ref --format=%(refname)%00%(upstream:short)%00%(objectname)%00%(upstream:track)%00%(upstream:remotename)%00%(upstream:remoteref) refs/heads/master refs/remotes/master [2ms]
2023-10-30 22:51:10.014 [info] > git status -z -uall [84ms]
2023-10-30 22:56:10.033 [info] > git config --local branch.master.github-pr-owner-number [1ms]
2023-10-30 22:56:10.049 [info] > git config --get commit.template [6ms]
2023-10-30 22:56:10.049 [info] No remotes found in the git config file.
2023-10-30 22:56:10.050 [info] > git for-each-ref --format=%(refname)%00%(upstream:short)%00%(objectname)%00%(upstream:track)%00%(upstream:remotename)%00%(upstream:remoteref) refs/heads/master refs/remotes/master [2ms]
2023-10-30 22:56:10.145 [info] > git status -z -uall [88ms]
2023-10-30 23:01:10.168 [info] > git config --local branch.master.github-pr-owner-number [1ms]
2023-10-30 23:01:10.182 [info] > git config --get commit.template [6ms]
2023-10-30 23:01:10.183 [info] No remotes found in the git config file.
2023-10-30 23:01:10.183 [info] > git for-each-ref --format=%(refname)%00%(upstream:short)%00%(objectname)%00%(upstream:track)%00%(upstream:remotename)%00%(upstream:remoteref) refs/heads/master refs/remotes/master [1ms]
2023-10-30 23:01:10.271 [info] > git status -z -uall [82ms]
2023-10-30 23:06:10.289 [info] > git config --local branch.master.github-pr-owner-number [0ms]
2023-10-30 23:06:10.304 [info] > git config --get commit.template [7ms]
2023-10-30 23:06:10.305 [info] No remotes found in the git config file.
2023-10-30 23:06:10.305 [info] > git for-each-ref --format=%(refname)%00%(upstream:short)%00%(objectname)%00%(upstream:track)%00%(upstream:remotename)%00%(upstream:remoteref) refs/heads/master refs/remotes/master [2ms]
2023-10-30 23:06:10.395 [info] > git status -z -uall [83ms]
2023-10-30 23:11:10.412 [info] > git config --local branch.master.github-pr-owner-number [1ms]
2023-10-30 23:11:10.425 [info] > git config --get commit.template [6ms]
2023-10-30 23:11:10.426 [info] No remotes found in the git config file.
2023-10-30 23:11:10.426 [info] > git for-each-ref --format=%(refname)%00%(upstream:short)%00%(objectname)%00%(upstream:track)%00%(upstream:remotename)%00%(upstream:remoteref) refs/heads/master refs/remotes/master [1ms]
2023-10-30 23:11:10.511 [info] > git status -z -uall [78ms]
2023-10-30 23:16:10.529 [info] > git config --local branch.master.github-pr-owner-number [1ms]
2023-10-30 23:16:10.543 [info] > git config --get commit.template [7ms]
2023-10-30 23:16:10.544 [info] No remotes found in the git config file.
2023-10-30 23:16:10.544 [info] > git for-each-ref --format=%(refname)%00%(upstream:short)%00%(objectname)%00%(upstream:track)%00%(upstream:remotename)%00%(upstream:remoteref) refs/heads/master refs/remotes/master [2ms]
2023-10-30 23:16:10.636 [info] > git status -z -uall [86ms]
2023-10-30 23:21:10.655 [info] > git config --local branch.master.github-pr-owner-number [1ms]
2023-10-30 23:21:10.669 [info] > git config --get commit.template [6ms]
2023-10-30 23:21:10.670 [info] No remotes found in the git config file.
2023-10-30 23:21:10.670 [info] > git for-each-ref --format=%(refname)%00%(upstream:short)%00%(objectname)%00%(upstream:track)%00%(upstream:remotename)%00%(upstream:remoteref) refs/heads/master refs/remotes/master [2ms]
2023-10-30 23:21:10.757 [info] > git status -z -uall [81ms]
2023-10-30 23:26:10.779 [info] > git config --local branch.master.github-pr-owner-number [1ms]
2023-10-30 23:26:10.787 [info] > git config --get commit.template [1ms]
2023-10-30 23:26:10.791 [info] No remotes found in the git config file.
2023-10-30 23:26:10.792 [info] > git for-each-ref --format=%(refname)%00%(upstream:short)%00%(objectname)%00%(upstream:track)%00%(upstream:remotename)%00%(upstream:remoteref) refs/heads/master refs/remotes/master [1ms]
2023-10-30 23:26:10.886 [info] > git status -z -uall [81ms]
2023-10-30 23:30:38.026 [info] > git config --get commit.template [2ms]
2023-10-30 23:30:38.028 [info] No remotes found in the git config file.
2023-10-30 23:30:38.044 [info] > git for-each-ref --format=%(refname)%00%(upstream:short)%00%(objectname)%00%(upstream:track)%00%(upstream:remotename)%00%(upstream:remoteref) refs/heads/master refs/remotes/master [2ms]
2023-10-30 23:30:38.143 [info] > git status -z -uall [89ms]
2023-10-30 23:31:10.906 [info] > git config --local branch.master.github-pr-owner-number [1ms]
2023-10-30 23:31:10.939 [info] > git config --get commit.template [19ms]
2023-10-30 23:31:10.939 [info] No remotes found in the git config file.
2023-10-30 23:31:10.940 [info] > git for-each-ref --format=%(refname)%00%(upstream:short)%00%(objectname)%00%(upstream:track)%00%(upstream:remotename)%00%(upstream:remoteref) refs/heads/master refs/remotes/master [2ms]
2023-10-30 23:31:11.051 [info] > git status -z -uall [95ms]
2023-10-30 23:36:11.068 [info] > git config --local branch.master.github-pr-owner-number [1ms]
2023-10-30 23:36:11.084 [info] > git config --get commit.template [6ms]
2023-10-30 23:36:11.084 [info] No remotes found in the git config file.
2023-10-30 23:36:11.085 [info] > git for-each-ref --format=%(refname)%00%(upstream:short)%00%(objectname)%00%(upstream:track)%00%(upstream:remotename)%00%(upstream:remoteref) refs/heads/master refs/remotes/master [1ms]
2023-10-30 23:36:11.173 [info] > git status -z -uall [83ms]
2023-10-30 23:40:55.841 [info] > git show --textconv :Coursework/api-practice/index.html [10ms]
2023-10-30 23:40:55.845 [info] > git ls-files --stage -- /home/tphilly/Coursework/api-practice/index.html [5ms]
2023-10-30 23:40:57.112 [info] > git show --textconv :Coursework/api-practice/guided-practice.js [15ms]
2023-10-30 23:40:57.118 [info] > git ls-files --stage -- /home/tphilly/Coursework/api-practice/guided-practice.js [7ms]
2023-10-30 23:41:11.193 [info] > git config --local branch.master.github-pr-owner-number [1ms]
2023-10-30 23:41:11.207 [info] > git config --get commit.template [6ms]
2023-10-30 23:41:11.208 [info] No remotes found in the git config file.
2023-10-30 23:41:11.208 [info] > git for-each-ref --format=%(refname)%00%(upstream:short)%00%(objectname)%00%(upstream:track)%00%(upstream:remotename)%00%(upstream:remoteref) refs/heads/master refs/remotes/master [2ms]
2023-10-30 23:41:11.294 [info] > git status -z -uall [81ms]
2023-10-30 23:44:58.492 [info] > git config --get commit.template [1ms]
2023-10-30 23:44:58.503 [info] No remotes found in the git config file.
2023-10-30 23:44:58.504 [info] > git for-each-ref --format=%(refname)%00%(upstream:short)%00%(objectname)%00%(upstream:track)%00%(upstream:remotename)%00%(upstream:remoteref) refs/heads/master refs/remotes/master [1ms]
2023-10-30 23:44:58.596 [info] > git status -z -uall [86ms]
