2023-11-06 23:14:56.458 [info] Activation> Extension version: 0.76.0
2023-11-06 23:14:56.766 [info] Looking for git repository
2023-11-06 23:14:56.766 [info] Found 0 repositories during activation
2023-11-06 23:14:56.766 [info] Git repository found, initializing review manager and pr tree view.
2023-11-06 23:14:56.769 [info] Registering git provider
2023-11-06 23:14:56.769 [info] Review> Validate state in progress
2023-11-06 23:14:56.769 [info] Review> Validating state...
2023-11-06 23:14:56.779 [info] Found GitHub remote for folder /home/tphilly/Coursework/puppy-bowl/Unit2.PuppyBowl.Starter
2023-11-06 23:14:57.227 [info] Review> Queuing additional validate state
2023-11-06 23:14:57.227 [info] Repo state for file:///home/tphilly/Coursework/puppy-bowl/Unit2.PuppyBowl.Starter changed.
2023-11-06 23:14:57.227 [info] Repo file:///home/tphilly/Coursework/puppy-bowl/Unit2.PuppyBowl.Starter has already been setup.
2023-11-06 23:14:57.241 [info] Found GitHub remote for folder /home/tphilly/Coursework/puppy-bowl/Unit2.PuppyBowl.Starter
2023-11-06 23:14:57.298 [info] Review> No matching pull request metadata found locally for current branch main
2023-11-06 23:14:57.602 [info] Trying to use globalState for assignableUsers.
2023-11-06 23:14:57.734 [info] No globalState for assignableUsers.
2023-11-06 23:14:57.993 [info] Review> No matching pull request metadata found on GitHub for current branch main
2023-11-06 23:14:58.007 [info] Review> Validating state...
2023-11-06 23:14:58.049 [info] Found GitHub remote for folder /home/tphilly/Coursework/puppy-bowl/Unit2.PuppyBowl.Starter
2023-11-06 23:14:58.050 [info] Trying to use globalState for assignableUsers.
2023-11-06 23:14:58.156 [info] No globalState for assignableUsers.
2023-11-06 23:14:58.170 [info] Review> No matching pull request metadata found locally for current branch main
2023-11-06 23:14:59.058 [info] Review> No matching pull request metadata found on GitHub for current branch main
