2023-11-14 15:36:23.629 [info] Log level: Info
2023-11-14 15:36:23.629 [info] Validating found git in: "git"
2023-11-14 15:36:23.629 [info] Using git "2.34.1" from "git"
2023-11-14 15:36:23.629 [info] > git rev-parse --show-toplevel [471ms]
2023-11-14 15:36:23.629 [info] > git rev-parse --git-dir --git-common-dir [87ms]
2023-11-14 15:36:23.629 [info] Open repository: /home/tphilly/Coursework/puppy-bowl
2023-11-14 15:36:23.646 [info] > git rev-parse --show-toplevel [3ms]
2023-11-14 15:36:23.646 [info] > git config --get commit.template [10ms]
2023-11-14 15:36:23.686 [info] > git rev-parse --git-dir --git-common-dir [21ms]
2023-11-14 15:36:23.689 [info] Open repository: /home/tphilly/Coursework/puppy-bowl/Unit2.PuppyBowl.Starter
2023-11-14 15:36:23.775 [info] > git for-each-ref --format=%(refname)%00%(upstream:short)%00%(objectname)%00%(upstream:track)%00%(upstream:remotename)%00%(upstream:remoteref) refs/heads/main refs/remotes/main [97ms]
2023-11-14 15:36:23.803 [info] > git status -z -uall [22ms]
2023-11-14 15:36:23.812 [info] > git config --get commit.template [98ms]
2023-11-14 15:36:23.841 [info] > git config --get commit.template [21ms]
2023-11-14 15:36:23.851 [info] > git for-each-ref --format=%(refname)%00%(upstream:short)%00%(objectname)%00%(upstream:track)%00%(upstream:remotename)%00%(upstream:remoteref) refs/heads/main refs/remotes/main [12ms]
2023-11-14 15:36:23.992 [info] > git for-each-ref --format=%(refname)%00%(upstream:short)%00%(objectname)%00%(upstream:track)%00%(upstream:remotename)%00%(upstream:remoteref) refs/heads/main refs/remotes/main [142ms]
2023-11-14 15:36:24.020 [info] > git status -z -uall [160ms]
2023-11-14 15:36:24.020 [info] > git status -z -uall [19ms]
2023-11-14 15:36:24.131 [info] > git config --get commit.template [51ms]
2023-11-14 15:36:24.183 [info] > git for-each-ref --format=%(refname)%00%(upstream:short)%00%(objectname)%00%(upstream:track)%00%(upstream:remotename)%00%(upstream:remoteref) refs/heads/main refs/remotes/main [28ms]
2023-11-14 15:36:24.203 [info] > git status -z -uall [15ms]
2023-11-14 15:36:24.353 [info] > git check-ignore -v -z --stdin [26ms]
2023-11-14 15:36:24.354 [info] > git check-ignore -v -z --stdin [22ms]
2023-11-14 15:36:24.477 [info] > git show --textconv :script.js [98ms]
2023-11-14 15:36:24.477 [info] > git ls-files --stage -- /home/tphilly/Coursework/puppy-bowl/script.js [91ms]
2023-11-14 15:36:24.490 [info] > git cat-file -s 254859f160e53e77d8698e79103d4e5ffdbfb2ea [5ms]
2023-11-14 15:36:25.082 [info] > git config --local branch.main.github-pr-owner-number [191ms]
2023-11-14 15:36:25.130 [info] > git config --get commit.template [31ms]
2023-11-14 15:36:25.160 [info] > git config --local branch.main.github-pr-owner-number [14ms]
2023-11-14 15:36:25.173 [info] > git for-each-ref --format=%(refname)%00%(upstream:short)%00%(objectname)%00%(upstream:track)%00%(upstream:remotename)%00%(upstream:remoteref) refs/heads/main refs/remotes/main [16ms]
2023-11-14 15:36:25.216 [info] > git status -z -uall [35ms]
2023-11-14 15:36:25.216 [info] > git config --get commit.template [45ms]
2023-11-14 15:36:25.274 [info] > git for-each-ref --format=%(refname)%00%(upstream:short)%00%(objectname)%00%(upstream:track)%00%(upstream:remotename)%00%(upstream:remoteref) refs/heads/main refs/remotes/main [3ms]
2023-11-14 15:36:25.339 [info] > git status -z -uall [60ms]
2023-11-14 15:36:26.724 [info] > git config --local branch.main.github-pr-owner-number Troy-Phillips-Puppy-Bowl#puppy-bowl#1 [5ms]
2023-11-14 15:36:26.734 [info] > git config --get commit.template [1ms]
2023-11-14 15:36:26.745 [info] > git for-each-ref --format=%(refname)%00%(upstream:short)%00%(objectname)%00%(upstream:track)%00%(upstream:remotename)%00%(upstream:remoteref) refs/heads/main refs/remotes/main [5ms]
2023-11-14 15:36:26.754 [info] > git status -z -uall [4ms]
2023-11-14 15:36:27.190 [info] > git fetch origin main [428ms]
2023-11-14 15:36:27.190 [info] From https://github.com/Troy-Phillips-Puppy-Bowl/puppy-bowl
 * branch            main       -> FETCH_HEAD
2023-11-14 15:36:27.205 [info] > git config --get commit.template [8ms]
2023-11-14 15:36:27.206 [info] > git for-each-ref --format=%(refname)%00%(upstream:short)%00%(objectname)%00%(upstream:track)%00%(upstream:remotename)%00%(upstream:remoteref) refs/heads/main refs/remotes/main [1ms]
2023-11-14 15:36:27.239 [info] > git status -z -uall [27ms]
2023-11-14 15:36:27.558 [info] > git show --textconv a2cc9d493fbccc2e4e4d274bdeb6ab73584050d9:index.html [84ms]
2023-11-14 15:36:28.335 [info] > git config --get commit.template [34ms]
2023-11-14 15:36:28.342 [info] > git for-each-ref --format=%(refname)%00%(upstream:short)%00%(objectname)%00%(upstream:track)%00%(upstream:remotename)%00%(upstream:remoteref) refs/heads/main refs/remotes/main [1ms]
2023-11-14 15:36:28.349 [info] > git status -z -uall [1ms]
2023-11-14 15:36:28.404 [info] > git ls-files --stage -- /home/tphilly/Coursework/puppy-bowl/script.js [1ms]
2023-11-14 15:36:28.411 [info] > git cat-file -s 254859f160e53e77d8698e79103d4e5ffdbfb2ea [0ms]
2023-11-14 15:36:28.424 [info] > git show --textconv :script.js [1ms]
2023-11-14 15:36:29.604 [info] > git diff f8217883c3bd79fa9279a7fda5888d5e7ada008b -- index.html [64ms]
2023-11-14 15:36:29.715 [info] > git show --textconv :index.html [9ms]
2023-11-14 15:36:29.716 [info] > git ls-files --stage -- /home/tphilly/Coursework/puppy-bowl/index.html [2ms]
2023-11-14 15:36:29.726 [info] > git cat-file -s 24af776e59c3e1a29663e36f9ccb4cc2fc51d8f8 [1ms]
2023-11-14 15:36:30.782 [info] > git show --textconv :README.md [33ms]
2023-11-14 15:36:30.782 [info] > git ls-files --stage -- /home/tphilly/Coursework/puppy-bowl/README.md [24ms]
2023-11-14 15:36:30.792 [info] > git cat-file -s fef949f96cc7f9abc740d578059fae2b84149fed [1ms]
2023-11-14 15:36:31.615 [info] > git show --textconv :script.js [10ms]
2023-11-14 15:36:31.615 [info] > git ls-files --stage -- /home/tphilly/Coursework/puppy-bowl/script.js [1ms]
2023-11-14 15:36:31.624 [info] > git cat-file -s 254859f160e53e77d8698e79103d4e5ffdbfb2ea [1ms]
2023-11-14 15:38:24.618 [info] > git show --textconv :README.md [9ms]
2023-11-14 15:38:24.619 [info] > git ls-files --stage -- /home/tphilly/Coursework/puppy-bowl/README.md [2ms]
2023-11-14 15:38:24.627 [info] > git cat-file -s fef949f96cc7f9abc740d578059fae2b84149fed [1ms]
2023-11-14 15:38:24.799 [info] > git diff f8217883c3bd79fa9279a7fda5888d5e7ada008b -- index.html [3ms]
2023-11-14 15:38:25.004 [info] > git show --textconv :index.html [10ms]
2023-11-14 15:38:25.005 [info] > git ls-files --stage -- /home/tphilly/Coursework/puppy-bowl/index.html [2ms]
2023-11-14 15:38:25.013 [info] > git cat-file -s 24af776e59c3e1a29663e36f9ccb4cc2fc51d8f8 [1ms]
2023-11-14 15:38:27.012 [info] > git show --textconv :styles.css [7ms]
2023-11-14 15:38:27.012 [info] > git ls-files --stage -- /home/tphilly/Coursework/puppy-bowl/styles.css [1ms]
2023-11-14 15:38:27.021 [info] > git cat-file -s 8b137891791fe96927ad78e64b0aad7bded08bdc [1ms]
2023-11-14 15:38:27.422 [info] > git show --textconv :script.js [9ms]
2023-11-14 15:38:27.423 [info] > git ls-files --stage -- /home/tphilly/Coursework/puppy-bowl/script.js [2ms]
2023-11-14 15:38:27.433 [info] > git cat-file -s 254859f160e53e77d8698e79103d4e5ffdbfb2ea [0ms]
2023-11-14 15:41:24.386 [info] > git config --local branch.main.github-pr-owner-number [6ms]
2023-11-14 15:41:24.394 [info] > git config --local branch.main.github-pr-owner-number [9ms]
2023-11-14 15:41:24.402 [info] > git config --get commit.template [8ms]
2023-11-14 15:41:24.402 [info] > git config --get commit.template [1ms]
2023-11-14 15:41:24.415 [info] > git for-each-ref --format=%(refname)%00%(upstream:short)%00%(objectname)%00%(upstream:track)%00%(upstream:remotename)%00%(upstream:remoteref) refs/heads/main refs/remotes/main [7ms]
2023-11-14 15:41:24.422 [info] > git status -z -uall [1ms]
2023-11-14 15:41:24.422 [info] > git for-each-ref --format=%(refname)%00%(upstream:short)%00%(objectname)%00%(upstream:track)%00%(upstream:remotename)%00%(upstream:remoteref) refs/heads/main refs/remotes/main [8ms]
2023-11-14 15:41:24.433 [info] > git status -z -uall [4ms]
2023-11-14 15:41:25.997 [info] > git show --textconv a2cc9d493fbccc2e4e4d274bdeb6ab73584050d9:index.html [53ms]
2023-11-14 15:46:24.447 [info] > git config --local branch.main.github-pr-owner-number [0ms]
2023-11-14 15:46:24.463 [info] > git config --get commit.template [7ms]
2023-11-14 15:46:24.464 [info] > git for-each-ref --format=%(refname)%00%(upstream:short)%00%(objectname)%00%(upstream:track)%00%(upstream:remotename)%00%(upstream:remoteref) refs/heads/main refs/remotes/main [1ms]
2023-11-14 15:46:24.473 [info] > git status -z -uall [1ms]
2023-11-14 15:47:24.960 [info] > git config --local branch.main.github-pr-owner-number [1ms]
2023-11-14 15:47:24.979 [info] > git config --get commit.template [9ms]
2023-11-14 15:47:24.980 [info] > git for-each-ref --format=%(refname)%00%(upstream:short)%00%(objectname)%00%(upstream:track)%00%(upstream:remotename)%00%(upstream:remoteref) refs/heads/main refs/remotes/main [3ms]
2023-11-14 15:47:24.989 [info] > git status -z -uall [1ms]
2023-11-14 15:47:26.689 [info] > git show --textconv a2cc9d493fbccc2e4e4d274bdeb6ab73584050d9:index.html [52ms]
2023-11-14 15:51:24.491 [info] > git config --local branch.main.github-pr-owner-number [1ms]
2023-11-14 15:51:24.506 [info] > git config --get commit.template [1ms]
2023-11-14 15:51:24.515 [info] > git for-each-ref --format=%(refname)%00%(upstream:short)%00%(objectname)%00%(upstream:track)%00%(upstream:remotename)%00%(upstream:remoteref) refs/heads/main refs/remotes/main [1ms]
2023-11-14 15:51:24.523 [info] > git status -z -uall [1ms]
2023-11-14 15:53:24.963 [info] > git config --local branch.main.github-pr-owner-number [0ms]
2023-11-14 15:53:24.975 [info] > git config --get commit.template [1ms]
2023-11-14 15:53:24.984 [info] > git for-each-ref --format=%(refname)%00%(upstream:short)%00%(objectname)%00%(upstream:track)%00%(upstream:remotename)%00%(upstream:remoteref) refs/heads/main refs/remotes/main [1ms]
2023-11-14 15:53:24.995 [info] > git status -z -uall [1ms]
2023-11-14 15:53:26.752 [info] > git show --textconv a2cc9d493fbccc2e4e4d274bdeb6ab73584050d9:index.html [51ms]
2023-11-14 15:56:24.537 [info] > git config --local branch.main.github-pr-owner-number [1ms]
2023-11-14 15:56:24.559 [info] > git config --get commit.template [12ms]
2023-11-14 15:56:24.560 [info] > git for-each-ref --format=%(refname)%00%(upstream:short)%00%(objectname)%00%(upstream:track)%00%(upstream:remotename)%00%(upstream:remoteref) refs/heads/main refs/remotes/main [1ms]
2023-11-14 15:56:24.572 [info] > git status -z -uall [1ms]
2023-11-14 15:59:24.973 [info] > git config --local branch.main.github-pr-owner-number [1ms]
2023-11-14 15:59:25.015 [info] > git config --get commit.template [22ms]
2023-11-14 15:59:25.018 [info] > git for-each-ref --format=%(refname)%00%(upstream:short)%00%(objectname)%00%(upstream:track)%00%(upstream:remotename)%00%(upstream:remoteref) refs/heads/main refs/remotes/main [5ms]
2023-11-14 15:59:25.046 [info] > git status -z -uall [3ms]
2023-11-14 15:59:26.659 [info] > git show --textconv a2cc9d493fbccc2e4e4d274bdeb6ab73584050d9:index.html [51ms]
2023-11-14 16:01:24.600 [info] > git config --local branch.main.github-pr-owner-number [0ms]
2023-11-14 16:01:24.614 [info] > git config --get commit.template [7ms]
2023-11-14 16:01:24.615 [info] > git for-each-ref --format=%(refname)%00%(upstream:short)%00%(objectname)%00%(upstream:track)%00%(upstream:remotename)%00%(upstream:remoteref) refs/heads/main refs/remotes/main [1ms]
2023-11-14 16:01:24.622 [info] > git status -z -uall [1ms]
2023-11-14 16:05:24.967 [info] > git config --local branch.main.github-pr-owner-number [2ms]
2023-11-14 16:05:24.988 [info] > git config --get commit.template [10ms]
2023-11-14 16:05:24.988 [info] > git for-each-ref --format=%(refname)%00%(upstream:short)%00%(objectname)%00%(upstream:track)%00%(upstream:remotename)%00%(upstream:remoteref) refs/heads/main refs/remotes/main [2ms]
2023-11-14 16:05:25.006 [info] > git status -z -uall [4ms]
2023-11-14 16:05:26.723 [info] > git show --textconv a2cc9d493fbccc2e4e4d274bdeb6ab73584050d9:index.html [53ms]
2023-11-14 16:06:24.634 [info] > git config --local branch.main.github-pr-owner-number [1ms]
2023-11-14 16:06:24.649 [info] > git config --get commit.template [7ms]
2023-11-14 16:06:24.650 [info] > git for-each-ref --format=%(refname)%00%(upstream:short)%00%(objectname)%00%(upstream:track)%00%(upstream:remotename)%00%(upstream:remoteref) refs/heads/main refs/remotes/main [1ms]
2023-11-14 16:06:24.657 [info] > git status -z -uall [1ms]
2023-11-14 16:11:24.670 [info] > git config --local branch.main.github-pr-owner-number [0ms]
2023-11-14 16:11:24.684 [info] > git config --get commit.template [7ms]
2023-11-14 16:11:24.685 [info] > git for-each-ref --format=%(refname)%00%(upstream:short)%00%(objectname)%00%(upstream:track)%00%(upstream:remotename)%00%(upstream:remoteref) refs/heads/main refs/remotes/main [1ms]
2023-11-14 16:11:24.692 [info] > git status -z -uall [1ms]
2023-11-14 16:11:24.959 [info] > git config --local branch.main.github-pr-owner-number [2ms]
2023-11-14 16:11:24.978 [info] > git config --get commit.template [8ms]
2023-11-14 16:11:24.979 [info] > git for-each-ref --format=%(refname)%00%(upstream:short)%00%(objectname)%00%(upstream:track)%00%(upstream:remotename)%00%(upstream:remoteref) refs/heads/main refs/remotes/main [1ms]
2023-11-14 16:11:24.988 [info] > git status -z -uall [1ms]
2023-11-14 16:11:26.528 [info] > git show --textconv a2cc9d493fbccc2e4e4d274bdeb6ab73584050d9:index.html [52ms]
2023-11-14 16:16:24.706 [info] > git config --local branch.main.github-pr-owner-number [1ms]
2023-11-14 16:16:24.727 [info] > git config --get commit.template [10ms]
2023-11-14 16:16:24.727 [info] > git for-each-ref --format=%(refname)%00%(upstream:short)%00%(objectname)%00%(upstream:track)%00%(upstream:remotename)%00%(upstream:remoteref) refs/heads/main refs/remotes/main [1ms]
2023-11-14 16:16:24.738 [info] > git status -z -uall [1ms]
2023-11-14 16:17:24.959 [info] > git config --local branch.main.github-pr-owner-number [2ms]
2023-11-14 16:17:24.985 [info] > git config --get commit.template [11ms]
2023-11-14 16:17:24.986 [info] > git for-each-ref --format=%(refname)%00%(upstream:short)%00%(objectname)%00%(upstream:track)%00%(upstream:remotename)%00%(upstream:remoteref) refs/heads/main refs/remotes/main [1ms]
2023-11-14 16:17:24.998 [info] > git status -z -uall [1ms]
2023-11-14 16:17:26.580 [info] > git show --textconv a2cc9d493fbccc2e4e4d274bdeb6ab73584050d9:index.html [52ms]
2023-11-14 16:21:24.749 [info] > git config --local branch.main.github-pr-owner-number [1ms]
2023-11-14 16:21:24.759 [info] > git config --get commit.template [0ms]
2023-11-14 16:21:24.767 [info] > git for-each-ref --format=%(refname)%00%(upstream:short)%00%(objectname)%00%(upstream:track)%00%(upstream:remotename)%00%(upstream:remoteref) refs/heads/main refs/remotes/main [1ms]
2023-11-14 16:21:24.776 [info] > git status -z -uall [1ms]
2023-11-14 16:23:24.957 [info] > git config --local branch.main.github-pr-owner-number [1ms]
2023-11-14 16:23:24.977 [info] > git config --get commit.template [9ms]
2023-11-14 16:23:24.977 [info] > git for-each-ref --format=%(refname)%00%(upstream:short)%00%(objectname)%00%(upstream:track)%00%(upstream:remotename)%00%(upstream:remoteref) refs/heads/main refs/remotes/main [1ms]
2023-11-14 16:23:24.992 [info] > git status -z -uall [1ms]
2023-11-14 16:23:26.926 [info] > git show --textconv a2cc9d493fbccc2e4e4d274bdeb6ab73584050d9:index.html [55ms]
2023-11-14 16:26:24.793 [info] > git config --local branch.main.github-pr-owner-number [1ms]
2023-11-14 16:26:24.801 [info] > git config --get commit.template [0ms]
2023-11-14 16:26:24.809 [info] > git for-each-ref --format=%(refname)%00%(upstream:short)%00%(objectname)%00%(upstream:track)%00%(upstream:remotename)%00%(upstream:remoteref) refs/heads/main refs/remotes/main [1ms]
2023-11-14 16:26:24.817 [info] > git status -z -uall [1ms]
