2023-10-05 12:05:04.518 [info] Log level: Info
2023-10-05 12:05:04.518 [info] Validating found git in: "git"
2023-10-05 12:05:04.518 [info] Using git "2.34.1" from "git"
2023-10-05 12:05:04.518 [info] > git rev-parse --show-toplevel [28ms]
2023-10-05 12:05:04.518 [info] > git rev-parse --git-dir --git-common-dir [727ms]
2023-10-05 12:05:04.518 [info] Open repository: /home/tphilly
2023-10-05 12:05:04.682 [info] > git rev-parse --show-toplevel [126ms]
2023-10-05 12:05:04.683 [info] > git config --get commit.template [137ms]
2023-10-05 12:05:04.724 [info] No remotes found in the git config file.
2023-10-05 12:05:04.727 [info] > git rev-parse --show-toplevel [32ms]
2023-10-05 12:05:04.753 [info] > git for-each-ref --format=%(refname)%00%(upstream:short)%00%(objectname)%00%(upstream:track)%00%(upstream:remotename)%00%(upstream:remoteref) refs/heads/master refs/remotes/master [30ms]
2023-10-05 12:05:04.788 [info] > git rev-parse --show-toplevel [47ms]
2023-10-05 12:05:05.097 [info] > git show --textconv :Coursework/js-demo-et/script.js [130ms]
2023-10-05 12:05:05.097 [info] > git ls-files --stage -- /home/tphilly/Coursework/js-demo-et/script.js [120ms]
2023-10-05 12:05:05.151 [info] > git check-ignore -v -z --stdin [29ms]
2023-10-05 12:05:05.217 [info] > git status -z -uall [457ms] (cancelled)
2023-10-05 12:05:05.217 [info] > git config --local branch.master.github-pr-owner-number [48ms]
2023-10-05 12:05:05.237 [info] > git config --get commit.template [10ms]
2023-10-05 12:05:05.246 [info] No remotes found in the git config file.
2023-10-05 12:05:05.247 [info] > git for-each-ref --format=%(refname)%00%(upstream:short)%00%(objectname)%00%(upstream:track)%00%(upstream:remotename)%00%(upstream:remoteref) refs/heads/master refs/remotes/master [1ms]
2023-10-05 12:05:05.403 [info] > git status -z -uall [145ms] (cancelled)
2023-10-05 12:05:05.559 [info] > git config --get commit.template [27ms]
2023-10-05 12:05:06.336 [info] No remotes found in the git config file.
2023-10-05 12:05:06.339 [info] > git for-each-ref --format=%(refname)%00%(upstream:short)%00%(objectname)%00%(upstream:track)%00%(upstream:remotename)%00%(upstream:remoteref) refs/heads/master refs/remotes/master [4ms]
2023-10-05 12:05:06.554 [info] > git status -z -uall [202ms] (cancelled)
